[10.113s] Invoking command in '/home/unitree/106a_final/src/aruco_node': PYTHONPATH=/home/unitree/106a_final/build/aruco_node/prefix_override:/home/unitree/106a_final/install/aruco_node/lib/python3.8/site-packages:${PYTHONPATH} /usr/bin/python3 setup.py egg_info --egg-base ../../build/aruco_node build --build-base /home/unitree/106a_final/build/aruco_node/build install --record /home/unitree/106a_final/build/aruco_node/install.log --single-version-externally-managed
[11.633s] running egg_info
[11.645s] writing ../../build/aruco_node/aruco_node.egg-info/PKG-INFO
[11.645s] writing dependency_links to ../../build/aruco_node/aruco_node.egg-info/dependency_links.txt
[11.645s] writing entry points to ../../build/aruco_node/aruco_node.egg-info/entry_points.txt
[11.645s] writing requirements to ../../build/aruco_node/aruco_node.egg-info/requires.txt
[11.646s] writing top-level names to ../../build/aruco_node/aruco_node.egg-info/top_level.txt
[11.739s] reading manifest file '../../build/aruco_node/aruco_node.egg-info/SOURCES.txt'
[11.740s] writing manifest file '../../build/aruco_node/aruco_node.egg-info/SOURCES.txt'
[11.740s] running build
[11.740s] running build_py
[11.740s] running install
[11.740s] running install_lib
[11.745s] running install_data
[11.745s] running install_egg_info
[11.749s] removing '/home/unitree/106a_final/install/aruco_node/lib/python3.8/site-packages/aruco_node-0.0.0-py3.8.egg-info' (and everything under it)
[11.751s] Copying ../../build/aruco_node/aruco_node.egg-info to /home/unitree/106a_final/install/aruco_node/lib/python3.8/site-packages/aruco_node-0.0.0-py3.8.egg-info
[11.753s] running install_scripts
[11.797s] Installing aruco script to /home/unitree/106a_final/install/aruco_node/lib/aruco_node
[11.798s] writing list of installed files to '/home/unitree/106a_final/build/aruco_node/install.log'
[12.463s] Invoked command in '/home/unitree/106a_final/src/aruco_node' returned '0': PYTHONPATH=/home/unitree/106a_final/build/aruco_node/prefix_override:/home/unitree/106a_final/install/aruco_node/lib/python3.8/site-packages:${PYTHONPATH} /usr/bin/python3 setup.py egg_info --egg-base ../../build/aruco_node build --build-base /home/unitree/106a_final/build/aruco_node/build install --record /home/unitree/106a_final/build/aruco_node/install.log --single-version-externally-managed
