[9.771s] Invoking command in '/home/unitree/106a_final/src/aruco_node': PYTHONPATH=/home/unitree/106a_final/build/aruco_node/prefix_override:/home/unitree/106a_final/install/aruco_node/lib/python3.8/site-packages:${PYTHONPATH} /usr/bin/python3 setup.py egg_info --egg-base ../../build/aruco_node build --build-base /home/unitree/106a_final/build/aruco_node/build install --record /home/unitree/106a_final/build/aruco_node/install.log --single-version-externally-managed
[10.934s] running egg_info
[10.937s] writing ../../build/aruco_node/aruco_node.egg-info/PKG-INFO
[10.938s] writing dependency_links to ../../build/aruco_node/aruco_node.egg-info/dependency_links.txt
[10.939s] writing entry points to ../../build/aruco_node/aruco_node.egg-info/entry_points.txt
[10.940s] writing requirements to ../../build/aruco_node/aruco_node.egg-info/requires.txt
[10.941s] writing top-level names to ../../build/aruco_node/aruco_node.egg-info/top_level.txt
[11.132s] reading manifest file '../../build/aruco_node/aruco_node.egg-info/SOURCES.txt'
[11.134s] writing manifest file '../../build/aruco_node/aruco_node.egg-info/SOURCES.txt'
[11.134s] running build
[11.134s] running build_py
[11.135s] running install
[11.137s] running install_lib
[11.140s] running install_data
[11.142s] running install_egg_info
[11.147s] removing '/home/unitree/106a_final/install/aruco_node/lib/python3.8/site-packages/aruco_node-0.0.0-py3.8.egg-info' (and everything under it)
[11.149s] Copying ../../build/aruco_node/aruco_node.egg-info to /home/unitree/106a_final/install/aruco_node/lib/python3.8/site-packages/aruco_node-0.0.0-py3.8.egg-info
[11.154s] running install_scripts
[11.212s] Installing aruco script to /home/unitree/106a_final/install/aruco_node/lib/aruco_node
[11.214s] writing list of installed files to '/home/unitree/106a_final/build/aruco_node/install.log'
[11.354s] Invoked command in '/home/unitree/106a_final/src/aruco_node' returned '0': PYTHONPATH=/home/unitree/106a_final/build/aruco_node/prefix_override:/home/unitree/106a_final/install/aruco_node/lib/python3.8/site-packages:${PYTHONPATH} /usr/bin/python3 setup.py egg_info --egg-base ../../build/aruco_node build --build-base /home/unitree/106a_final/build/aruco_node/build install --record /home/unitree/106a_final/build/aruco_node/install.log --single-version-externally-managed
