[2.442s] Invoking command in '/home/unitree/106a_final/src/vision_node': PYTHONPATH=/home/unitree/106a_final/build/vision_node/prefix_override:/home/unitree/106a_final/install/vision_node/lib/python3.8/site-packages:${PYTHONPATH} /usr/bin/python3 setup.py egg_info --egg-base ../../build/vision_node build --build-base /home/unitree/106a_final/build/vision_node/build install --record /home/unitree/106a_final/build/vision_node/install.log --install-scripts $base/lib/vision_node --single-version-externally-managed
[2.877s] running egg_info
[2.878s] writing ../../build/vision_node/vision_node.egg-info/PKG-INFO
[2.879s] writing dependency_links to ../../build/vision_node/vision_node.egg-info/dependency_links.txt
[2.880s] writing entry points to ../../build/vision_node/vision_node.egg-info/entry_points.txt
[2.880s] writing requirements to ../../build/vision_node/vision_node.egg-info/requires.txt
[2.881s] writing top-level names to ../../build/vision_node/vision_node.egg-info/top_level.txt
[2.944s] reading manifest file '../../build/vision_node/vision_node.egg-info/SOURCES.txt'
[2.947s] writing manifest file '../../build/vision_node/vision_node.egg-info/SOURCES.txt'
[2.947s] running build
[2.948s] running build_py
[2.949s] running install
[2.951s] running install_lib
[2.954s] running install_data
[2.956s] running install_egg_info
[2.959s] removing '/home/unitree/106a_final/install/vision_node/lib/python3.8/site-packages/vision_node-0.0.0-py3.8.egg-info' (and everything under it)
[2.960s] Copying ../../build/vision_node/vision_node.egg-info to /home/unitree/106a_final/install/vision_node/lib/python3.8/site-packages/vision_node-0.0.0-py3.8.egg-info
[2.962s] running install_scripts
[2.997s] Installing pingpong_node script to /home/unitree/106a_final/install/vision_node/lib/vision_node
[2.998s] writing list of installed files to '/home/unitree/106a_final/build/vision_node/install.log'
[3.061s] Invoked command in '/home/unitree/106a_final/src/vision_node' returned '0': PYTHONPATH=/home/unitree/106a_final/build/vision_node/prefix_override:/home/unitree/106a_final/install/vision_node/lib/python3.8/site-packages:${PYTHONPATH} /usr/bin/python3 setup.py egg_info --egg-base ../../build/vision_node build --build-base /home/unitree/106a_final/build/vision_node/build install --record /home/unitree/106a_final/build/vision_node/install.log --install-scripts $base/lib/vision_node --single-version-externally-managed
