[0.940s] Invoking command in '/home/unitree/106a_final/build/realsense2_camera': CMAKE_PREFIX_PATH=/home/unitree/106a_final/install/realsense2_camera_msgs:/home/unitree/106a_final/install/unitree_sdk2:/home/unitree/106a_final/install/realsense2_description:/home/unitree/106a_final/install/realsense2_camera:/home/unitree/cyclonedds_ws/install/rmw_cyclonedds_cpp:/home/unitree/cyclonedds_ws/install/cyclonedds:/home/unitree/106a_final/install/vision_node:/opt/ros/foxy LD_LIBRARY_PATH=/home/unitree/106a_final/install/realsense2_camera_msgs/lib:/home/unitree/106a_final/install/unitree_sdk2/lib:/home/unitree/106a_final/install/realsense2_camera/lib:/usr/local/cuda-11.4/lib64:/usr/local/lib:/home/unitree/cyclonedds_ws/install/rmw_cyclonedds_cpp/lib:/home/unitree/cyclonedds_ws/install/cyclonedds/lib:/opt/ros/foxy/opt/yaml_cpp_vendor/lib:/opt/ros/foxy/opt/rviz_ogre_vendor/lib:/opt/ros/foxy/lib/aarch64-linux-gnu:/opt/ros/foxy/lib PYTHONPATH=/home/unitree/106a_final/install/realsense2_camera_msgs/lib/python3.8/site-packages:/home/unitree/106a_final/install/vision_node/lib/python3.8/site-packages:/home/unitree/106a_final/install/unitree_sdk2py/lib/python3.8/site-packages:/opt/ros/foxy/lib/python3.8/site-packages /usr/bin/cmake --build /home/unitree/106a_final/build/realsense2_camera -- -j4 -l4
[1.142s] [ 25%] Built target realsense2_camera_node
[1.176s] [100%] Built target realsense2_camera
[1.218s] Invoked command in '/home/unitree/106a_final/build/realsense2_camera' returned '0': CMAKE_PREFIX_PATH=/home/unitree/106a_final/install/realsense2_camera_msgs:/home/unitree/106a_final/install/unitree_sdk2:/home/unitree/106a_final/install/realsense2_description:/home/unitree/106a_final/install/realsense2_camera:/home/unitree/cyclonedds_ws/install/rmw_cyclonedds_cpp:/home/unitree/cyclonedds_ws/install/cyclonedds:/home/unitree/106a_final/install/vision_node:/opt/ros/foxy LD_LIBRARY_PATH=/home/unitree/106a_final/install/realsense2_camera_msgs/lib:/home/unitree/106a_final/install/unitree_sdk2/lib:/home/unitree/106a_final/install/realsense2_camera/lib:/usr/local/cuda-11.4/lib64:/usr/local/lib:/home/unitree/cyclonedds_ws/install/rmw_cyclonedds_cpp/lib:/home/unitree/cyclonedds_ws/install/cyclonedds/lib:/opt/ros/foxy/opt/yaml_cpp_vendor/lib:/opt/ros/foxy/opt/rviz_ogre_vendor/lib:/opt/ros/foxy/lib/aarch64-linux-gnu:/opt/ros/foxy/lib PYTHONPATH=/home/unitree/106a_final/install/realsense2_camera_msgs/lib/python3.8/site-packages:/home/unitree/106a_final/install/vision_node/lib/python3.8/site-packages:/home/unitree/106a_final/install/unitree_sdk2py/lib/python3.8/site-packages:/opt/ros/foxy/lib/python3.8/site-packages /usr/bin/cmake --build /home/unitree/106a_final/build/realsense2_camera -- -j4 -l4
[1.219s] Invoking command in '/home/unitree/106a_final/build/realsense2_camera': CMAKE_PREFIX_PATH=/home/unitree/106a_final/install/realsense2_camera_msgs:/home/unitree/106a_final/install/unitree_sdk2:/home/unitree/106a_final/install/realsense2_description:/home/unitree/106a_final/install/realsense2_camera:/home/unitree/cyclonedds_ws/install/rmw_cyclonedds_cpp:/home/unitree/cyclonedds_ws/install/cyclonedds:/home/unitree/106a_final/install/vision_node:/opt/ros/foxy LD_LIBRARY_PATH=/home/unitree/106a_final/install/realsense2_camera_msgs/lib:/home/unitree/106a_final/install/unitree_sdk2/lib:/home/unitree/106a_final/install/realsense2_camera/lib:/usr/local/cuda-11.4/lib64:/usr/local/lib:/home/unitree/cyclonedds_ws/install/rmw_cyclonedds_cpp/lib:/home/unitree/cyclonedds_ws/install/cyclonedds/lib:/opt/ros/foxy/opt/yaml_cpp_vendor/lib:/opt/ros/foxy/opt/rviz_ogre_vendor/lib:/opt/ros/foxy/lib/aarch64-linux-gnu:/opt/ros/foxy/lib PYTHONPATH=/home/unitree/106a_final/install/realsense2_camera_msgs/lib/python3.8/site-packages:/home/unitree/106a_final/install/vision_node/lib/python3.8/site-packages:/home/unitree/106a_final/install/unitree_sdk2py/lib/python3.8/site-packages:/opt/ros/foxy/lib/python3.8/site-packages /usr/bin/cmake --install /home/unitree/106a_final/build/realsense2_camera
[1.264s] -- Install configuration: "Release"
[1.265s] -- Execute custom install script
[1.266s] -- Up-to-date symlink: /home/unitree/106a_final/install/realsense2_camera/lib/realsense2_camera/realsense2_camera_node
[1.267s] -- Up-to-date symlink: /home/unitree/106a_final/install/realsense2_camera/lib/librealsense2_camera.so
[1.268s] -- Up-to-date symlink: /home/unitree/106a_final/install/realsense2_camera/include/base_realsense_node.h
[1.268s] -- Up-to-date symlink: /home/unitree/106a_final/install/realsense2_camera/include/constants.h
[1.269s] -- Up-to-date symlink: /home/unitree/106a_final/install/realsense2_camera/include/dynamic_params.h
[1.270s] -- Up-to-date symlink: /home/unitree/106a_final/install/realsense2_camera/include/realsense_node_factory.h
[1.270s] -- Up-to-date symlink: /home/unitree/106a_final/install/realsense2_camera/include/ros_param_backend.h
[1.270s] -- Up-to-date symlink: /home/unitree/106a_final/install/realsense2_camera/include/t265_realsense_node.h
[1.275s] -- Up-to-date symlink: /home/unitree/106a_final/install/realsense2_camera/share/realsense2_camera/launch/default.rviz
[1.276s] -- Up-to-date symlink: /home/unitree/106a_final/install/realsense2_camera/share/realsense2_camera/launch/demo_pointcloud_launch.py
[1.276s] -- Up-to-date symlink: /home/unitree/106a_final/install/realsense2_camera/share/realsense2_camera/launch/demo_t265_launch.py
[1.276s] -- Up-to-date symlink: /home/unitree/106a_final/install/realsense2_camera/share/realsense2_camera/launch/rs_d400_and_t265_launch.py
[1.277s] -- Up-to-date symlink: /home/unitree/106a_final/install/realsense2_camera/share/realsense2_camera/launch/rs_launch.py
[1.277s] -- Up-to-date symlink: /home/unitree/106a_final/install/realsense2_camera/share/realsense2_camera/launch/rs_multi_camera_launch.py
[1.277s] -- Up-to-date symlink: /home/unitree/106a_final/install/realsense2_camera/share/realsense2_camera/launch/rs_t265_launch.py
[1.277s] -- Up-to-date symlink: /home/unitree/106a_final/install/realsense2_camera/share/realsense2_camera/config/d435i.yaml
[1.278s] -- Up-to-date symlink: /home/unitree/106a_final/install/realsense2_camera/share/realsense2_camera/rviz/pointcloud.rviz
[1.279s] -- Up-to-date symlink: /home/unitree/106a_final/install/realsense2_camera/share/realsense2_camera/rviz/t265.rviz
[1.279s] -- Up-to-date symlink: /home/unitree/106a_final/install/realsense2_camera/share/realsense2_camera/environment/library_path.sh
[1.280s] -- Up-to-date symlink: /home/unitree/106a_final/install/realsense2_camera/share/realsense2_camera/environment/library_path.dsv
[1.282s] -- Up-to-date symlink: /home/unitree/106a_final/install/realsense2_camera/share/ament_index/resource_index/package_run_dependencies/realsense2_camera
[1.283s] -- Up-to-date symlink: /home/unitree/106a_final/install/realsense2_camera/share/ament_index/resource_index/parent_prefix_path/realsense2_camera
[1.287s] -- Up-to-date symlink: /home/unitree/106a_final/install/realsense2_camera/share/realsense2_camera/environment/ament_prefix_path.sh
[1.288s] -- Up-to-date symlink: /home/unitree/106a_final/install/realsense2_camera/share/realsense2_camera/environment/ament_prefix_path.dsv
[1.288s] -- Up-to-date symlink: /home/unitree/106a_final/install/realsense2_camera/share/realsense2_camera/environment/path.sh
[1.288s] -- Up-to-date symlink: /home/unitree/106a_final/install/realsense2_camera/share/realsense2_camera/environment/path.dsv
[1.288s] -- Up-to-date symlink: /home/unitree/106a_final/install/realsense2_camera/share/realsense2_camera/local_setup.bash
[1.288s] -- Up-to-date symlink: /home/unitree/106a_final/install/realsense2_camera/share/realsense2_camera/local_setup.sh
[1.288s] -- Up-to-date symlink: /home/unitree/106a_final/install/realsense2_camera/share/realsense2_camera/local_setup.zsh
[1.292s] -- Up-to-date symlink: /home/unitree/106a_final/install/realsense2_camera/share/realsense2_camera/local_setup.dsv
[1.292s] -- Symlinking: /home/unitree/106a_final/install/realsense2_camera/share/realsense2_camera/package.dsv
[1.319s] -- Up-to-date symlink: /home/unitree/106a_final/install/realsense2_camera/share/ament_index/resource_index/packages/realsense2_camera
[1.319s] -- Up-to-date symlink: /home/unitree/106a_final/install/realsense2_camera/share/ament_index/resource_index/rclcpp_components/realsense2_camera
[1.320s] -- Up-to-date symlink: /home/unitree/106a_final/install/realsense2_camera/share/realsense2_camera/cmake/ament_cmake_export_include_directories-extras.cmake
[1.320s] -- Up-to-date symlink: /home/unitree/106a_final/install/realsense2_camera/share/realsense2_camera/cmake/ament_cmake_export_libraries-extras.cmake
[1.320s] -- Up-to-date symlink: /home/unitree/106a_final/install/realsense2_camera/share/realsense2_camera/cmake/ament_cmake_export_dependencies-extras.cmake
[1.321s] -- Up-to-date symlink: /home/unitree/106a_final/install/realsense2_camera/share/realsense2_camera/cmake/realsense2_cameraConfig.cmake
[1.321s] -- Up-to-date symlink: /home/unitree/106a_final/install/realsense2_camera/share/realsense2_camera/cmake/realsense2_cameraConfig-version.cmake
[1.322s] -- Up-to-date symlink: /home/unitree/106a_final/install/realsense2_camera/share/realsense2_camera/package.xml
[2.000s] Invoked command in '/home/unitree/106a_final/build/realsense2_camera' returned '0': CMAKE_PREFIX_PATH=/home/unitree/106a_final/install/realsense2_camera_msgs:/home/unitree/106a_final/install/unitree_sdk2:/home/unitree/106a_final/install/realsense2_description:/home/unitree/106a_final/install/realsense2_camera:/home/unitree/cyclonedds_ws/install/rmw_cyclonedds_cpp:/home/unitree/cyclonedds_ws/install/cyclonedds:/home/unitree/106a_final/install/vision_node:/opt/ros/foxy LD_LIBRARY_PATH=/home/unitree/106a_final/install/realsense2_camera_msgs/lib:/home/unitree/106a_final/install/unitree_sdk2/lib:/home/unitree/106a_final/install/realsense2_camera/lib:/usr/local/cuda-11.4/lib64:/usr/local/lib:/home/unitree/cyclonedds_ws/install/rmw_cyclonedds_cpp/lib:/home/unitree/cyclonedds_ws/install/cyclonedds/lib:/opt/ros/foxy/opt/yaml_cpp_vendor/lib:/opt/ros/foxy/opt/rviz_ogre_vendor/lib:/opt/ros/foxy/lib/aarch64-linux-gnu:/opt/ros/foxy/lib PYTHONPATH=/home/unitree/106a_final/install/realsense2_camera_msgs/lib/python3.8/site-packages:/home/unitree/106a_final/install/vision_node/lib/python3.8/site-packages:/home/unitree/106a_final/install/unitree_sdk2py/lib/python3.8/site-packages:/opt/ros/foxy/lib/python3.8/site-packages /usr/bin/cmake --install /home/unitree/106a_final/build/realsense2_camera
