[5.369s] Invoking command in '/home/unitree/106a_final/src/vision_node': PYTHONPATH=/home/unitree/106a_final/build/vision_node/prefix_override:/home/unitree/106a_final/install/vision_node/lib/python3.8/site-packages:${PYTHONPATH} /usr/bin/python3 setup.py egg_info --egg-base ../../build/vision_node build --build-base /home/unitree/106a_final/build/vision_node/build install --record /home/unitree/106a_final/build/vision_node/install.log --install-scripts $base/lib/vision_node --single-version-externally-managed
[6.147s] running egg_info
[6.150s] writing ../../build/vision_node/vision_node.egg-info/PKG-INFO
[6.151s] writing dependency_links to ../../build/vision_node/vision_node.egg-info/dependency_links.txt
[6.152s] writing entry points to ../../build/vision_node/vision_node.egg-info/entry_points.txt
[6.153s] writing requirements to ../../build/vision_node/vision_node.egg-info/requires.txt
[6.154s] writing top-level names to ../../build/vision_node/vision_node.egg-info/top_level.txt
[6.221s] reading manifest file '../../build/vision_node/vision_node.egg-info/SOURCES.txt'
[6.223s] writing manifest file '../../build/vision_node/vision_node.egg-info/SOURCES.txt'
[6.224s] running build
[6.224s] running build_py
[6.226s] running install
[6.236s] running install_lib
[6.240s] running install_data
[6.242s] running install_egg_info
[6.247s] removing '/home/unitree/106a_final/install/vision_node/lib/python3.8/site-packages/vision_node-0.0.0-py3.8.egg-info' (and everything under it)
[6.249s] Copying ../../build/vision_node/vision_node.egg-info to /home/unitree/106a_final/install/vision_node/lib/python3.8/site-packages/vision_node-0.0.0-py3.8.egg-info
[6.251s] running install_scripts
[6.295s] Installing pingpong_node script to /home/unitree/106a_final/install/vision_node/lib/vision_node
[6.298s] writing list of installed files to '/home/unitree/106a_final/build/vision_node/install.log'
[6.394s] Invoked command in '/home/unitree/106a_final/src/vision_node' returned '0': PYTHONPATH=/home/unitree/106a_final/build/vision_node/prefix_override:/home/unitree/106a_final/install/vision_node/lib/python3.8/site-packages:${PYTHONPATH} /usr/bin/python3 setup.py egg_info --egg-base ../../build/vision_node build --build-base /home/unitree/106a_final/build/vision_node/build install --record /home/unitree/106a_final/build/vision_node/install.log --install-scripts $base/lib/vision_node --single-version-externally-managed
