[0.736s] Invoking command in '/home/unitree/106a_final/build/realsense2_camera': AMENT_PREFIX_PATH=/home/unitree/106a_final/install/realsense2_camera_msgs:${AMENT_PREFIX_PATH} CMAKE_PREFIX_PATH=/home/unitree/106a_final/install/realsense2_camera_msgs:/home/unitree/cyclonedds_ws/install/rmw_cyclonedds_cpp:/home/unitree/cyclonedds_ws/install/cyclonedds:/opt/ros/foxy LD_LIBRARY_PATH=/home/unitree/106a_final/install/realsense2_camera_msgs/lib:${LD_LIBRARY_PATH} PYTHONPATH=/home/unitree/106a_final/install/realsense2_camera_msgs/lib/python3.8/site-packages:${PYTHONPATH} /usr/bin/cmake /home/unitree/106a_final/src/realsense-ros/realsense2_camera -DAMENT_CMAKE_SYMLINK_INSTALL=1 -DCMAKE_INSTALL_PREFIX=/home/unitree/106a_final/install/realsense2_camera
[0.881s] -- The C compiler identification is GNU 9.4.0
[0.989s] -- The CXX compiler identification is GNU 9.4.0
[0.998s] -- Check for working C compiler: /usr/bin/cc
[1.153s] -- Check for working C compiler: /usr/bin/cc -- works
[1.155s] -- Detecting C compiler ABI info
[1.320s] -- Detecting C compiler ABI info - done
[1.346s] -- Detecting C compile features
[1.347s] -- Detecting C compile features - done
[1.352s] -- Check for working CXX compiler: /usr/bin/c++
[1.582s] -- Check for working CXX compiler: /usr/bin/c++ -- works
[1.582s] -- Detecting CXX compiler ABI info
[1.849s] -- Detecting CXX compiler ABI info - done
[1.868s] -- Detecting CXX compile features
[1.869s] -- Detecting CXX compile features - done
[1.870s] -- Create Release Build.
[1.873s] -- Found ament_cmake: 0.9.12 (/opt/ros/foxy/share/ament_cmake/cmake)
[1.927s] -- Found PythonInterp: /usr/bin/python3 (found suitable version "3.8.10", minimum required is "3") 
[1.927s] -- Using PYTHON_EXECUTABLE: /usr/bin/python3
[2.303s] -- Override CMake install command with custom implementation using symlinks instead of copying resources
[2.357s] -- Found builtin_interfaces: 1.0.0 (/opt/ros/foxy/share/builtin_interfaces/cmake)
[2.410s] -- Using all available rosidl_typesupport_c: rosidl_typesupport_fastrtps_c;rosidl_typesupport_introspection_c
[2.428s] -- Found rosidl_adapter: 1.3.1 (/opt/ros/foxy/share/rosidl_adapter/cmake)
[2.679s] -- Found OpenSSL: /usr/lib/aarch64-linux-gnu/libcrypto.so (found version "1.1.1f")  
[2.750s] -- Found FastRTPS: /opt/ros/foxy/include  
[2.980s] -- Using all available rosidl_typesupport_cpp: rosidl_typesupport_fastrtps_cpp;rosidl_typesupport_introspection_cpp
[3.042s] -- Found cv_bridge: 3.0.7 (/opt/ros/foxy/share/cv_bridge/cmake)
[3.325s] -- Found image_transport: 2.4.0 (/opt/ros/foxy/share/image_transport/cmake)
[3.419s] -- Found rmw_implementation_cmake: 1.0.4 (/opt/ros/foxy/share/rmw_implementation_cmake/cmake)
[3.422s] -- Using RMW implementation 'rmw_cyclonedds_cpp' as default
[3.424s] -- Looking for pthread.h
[3.627s] -- Looking for pthread.h - found
[3.628s] -- Performing Test CMAKE_HAVE_LIBC_PTHREAD
[3.829s] -- Performing Test CMAKE_HAVE_LIBC_PTHREAD - Failed
[3.830s] -- Looking for pthread_create in pthreads
[3.992s] -- Looking for pthread_create in pthreads - not found
[3.992s] -- Looking for pthread_create in pthread
[4.179s] -- Looking for pthread_create in pthread - found
[4.180s] -- Found Threads: TRUE  
[4.539s] -- Found rclcpp_components: 2.4.3 (/opt/ros/foxy/share/rclcpp_components/cmake)
[4.634s] -- Found realsense2_camera_msgs: 3.2.3 (/home/unitree/106a_final/install/realsense2_camera_msgs/share/realsense2_camera_msgs/cmake)
[4.717s] -- Found std_srvs: 2.0.5 (/opt/ros/foxy/share/std_srvs/cmake)
[4.739s] -- Found nav_msgs: 2.0.5 (/opt/ros/foxy/share/nav_msgs/cmake)
[4.870s] -- Found tf2_ros: 0.13.14 (/opt/ros/foxy/share/tf2_ros/cmake)
[5.382s] -- Found diagnostic_updater: 3.1.2 (/opt/ros/foxy/share/diagnostic_updater/cmake)
[5.496s] -- Build for ROS2 Foxy
[5.547s] -- Found ament_lint_auto: 0.9.8 (/opt/ros/foxy/share/ament_lint_auto/cmake)
[5.552s] -- Found OpenCV: /usr (found version "4.5.4") 
[5.749s] -- Added test 'copyright' to check source files copyright and LICENSE
[5.755s] -- Added test 'cppcheck' to perform static code analysis on C / C++ code
[5.755s] -- Configured cppcheck include dirs: /home/unitree/106a_final/src/realsense-ros/realsense2_camera/include
[5.755s] -- Configured cppcheck exclude dirs and/or files: 
[5.760s] -- Added test 'cpplint' to check C / C++ code against the Google style
[5.760s] -- Configured cpplint exclude dirs and/or files: 
[5.761s] -- Added test 'flake8' to check Python code syntax and style conventions
[5.763s] -- Added test 'lint_cmake' to check CMake code style
[5.764s] -- Added test 'pep257' to check Python code against some of the style conventions in PEP 257
[5.769s] -- Added test 'uncrustify' to check C / C++ code style
[5.769s] -- Configured uncrustify additional arguments: 
[5.770s] -- Added test 'xmllint' to check XML markup files
[5.785s] -- Configuring done
[5.852s] -- Generating done
[5.879s] -- Build files have been written to: /home/unitree/106a_final/build/realsense2_camera
[5.913s] Invoked command in '/home/unitree/106a_final/build/realsense2_camera' returned '0': AMENT_PREFIX_PATH=/home/unitree/106a_final/install/realsense2_camera_msgs:${AMENT_PREFIX_PATH} CMAKE_PREFIX_PATH=/home/unitree/106a_final/install/realsense2_camera_msgs:/home/unitree/cyclonedds_ws/install/rmw_cyclonedds_cpp:/home/unitree/cyclonedds_ws/install/cyclonedds:/opt/ros/foxy LD_LIBRARY_PATH=/home/unitree/106a_final/install/realsense2_camera_msgs/lib:${LD_LIBRARY_PATH} PYTHONPATH=/home/unitree/106a_final/install/realsense2_camera_msgs/lib/python3.8/site-packages:${PYTHONPATH} /usr/bin/cmake /home/unitree/106a_final/src/realsense-ros/realsense2_camera -DAMENT_CMAKE_SYMLINK_INSTALL=1 -DCMAKE_INSTALL_PREFIX=/home/unitree/106a_final/install/realsense2_camera
[5.920s] Invoking command in '/home/unitree/106a_final/build/realsense2_camera': AMENT_PREFIX_PATH=/home/unitree/106a_final/install/realsense2_camera_msgs:${AMENT_PREFIX_PATH} CMAKE_PREFIX_PATH=/home/unitree/106a_final/install/realsense2_camera_msgs:/home/unitree/cyclonedds_ws/install/rmw_cyclonedds_cpp:/home/unitree/cyclonedds_ws/install/cyclonedds:/opt/ros/foxy LD_LIBRARY_PATH=/home/unitree/106a_final/install/realsense2_camera_msgs/lib:${LD_LIBRARY_PATH} PYTHONPATH=/home/unitree/106a_final/install/realsense2_camera_msgs/lib/python3.8/site-packages:${PYTHONPATH} /usr/bin/cmake --build /home/unitree/106a_final/build/realsense2_camera -- -j4 -l4
[6.023s] [35m[1mScanning dependencies of target realsense2_camera_node[0m
[6.163s] [ 12%] [32mBuilding CXX object CMakeFiles/realsense2_camera_node.dir/rclcpp_components/node_main_realsense2_camera_node.cpp.o[0m
[12.018s] [ 25%] [32m[1mLinking CXX executable realsense2_camera_node[0m
[12.266s] [ 25%] Built target realsense2_camera_node
[12.307s] [35m[1mScanning dependencies of target realsense2_camera[0m
[12.512s] [ 37%] [32mBuilding CXX object CMakeFiles/realsense2_camera.dir/src/realsense_node_factory.cpp.o[0m
[35.093s] [ 50%] [32mBuilding CXX object CMakeFiles/realsense2_camera.dir/src/dynamic_params.cpp.o[0m
[42.417s] [ 62%] [32mBuilding CXX object CMakeFiles/realsense2_camera.dir/src/ros_param_backend_foxy.cpp.o[0m
[46.295s] [ 75%] [32mBuilding CXX object CMakeFiles/realsense2_camera.dir/src/t265_realsense_node.cpp.o[0m
[68.112s] [ 87%] [32mBuilding CXX object CMakeFiles/realsense2_camera.dir/src/base_realsense_node.cpp.o[0m
[126.502s] [100%] [32m[1mLinking CXX shared library librealsense2_camera.so[0m
[127.910s] [100%] Built target realsense2_camera
[127.944s] Invoked command in '/home/unitree/106a_final/build/realsense2_camera' returned '0': AMENT_PREFIX_PATH=/home/unitree/106a_final/install/realsense2_camera_msgs:${AMENT_PREFIX_PATH} CMAKE_PREFIX_PATH=/home/unitree/106a_final/install/realsense2_camera_msgs:/home/unitree/cyclonedds_ws/install/rmw_cyclonedds_cpp:/home/unitree/cyclonedds_ws/install/cyclonedds:/opt/ros/foxy LD_LIBRARY_PATH=/home/unitree/106a_final/install/realsense2_camera_msgs/lib:${LD_LIBRARY_PATH} PYTHONPATH=/home/unitree/106a_final/install/realsense2_camera_msgs/lib/python3.8/site-packages:${PYTHONPATH} /usr/bin/cmake --build /home/unitree/106a_final/build/realsense2_camera -- -j4 -l4
[127.947s] Invoking command in '/home/unitree/106a_final/build/realsense2_camera': AMENT_PREFIX_PATH=/home/unitree/106a_final/install/realsense2_camera_msgs:${AMENT_PREFIX_PATH} CMAKE_PREFIX_PATH=/home/unitree/106a_final/install/realsense2_camera_msgs:/home/unitree/cyclonedds_ws/install/rmw_cyclonedds_cpp:/home/unitree/cyclonedds_ws/install/cyclonedds:/opt/ros/foxy LD_LIBRARY_PATH=/home/unitree/106a_final/install/realsense2_camera_msgs/lib:${LD_LIBRARY_PATH} PYTHONPATH=/home/unitree/106a_final/install/realsense2_camera_msgs/lib/python3.8/site-packages:${PYTHONPATH} /usr/bin/cmake --install /home/unitree/106a_final/build/realsense2_camera
[127.974s] -- Install configuration: "Release"
[127.976s] -- Execute custom install script
[127.976s] -- Symlinking: /home/unitree/106a_final/install/realsense2_camera/lib/realsense2_camera/realsense2_camera_node
[128.000s] -- Symlinking: /home/unitree/106a_final/install/realsense2_camera/lib/librealsense2_camera.so
[128.021s] -- Symlinking: /home/unitree/106a_final/install/realsense2_camera/include/base_realsense_node.h
[128.044s] -- Symlinking: /home/unitree/106a_final/install/realsense2_camera/include/constants.h
[128.071s] -- Symlinking: /home/unitree/106a_final/install/realsense2_camera/include/dynamic_params.h
[128.094s] -- Symlinking: /home/unitree/106a_final/install/realsense2_camera/include/realsense_node_factory.h
[128.117s] -- Symlinking: /home/unitree/106a_final/install/realsense2_camera/include/ros_param_backend.h
[128.142s] -- Symlinking: /home/unitree/106a_final/install/realsense2_camera/include/t265_realsense_node.h
[128.166s] -- Symlinking: /home/unitree/106a_final/install/realsense2_camera/share/realsense2_camera/launch/default.rviz
[128.211s] -- Symlinking: /home/unitree/106a_final/install/realsense2_camera/share/realsense2_camera/launch/demo_pointcloud_launch.py
[128.236s] -- Symlinking: /home/unitree/106a_final/install/realsense2_camera/share/realsense2_camera/launch/demo_t265_launch.py
[128.267s] -- Symlinking: /home/unitree/106a_final/install/realsense2_camera/share/realsense2_camera/launch/rs_d400_and_t265_launch.py
[128.289s] -- Symlinking: /home/unitree/106a_final/install/realsense2_camera/share/realsense2_camera/launch/rs_launch.py
[128.312s] -- Symlinking: /home/unitree/106a_final/install/realsense2_camera/share/realsense2_camera/launch/rs_multi_camera_launch.py
[128.333s] -- Symlinking: /home/unitree/106a_final/install/realsense2_camera/share/realsense2_camera/launch/rs_t265_launch.py
[128.355s] -- Symlinking: /home/unitree/106a_final/install/realsense2_camera/share/realsense2_camera/config/d435i.yaml
[128.378s] -- Symlinking: /home/unitree/106a_final/install/realsense2_camera/share/realsense2_camera/rviz/pointcloud.rviz
[128.399s] -- Symlinking: /home/unitree/106a_final/install/realsense2_camera/share/realsense2_camera/rviz/t265.rviz
[128.421s] -- Symlinking: /home/unitree/106a_final/install/realsense2_camera/share/realsense2_camera/environment/library_path.sh
[128.446s] -- Symlinking: /home/unitree/106a_final/install/realsense2_camera/share/realsense2_camera/environment/library_path.dsv
[128.468s] -- Symlinking: /home/unitree/106a_final/install/realsense2_camera/share/ament_index/resource_index/package_run_dependencies/realsense2_camera
[128.490s] -- Symlinking: /home/unitree/106a_final/install/realsense2_camera/share/ament_index/resource_index/parent_prefix_path/realsense2_camera
[128.514s] -- Symlinking: /home/unitree/106a_final/install/realsense2_camera/share/realsense2_camera/environment/ament_prefix_path.sh
[128.536s] -- Symlinking: /home/unitree/106a_final/install/realsense2_camera/share/realsense2_camera/environment/ament_prefix_path.dsv
[128.562s] -- Symlinking: /home/unitree/106a_final/install/realsense2_camera/share/realsense2_camera/environment/path.sh
[128.585s] -- Symlinking: /home/unitree/106a_final/install/realsense2_camera/share/realsense2_camera/environment/path.dsv
[128.606s] -- Symlinking: /home/unitree/106a_final/install/realsense2_camera/share/realsense2_camera/local_setup.bash
[128.627s] -- Symlinking: /home/unitree/106a_final/install/realsense2_camera/share/realsense2_camera/local_setup.sh
[128.649s] -- Symlinking: /home/unitree/106a_final/install/realsense2_camera/share/realsense2_camera/local_setup.zsh
[128.671s] -- Symlinking: /home/unitree/106a_final/install/realsense2_camera/share/realsense2_camera/local_setup.dsv
[128.693s] -- Symlinking: /home/unitree/106a_final/install/realsense2_camera/share/realsense2_camera/package.dsv
[128.713s] -- Symlinking: /home/unitree/106a_final/install/realsense2_camera/share/ament_index/resource_index/packages/realsense2_camera
[128.733s] -- Symlinking: /home/unitree/106a_final/install/realsense2_camera/share/ament_index/resource_index/rclcpp_components/realsense2_camera
[128.753s] -- Symlinking: /home/unitree/106a_final/install/realsense2_camera/share/realsense2_camera/cmake/ament_cmake_export_include_directories-extras.cmake
[128.773s] -- Symlinking: /home/unitree/106a_final/install/realsense2_camera/share/realsense2_camera/cmake/ament_cmake_export_libraries-extras.cmake
[128.799s] -- Symlinking: /home/unitree/106a_final/install/realsense2_camera/share/realsense2_camera/cmake/ament_cmake_export_dependencies-extras.cmake
[128.821s] -- Symlinking: /home/unitree/106a_final/install/realsense2_camera/share/realsense2_camera/cmake/realsense2_cameraConfig.cmake
[128.842s] -- Symlinking: /home/unitree/106a_final/install/realsense2_camera/share/realsense2_camera/cmake/realsense2_cameraConfig-version.cmake
[128.863s] -- Symlinking: /home/unitree/106a_final/install/realsense2_camera/share/realsense2_camera/package.xml
[128.890s] Invoked command in '/home/unitree/106a_final/build/realsense2_camera' returned '0': AMENT_PREFIX_PATH=/home/unitree/106a_final/install/realsense2_camera_msgs:${AMENT_PREFIX_PATH} CMAKE_PREFIX_PATH=/home/unitree/106a_final/install/realsense2_camera_msgs:/home/unitree/cyclonedds_ws/install/rmw_cyclonedds_cpp:/home/unitree/cyclonedds_ws/install/cyclonedds:/opt/ros/foxy LD_LIBRARY_PATH=/home/unitree/106a_final/install/realsense2_camera_msgs/lib:${LD_LIBRARY_PATH} PYTHONPATH=/home/unitree/106a_final/install/realsense2_camera_msgs/lib/python3.8/site-packages:${PYTHONPATH} /usr/bin/cmake --install /home/unitree/106a_final/build/realsense2_camera
