[6.859s] Invoking command in '/home/unitree/106a_final/src/aruco_node': PYTHONPATH=/home/unitree/106a_final/build/aruco_node/prefix_override:/home/unitree/106a_final/install/aruco_node/lib/python3.8/site-packages:${PYTHONPATH} /usr/bin/python3 setup.py egg_info --egg-base ../../build/aruco_node build --build-base /home/unitree/106a_final/build/aruco_node/build install --record /home/unitree/106a_final/build/aruco_node/install.log --single-version-externally-managed
[7.669s] running egg_info
[7.671s] writing ../../build/aruco_node/aruco_node.egg-info/PKG-INFO
[7.671s] writing dependency_links to ../../build/aruco_node/aruco_node.egg-info/dependency_links.txt
[7.672s] writing entry points to ../../build/aruco_node/aruco_node.egg-info/entry_points.txt
[7.673s] writing requirements to ../../build/aruco_node/aruco_node.egg-info/requires.txt
[7.673s] writing top-level names to ../../build/aruco_node/aruco_node.egg-info/top_level.txt
[7.755s] reading manifest file '../../build/aruco_node/aruco_node.egg-info/SOURCES.txt'
[7.756s] writing manifest file '../../build/aruco_node/aruco_node.egg-info/SOURCES.txt'
[7.757s] running build
[7.757s] running build_py
[7.757s] running install
[7.759s] running install_lib
[7.762s] running install_data
[7.764s] running install_egg_info
[7.769s] removing '/home/unitree/106a_final/install/aruco_node/lib/python3.8/site-packages/aruco_node-0.0.0-py3.8.egg-info' (and everything under it)
[7.770s] Copying ../../build/aruco_node/aruco_node.egg-info to /home/unitree/106a_final/install/aruco_node/lib/python3.8/site-packages/aruco_node-0.0.0-py3.8.egg-info
[7.775s] running install_scripts
[7.822s] Installing aruco script to /home/unitree/106a_final/install/aruco_node/lib/aruco_node
[7.823s] writing list of installed files to '/home/unitree/106a_final/build/aruco_node/install.log'
[8.539s] Invoked command in '/home/unitree/106a_final/src/aruco_node' returned '0': PYTHONPATH=/home/unitree/106a_final/build/aruco_node/prefix_override:/home/unitree/106a_final/install/aruco_node/lib/python3.8/site-packages:${PYTHONPATH} /usr/bin/python3 setup.py egg_info --egg-base ../../build/aruco_node build --build-base /home/unitree/106a_final/build/aruco_node/build install --record /home/unitree/106a_final/build/aruco_node/install.log --single-version-externally-managed
