[10.916s] Invoking command in '/home/unitree/106a_final/src/arm_control': PYTHONPATH=/home/unitree/106a_final/build/arm_control/prefix_override:/home/unitree/106a_final/install/arm_control/lib/python3.8/site-packages:${PYTHONPATH} /usr/bin/python3 setup.py egg_info --egg-base ../../build/arm_control build --build-base /home/unitree/106a_final/build/arm_control/build install --record /home/unitree/106a_final/build/arm_control/install.log --install-scripts $base/lib/arm_control --single-version-externally-managed
[12.194s] running egg_info
[12.195s] writing ../../build/arm_control/arm_control.egg-info/PKG-INFO
[12.195s] writing dependency_links to ../../build/arm_control/arm_control.egg-info/dependency_links.txt
[12.196s] writing entry points to ../../build/arm_control/arm_control.egg-info/entry_points.txt
[12.196s] writing requirements to ../../build/arm_control/arm_control.egg-info/requires.txt
[12.196s] writing top-level names to ../../build/arm_control/arm_control.egg-info/top_level.txt
[12.277s] reading manifest file '../../build/arm_control/arm_control.egg-info/SOURCES.txt'
[12.278s] writing manifest file '../../build/arm_control/arm_control.egg-info/SOURCES.txt'
[12.279s] running build
[12.279s] running build_py
[12.279s] copying arm_control/ik_solver.py -> /home/unitree/106a_final/build/arm_control/build/lib/arm_control
[12.280s] running install
[12.282s] running install_lib
[12.284s] copying /home/unitree/106a_final/build/arm_control/build/lib/arm_control/ik_solver.py -> /home/unitree/106a_final/install/arm_control/lib/python3.8/site-packages/arm_control
[12.300s] byte-compiling /home/unitree/106a_final/install/arm_control/lib/python3.8/site-packages/arm_control/ik_solver.py to ik_solver.cpython-38.pyc
[12.303s] running install_data
[12.306s] running install_egg_info
[12.310s] removing '/home/unitree/106a_final/install/arm_control/lib/python3.8/site-packages/arm_control-0.0.0-py3.8.egg-info' (and everything under it)
[12.311s] Copying ../../build/arm_control/arm_control.egg-info to /home/unitree/106a_final/install/arm_control/lib/python3.8/site-packages/arm_control-0.0.0-py3.8.egg-info
[12.313s] running install_scripts
[12.483s] Installing arm_node script to /home/unitree/106a_final/install/arm_control/lib/arm_control
[12.488s] Installing servo_driver script to /home/unitree/106a_final/install/arm_control/lib/arm_control
[12.489s] writing list of installed files to '/home/unitree/106a_final/build/arm_control/install.log'
[14.996s] Invoked command in '/home/unitree/106a_final/src/arm_control' returned '0': PYTHONPATH=/home/unitree/106a_final/build/arm_control/prefix_override:/home/unitree/106a_final/install/arm_control/lib/python3.8/site-packages:${PYTHONPATH} /usr/bin/python3 setup.py egg_info --egg-base ../../build/arm_control build --build-base /home/unitree/106a_final/build/arm_control/build install --record /home/unitree/106a_final/build/arm_control/install.log --install-scripts $base/lib/arm_control --single-version-externally-managed
