[4.430s] Invoking command in '/home/unitree/106a_final/src/vision_node': PYTHONPATH=/home/unitree/106a_final/build/vision_node/prefix_override:/home/unitree/106a_final/install/vision_node/lib/python3.8/site-packages:${PYTHONPATH} /usr/bin/python3 setup.py egg_info --egg-base ../../build/vision_node build --build-base /home/unitree/106a_final/build/vision_node/build install --record /home/unitree/106a_final/build/vision_node/install.log --install-scripts $base/lib/vision_node --single-version-externally-managed
[4.960s] running egg_info
[4.962s] writing ../../build/vision_node/vision_node.egg-info/PKG-INFO
[4.963s] writing dependency_links to ../../build/vision_node/vision_node.egg-info/dependency_links.txt
[4.970s] writing entry points to ../../build/vision_node/vision_node.egg-info/entry_points.txt
[4.970s] writing requirements to ../../build/vision_node/vision_node.egg-info/requires.txt
[4.970s] writing top-level names to ../../build/vision_node/vision_node.egg-info/top_level.txt
[5.028s] reading manifest file '../../build/vision_node/vision_node.egg-info/SOURCES.txt'
[5.028s] writing manifest file '../../build/vision_node/vision_node.egg-info/SOURCES.txt'
[5.028s] running build
[5.029s] running build_py
[5.029s] running install
[5.032s] running install_lib
[5.034s] running install_data
[5.035s] running install_egg_info
[5.038s] removing '/home/unitree/106a_final/install/vision_node/lib/python3.8/site-packages/vision_node-0.0.0-py3.8.egg-info' (and everything under it)
[5.039s] Copying ../../build/vision_node/vision_node.egg-info to /home/unitree/106a_final/install/vision_node/lib/python3.8/site-packages/vision_node-0.0.0-py3.8.egg-info
[5.053s] running install_scripts
[5.087s] Installing pingpong_node script to /home/unitree/106a_final/install/vision_node/lib/vision_node
[5.088s] writing list of installed files to '/home/unitree/106a_final/build/vision_node/install.log'
[5.669s] Invoked command in '/home/unitree/106a_final/src/vision_node' returned '0': PYTHONPATH=/home/unitree/106a_final/build/vision_node/prefix_override:/home/unitree/106a_final/install/vision_node/lib/python3.8/site-packages:${PYTHONPATH} /usr/bin/python3 setup.py egg_info --egg-base ../../build/vision_node build --build-base /home/unitree/106a_final/build/vision_node/build install --record /home/unitree/106a_final/build/vision_node/install.log --install-scripts $base/lib/vision_node --single-version-externally-managed
