[6.469s] Invoking command in '/home/unitree/106a_final/src/aruco_node': PYTHONPATH=/home/unitree/106a_final/build/aruco_node/prefix_override:/home/unitree/106a_final/install/aruco_node/lib/python3.8/site-packages:${PYTHONPATH} /usr/bin/python3 setup.py egg_info --egg-base ../../build/aruco_node build --build-base /home/unitree/106a_final/build/aruco_node/build install --record /home/unitree/106a_final/build/aruco_node/install.log --single-version-externally-managed
[7.459s] running egg_info
[7.461s] writing ../../build/aruco_node/aruco_node.egg-info/PKG-INFO
[7.462s] writing dependency_links to ../../build/aruco_node/aruco_node.egg-info/dependency_links.txt
[7.462s] writing entry points to ../../build/aruco_node/aruco_node.egg-info/entry_points.txt
[7.462s] writing requirements to ../../build/aruco_node/aruco_node.egg-info/requires.txt
[7.462s] writing top-level names to ../../build/aruco_node/aruco_node.egg-info/top_level.txt
[7.595s] reading manifest file '../../build/aruco_node/aruco_node.egg-info/SOURCES.txt'
[7.602s] writing manifest file '../../build/aruco_node/aruco_node.egg-info/SOURCES.txt'
[7.602s] running build
[7.602s] running build_py
[7.603s] running install
[7.605s] running install_lib
[7.608s] running install_data
[7.614s] running install_egg_info
[7.616s] removing '/home/unitree/106a_final/install/aruco_node/lib/python3.8/site-packages/aruco_node-0.0.0-py3.8.egg-info' (and everything under it)
[7.617s] Copying ../../build/aruco_node/aruco_node.egg-info to /home/unitree/106a_final/install/aruco_node/lib/python3.8/site-packages/aruco_node-0.0.0-py3.8.egg-info
[7.638s] running install_scripts
[7.690s] Installing aruco script to /home/unitree/106a_final/install/aruco_node/lib/aruco_node
[7.695s] writing list of installed files to '/home/unitree/106a_final/build/aruco_node/install.log'
[8.510s] Invoked command in '/home/unitree/106a_final/src/aruco_node' returned '0': PYTHONPATH=/home/unitree/106a_final/build/aruco_node/prefix_override:/home/unitree/106a_final/install/aruco_node/lib/python3.8/site-packages:${PYTHONPATH} /usr/bin/python3 setup.py egg_info --egg-base ../../build/aruco_node build --build-base /home/unitree/106a_final/build/aruco_node/build install --record /home/unitree/106a_final/build/aruco_node/install.log --single-version-externally-managed
