[2.696s] Invoking command in '/home/unitree/106a_final/build/aruco_node': PYTHONPATH=/home/unitree/106a_final/build/aruco_node/prefix_override:/home/unitree/106a_final/install/aruco_node/lib/python3.8/site-packages:${PYTHONPATH} /usr/bin/python3 setup.py develop --editable --build-directory /home/unitree/106a_final/build/aruco_node/build --no-deps install_data
[3.228s] running develop
[3.626s] running egg_info
[3.626s] creating aruco_node.egg-info
[3.627s] writing aruco_node.egg-info/PKG-INFO
[3.627s] writing dependency_links to aruco_node.egg-info/dependency_links.txt
[3.628s] writing entry points to aruco_node.egg-info/entry_points.txt
[3.629s] writing requirements to aruco_node.egg-info/requires.txt
[3.629s] writing top-level names to aruco_node.egg-info/top_level.txt
[3.633s] writing manifest file 'aruco_node.egg-info/SOURCES.txt'
[3.728s] reading manifest file 'aruco_node.egg-info/SOURCES.txt'
[3.732s] writing manifest file 'aruco_node.egg-info/SOURCES.txt'
[3.842s] running build_ext
[3.843s] Creating /home/unitree/106a_final/install/aruco_node/lib/python3.8/site-packages/site.py
[3.849s] Creating /home/unitree/106a_final/install/aruco_node/lib/python3.8/site-packages/aruco-node.egg-link (link to .)
[3.852s] Installing aruco script to /home/unitree/106a_final/install/aruco_node/lib/aruco_node
[3.853s] 
[3.853s] Installed /home/unitree/106a_final/build/aruco_node
[3.853s] running install_data
[3.853s] creating /home/unitree/106a_final/install/aruco_node/share/ament_index
[3.854s] creating /home/unitree/106a_final/install/aruco_node/share/ament_index/resource_index
[3.854s] creating /home/unitree/106a_final/install/aruco_node/share/ament_index/resource_index/packages
[3.854s] copying resource/aruco_node -> /home/unitree/106a_final/install/aruco_node/share/ament_index/resource_index/packages
[3.854s] copying package.xml -> /home/unitree/106a_final/install/aruco_node/share/aruco_node
[4.025s] Invoked command in '/home/unitree/106a_final/build/aruco_node' returned '0': PYTHONPATH=/home/unitree/106a_final/build/aruco_node/prefix_override:/home/unitree/106a_final/install/aruco_node/lib/python3.8/site-packages:${PYTHONPATH} /usr/bin/python3 setup.py develop --editable --build-directory /home/unitree/106a_final/build/aruco_node/build --no-deps install_data
