[0.877s] Invoking command in '/home/unitree/106a_final/build/realsense2_description': CMAKE_PREFIX_PATH=/home/unitree/106a_final/install/realsense2_camera_msgs:/home/unitree/106a_final/install/realsense2_description:/home/unitree/106a_final/install/realsense2_camera:/home/unitree/106a_final/install/arm_driver:/home/unitree/cyclonedds_ws/install/rmw_cyclonedds_cpp:/home/unitree/cyclonedds_ws/install/cyclonedds:/home/unitree/106a_final/install/navigation_node:/home/unitree/106a_final/install/arm_control:/home/unitree/106a_final/install/vision_node:/home/unitree/106a_final/install/navigation_node_two:/home/unitree/106a_final/install/aruco_node:/opt/ros/foxy LD_LIBRARY_PATH=/home/unitree/106a_final/install/realsense2_camera_msgs/lib:/home/unitree/106a_final/install/realsense2_camera/lib:/usr/local/cuda-11.4/lib64:/usr/local/lib:/home/unitree/cyclonedds_ws/install/rmw_cyclonedds_cpp/lib:/home/unitree/cyclonedds_ws/install/cyclonedds/lib:/opt/ros/foxy/opt/yaml_cpp_vendor/lib:/opt/ros/foxy/opt/rviz_ogre_vendor/lib:/opt/ros/foxy/lib/aarch64-linux-gnu:/opt/ros/foxy/lib:/usr/local/cuda-11.4/lib64 PYTHONPATH=/home/unitree/106a_final/install/realsense2_camera_msgs/lib/python3.8/site-packages:/home/unitree/106a_final/install/navigation_node/lib/python3.8/site-packages:/home/unitree/106a_final/install/arm_control/lib/python3.8/site-packages:/home/unitree/106a_final/install/vision_node/lib/python3.8/site-packages:/home/unitree/106a_final/install/navigation_node_two/lib/python3.8/site-packages:/home/unitree/106a_final/install/aruco_node/lib/python3.8/site-packages:/opt/ros/foxy/lib/python3.8/site-packages /usr/bin/cmake --build /home/unitree/106a_final/build/realsense2_description -- -j4 -l4
[1.084s] Invoked command in '/home/unitree/106a_final/build/realsense2_description' returned '0': CMAKE_PREFIX_PATH=/home/unitree/106a_final/install/realsense2_camera_msgs:/home/unitree/106a_final/install/realsense2_description:/home/unitree/106a_final/install/realsense2_camera:/home/unitree/106a_final/install/arm_driver:/home/unitree/cyclonedds_ws/install/rmw_cyclonedds_cpp:/home/unitree/cyclonedds_ws/install/cyclonedds:/home/unitree/106a_final/install/navigation_node:/home/unitree/106a_final/install/arm_control:/home/unitree/106a_final/install/vision_node:/home/unitree/106a_final/install/navigation_node_two:/home/unitree/106a_final/install/aruco_node:/opt/ros/foxy LD_LIBRARY_PATH=/home/unitree/106a_final/install/realsense2_camera_msgs/lib:/home/unitree/106a_final/install/realsense2_camera/lib:/usr/local/cuda-11.4/lib64:/usr/local/lib:/home/unitree/cyclonedds_ws/install/rmw_cyclonedds_cpp/lib:/home/unitree/cyclonedds_ws/install/cyclonedds/lib:/opt/ros/foxy/opt/yaml_cpp_vendor/lib:/opt/ros/foxy/opt/rviz_ogre_vendor/lib:/opt/ros/foxy/lib/aarch64-linux-gnu:/opt/ros/foxy/lib:/usr/local/cuda-11.4/lib64 PYTHONPATH=/home/unitree/106a_final/install/realsense2_camera_msgs/lib/python3.8/site-packages:/home/unitree/106a_final/install/navigation_node/lib/python3.8/site-packages:/home/unitree/106a_final/install/arm_control/lib/python3.8/site-packages:/home/unitree/106a_final/install/vision_node/lib/python3.8/site-packages:/home/unitree/106a_final/install/navigation_node_two/lib/python3.8/site-packages:/home/unitree/106a_final/install/aruco_node/lib/python3.8/site-packages:/opt/ros/foxy/lib/python3.8/site-packages /usr/bin/cmake --build /home/unitree/106a_final/build/realsense2_description -- -j4 -l4
[1.086s] Invoking command in '/home/unitree/106a_final/build/realsense2_description': CMAKE_PREFIX_PATH=/home/unitree/106a_final/install/realsense2_camera_msgs:/home/unitree/106a_final/install/realsense2_description:/home/unitree/106a_final/install/realsense2_camera:/home/unitree/106a_final/install/arm_driver:/home/unitree/cyclonedds_ws/install/rmw_cyclonedds_cpp:/home/unitree/cyclonedds_ws/install/cyclonedds:/home/unitree/106a_final/install/navigation_node:/home/unitree/106a_final/install/arm_control:/home/unitree/106a_final/install/vision_node:/home/unitree/106a_final/install/navigation_node_two:/home/unitree/106a_final/install/aruco_node:/opt/ros/foxy LD_LIBRARY_PATH=/home/unitree/106a_final/install/realsense2_camera_msgs/lib:/home/unitree/106a_final/install/realsense2_camera/lib:/usr/local/cuda-11.4/lib64:/usr/local/lib:/home/unitree/cyclonedds_ws/install/rmw_cyclonedds_cpp/lib:/home/unitree/cyclonedds_ws/install/cyclonedds/lib:/opt/ros/foxy/opt/yaml_cpp_vendor/lib:/opt/ros/foxy/opt/rviz_ogre_vendor/lib:/opt/ros/foxy/lib/aarch64-linux-gnu:/opt/ros/foxy/lib:/usr/local/cuda-11.4/lib64 PYTHONPATH=/home/unitree/106a_final/install/realsense2_camera_msgs/lib/python3.8/site-packages:/home/unitree/106a_final/install/navigation_node/lib/python3.8/site-packages:/home/unitree/106a_final/install/arm_control/lib/python3.8/site-packages:/home/unitree/106a_final/install/vision_node/lib/python3.8/site-packages:/home/unitree/106a_final/install/navigation_node_two/lib/python3.8/site-packages:/home/unitree/106a_final/install/aruco_node/lib/python3.8/site-packages:/opt/ros/foxy/lib/python3.8/site-packages /usr/bin/cmake --install /home/unitree/106a_final/build/realsense2_description
[1.154s] -- Install configuration: ""
[1.155s] -- Up-to-date: /home/unitree/106a_final/install/realsense2_description/share/realsense2_description/launch
[1.155s] -- Up-to-date: /home/unitree/106a_final/install/realsense2_description/share/realsense2_description/launch/launch_utils.py
[1.155s] -- Up-to-date: /home/unitree/106a_final/install/realsense2_description/share/realsense2_description/launch/view_model.launch.py
[1.155s] -- Up-to-date: /home/unitree/106a_final/install/realsense2_description/share/realsense2_description/meshes
[1.155s] -- Up-to-date: /home/unitree/106a_final/install/realsense2_description/share/realsense2_description/meshes/plug_collision.stl
[1.155s] -- Up-to-date: /home/unitree/106a_final/install/realsense2_description/share/realsense2_description/meshes/l515.dae
[1.156s] -- Up-to-date: /home/unitree/106a_final/install/realsense2_description/share/realsense2_description/meshes/plug.stl
[1.156s] -- Up-to-date: /home/unitree/106a_final/install/realsense2_description/share/realsense2_description/meshes/d455.stl
[1.156s] -- Up-to-date: /home/unitree/106a_final/install/realsense2_description/share/realsense2_description/meshes/d415.stl
[1.156s] -- Up-to-date: /home/unitree/106a_final/install/realsense2_description/share/realsense2_description/meshes/d435.dae
[1.156s] -- Up-to-date: /home/unitree/106a_final/install/realsense2_description/share/realsense2_description/rviz
[1.156s] -- Up-to-date: /home/unitree/106a_final/install/realsense2_description/share/realsense2_description/rviz/urdf.rviz
[1.156s] -- Up-to-date: /home/unitree/106a_final/install/realsense2_description/share/realsense2_description/urdf
[1.157s] -- Up-to-date: /home/unitree/106a_final/install/realsense2_description/share/realsense2_description/urdf/test_d435_multiple_cameras.urdf.xacro
[1.157s] -- Up-to-date: /home/unitree/106a_final/install/realsense2_description/share/realsense2_description/urdf/test_d455_camera.urdf.xacro
[1.157s] -- Up-to-date: /home/unitree/106a_final/install/realsense2_description/share/realsense2_description/urdf/test_r410_camera.urdf.xacro
[1.157s] -- Up-to-date: /home/unitree/106a_final/install/realsense2_description/share/realsense2_description/urdf/_d435.urdf.xacro
[1.157s] -- Up-to-date: /home/unitree/106a_final/install/realsense2_description/share/realsense2_description/urdf/_d435i_imu_modules.urdf.xacro
[1.157s] -- Up-to-date: /home/unitree/106a_final/install/realsense2_description/share/realsense2_description/urdf/_l515.urdf.xacro
[1.158s] -- Up-to-date: /home/unitree/106a_final/install/realsense2_description/share/realsense2_description/urdf/_d455.urdf.xacro
[1.158s] -- Up-to-date: /home/unitree/106a_final/install/realsense2_description/share/realsense2_description/urdf/_materials.urdf.xacro
[1.158s] -- Up-to-date: /home/unitree/106a_final/install/realsense2_description/share/realsense2_description/urdf/_d415.urdf.xacro
[1.158s] -- Up-to-date: /home/unitree/106a_final/install/realsense2_description/share/realsense2_description/urdf/test_d435i_camera.urdf.xacro
[1.158s] -- Up-to-date: /home/unitree/106a_final/install/realsense2_description/share/realsense2_description/urdf/_r410.urdf.xacro
[1.158s] -- Up-to-date: /home/unitree/106a_final/install/realsense2_description/share/realsense2_description/urdf/_d435i.urdf.xacro
[1.158s] -- Up-to-date: /home/unitree/106a_final/install/realsense2_description/share/realsense2_description/urdf/_usb_plug.urdf.xacro
[1.159s] -- Up-to-date: /home/unitree/106a_final/install/realsense2_description/share/realsense2_description/urdf/_r430.urdf.xacro
[1.159s] -- Up-to-date: /home/unitree/106a_final/install/realsense2_description/share/realsense2_description/urdf/test_d435_camera.urdf.xacro
[1.159s] -- Up-to-date: /home/unitree/106a_final/install/realsense2_description/share/realsense2_description/urdf/test_r430_camera.urdf.xacro
[1.159s] -- Up-to-date: /home/unitree/106a_final/install/realsense2_description/share/realsense2_description/urdf/test_d415_camera.urdf.xacro
[1.159s] -- Up-to-date: /home/unitree/106a_final/install/realsense2_description/share/realsense2_description/urdf/test_l515_camera.urdf.xacro
[1.159s] -- Up-to-date: /home/unitree/106a_final/install/realsense2_description/share/ament_index/resource_index/package_run_dependencies/realsense2_description
[1.159s] -- Up-to-date: /home/unitree/106a_final/install/realsense2_description/share/ament_index/resource_index/parent_prefix_path/realsense2_description
[1.160s] -- Up-to-date: /home/unitree/106a_final/install/realsense2_description/share/realsense2_description/environment/ament_prefix_path.sh
[1.160s] -- Up-to-date: /home/unitree/106a_final/install/realsense2_description/share/realsense2_description/environment/ament_prefix_path.dsv
[1.160s] -- Up-to-date: /home/unitree/106a_final/install/realsense2_description/share/realsense2_description/environment/path.sh
[1.160s] -- Up-to-date: /home/unitree/106a_final/install/realsense2_description/share/realsense2_description/environment/path.dsv
[1.160s] -- Up-to-date: /home/unitree/106a_final/install/realsense2_description/share/realsense2_description/local_setup.bash
[1.160s] -- Up-to-date: /home/unitree/106a_final/install/realsense2_description/share/realsense2_description/local_setup.sh
[1.161s] -- Up-to-date: /home/unitree/106a_final/install/realsense2_description/share/realsense2_description/local_setup.zsh
[1.161s] -- Up-to-date: /home/unitree/106a_final/install/realsense2_description/share/realsense2_description/local_setup.dsv
[1.161s] -- Installing: /home/unitree/106a_final/install/realsense2_description/share/realsense2_description/package.dsv
[1.163s] -- Up-to-date: /home/unitree/106a_final/install/realsense2_description/share/ament_index/resource_index/packages/realsense2_description
[1.164s] -- Up-to-date: /home/unitree/106a_final/install/realsense2_description/share/realsense2_description/cmake/realsense2_descriptionConfig.cmake
[1.164s] -- Up-to-date: /home/unitree/106a_final/install/realsense2_description/share/realsense2_description/cmake/realsense2_descriptionConfig-version.cmake
[1.164s] -- Up-to-date: /home/unitree/106a_final/install/realsense2_description/share/realsense2_description/package.xml
[1.179s] Invoked command in '/home/unitree/106a_final/build/realsense2_description' returned '0': CMAKE_PREFIX_PATH=/home/unitree/106a_final/install/realsense2_camera_msgs:/home/unitree/106a_final/install/realsense2_description:/home/unitree/106a_final/install/realsense2_camera:/home/unitree/106a_final/install/arm_driver:/home/unitree/cyclonedds_ws/install/rmw_cyclonedds_cpp:/home/unitree/cyclonedds_ws/install/cyclonedds:/home/unitree/106a_final/install/navigation_node:/home/unitree/106a_final/install/arm_control:/home/unitree/106a_final/install/vision_node:/home/unitree/106a_final/install/navigation_node_two:/home/unitree/106a_final/install/aruco_node:/opt/ros/foxy LD_LIBRARY_PATH=/home/unitree/106a_final/install/realsense2_camera_msgs/lib:/home/unitree/106a_final/install/realsense2_camera/lib:/usr/local/cuda-11.4/lib64:/usr/local/lib:/home/unitree/cyclonedds_ws/install/rmw_cyclonedds_cpp/lib:/home/unitree/cyclonedds_ws/install/cyclonedds/lib:/opt/ros/foxy/opt/yaml_cpp_vendor/lib:/opt/ros/foxy/opt/rviz_ogre_vendor/lib:/opt/ros/foxy/lib/aarch64-linux-gnu:/opt/ros/foxy/lib:/usr/local/cuda-11.4/lib64 PYTHONPATH=/home/unitree/106a_final/install/realsense2_camera_msgs/lib/python3.8/site-packages:/home/unitree/106a_final/install/navigation_node/lib/python3.8/site-packages:/home/unitree/106a_final/install/arm_control/lib/python3.8/site-packages:/home/unitree/106a_final/install/vision_node/lib/python3.8/site-packages:/home/unitree/106a_final/install/navigation_node_two/lib/python3.8/site-packages:/home/unitree/106a_final/install/aruco_node/lib/python3.8/site-packages:/opt/ros/foxy/lib/python3.8/site-packages /usr/bin/cmake --install /home/unitree/106a_final/build/realsense2_description
