[8.519s] Invoking command in '/home/unitree/106a_final/src/navigation_node': PYTHONPATH=/home/unitree/106a_final/build/navigation_node/prefix_override:/home/unitree/106a_final/install/navigation_node/lib/python3.8/site-packages:${PYTHONPATH} /usr/bin/python3 setup.py egg_info --egg-base ../../build/navigation_node build --build-base /home/unitree/106a_final/build/navigation_node/build install --record /home/unitree/106a_final/build/navigation_node/install.log --install-scripts $base/lib/navigation_node --single-version-externally-managed
[9.694s] running egg_info
[9.700s] writing ../../build/navigation_node/navigation_node.egg-info/PKG-INFO
[9.702s] writing dependency_links to ../../build/navigation_node/navigation_node.egg-info/dependency_links.txt
[9.706s] writing entry points to ../../build/navigation_node/navigation_node.egg-info/entry_points.txt
[9.707s] writing requirements to ../../build/navigation_node/navigation_node.egg-info/requires.txt
[9.708s] writing top-level names to ../../build/navigation_node/navigation_node.egg-info/top_level.txt
[9.787s] reading manifest file '../../build/navigation_node/navigation_node.egg-info/SOURCES.txt'
[9.789s] writing manifest file '../../build/navigation_node/navigation_node.egg-info/SOURCES.txt'
[9.789s] running build
[9.790s] running build_py
[9.790s] running install
[9.792s] running install_lib
[9.799s] running install_data
[9.800s] running install_egg_info
[9.805s] removing '/home/unitree/106a_final/install/navigation_node/lib/python3.8/site-packages/navigation_node-0.0.0-py3.8.egg-info' (and everything under it)
[9.806s] Copying ../../build/navigation_node/navigation_node.egg-info to /home/unitree/106a_final/install/navigation_node/lib/python3.8/site-packages/navigation_node-0.0.0-py3.8.egg-info
[9.808s] running install_scripts
[9.854s] Installing nav_node_go script to /home/unitree/106a_final/install/navigation_node/lib/navigation_node
[9.855s] writing list of installed files to '/home/unitree/106a_final/build/navigation_node/install.log'
[9.931s] Invoked command in '/home/unitree/106a_final/src/navigation_node' returned '0': PYTHONPATH=/home/unitree/106a_final/build/navigation_node/prefix_override:/home/unitree/106a_final/install/navigation_node/lib/python3.8/site-packages:${PYTHONPATH} /usr/bin/python3 setup.py egg_info --egg-base ../../build/navigation_node build --build-base /home/unitree/106a_final/build/navigation_node/build install --record /home/unitree/106a_final/build/navigation_node/install.log --install-scripts $base/lib/navigation_node --single-version-externally-managed
