[1.007s] Invoking command in '/home/unitree/106a_final/build/realsense2_camera_msgs': CMAKE_PREFIX_PATH=${CMAKE_PREFIX_PATH}:/home/unitree/106a_final/install/vision_node:/opt/ros/foxy /usr/bin/cmake --build /home/unitree/106a_final/build/realsense2_camera_msgs -- -j4 -l4
[1.155s] [ 10%] Built target realsense2_camera_msgs__rosidl_generator_c
[1.167s] [ 12%] Built target realsense2_camera_msgs__cpp
[1.259s] [ 23%] Built target realsense2_camera_msgs__rosidl_typesupport_introspection_c
[1.292s] [ 34%] Built target realsense2_camera_msgs__rosidl_typesupport_c
[1.307s] [ 45%] Built target realsense2_camera_msgs__rosidl_typesupport_cpp
[1.335s] [ 56%] Built target realsense2_camera_msgs__rosidl_typesupport_fastrtps_cpp
[1.354s] [ 67%] Built target realsense2_camera_msgs__rosidl_typesupport_introspection_cpp
[1.418s] [ 78%] Built target realsense2_camera_msgs__rosidl_typesupport_fastrtps_c
[1.482s] [ 78%] Built target realsense2_camera_msgs
[1.539s] [ 80%] Built target realsense2_camera_msgs__py
[1.622s] [ 89%] Built target realsense2_camera_msgs__python
[1.711s] [ 92%] Built target realsense2_camera_msgs__rosidl_typesupport_c__pyext
[1.714s] [ 96%] Built target realsense2_camera_msgs__rosidl_typesupport_introspection_c__pyext
[1.722s] [100%] Built target realsense2_camera_msgs__rosidl_typesupport_fastrtps_c__pyext
[2.097s] Invoked command in '/home/unitree/106a_final/build/realsense2_camera_msgs' returned '0': CMAKE_PREFIX_PATH=${CMAKE_PREFIX_PATH}:/home/unitree/106a_final/install/vision_node:/opt/ros/foxy /usr/bin/cmake --build /home/unitree/106a_final/build/realsense2_camera_msgs -- -j4 -l4
[2.131s] Invoking command in '/home/unitree/106a_final/build/realsense2_camera_msgs': CMAKE_PREFIX_PATH=${CMAKE_PREFIX_PATH}:/home/unitree/106a_final/install/vision_node:/opt/ros/foxy /usr/bin/cmake --install /home/unitree/106a_final/build/realsense2_camera_msgs
[2.156s] -- Install configuration: ""
[2.157s] -- Execute custom install script
[2.157s] -- Up-to-date symlink: /home/unitree/106a_final/install/realsense2_camera_msgs/share/ament_index/resource_index/rosidl_interfaces/realsense2_camera_msgs
[2.158s] -- Up-to-date symlink: /home/unitree/106a_final/install/realsense2_camera_msgs/include/realsense2_camera_msgs/msg/detail/extrinsics__functions.h
[2.159s] -- Up-to-date symlink: /home/unitree/106a_final/install/realsense2_camera_msgs/include/realsense2_camera_msgs/msg/detail/extrinsics__struct.h
[2.159s] -- Up-to-date symlink: /home/unitree/106a_final/install/realsense2_camera_msgs/include/realsense2_camera_msgs/msg/detail/extrinsics__type_support.h
[2.159s] -- Up-to-date symlink: /home/unitree/106a_final/install/realsense2_camera_msgs/include/realsense2_camera_msgs/msg/detail/imu_info__functions.h
[2.160s] -- Up-to-date symlink: /home/unitree/106a_final/install/realsense2_camera_msgs/include/realsense2_camera_msgs/msg/detail/imu_info__struct.h
[2.160s] -- Up-to-date symlink: /home/unitree/106a_final/install/realsense2_camera_msgs/include/realsense2_camera_msgs/msg/detail/imu_info__type_support.h
[2.160s] -- Up-to-date symlink: /home/unitree/106a_final/install/realsense2_camera_msgs/include/realsense2_camera_msgs/msg/detail/metadata__functions.h
[2.161s] -- Up-to-date symlink: /home/unitree/106a_final/install/realsense2_camera_msgs/include/realsense2_camera_msgs/msg/detail/metadata__struct.h
[2.161s] -- Up-to-date symlink: /home/unitree/106a_final/install/realsense2_camera_msgs/include/realsense2_camera_msgs/msg/detail/metadata__type_support.h
[2.161s] -- Up-to-date symlink: /home/unitree/106a_final/install/realsense2_camera_msgs/include/realsense2_camera_msgs/msg/extrinsics.h
[2.162s] -- Up-to-date symlink: /home/unitree/106a_final/install/realsense2_camera_msgs/include/realsense2_camera_msgs/msg/imu_info.h
[2.162s] -- Up-to-date symlink: /home/unitree/106a_final/install/realsense2_camera_msgs/include/realsense2_camera_msgs/msg/metadata.h
[2.162s] -- Up-to-date symlink: /home/unitree/106a_final/install/realsense2_camera_msgs/include/realsense2_camera_msgs/msg/rosidl_generator_c__visibility_control.h
[2.163s] -- Up-to-date symlink: /home/unitree/106a_final/install/realsense2_camera_msgs/include/realsense2_camera_msgs/srv/detail/device_info__functions.h
[2.164s] -- Up-to-date symlink: /home/unitree/106a_final/install/realsense2_camera_msgs/include/realsense2_camera_msgs/srv/detail/device_info__struct.h
[2.164s] -- Up-to-date symlink: /home/unitree/106a_final/install/realsense2_camera_msgs/include/realsense2_camera_msgs/srv/detail/device_info__type_support.h
[2.164s] -- Up-to-date symlink: /home/unitree/106a_final/install/realsense2_camera_msgs/include/realsense2_camera_msgs/srv/device_info.h
[2.165s] -- Up-to-date symlink: /home/unitree/106a_final/install/realsense2_camera_msgs/share/realsense2_camera_msgs/environment/library_path.sh
[2.165s] -- Up-to-date symlink: /home/unitree/106a_final/install/realsense2_camera_msgs/share/realsense2_camera_msgs/environment/library_path.dsv
[2.167s] -- Up-to-date symlink: /home/unitree/106a_final/install/realsense2_camera_msgs/include/realsense2_camera_msgs/msg/detail/extrinsics__rosidl_typesupport_fastrtps_c.h
[2.168s] -- Up-to-date symlink: /home/unitree/106a_final/install/realsense2_camera_msgs/include/realsense2_camera_msgs/msg/detail/imu_info__rosidl_typesupport_fastrtps_c.h
[2.168s] -- Up-to-date symlink: /home/unitree/106a_final/install/realsense2_camera_msgs/include/realsense2_camera_msgs/msg/detail/metadata__rosidl_typesupport_fastrtps_c.h
[2.168s] -- Up-to-date symlink: /home/unitree/106a_final/install/realsense2_camera_msgs/include/realsense2_camera_msgs/msg/rosidl_typesupport_fastrtps_c__visibility_control.h
[2.169s] -- Up-to-date symlink: /home/unitree/106a_final/install/realsense2_camera_msgs/include/realsense2_camera_msgs/srv/detail/device_info__rosidl_typesupport_fastrtps_c.h
[2.170s] -- Up-to-date symlink: /home/unitree/106a_final/install/realsense2_camera_msgs/lib/librealsense2_camera_msgs__rosidl_typesupport_fastrtps_c.so
[2.171s] -- Up-to-date symlink: /home/unitree/106a_final/install/realsense2_camera_msgs/include/realsense2_camera_msgs/msg/detail/extrinsics__rosidl_typesupport_fastrtps_cpp.hpp
[2.172s] -- Up-to-date symlink: /home/unitree/106a_final/install/realsense2_camera_msgs/include/realsense2_camera_msgs/msg/detail/imu_info__rosidl_typesupport_fastrtps_cpp.hpp
[2.172s] -- Up-to-date symlink: /home/unitree/106a_final/install/realsense2_camera_msgs/include/realsense2_camera_msgs/msg/detail/metadata__rosidl_typesupport_fastrtps_cpp.hpp
[2.172s] -- Up-to-date symlink: /home/unitree/106a_final/install/realsense2_camera_msgs/include/realsense2_camera_msgs/msg/rosidl_typesupport_fastrtps_cpp__visibility_control.h
[2.173s] -- Up-to-date symlink: /home/unitree/106a_final/install/realsense2_camera_msgs/include/realsense2_camera_msgs/srv/detail/device_info__rosidl_typesupport_fastrtps_cpp.hpp
[2.174s] -- Up-to-date symlink: /home/unitree/106a_final/install/realsense2_camera_msgs/lib/librealsense2_camera_msgs__rosidl_typesupport_fastrtps_cpp.so
[2.175s] -- Up-to-date symlink: /home/unitree/106a_final/install/realsense2_camera_msgs/include/realsense2_camera_msgs/msg/detail/extrinsics__rosidl_typesupport_introspection_c.h
[2.175s] -- Up-to-date symlink: /home/unitree/106a_final/install/realsense2_camera_msgs/include/realsense2_camera_msgs/msg/detail/imu_info__rosidl_typesupport_introspection_c.h
[2.176s] -- Up-to-date symlink: /home/unitree/106a_final/install/realsense2_camera_msgs/include/realsense2_camera_msgs/msg/detail/metadata__rosidl_typesupport_introspection_c.h
[2.177s] -- Up-to-date symlink: /home/unitree/106a_final/install/realsense2_camera_msgs/include/realsense2_camera_msgs/msg/rosidl_typesupport_introspection_c__visibility_control.h
[2.177s] -- Up-to-date symlink: /home/unitree/106a_final/install/realsense2_camera_msgs/include/realsense2_camera_msgs/srv/detail/device_info__rosidl_typesupport_introspection_c.h
[2.178s] -- Up-to-date symlink: /home/unitree/106a_final/install/realsense2_camera_msgs/include/realsense2_camera_msgs/msg/detail/extrinsics__builder.hpp
[2.179s] -- Up-to-date symlink: /home/unitree/106a_final/install/realsense2_camera_msgs/include/realsense2_camera_msgs/msg/detail/extrinsics__struct.hpp
[2.180s] -- Up-to-date symlink: /home/unitree/106a_final/install/realsense2_camera_msgs/include/realsense2_camera_msgs/msg/detail/extrinsics__traits.hpp
[2.180s] -- Up-to-date symlink: /home/unitree/106a_final/install/realsense2_camera_msgs/include/realsense2_camera_msgs/msg/detail/extrinsics__type_support.hpp
[2.180s] -- Up-to-date symlink: /home/unitree/106a_final/install/realsense2_camera_msgs/include/realsense2_camera_msgs/msg/detail/imu_info__builder.hpp
[2.181s] -- Up-to-date symlink: /home/unitree/106a_final/install/realsense2_camera_msgs/include/realsense2_camera_msgs/msg/detail/imu_info__struct.hpp
[2.181s] -- Up-to-date symlink: /home/unitree/106a_final/install/realsense2_camera_msgs/include/realsense2_camera_msgs/msg/detail/imu_info__traits.hpp
[2.182s] -- Up-to-date symlink: /home/unitree/106a_final/install/realsense2_camera_msgs/include/realsense2_camera_msgs/msg/detail/imu_info__type_support.hpp
[2.182s] -- Up-to-date symlink: /home/unitree/106a_final/install/realsense2_camera_msgs/include/realsense2_camera_msgs/msg/detail/metadata__builder.hpp
[2.183s] -- Up-to-date symlink: /home/unitree/106a_final/install/realsense2_camera_msgs/include/realsense2_camera_msgs/msg/detail/metadata__struct.hpp
[2.183s] -- Up-to-date symlink: /home/unitree/106a_final/install/realsense2_camera_msgs/include/realsense2_camera_msgs/msg/detail/metadata__traits.hpp
[2.183s] -- Up-to-date symlink: /home/unitree/106a_final/install/realsense2_camera_msgs/include/realsense2_camera_msgs/msg/detail/metadata__type_support.hpp
[2.183s] -- Up-to-date symlink: /home/unitree/106a_final/install/realsense2_camera_msgs/include/realsense2_camera_msgs/msg/extrinsics.hpp
[2.184s] -- Up-to-date symlink: /home/unitree/106a_final/install/realsense2_camera_msgs/include/realsense2_camera_msgs/msg/imu_info.hpp
[2.184s] -- Up-to-date symlink: /home/unitree/106a_final/install/realsense2_camera_msgs/include/realsense2_camera_msgs/msg/metadata.hpp
[2.184s] -- Up-to-date symlink: /home/unitree/106a_final/install/realsense2_camera_msgs/include/realsense2_camera_msgs/msg/rosidl_generator_cpp__visibility_control.hpp
[2.185s] -- Up-to-date symlink: /home/unitree/106a_final/install/realsense2_camera_msgs/include/realsense2_camera_msgs/srv/detail/device_info__builder.hpp
[2.185s] -- Up-to-date symlink: /home/unitree/106a_final/install/realsense2_camera_msgs/include/realsense2_camera_msgs/srv/detail/device_info__struct.hpp
[2.185s] -- Up-to-date symlink: /home/unitree/106a_final/install/realsense2_camera_msgs/include/realsense2_camera_msgs/srv/detail/device_info__traits.hpp
[2.185s] -- Up-to-date symlink: /home/unitree/106a_final/install/realsense2_camera_msgs/include/realsense2_camera_msgs/srv/detail/device_info__type_support.hpp
[2.186s] -- Up-to-date symlink: /home/unitree/106a_final/install/realsense2_camera_msgs/include/realsense2_camera_msgs/srv/device_info.hpp
[2.187s] -- Up-to-date symlink: /home/unitree/106a_final/install/realsense2_camera_msgs/include/realsense2_camera_msgs/msg/detail/extrinsics__rosidl_typesupport_introspection_cpp.hpp
[2.187s] -- Up-to-date symlink: /home/unitree/106a_final/install/realsense2_camera_msgs/include/realsense2_camera_msgs/msg/detail/imu_info__rosidl_typesupport_introspection_cpp.hpp
[2.187s] -- Up-to-date symlink: /home/unitree/106a_final/install/realsense2_camera_msgs/include/realsense2_camera_msgs/msg/detail/metadata__rosidl_typesupport_introspection_cpp.hpp
[2.188s] -- Up-to-date symlink: /home/unitree/106a_final/install/realsense2_camera_msgs/include/realsense2_camera_msgs/srv/detail/device_info__rosidl_typesupport_introspection_cpp.hpp
[2.188s] -- Up-to-date symlink: /home/unitree/106a_final/install/realsense2_camera_msgs/share/realsense2_camera_msgs/environment/pythonpath.sh
[2.189s] -- Up-to-date symlink: /home/unitree/106a_final/install/realsense2_camera_msgs/share/realsense2_camera_msgs/environment/pythonpath.dsv
[2.189s] -- Up-to-date symlink: /home/unitree/106a_final/install/realsense2_camera_msgs/lib/python3.8/site-packages/realsense2_camera_msgs/__init__.py
[2.190s] -- Up-to-date symlink: /home/unitree/106a_final/install/realsense2_camera_msgs/lib/python3.8/site-packages/realsense2_camera_msgs/msg/__init__.py
[2.190s] -- Up-to-date symlink: /home/unitree/106a_final/install/realsense2_camera_msgs/lib/python3.8/site-packages/realsense2_camera_msgs/msg/_extrinsics.py
[2.190s] -- Up-to-date symlink: /home/unitree/106a_final/install/realsense2_camera_msgs/lib/python3.8/site-packages/realsense2_camera_msgs/msg/_imu_info.py
[2.191s] -- Up-to-date symlink: /home/unitree/106a_final/install/realsense2_camera_msgs/lib/python3.8/site-packages/realsense2_camera_msgs/msg/_metadata.py
[2.192s] -- Up-to-date symlink: /home/unitree/106a_final/install/realsense2_camera_msgs/lib/python3.8/site-packages/realsense2_camera_msgs/srv/__init__.py
[2.192s] -- Up-to-date symlink: /home/unitree/106a_final/install/realsense2_camera_msgs/lib/python3.8/site-packages/realsense2_camera_msgs/srv/_device_info.py
[2.193s] -- Up-to-date symlink: /home/unitree/106a_final/install/realsense2_camera_msgs/lib/python3.8/site-packages/realsense2_camera_msgs/realsense2_camera_msgs_s__rosidl_typesupport_fastrtps_c.cpython-38-aarch64-linux-gnu.so
[2.193s] -- Up-to-date symlink: /home/unitree/106a_final/install/realsense2_camera_msgs/lib/python3.8/site-packages/realsense2_camera_msgs/realsense2_camera_msgs_s__rosidl_typesupport_introspection_c.cpython-38-aarch64-linux-gnu.so
[2.201s] -- Up-to-date symlink: /home/unitree/106a_final/install/realsense2_camera_msgs/lib/python3.8/site-packages/realsense2_camera_msgs/realsense2_camera_msgs_s__rosidl_typesupport_c.cpython-38-aarch64-linux-gnu.so
[2.202s] -- Up-to-date symlink: /home/unitree/106a_final/install/realsense2_camera_msgs/lib/librealsense2_camera_msgs__python.so
[2.202s] -- Up-to-date symlink: /home/unitree/106a_final/install/realsense2_camera_msgs/share/realsense2_camera_msgs/msg/IMUInfo.idl
[2.202s] -- Up-to-date symlink: /home/unitree/106a_final/install/realsense2_camera_msgs/share/realsense2_camera_msgs/msg/Extrinsics.idl
[2.202s] -- Up-to-date symlink: /home/unitree/106a_final/install/realsense2_camera_msgs/share/realsense2_camera_msgs/msg/Metadata.idl
[2.203s] -- Up-to-date symlink: /home/unitree/106a_final/install/realsense2_camera_msgs/share/realsense2_camera_msgs/srv/DeviceInfo.idl
[2.203s] -- Up-to-date symlink: /home/unitree/106a_final/install/realsense2_camera_msgs/share/realsense2_camera_msgs/msg/IMUInfo.msg
[2.203s] -- Up-to-date symlink: /home/unitree/106a_final/install/realsense2_camera_msgs/share/realsense2_camera_msgs/msg/Extrinsics.msg
[2.206s] -- Up-to-date symlink: /home/unitree/106a_final/install/realsense2_camera_msgs/share/realsense2_camera_msgs/msg/Metadata.msg
[2.206s] -- Up-to-date symlink: /home/unitree/106a_final/install/realsense2_camera_msgs/share/realsense2_camera_msgs/srv/DeviceInfo.srv
[2.206s] -- Up-to-date symlink: /home/unitree/106a_final/install/realsense2_camera_msgs/share/realsense2_camera_msgs/srv/DeviceInfo_Request.msg
[2.206s] -- Up-to-date symlink: /home/unitree/106a_final/install/realsense2_camera_msgs/share/realsense2_camera_msgs/srv/DeviceInfo_Response.msg
[2.206s] -- Up-to-date symlink: /home/unitree/106a_final/install/realsense2_camera_msgs/share/ament_index/resource_index/package_run_dependencies/realsense2_camera_msgs
[2.206s] -- Up-to-date symlink: /home/unitree/106a_final/install/realsense2_camera_msgs/share/ament_index/resource_index/parent_prefix_path/realsense2_camera_msgs
[2.207s] -- Up-to-date symlink: /home/unitree/106a_final/install/realsense2_camera_msgs/share/realsense2_camera_msgs/environment/ament_prefix_path.sh
[2.207s] -- Up-to-date symlink: /home/unitree/106a_final/install/realsense2_camera_msgs/share/realsense2_camera_msgs/environment/ament_prefix_path.dsv
[2.207s] -- Up-to-date symlink: /home/unitree/106a_final/install/realsense2_camera_msgs/share/realsense2_camera_msgs/environment/path.sh
[2.207s] -- Up-to-date symlink: /home/unitree/106a_final/install/realsense2_camera_msgs/share/realsense2_camera_msgs/environment/path.dsv
[2.207s] -- Up-to-date symlink: /home/unitree/106a_final/install/realsense2_camera_msgs/share/realsense2_camera_msgs/local_setup.bash
[2.207s] -- Up-to-date symlink: /home/unitree/106a_final/install/realsense2_camera_msgs/share/realsense2_camera_msgs/local_setup.sh
[2.207s] -- Up-to-date symlink: /home/unitree/106a_final/install/realsense2_camera_msgs/share/realsense2_camera_msgs/local_setup.zsh
[2.208s] -- Up-to-date symlink: /home/unitree/106a_final/install/realsense2_camera_msgs/share/realsense2_camera_msgs/local_setup.dsv
[2.208s] -- Symlinking: /home/unitree/106a_final/install/realsense2_camera_msgs/share/realsense2_camera_msgs/package.dsv
[2.235s] -- Up-to-date symlink: /home/unitree/106a_final/install/realsense2_camera_msgs/share/ament_index/resource_index/packages/realsense2_camera_msgs
[2.235s] -- Up-to-date symlink: /home/unitree/106a_final/install/realsense2_camera_msgs/share/realsense2_camera_msgs/cmake/rosidl_cmake-extras.cmake
[2.236s] -- Up-to-date symlink: /home/unitree/106a_final/install/realsense2_camera_msgs/share/realsense2_camera_msgs/cmake/ament_cmake_export_dependencies-extras.cmake
[2.241s] -- Up-to-date symlink: /home/unitree/106a_final/install/realsense2_camera_msgs/share/realsense2_camera_msgs/cmake/ament_cmake_export_libraries-extras.cmake
[2.241s] -- Up-to-date symlink: /home/unitree/106a_final/install/realsense2_camera_msgs/share/realsense2_camera_msgs/cmake/ament_cmake_export_targets-extras.cmake
[2.241s] -- Up-to-date symlink: /home/unitree/106a_final/install/realsense2_camera_msgs/share/realsense2_camera_msgs/cmake/ament_cmake_export_include_directories-extras.cmake
[2.241s] -- Up-to-date symlink: /home/unitree/106a_final/install/realsense2_camera_msgs/share/realsense2_camera_msgs/cmake/rosidl_cmake_export_typesupport_libraries-extras.cmake
[2.242s] -- Up-to-date symlink: /home/unitree/106a_final/install/realsense2_camera_msgs/share/realsense2_camera_msgs/cmake/rosidl_cmake_export_typesupport_targets-extras.cmake
[2.242s] -- Up-to-date symlink: /home/unitree/106a_final/install/realsense2_camera_msgs/share/realsense2_camera_msgs/cmake/realsense2_camera_msgsConfig.cmake
[2.242s] -- Up-to-date symlink: /home/unitree/106a_final/install/realsense2_camera_msgs/share/realsense2_camera_msgs/cmake/realsense2_camera_msgsConfig-version.cmake
[2.242s] -- Up-to-date symlink: /home/unitree/106a_final/install/realsense2_camera_msgs/share/realsense2_camera_msgs/package.xml
[2.242s] -- Up-to-date: /home/unitree/106a_final/install/realsense2_camera_msgs/lib/librealsense2_camera_msgs__rosidl_generator_c.so
[2.243s] -- Up-to-date: /home/unitree/106a_final/install/realsense2_camera_msgs/lib/librealsense2_camera_msgs__rosidl_typesupport_introspection_c.so
[2.244s] -- Up-to-date: /home/unitree/106a_final/install/realsense2_camera_msgs/lib/librealsense2_camera_msgs__rosidl_typesupport_c.so
[2.245s] -- Up-to-date: /home/unitree/106a_final/install/realsense2_camera_msgs/lib/librealsense2_camera_msgs__rosidl_typesupport_introspection_cpp.so
[2.249s] -- Up-to-date: /home/unitree/106a_final/install/realsense2_camera_msgs/lib/librealsense2_camera_msgs__rosidl_typesupport_cpp.so
[2.322s] -- Up-to-date: /home/unitree/106a_final/install/realsense2_camera_msgs/share/realsense2_camera_msgs/cmake/realsense2_camera_msgs__rosidl_generator_cExport.cmake
[2.322s] -- Up-to-date: /home/unitree/106a_final/install/realsense2_camera_msgs/share/realsense2_camera_msgs/cmake/realsense2_camera_msgs__rosidl_generator_cExport-noconfig.cmake
[2.322s] -- Up-to-date: /home/unitree/106a_final/install/realsense2_camera_msgs/share/realsense2_camera_msgs/cmake/realsense2_camera_msgs__rosidl_typesupport_introspection_cExport.cmake
[2.323s] -- Up-to-date: /home/unitree/106a_final/install/realsense2_camera_msgs/share/realsense2_camera_msgs/cmake/realsense2_camera_msgs__rosidl_typesupport_introspection_cExport-noconfig.cmake
[2.323s] -- Up-to-date: /home/unitree/106a_final/install/realsense2_camera_msgs/share/realsense2_camera_msgs/cmake/realsense2_camera_msgs__rosidl_typesupport_cExport.cmake
[2.323s] -- Up-to-date: /home/unitree/106a_final/install/realsense2_camera_msgs/share/realsense2_camera_msgs/cmake/realsense2_camera_msgs__rosidl_typesupport_cExport-noconfig.cmake
[2.323s] -- Up-to-date: /home/unitree/106a_final/install/realsense2_camera_msgs/share/realsense2_camera_msgs/cmake/realsense2_camera_msgs__rosidl_generator_cppExport.cmake
[2.324s] -- Up-to-date: /home/unitree/106a_final/install/realsense2_camera_msgs/share/realsense2_camera_msgs/cmake/realsense2_camera_msgs__rosidl_typesupport_introspection_cppExport.cmake
[2.324s] -- Up-to-date: /home/unitree/106a_final/install/realsense2_camera_msgs/share/realsense2_camera_msgs/cmake/realsense2_camera_msgs__rosidl_typesupport_introspection_cppExport-noconfig.cmake
[2.325s] -- Up-to-date: /home/unitree/106a_final/install/realsense2_camera_msgs/share/realsense2_camera_msgs/cmake/realsense2_camera_msgs__rosidl_typesupport_cppExport.cmake
[2.325s] -- Up-to-date: /home/unitree/106a_final/install/realsense2_camera_msgs/share/realsense2_camera_msgs/cmake/realsense2_camera_msgs__rosidl_typesupport_cppExport-noconfig.cmake
[2.332s] Invoked command in '/home/unitree/106a_final/build/realsense2_camera_msgs' returned '0': CMAKE_PREFIX_PATH=${CMAKE_PREFIX_PATH}:/home/unitree/106a_final/install/vision_node:/opt/ros/foxy /usr/bin/cmake --install /home/unitree/106a_final/build/realsense2_camera_msgs
