[9.362s] Invoking command in '/home/unitree/106a_final/src/navigation_node': PYTHONPATH=/home/unitree/106a_final/build/navigation_node/prefix_override:/home/unitree/106a_final/install/navigation_node/lib/python3.8/site-packages:${PYTHONPATH} /usr/bin/python3 setup.py egg_info --egg-base ../../build/navigation_node build --build-base /home/unitree/106a_final/build/navigation_node/build install --record /home/unitree/106a_final/build/navigation_node/install.log --install-scripts $base/lib/navigation_node --single-version-externally-managed
[10.610s] running egg_info
[10.612s] writing ../../build/navigation_node/navigation_node.egg-info/PKG-INFO
[10.612s] writing dependency_links to ../../build/navigation_node/navigation_node.egg-info/dependency_links.txt
[10.613s] writing entry points to ../../build/navigation_node/navigation_node.egg-info/entry_points.txt
[10.613s] writing requirements to ../../build/navigation_node/navigation_node.egg-info/requires.txt
[10.613s] writing top-level names to ../../build/navigation_node/navigation_node.egg-info/top_level.txt
[10.805s] reading manifest file '../../build/navigation_node/navigation_node.egg-info/SOURCES.txt'
[10.806s] writing manifest file '../../build/navigation_node/navigation_node.egg-info/SOURCES.txt'
[10.806s] running build
[10.806s] running build_py
[10.806s] running install
[10.806s] running install_lib
[10.811s] running install_data
[10.814s] running install_egg_info
[10.819s] removing '/home/unitree/106a_final/install/navigation_node/lib/python3.8/site-packages/navigation_node-0.0.0-py3.8.egg-info' (and everything under it)
[10.821s] Copying ../../build/navigation_node/navigation_node.egg-info to /home/unitree/106a_final/install/navigation_node/lib/python3.8/site-packages/navigation_node-0.0.0-py3.8.egg-info
[10.825s] running install_scripts
[11.029s] Installing nav_node_go script to /home/unitree/106a_final/install/navigation_node/lib/navigation_node
[11.030s] writing list of installed files to '/home/unitree/106a_final/build/navigation_node/install.log'
[11.741s] Invoked command in '/home/unitree/106a_final/src/navigation_node' returned '0': PYTHONPATH=/home/unitree/106a_final/build/navigation_node/prefix_override:/home/unitree/106a_final/install/navigation_node/lib/python3.8/site-packages:${PYTHONPATH} /usr/bin/python3 setup.py egg_info --egg-base ../../build/navigation_node build --build-base /home/unitree/106a_final/build/navigation_node/build install --record /home/unitree/106a_final/build/navigation_node/install.log --install-scripts $base/lib/navigation_node --single-version-externally-managed
