[8.666s] Invoking command in '/home/unitree/106a_final/src/arm_control': PYTHONPATH=/home/unitree/106a_final/build/arm_control/prefix_override:/home/unitree/106a_final/install/arm_control/lib/python3.8/site-packages:${PYTHONPATH} /usr/bin/python3 setup.py egg_info --egg-base ../../build/arm_control build --build-base /home/unitree/106a_final/build/arm_control/build install --record /home/unitree/106a_final/build/arm_control/install.log --install-scripts $base/lib/arm_control --single-version-externally-managed
[9.539s] running egg_info
[9.543s] writing ../../build/arm_control/arm_control.egg-info/PKG-INFO
[9.545s] writing dependency_links to ../../build/arm_control/arm_control.egg-info/dependency_links.txt
[9.548s] writing entry points to ../../build/arm_control/arm_control.egg-info/entry_points.txt
[9.554s] writing requirements to ../../build/arm_control/arm_control.egg-info/requires.txt
[9.557s] writing top-level names to ../../build/arm_control/arm_control.egg-info/top_level.txt
[9.644s] reading manifest file '../../build/arm_control/arm_control.egg-info/SOURCES.txt'
[9.648s] writing manifest file '../../build/arm_control/arm_control.egg-info/SOURCES.txt'
[9.653s] running build
[9.654s] running build_py
[9.656s] copying arm_control/ik_solver.py -> /home/unitree/106a_final/build/arm_control/build/lib/arm_control
[9.659s] running install
[9.664s] running install_lib
[9.672s] copying /home/unitree/106a_final/build/arm_control/build/lib/arm_control/ik_solver.py -> /home/unitree/106a_final/install/arm_control/lib/python3.8/site-packages/arm_control
[9.683s] byte-compiling /home/unitree/106a_final/install/arm_control/lib/python3.8/site-packages/arm_control/ik_solver.py to ik_solver.cpython-38.pyc
[9.707s] running install_data
[9.715s] running install_egg_info
[9.736s] removing '/home/unitree/106a_final/install/arm_control/lib/python3.8/site-packages/arm_control-0.0.0-py3.8.egg-info' (and everything under it)
[9.780s] Copying ../../build/arm_control/arm_control.egg-info to /home/unitree/106a_final/install/arm_control/lib/python3.8/site-packages/arm_control-0.0.0-py3.8.egg-info
[9.808s] running install_scripts
[9.856s] Installing arm_node script to /home/unitree/106a_final/install/arm_control/lib/arm_control
[9.856s] Installing servo_driver script to /home/unitree/106a_final/install/arm_control/lib/arm_control
[9.857s] writing list of installed files to '/home/unitree/106a_final/build/arm_control/install.log'
[10.681s] Invoked command in '/home/unitree/106a_final/src/arm_control' returned '0': PYTHONPATH=/home/unitree/106a_final/build/arm_control/prefix_override:/home/unitree/106a_final/install/arm_control/lib/python3.8/site-packages:${PYTHONPATH} /usr/bin/python3 setup.py egg_info --egg-base ../../build/arm_control build --build-base /home/unitree/106a_final/build/arm_control/build install --record /home/unitree/106a_final/build/arm_control/install.log --install-scripts $base/lib/arm_control --single-version-externally-managed
