[6.826s] Invoking command in '/home/unitree/106a_final/src/navigation_node': PYTHONPATH=/home/unitree/106a_final/build/navigation_node/prefix_override:/home/unitree/106a_final/install/navigation_node/lib/python3.8/site-packages:${PYTHONPATH} /usr/bin/python3 setup.py egg_info --egg-base ../../build/navigation_node build --build-base /home/unitree/106a_final/build/navigation_node/build install --record /home/unitree/106a_final/build/navigation_node/install.log --install-scripts $base/lib/navigation_node --single-version-externally-managed
[7.452s] running egg_info
[7.455s] writing ../../build/navigation_node/navigation_node.egg-info/PKG-INFO
[7.460s] writing dependency_links to ../../build/navigation_node/navigation_node.egg-info/dependency_links.txt
[7.463s] writing entry points to ../../build/navigation_node/navigation_node.egg-info/entry_points.txt
[7.466s] writing requirements to ../../build/navigation_node/navigation_node.egg-info/requires.txt
[7.467s] writing top-level names to ../../build/navigation_node/navigation_node.egg-info/top_level.txt
[7.603s] reading manifest file '../../build/navigation_node/navigation_node.egg-info/SOURCES.txt'
[7.616s] writing manifest file '../../build/navigation_node/navigation_node.egg-info/SOURCES.txt'
[7.617s] running build
[7.617s] running build_py
[7.620s] running install
[7.620s] running install_lib
[7.622s] running install_data
[7.623s] running install_egg_info
[7.639s] removing '/home/unitree/106a_final/install/navigation_node/lib/python3.8/site-packages/navigation_node-0.0.0-py3.8.egg-info' (and everything under it)
[7.640s] Copying ../../build/navigation_node/navigation_node.egg-info to /home/unitree/106a_final/install/navigation_node/lib/python3.8/site-packages/navigation_node-0.0.0-py3.8.egg-info
[7.642s] running install_scripts
[7.696s] Installing nav_node_go script to /home/unitree/106a_final/install/navigation_node/lib/navigation_node
[7.696s] writing list of installed files to '/home/unitree/106a_final/build/navigation_node/install.log'
[9.416s] Invoked command in '/home/unitree/106a_final/src/navigation_node' returned '0': PYTHONPATH=/home/unitree/106a_final/build/navigation_node/prefix_override:/home/unitree/106a_final/install/navigation_node/lib/python3.8/site-packages:${PYTHONPATH} /usr/bin/python3 setup.py egg_info --egg-base ../../build/navigation_node build --build-base /home/unitree/106a_final/build/navigation_node/build install --record /home/unitree/106a_final/build/navigation_node/install.log --install-scripts $base/lib/navigation_node --single-version-externally-managed
