[2.907s] Invoking command in '/home/unitree/106a_final/build/arm_driver': CMAKE_PREFIX_PATH=${CMAKE_PREFIX_PATH}:/opt/ros/foxy /usr/bin/cmake --build /home/unitree/106a_final/build/arm_driver -- -j4 -l4
[3.347s] [ 33%] [32mBuilding CXX object CMakeFiles/servo_driver.dir/src/servo_driver.cpp.o[0m
[13.752s] In file included from [01m[K/usr/local/include/ddscxx/dds/domain/detail/TDomainParticipantImpl.hpp:23[m[K,
[13.752s]                  from [01m[K/usr/local/include/ddscxx/dds/domain/detail/DomainParticipant.hpp:22[m[K,
[13.753s]                  from [01m[K/usr/local/include/ddscxx/dds/domain/DomainParticipant.hpp:22[m[K,
[13.753s]                  from [01m[K/usr/local/include/ddscxx/dds/domain/find.hpp:22[m[K,
[13.753s]                  from [01m[K/usr/local/include/ddscxx/dds/domain/ddsdomain.hpp:21[m[K,
[13.753s]                  from [01m[K/usr/local/include/ddscxx/dds/dds.hpp:34[m[K,
[13.753s]                  from [01m[K/usr/local/include/unitree/common/dds/dds_entity.hpp:4[m[K,
[13.753s]                  from [01m[K/usr/local/include/unitree/common/dds/dds_topic_channel.hpp:4[m[K,
[13.753s]                  from [01m[K/usr/local/include/unitree/common/dds/dds_factory_model.hpp:5[m[K,
[13.753s]                  from [01m[K/usr/local/include/unitree/robot/channel/channel_factory.hpp:4[m[K,
[13.754s]                  from [01m[K/usr/local/include/unitree/robot/channel/channel_publisher.hpp:4[m[K,
[13.754s]                  from [01m[K/home/unitree/106a_final/src/arm_driver/src/servo_driver.cpp:8[m[K:
[13.754s] [01m[K/usr/local/include/ddscxx/org/eclipse/cyclonedds/domain/DomainParticipantDelegate.hpp:120:24:[m[K [01;31m[Kerror: [m[K‘[01m[Kdds_typeinfo_t[m[K’ does not name a type; did you mean ‘[01m[Kdds_sample_info_t[m[K’?
[13.754s]   120 |                  const [01;31m[Kdds_typeinfo_t[m[K *type_info,
[13.754s]       |                        [01;31m[K^~~~~~~~~~~~~~[m[K
[13.754s]       |                        [32m[Kdds_sample_info_t[m[K
[13.803s] In file included from [01m[K/usr/local/include/ddscxx/dds/topic/detail/TopicDescription.hpp:22[m[K,
[13.804s]                  from [01m[K/usr/local/include/ddscxx/dds/topic/TopicDescription.hpp:22[m[K,
[13.804s]                  from [01m[K/usr/local/include/ddscxx/dds/topic/ddstopic.hpp:22[m[K,
[13.804s]                  from [01m[K/usr/local/include/ddscxx/dds/dds.hpp:35[m[K,
[13.804s]                  from [01m[K/usr/local/include/unitree/common/dds/dds_entity.hpp:4[m[K,
[13.804s]                  from [01m[K/usr/local/include/unitree/common/dds/dds_topic_channel.hpp:4[m[K,
[13.804s]                  from [01m[K/usr/local/include/unitree/common/dds/dds_factory_model.hpp:5[m[K,
[13.804s]                  from [01m[K/usr/local/include/unitree/robot/channel/channel_factory.hpp:4[m[K,
[13.804s]                  from [01m[K/usr/local/include/unitree/robot/channel/channel_publisher.hpp:4[m[K,
[13.805s]                  from [01m[K/home/unitree/106a_final/src/arm_driver/src/servo_driver.cpp:8[m[K:
[13.805s] [01m[K/usr/local/include/ddscxx/org/eclipse/cyclonedds/topic/TopicDescriptionDelegate.hpp:73:5:[m[K [01;31m[Kerror: [m[K‘[01m[Kddsi_sertype[m[K’ does not name a type; did you mean ‘[01m[Kddsi_sertopic[m[K’?
[13.805s]    73 |     [01;31m[Kddsi_sertype[m[K *get_ser_type() const;
[13.806s]       |     [01;31m[K^~~~~~~~~~~~[m[K
[13.806s]       |     [32m[Kddsi_sertopic[m[K
[13.824s] [01m[K/usr/local/include/ddscxx/org/eclipse/cyclonedds/topic/TopicDescriptionDelegate.hpp:80:5:[m[K [01;31m[Kerror: [m[K‘[01m[Kddsi_sertype[m[K’ does not name a type; did you mean ‘[01m[Kddsi_sertopic[m[K’?
[13.824s]    80 |     [01;31m[Kddsi_sertype[m[K *ser_type_;
[13.824s]       |     [01;31m[K^~~~~~~~~~~~[m[K
[13.825s]       |     [32m[Kddsi_sertopic[m[K
[13.860s] In file included from [01m[K/usr/local/include/ddscxx/org/eclipse/cyclonedds/topic/AnyTopicDelegate.hpp:23[m[K,
[13.861s]                  from [01m[K/usr/local/include/ddscxx/dds/topic/detail/AnyTopic.hpp:22[m[K,
[13.861s]                  from [01m[K/usr/local/include/ddscxx/dds/topic/AnyTopic.hpp:22[m[K,
[13.861s]                  from [01m[K/usr/local/include/ddscxx/dds/topic/detail/Topic.hpp:27[m[K,
[13.861s]                  from [01m[K/usr/local/include/ddscxx/dds/topic/Topic.hpp:21[m[K,
[13.861s]                  from [01m[K/usr/local/include/ddscxx/dds/topic/ddstopic.hpp:23[m[K,
[13.861s]                  from [01m[K/usr/local/include/ddscxx/dds/dds.hpp:35[m[K,
[13.861s]                  from [01m[K/usr/local/include/unitree/common/dds/dds_entity.hpp:4[m[K,
[13.862s]                  from [01m[K/usr/local/include/unitree/common/dds/dds_topic_channel.hpp:4[m[K,
[13.862s]                  from [01m[K/usr/local/include/unitree/common/dds/dds_factory_model.hpp:5[m[K,
[13.862s]                  from [01m[K/usr/local/include/unitree/robot/channel/channel_factory.hpp:4[m[K,
[13.862s]                  from [01m[K/usr/local/include/unitree/robot/channel/channel_publisher.hpp:4[m[K,
[13.862s]                  from [01m[K/home/unitree/106a_final/src/arm_driver/src/servo_driver.cpp:8[m[K:
[13.862s] [01m[K/usr/local/include/ddscxx/org/eclipse/cyclonedds/topic/TopicTraits.hpp:95:12:[m[K [01;31m[Kerror: [m[K‘[01m[Kddsi_sertype[m[K’ does not name a type; did you mean ‘[01m[Kddscxx_sertype[m[K’?
[13.862s]    95 |     static [01;31m[Kddsi_sertype[m[K *getSerType(allowable_encodings_t kinds = allowableEncodings())
[13.862s]       |            [01;31m[K^~~~~~~~~~~~[m[K
[13.863s]       |            [32m[Kddscxx_sertype[m[K
[13.880s] [01m[K/usr/local/include/ddscxx/org/eclipse/cyclonedds/topic/TopicTraits.hpp:167:12:[m[K [01;31m[Kerror: [m[K‘[01m[Kddsi_typeid_t[m[K’ does not name a type; did you mean ‘[01m[Kdds_guid_t[m[K’?
[13.881s]   167 |     static [01;31m[Kddsi_typeid_t[m[K* getTypeId(const struct ddsi_sertype *, ddsi_typeid_kind_t kind)
[13.881s]       |            [01;31m[K^~~~~~~~~~~~~[m[K
[13.881s]       |            [32m[Kdds_guid_t[m[K
[13.893s] [01m[K/usr/local/include/ddscxx/org/eclipse/cyclonedds/topic/TopicTraits.hpp:188:12:[m[K [01;31m[Kerror: [m[K‘[01m[Kddsi_typemap_t[m[K’ does not name a type
[13.894s]   188 |     static [01;31m[Kddsi_typemap_t[m[K* getTypeMap(const struct ddsi_sertype *)
[13.894s]       |            [01;31m[K^~~~~~~~~~~~~~[m[K
[13.905s] [01m[K/usr/local/include/ddscxx/org/eclipse/cyclonedds/topic/TopicTraits.hpp:202:12:[m[K [01;31m[Kerror: [m[K‘[01m[Kddsi_typeinfo_t[m[K’ does not name a type; did you mean ‘[01m[Kdds_sample_info_t[m[K’?
[13.906s]   202 |     static [01;31m[Kddsi_typeinfo_t[m[K* getTypeInfo(const struct ddsi_sertype *)
[13.906s]       |            [01;31m[K^~~~~~~~~~~~~~~[m[K
[13.906s]       |            [32m[Kdds_sample_info_t[m[K
[13.906s] [01m[K/usr/local/include/ddscxx/org/eclipse/cyclonedds/topic/TopicTraits.hpp:266:76:[m[K [01;31m[Kerror: [m[K‘[01m[Kdds_data_representation_id_t[m[K’ has not been declared
[13.906s]   266 | uct ddsi_sertype* deriveSertype(const struct ddsi_sertype *, [01;31m[Kdds_data_representation_id_t[m[K data_representation, dds_type_consistency_enforcement_qospolicy_t)
[13.906s]       |                                                              [01;31m[K^~~~~~~~~~~~~~~~~~~~~~~~~~~~[m[K
[13.906s] 
[13.907s] [01m[K/usr/local/include/ddscxx/org/eclipse/cyclonedds/topic/TopicTraits.hpp:266:126:[m[K [01;31m[Kerror: [m[K‘[01m[Kdds_type_consistency_enforcement_qospolicy_t[m[K’ has not been declared
[13.907s]   266 | sertype *, dds_data_representation_id_t data_representation, [01;31m[Kdds_type_consistency_enforcement_qospolicy_t[m[K)
[13.907s]       |                                                              [01;31m[K^~~~~~~~~~~~~~~~~~~~~~~~~~~~~~~~~~~~~~~~~~~~[m[K
[13.907s] 
[13.942s] In file included from [01m[K/usr/local/include/ddscxx/org/eclipse/cyclonedds/topic/AnyTopicDelegate.hpp:23[m[K,
[13.942s]                  from [01m[K/usr/local/include/ddscxx/dds/topic/detail/AnyTopic.hpp:22[m[K,
[13.943s]                  from [01m[K/usr/local/include/ddscxx/dds/topic/AnyTopic.hpp:22[m[K,
[13.943s]                  from [01m[K/usr/local/include/ddscxx/dds/topic/detail/Topic.hpp:27[m[K,
[13.943s]                  from [01m[K/usr/local/include/ddscxx/dds/topic/Topic.hpp:21[m[K,
[13.943s]                  from [01m[K/usr/local/include/ddscxx/dds/topic/ddstopic.hpp:23[m[K,
[13.943s]                  from [01m[K/usr/local/include/ddscxx/dds/dds.hpp:35[m[K,
[13.943s]                  from [01m[K/usr/local/include/unitree/common/dds/dds_entity.hpp:4[m[K,
[13.943s]                  from [01m[K/usr/local/include/unitree/common/dds/dds_topic_channel.hpp:4[m[K,
[13.944s]                  from [01m[K/usr/local/include/unitree/common/dds/dds_factory_model.hpp:5[m[K,
[13.944s]                  from [01m[K/usr/local/include/unitree/robot/channel/channel_factory.hpp:4[m[K,
[13.944s]                  from [01m[K/usr/local/include/unitree/robot/channel/channel_publisher.hpp:4[m[K,
[13.944s]                  from [01m[K/home/unitree/106a_final/src/arm_driver/src/servo_driver.cpp:8[m[K:
[13.944s] [01m[K/usr/local/include/ddscxx/org/eclipse/cyclonedds/topic/TopicTraits.hpp:[m[K In static member function ‘[01m[Kstatic org::eclipse::cyclonedds::topic::ddsi_sertype* org::eclipse::cyclonedds::topic::TopicTraits<TOPIC>::deriveSertype(const org::eclipse::cyclonedds::topic::ddsi_sertype*, int, int)[m[K’:
[13.944s] [01m[K/usr/local/include/ddscxx/org/eclipse/cyclonedds/topic/TopicTraits.hpp:270:16:[m[K [01;31m[Kerror: [m[K‘[01m[KDDS_DATA_REPRESENTATION_XCDR1[m[K’ was not declared in this scope
[13.944s]   270 |           case [01;31m[KDDS_DATA_REPRESENTATION_XCDR1[m[K:
[13.945s]       |                [01;31m[K^~~~~~~~~~~~~~~~~~~~~~~~~~~~~[m[K
[13.972s] [01m[K/usr/local/include/ddscxx/org/eclipse/cyclonedds/topic/TopicTraits.hpp:271:32:[m[K [01;31m[Kerror: [m[K‘[01m[KDDS_DATA_REPRESENTATION_FLAG_XCDR1[m[K’ was not declared in this scope
[13.972s]   271 |               ptr = getSerType([01;31m[KDDS_DATA_REPRESENTATION_FLAG_XCDR1[m[K);
[13.972s]       |                                [01;31m[K^~~~~~~~~~~~~~~~~~~~~~~~~~~~~~~~~~[m[K
[13.972s] [01m[K/usr/local/include/ddscxx/org/eclipse/cyclonedds/topic/TopicTraits.hpp:271:21:[m[K [01;31m[Kerror: [m[Kthere are no arguments to ‘[01m[KgetSerType[m[K’ that depend on a template parameter, so a declaration of ‘[01m[KgetSerType[m[K’ must be available [[01;31m[K-fpermissive[m[K]
[13.973s]   271 |               ptr = [01;31m[KgetSerType[m[K(DDS_DATA_REPRESENTATION_FLAG_XCDR1);
[13.973s]       |                     [01;31m[K^~~~~~~~~~[m[K
[13.973s] [01m[K/usr/local/include/ddscxx/org/eclipse/cyclonedds/topic/TopicTraits.hpp:271:21:[m[K [01;36m[Knote: [m[K(if you use ‘[01m[K-fpermissive[m[K’, G++ will accept your code, but allowing the use of an undeclared name is deprecated)
[14.011s] [01m[K/usr/local/include/ddscxx/org/eclipse/cyclonedds/topic/TopicTraits.hpp:273:16:[m[K [01;31m[Kerror: [m[K‘[01m[KDDS_DATA_REPRESENTATION_XCDR2[m[K’ was not declared in this scope
[14.011s]   273 |           case [01;31m[KDDS_DATA_REPRESENTATION_XCDR2[m[K:
[14.012s]       |                [01;31m[K^~~~~~~~~~~~~~~~~~~~~~~~~~~~~[m[K
[14.057s] [01m[K/usr/local/include/ddscxx/org/eclipse/cyclonedds/topic/TopicTraits.hpp:274:32:[m[K [01;31m[Kerror: [m[K‘[01m[KDDS_DATA_REPRESENTATION_FLAG_XCDR2[m[K’ was not declared in this scope
[14.057s]   274 |               ptr = getSerType([01;31m[KDDS_DATA_REPRESENTATION_FLAG_XCDR2[m[K);
[14.058s]       |                                [01;31m[K^~~~~~~~~~~~~~~~~~~~~~~~~~~~~~~~~~[m[K
[14.058s] [01m[K/usr/local/include/ddscxx/org/eclipse/cyclonedds/topic/TopicTraits.hpp:274:21:[m[K [01;31m[Kerror: [m[Kthere are no arguments to ‘[01m[KgetSerType[m[K’ that depend on a template parameter, so a declaration of ‘[01m[KgetSerType[m[K’ must be available [[01;31m[K-fpermissive[m[K]
[14.058s]   274 |               ptr = [01;31m[KgetSerType[m[K(DDS_DATA_REPRESENTATION_FLAG_XCDR2);
[14.058s]       |                     [01;31m[K^~~~~~~~~~[m[K
[14.089s] [01m[K/usr/local/include/ddscxx/org/eclipse/cyclonedds/topic/TopicTraits.hpp:279:58:[m[K [01;31m[Kerror: [m[K‘[01m[KDDSI_SERTYPE_REFC_MASK[m[K’ was not declared in this scope
[14.089s]   279 |             ddsrt_atomic_st32 (&ptr->flags_refc, refc & ~[01;31m[KDDSI_SERTYPE_REFC_MASK[m[K);
[14.089s]       |                                                          [01;31m[K^~~~~~~~~~~~~~~~~~~~~~[m[K
[14.089s] [01m[K/usr/local/include/ddscxx/org/eclipse/cyclonedds/topic/TopicTraits.hpp:279:58:[m[K [01;36m[Knote: [m[Kthe macro ‘[01m[KDDSI_SERTYPE_REFC_MASK[m[K’ had not yet been defined
[14.089s] In file included from [01m[K/usr/local/include/ddscxx/dds/topic/detail/TTopicImpl.hpp:155[m[K,
[14.090s]                  from [01m[K/usr/local/include/ddscxx/dds/topic/detail/BuiltinTopic.hpp:23[m[K,
[14.090s]                  from [01m[K/usr/local/include/ddscxx/dds/topic/BuiltinTopic.hpp:22[m[K,
[14.090s]                  from [01m[K/usr/local/include/ddscxx/org/eclipse/cyclonedds/sub/AnyDataReaderDelegate.hpp:36[m[K,
[14.090s]                  from [01m[K/usr/local/include/ddscxx/dds/topic/detail/ContentFilteredTopic.hpp:31[m[K,
[14.090s]                  from [01m[K/usr/local/include/ddscxx/dds/topic/ContentFilteredTopic.hpp:22[m[K,
[14.090s]                  from [01m[K/usr/local/include/ddscxx/dds/topic/ddstopic.hpp:25[m[K,
[14.090s]                  from [01m[K/usr/local/include/ddscxx/dds/dds.hpp:35[m[K,
[14.090s]                  from [01m[K/usr/local/include/unitree/common/dds/dds_entity.hpp:4[m[K,
[14.091s]                  from [01m[K/usr/local/include/unitree/common/dds/dds_topic_channel.hpp:4[m[K,
[14.091s]                  from [01m[K/usr/local/include/unitree/common/dds/dds_factory_model.hpp:5[m[K,
[14.091s]                  from [01m[K/usr/local/include/unitree/robot/channel/channel_factory.hpp:4[m[K,
[14.091s]                  from [01m[K/usr/local/include/unitree/robot/channel/channel_publisher.hpp:4[m[K,
[14.091s]                  from [01m[K/home/unitree/106a_final/src/arm_driver/src/servo_driver.cpp:8[m[K:
[14.091s] [01m[K/usr/local/include/dds/ddsi/ddsi_sertype.h:36:[m[K [01;36m[Knote: [m[Kit was later defined here
[14.091s]    36 | #define DDSI_SERTYPE_REFC_MASK   0x0fffffffu
[14.091s]       | 
[14.237s] In file included from [01m[K/opt/ros/foxy/include/dds/ddsrt/rusage.h:33[m[K,
[14.249s]                  from [01m[K/opt/ros/foxy/include/dds/ddsi/q_log.h:19[m[K,
[14.251s]                  from [01m[K/opt/ros/foxy/include/dds/ddsi/ddsi_xqos.h:20[m[K,
[14.258s]                  from [01m[K/usr/local/include/dds/ddsi/ddsi_sertype.h:18[m[K,
[14.259s]                  from [01m[K/usr/local/include/ddscxx/dds/topic/detail/TTopicImpl.hpp:155[m[K,
[14.260s]                  from [01m[K/usr/local/include/ddscxx/dds/topic/detail/BuiltinTopic.hpp:23[m[K,
[14.260s]                  from [01m[K/usr/local/include/ddscxx/dds/topic/BuiltinTopic.hpp:22[m[K,
[14.260s]                  from [01m[K/usr/local/include/ddscxx/org/eclipse/cyclonedds/sub/AnyDataReaderDelegate.hpp:36[m[K,
[14.261s]                  from [01m[K/usr/local/include/ddscxx/dds/topic/detail/ContentFilteredTopic.hpp:31[m[K,
[14.261s]                  from [01m[K/usr/local/include/ddscxx/dds/topic/ContentFilteredTopic.hpp:22[m[K,
[14.261s]                  from [01m[K/usr/local/include/ddscxx/dds/topic/ddstopic.hpp:25[m[K,
[14.261s]                  from [01m[K/usr/local/include/ddscxx/dds/dds.hpp:35[m[K,
[14.261s]                  from [01m[K/usr/local/include/unitree/common/dds/dds_entity.hpp:4[m[K,
[14.261s]                  from [01m[K/usr/local/include/unitree/common/dds/dds_topic_channel.hpp:4[m[K,
[14.261s]                  from [01m[K/usr/local/include/unitree/common/dds/dds_factory_model.hpp:5[m[K,
[14.261s]                  from [01m[K/usr/local/include/unitree/robot/channel/channel_factory.hpp:4[m[K,
[14.262s]                  from [01m[K/usr/local/include/unitree/robot/channel/channel_publisher.hpp:4[m[K,
[14.262s]                  from [01m[K/home/unitree/106a_final/src/arm_driver/src/servo_driver.cpp:8[m[K:
[14.262s] [01m[K/opt/ros/foxy/include/dds/ddsrt/threads.h:[m[K At global scope:
[14.262s] [01m[K/opt/ros/foxy/include/dds/ddsrt/threads.h:71:3:[m[K [01;31m[Kerror: [m[K‘[01m[KDDSRT_SCHED_DEFAULT[m[K’ conflicts with a previous declaration
[14.262s]    71 |   [01;31m[KDDSRT_SCHED_DEFAULT[m[K,
[14.262s]       |   [01;31m[K^~~~~~~~~~~~~~~~~~~[m[K
[14.262s] In file included from [01m[K/usr/local/include/dds/ddsi/ddsi_config.h:19[m[K,
[14.262s]                  from [01m[K/usr/local/include/ddscxx/dds/domain/TDomainParticipant.hpp:24[m[K,
[14.263s]                  from [01m[K/usr/local/include/ddscxx/dds/domain/detail/TDomainParticipantImpl.hpp:22[m[K,
[14.270s]                  from [01m[K/usr/local/include/ddscxx/dds/domain/detail/DomainParticipant.hpp:22[m[K,
[14.276s]                  from [01m[K/usr/local/include/ddscxx/dds/domain/DomainParticipant.hpp:22[m[K,
[14.277s]                  from [01m[K/usr/local/include/ddscxx/dds/domain/find.hpp:22[m[K,
[14.277s]                  from [01m[K/usr/local/include/ddscxx/dds/domain/ddsdomain.hpp:21[m[K,
[14.277s]                  from [01m[K/usr/local/include/ddscxx/dds/dds.hpp:34[m[K,
[14.277s]                  from [01m[K/usr/local/include/unitree/common/dds/dds_entity.hpp:4[m[K,
[14.278s]                  from [01m[K/usr/local/include/unitree/common/dds/dds_topic_channel.hpp:4[m[K,
[14.278s]                  from [01m[K/usr/local/include/unitree/common/dds/dds_factory_model.hpp:5[m[K,
[14.278s]                  from [01m[K/usr/local/include/unitree/robot/channel/channel_factory.hpp:4[m[K,
[14.278s]                  from [01m[K/usr/local/include/unitree/robot/channel/channel_publisher.hpp:4[m[K,
[14.278s]                  from [01m[K/home/unitree/106a_final/src/arm_driver/src/servo_driver.cpp:8[m[K:
[14.278s] [01m[K/usr/local/include/dds/ddsrt/sched.h:28:3:[m[K [01;36m[Knote: [m[Kprevious declaration ‘[01m[Kddsrt_sched_t DDSRT_SCHED_DEFAULT[m[K’
[14.278s]    28 |   [01;36m[KDDSRT_SCHED_DEFAULT[m[K,
[14.278s]       |   [01;36m[K^~~~~~~~~~~~~~~~~~~[m[K
[14.278s] In file included from [01m[K/opt/ros/foxy/include/dds/ddsrt/rusage.h:33[m[K,
[14.279s]                  from [01m[K/opt/ros/foxy/include/dds/ddsi/q_log.h:19[m[K,
[14.279s]                  from [01m[K/opt/ros/foxy/include/dds/ddsi/ddsi_xqos.h:20[m[K,
[14.279s]                  from [01m[K/usr/local/include/dds/ddsi/ddsi_sertype.h:18[m[K,
[14.279s]                  from [01m[K/usr/local/include/ddscxx/dds/topic/detail/TTopicImpl.hpp:155[m[K,
[14.279s]                  from [01m[K/usr/local/include/ddscxx/dds/topic/detail/BuiltinTopic.hpp:23[m[K,
[14.279s]                  from [01m[K/usr/local/include/ddscxx/dds/topic/BuiltinTopic.hpp:22[m[K,
[14.279s]                  from [01m[K/usr/local/include/ddscxx/org/eclipse/cyclonedds/sub/AnyDataReaderDelegate.hpp:36[m[K,
[14.283s]                  from [01m[K/usr/local/include/ddscxx/dds/topic/detail/ContentFilteredTopic.hpp:31[m[K,
[14.284s]                  from [01m[K/usr/local/include/ddscxx/dds/topic/ContentFilteredTopic.hpp:22[m[K,
[14.284s]                  from [01m[K/usr/local/include/ddscxx/dds/topic/ddstopic.hpp:25[m[K,
[14.284s]                  from [01m[K/usr/local/include/ddscxx/dds/dds.hpp:35[m[K,
[14.284s]                  from [01m[K/usr/local/include/unitree/common/dds/dds_entity.hpp:4[m[K,
[14.285s]                  from [01m[K/usr/local/include/unitree/common/dds/dds_topic_channel.hpp:4[m[K,
[14.285s]                  from [01m[K/usr/local/include/unitree/common/dds/dds_factory_model.hpp:5[m[K,
[14.285s]                  from [01m[K/usr/local/include/unitree/robot/channel/channel_factory.hpp:4[m[K,
[14.285s]                  from [01m[K/usr/local/include/unitree/robot/channel/channel_publisher.hpp:4[m[K,
[14.285s]                  from [01m[K/home/unitree/106a_final/src/arm_driver/src/servo_driver.cpp:8[m[K:
[14.285s] [01m[K/opt/ros/foxy/include/dds/ddsrt/threads.h:78:3:[m[K [01;31m[Kerror: [m[K‘[01m[KDDSRT_SCHED_REALTIME[m[K’ conflicts with a previous declaration
[14.285s]    78 |   [01;31m[KDDSRT_SCHED_REALTIME[m[K,
[14.285s]       |   [01;31m[K^~~~~~~~~~~~~~~~~~~~[m[K
[14.286s] In file included from [01m[K/usr/local/include/dds/ddsi/ddsi_config.h:19[m[K,
[14.286s]                  from [01m[K/usr/local/include/ddscxx/dds/domain/TDomainParticipant.hpp:24[m[K,
[14.286s]                  from [01m[K/usr/local/include/ddscxx/dds/domain/detail/TDomainParticipantImpl.hpp:22[m[K,
[14.286s]                  from [01m[K/usr/local/include/ddscxx/dds/domain/detail/DomainParticipant.hpp:22[m[K,
[14.286s]                  from [01m[K/usr/local/include/ddscxx/dds/domain/DomainParticipant.hpp:22[m[K,
[14.286s]                  from [01m[K/usr/local/include/ddscxx/dds/domain/find.hpp:22[m[K,
[14.286s]                  from [01m[K/usr/local/include/ddscxx/dds/domain/ddsdomain.hpp:21[m[K,
[14.297s]                  from [01m[K/usr/local/include/ddscxx/dds/dds.hpp:34[m[K,
[14.298s]                  from [01m[K/usr/local/include/unitree/common/dds/dds_entity.hpp:4[m[K,
[14.298s]                  from [01m[K/usr/local/include/unitree/common/dds/dds_topic_channel.hpp:4[m[K,
[14.298s]                  from [01m[K/usr/local/include/unitree/common/dds/dds_factory_model.hpp:5[m[K,
[14.301s]                  from [01m[K/usr/local/include/unitree/robot/channel/channel_factory.hpp:4[m[K,
[14.302s]                  from [01m[K/usr/local/include/unitree/robot/channel/channel_publisher.hpp:4[m[K,
[14.302s]                  from [01m[K/home/unitree/106a_final/src/arm_driver/src/servo_driver.cpp:8[m[K:
[14.304s] [01m[K/usr/local/include/dds/ddsrt/sched.h:35:3:[m[K [01;36m[Knote: [m[Kprevious declaration ‘[01m[Kddsrt_sched_t DDSRT_SCHED_REALTIME[m[K’
[14.304s]    35 |   [01;36m[KDDSRT_SCHED_REALTIME[m[K,
[14.305s]       |   [01;36m[K^~~~~~~~~~~~~~~~~~~~[m[K
[14.305s] In file included from [01m[K/opt/ros/foxy/include/dds/ddsrt/rusage.h:33[m[K,
[14.305s]                  from [01m[K/opt/ros/foxy/include/dds/ddsi/q_log.h:19[m[K,
[14.305s]                  from [01m[K/opt/ros/foxy/include/dds/ddsi/ddsi_xqos.h:20[m[K,
[14.305s]                  from [01m[K/usr/local/include/dds/ddsi/ddsi_sertype.h:18[m[K,
[14.305s]                  from [01m[K/usr/local/include/ddscxx/dds/topic/detail/TTopicImpl.hpp:155[m[K,
[14.305s]                  from [01m[K/usr/local/include/ddscxx/dds/topic/detail/BuiltinTopic.hpp:23[m[K,
[14.306s]                  from [01m[K/usr/local/include/ddscxx/dds/topic/BuiltinTopic.hpp:22[m[K,
[14.306s]                  from [01m[K/usr/local/include/ddscxx/org/eclipse/cyclonedds/sub/AnyDataReaderDelegate.hpp:36[m[K,
[14.306s]                  from [01m[K/usr/local/include/ddscxx/dds/topic/detail/ContentFilteredTopic.hpp:31[m[K,
[14.306s]                  from [01m[K/usr/local/include/ddscxx/dds/topic/ContentFilteredTopic.hpp:22[m[K,
[14.306s]                  from [01m[K/usr/local/include/ddscxx/dds/topic/ddstopic.hpp:25[m[K,
[14.306s]                  from [01m[K/usr/local/include/ddscxx/dds/dds.hpp:35[m[K,
[14.306s]                  from [01m[K/usr/local/include/unitree/common/dds/dds_entity.hpp:4[m[K,
[14.306s]                  from [01m[K/usr/local/include/unitree/common/dds/dds_topic_channel.hpp:4[m[K,
[14.306s]                  from [01m[K/usr/local/include/unitree/common/dds/dds_factory_model.hpp:5[m[K,
[14.307s]                  from [01m[K/usr/local/include/unitree/robot/channel/channel_factory.hpp:4[m[K,
[14.307s]                  from [01m[K/usr/local/include/unitree/robot/channel/channel_publisher.hpp:4[m[K,
[14.311s]                  from [01m[K/home/unitree/106a_final/src/arm_driver/src/servo_driver.cpp:8[m[K:
[14.314s] [01m[K/opt/ros/foxy/include/dds/ddsrt/threads.h:84:3:[m[K [01;31m[Kerror: [m[K‘[01m[KDDSRT_SCHED_TIMESHARE[m[K’ conflicts with a previous declaration
[14.314s]    84 |   [01;31m[KDDSRT_SCHED_TIMESHARE[m[K
[14.314s]       |   [01;31m[K^~~~~~~~~~~~~~~~~~~~~[m[K
[14.315s] In file included from [01m[K/usr/local/include/dds/ddsi/ddsi_config.h:19[m[K,
[14.315s]                  from [01m[K/usr/local/include/ddscxx/dds/domain/TDomainParticipant.hpp:24[m[K,
[14.315s]                  from [01m[K/usr/local/include/ddscxx/dds/domain/detail/TDomainParticipantImpl.hpp:22[m[K,
[14.315s]                  from [01m[K/usr/local/include/ddscxx/dds/domain/detail/DomainParticipant.hpp:22[m[K,
[14.315s]                  from [01m[K/usr/local/include/ddscxx/dds/domain/DomainParticipant.hpp:22[m[K,
[14.315s]                  from [01m[K/usr/local/include/ddscxx/dds/domain/find.hpp:22[m[K,
[14.316s]                  from [01m[K/usr/local/include/ddscxx/dds/domain/ddsdomain.hpp:21[m[K,
[14.316s]                  from [01m[K/usr/local/include/ddscxx/dds/dds.hpp:34[m[K,
[14.326s]                  from [01m[K/usr/local/include/unitree/common/dds/dds_entity.hpp:4[m[K,
[14.327s]                  from [01m[K/usr/local/include/unitree/common/dds/dds_topic_channel.hpp:4[m[K,
[14.327s]                  from [01m[K/usr/local/include/unitree/common/dds/dds_factory_model.hpp:5[m[K,
[14.327s]                  from [01m[K/usr/local/include/unitree/robot/channel/channel_factory.hpp:4[m[K,
[14.327s]                  from [01m[K/usr/local/include/unitree/robot/channel/channel_publisher.hpp:4[m[K,
[14.328s]                  from [01m[K/home/unitree/106a_final/src/arm_driver/src/servo_driver.cpp:8[m[K:
[14.328s] [01m[K/usr/local/include/dds/ddsrt/sched.h:41:3:[m[K [01;36m[Knote: [m[Kprevious declaration ‘[01m[Kddsrt_sched_t DDSRT_SCHED_TIMESHARE[m[K’
[14.328s]    41 |   [01;36m[KDDSRT_SCHED_TIMESHARE[m[K
[14.328s]       |   [01;36m[K^~~~~~~~~~~~~~~~~~~~~[m[K
[14.328s] In file included from [01m[K/opt/ros/foxy/include/dds/ddsrt/rusage.h:33[m[K,
[14.328s]                  from [01m[K/opt/ros/foxy/include/dds/ddsi/q_log.h:19[m[K,
[14.328s]                  from [01m[K/opt/ros/foxy/include/dds/ddsi/ddsi_xqos.h:20[m[K,
[14.329s]                  from [01m[K/usr/local/include/dds/ddsi/ddsi_sertype.h:18[m[K,
[14.329s]                  from [01m[K/usr/local/include/ddscxx/dds/topic/detail/TTopicImpl.hpp:155[m[K,
[14.329s]                  from [01m[K/usr/local/include/ddscxx/dds/topic/detail/BuiltinTopic.hpp:23[m[K,
[14.329s]                  from [01m[K/usr/local/include/ddscxx/dds/topic/BuiltinTopic.hpp:22[m[K,
[14.329s]                  from [01m[K/usr/local/include/ddscxx/org/eclipse/cyclonedds/sub/AnyDataReaderDelegate.hpp:36[m[K,
[14.329s]                  from [01m[K/usr/local/include/ddscxx/dds/topic/detail/ContentFilteredTopic.hpp:31[m[K,
[14.329s]                  from [01m[K/usr/local/include/ddscxx/dds/topic/ContentFilteredTopic.hpp:22[m[K,
[14.329s]                  from [01m[K/usr/local/include/ddscxx/dds/topic/ddstopic.hpp:25[m[K,
[14.330s]                  from [01m[K/usr/local/include/ddscxx/dds/dds.hpp:35[m[K,
[14.330s]                  from [01m[K/usr/local/include/unitree/common/dds/dds_entity.hpp:4[m[K,
[14.330s]                  from [01m[K/usr/local/include/unitree/common/dds/dds_topic_channel.hpp:4[m[K,
[14.330s]                  from [01m[K/usr/local/include/unitree/common/dds/dds_factory_model.hpp:5[m[K,
[14.330s]                  from [01m[K/usr/local/include/unitree/robot/channel/channel_factory.hpp:4[m[K,
[14.330s]                  from [01m[K/usr/local/include/unitree/robot/channel/channel_publisher.hpp:4[m[K,
[14.330s]                  from [01m[K/home/unitree/106a_final/src/arm_driver/src/servo_driver.cpp:8[m[K:
[14.330s] [01m[K/opt/ros/foxy/include/dds/ddsrt/threads.h:85:3:[m[K [01;31m[Kerror: [m[Kconflicting declaration ‘[01m[Ktypedef enum ddsrt_sched_t ddsrt_sched_t[m[K’
[14.331s]    85 | } [01;31m[Kddsrt_sched_t[m[K;
[14.331s]       |   [01;31m[K^~~~~~~~~~~~~[m[K
[14.331s] In file included from [01m[K/usr/local/include/dds/ddsi/ddsi_config.h:19[m[K,
[14.331s]                  from [01m[K/usr/local/include/ddscxx/dds/domain/TDomainParticipant.hpp:24[m[K,
[14.331s]                  from [01m[K/usr/local/include/ddscxx/dds/domain/detail/TDomainParticipantImpl.hpp:22[m[K,
[14.331s]                  from [01m[K/usr/local/include/ddscxx/dds/domain/detail/DomainParticipant.hpp:22[m[K,
[14.331s]                  from [01m[K/usr/local/include/ddscxx/dds/domain/DomainParticipant.hpp:22[m[K,
[14.331s]                  from [01m[K/usr/local/include/ddscxx/dds/domain/find.hpp:22[m[K,
[14.331s]                  from [01m[K/usr/local/include/ddscxx/dds/domain/ddsdomain.hpp:21[m[K,
[14.332s]                  from [01m[K/usr/local/include/ddscxx/dds/dds.hpp:34[m[K,
[14.332s]                  from [01m[K/usr/local/include/unitree/common/dds/dds_entity.hpp:4[m[K,
[14.332s]                  from [01m[K/usr/local/include/unitree/common/dds/dds_topic_channel.hpp:4[m[K,
[14.332s]                  from [01m[K/usr/local/include/unitree/common/dds/dds_factory_model.hpp:5[m[K,
[14.332s]                  from [01m[K/usr/local/include/unitree/robot/channel/channel_factory.hpp:4[m[K,
[14.332s]                  from [01m[K/usr/local/include/unitree/robot/channel/channel_publisher.hpp:4[m[K,
[14.332s]                  from [01m[K/home/unitree/106a_final/src/arm_driver/src/servo_driver.cpp:8[m[K:
[14.332s] [01m[K/usr/local/include/dds/ddsrt/sched.h:42:3:[m[K [01;36m[Knote: [m[Kprevious declaration as ‘[01m[Ktypedef enum ddsrt_sched_t ddsrt_sched_t[m[K’
[14.333s]    42 | } [01;36m[Kddsrt_sched_t[m[K;
[14.333s]       |   [01;36m[K^~~~~~~~~~~~~[m[K
[14.333s] In file included from [01m[K/usr/local/include/ddscxx/dds/topic/detail/TTopicImpl.hpp:155[m[K,
[14.333s]                  from [01m[K/usr/local/include/ddscxx/dds/topic/detail/BuiltinTopic.hpp:23[m[K,
[14.333s]                  from [01m[K/usr/local/include/ddscxx/dds/topic/BuiltinTopic.hpp:22[m[K,
[14.333s]                  from [01m[K/usr/local/include/ddscxx/org/eclipse/cyclonedds/sub/AnyDataReaderDelegate.hpp:36[m[K,
[14.333s]                  from [01m[K/usr/local/include/ddscxx/dds/topic/detail/ContentFilteredTopic.hpp:31[m[K,
[14.333s]                  from [01m[K/usr/local/include/ddscxx/dds/topic/ContentFilteredTopic.hpp:22[m[K,
[14.333s]                  from [01m[K/usr/local/include/ddscxx/dds/topic/ddstopic.hpp:25[m[K,
[14.334s]                  from [01m[K/usr/local/include/ddscxx/dds/dds.hpp:35[m[K,
[14.334s]                  from [01m[K/usr/local/include/unitree/common/dds/dds_entity.hpp:4[m[K,
[14.334s]                  from [01m[K/usr/local/include/unitree/common/dds/dds_topic_channel.hpp:4[m[K,
[14.334s]                  from [01m[K/usr/local/include/unitree/common/dds/dds_factory_model.hpp:5[m[K,
[14.334s]                  from [01m[K/usr/local/include/unitree/robot/channel/channel_factory.hpp:4[m[K,
[14.334s]                  from [01m[K/usr/local/include/unitree/robot/channel/channel_publisher.hpp:4[m[K,
[14.334s]                  from [01m[K/home/unitree/106a_final/src/arm_driver/src/servo_driver.cpp:8[m[K:
[14.334s] [01m[K/usr/local/include/dds/ddsi/ddsi_sertype.h:138:93:[m[K [01;31m[Kerror: [m[K‘[01m[Kdds_data_representation_id_t[m[K’ has not been declared
[14.335s]   138 | *ddsi_sertype_derive_t) (const struct ddsi_sertype *sertype, [01;31m[Kdds_data_representation_id_t[m[K data_representation, dds_type_consistency_enforcement_qospolicy_t tce_qos);
[14.335s]       |                                                              [01;31m[K^~~~~~~~~~~~~~~~~~~~~~~~~~~~[m[K
[14.335s] 
[14.335s] [01m[K/usr/local/include/dds/ddsi/ddsi_sertype.h:138:143:[m[K [01;31m[Kerror: [m[K‘[01m[Kdds_type_consistency_enforcement_qospolicy_t[m[K’ has not been declared
[14.335s]   138 |  *sertype, dds_data_representation_id_t data_representation, [01;31m[Kdds_type_consistency_enforcement_qospolicy_t[m[K tce_qos);
[14.335s]       |                                                              [01;31m[K^~~~~~~~~~~~~~~~~~~~~~~~~~~~~~~~~~~~~~~~~~~~[m[K
[14.335s] 
[14.335s] [01m[K/usr/local/include/dds/ddsi/ddsi_sertype.h:202:1:[m[K [01;31m[Kerror: [m[K‘[01m[KDDS_INLINE_EXPORT[m[K’ does not name a type; did you mean ‘[01m[KDDS_NO_EXPORT[m[K’?
[14.336s]   202 | [01;31m[KDDS_INLINE_EXPORT[m[K inline void ddsi_sertype_free (struct ddsi_sertype *tp) {
[14.336s]       | [01;31m[K^~~~~~~~~~~~~~~~~[m[K
[14.336s]       | [32m[KDDS_NO_EXPORT[m[K
[14.336s] [01m[K/usr/local/include/dds/ddsi/ddsi_sertype.h:205:1:[m[K [01;31m[Kerror: [m[K‘[01m[KDDS_INLINE_EXPORT[m[K’ does not name a type; did you mean ‘[01m[KDDS_NO_EXPORT[m[K’?
[14.336s]   205 | [01;31m[KDDS_INLINE_EXPORT[m[K inline void ddsi_sertype_zero_samples (const struct ddsi_sertype *tp, void *samples, size_t count) {
[14.342s]       | [01;31m[K^~~~~~~~~~~~~~~~~[m[K
[14.343s]       | [32m[KDDS_NO_EXPORT[m[K
[14.343s] [01m[K/usr/local/include/dds/ddsi/ddsi_sertype.h:208:1:[m[K [01;31m[Kerror: [m[K‘[01m[KDDS_INLINE_EXPORT[m[K’ does not name a type; did you mean ‘[01m[KDDS_NO_EXPORT[m[K’?
[14.343s]   208 | [01;31m[KDDS_INLINE_EXPORT[m[K inline void ddsi_sertype_realloc_samples (void **ptrs, const struct ddsi_sertype *tp, void *old, size_t oldcount, size_t count)
[14.343s]       | [01;31m[K^~~~~~~~~~~~~~~~~[m[K
[14.345s]       | [32m[KDDS_NO_EXPORT[m[K
[14.370s] [01m[K/usr/local/include/dds/ddsi/ddsi_sertype.h:212:1:[m[K [01;31m[Kerror: [m[K‘[01m[KDDS_INLINE_EXPORT[m[K’ does not name a type; did you mean ‘[01m[KDDS_NO_EXPORT[m[K’?
[14.374s]   212 | [01;31m[KDDS_INLINE_EXPORT[m[K inline void ddsi_sertype_free_samples (const struct ddsi_sertype *tp, void **ptrs, size_t count, dds_free_op_t op) {
[14.375s]       | [01;31m[K^~~~~~~~~~~~~~~~~[m[K
[14.375s]       | [32m[KDDS_NO_EXPORT[m[K
[14.383s] [01m[K/usr/local/include/dds/ddsi/ddsi_sertype.h:215:1:[m[K [01;31m[Kerror: [m[K‘[01m[KDDS_INLINE_EXPORT[m[K’ does not name a type; did you mean ‘[01m[KDDS_NO_EXPORT[m[K’?
[14.383s]   215 | [01;31m[KDDS_INLINE_EXPORT[m[K inline void ddsi_sertype_zero_sample (const struct ddsi_sertype *tp, void *sample) {
[14.383s]       | [01;31m[K^~~~~~~~~~~~~~~~~[m[K
[14.383s]       | [32m[KDDS_NO_EXPORT[m[K
[14.395s] [01m[K/usr/local/include/dds/ddsi/ddsi_sertype.h:218:1:[m[K [01;31m[Kerror: [m[K‘[01m[KDDS_INLINE_EXPORT[m[K’ does not name a type; did you mean ‘[01m[KDDS_NO_EXPORT[m[K’?
[14.395s]   218 | [01;31m[KDDS_INLINE_EXPORT[m[K inline void *ddsi_sertype_alloc_sample (const struct ddsi_sertype *tp) {
[14.395s]       | [01;31m[K^~~~~~~~~~~~~~~~~[m[K
[14.395s]       | [32m[KDDS_NO_EXPORT[m[K
[14.413s] [01m[K/usr/local/include/dds/ddsi/ddsi_sertype.h:223:1:[m[K [01;31m[Kerror: [m[K‘[01m[KDDS_INLINE_EXPORT[m[K’ does not name a type; did you mean ‘[01m[KDDS_NO_EXPORT[m[K’?
[14.414s]   223 | [01;31m[KDDS_INLINE_EXPORT[m[K inline void ddsi_sertype_free_sample (const struct ddsi_sertype *tp, void *sample, dds_free_op_t op) {
[14.414s]       | [01;31m[K^~~~~~~~~~~~~~~~~[m[K
[14.414s]       | [32m[KDDS_NO_EXPORT[m[K
[14.434s] [01m[K/usr/local/include/dds/ddsi/ddsi_sertype.h:226:1:[m[K [01;31m[Kerror: [m[K‘[01m[KDDS_INLINE_EXPORT[m[K’ does not name a type; did you mean ‘[01m[KDDS_NO_EXPORT[m[K’?
[14.434s]   226 | [01;31m[KDDS_INLINE_EXPORT[m[K inline ddsi_typeid_t * ddsi_sertype_typeid (const struct ddsi_sertype *tp, ddsi_typeid_kind_t kind)
[14.436s]       | [01;31m[K^~~~~~~~~~~~~~~~~[m[K
[14.436s]       | [32m[KDDS_NO_EXPORT[m[K
[14.451s] [01m[K/usr/local/include/dds/ddsi/ddsi_sertype.h:232:1:[m[K [01;31m[Kerror: [m[K‘[01m[KDDS_INLINE_EXPORT[m[K’ does not name a type; did you mean ‘[01m[KDDS_NO_EXPORT[m[K’?
[14.452s]   232 | [01;31m[KDDS_INLINE_EXPORT[m[K inline ddsi_typemap_t * ddsi_sertype_typemap (const struct ddsi_sertype *tp)
[14.452s]       | [01;31m[K^~~~~~~~~~~~~~~~~[m[K
[14.452s]       | [32m[KDDS_NO_EXPORT[m[K
[14.458s] [01m[K/usr/local/include/dds/ddsi/ddsi_sertype.h:238:1:[m[K [01;31m[Kerror: [m[K‘[01m[KDDS_INLINE_EXPORT[m[K’ does not name a type; did you mean ‘[01m[KDDS_NO_EXPORT[m[K’?
[14.458s]   238 | [01;31m[KDDS_INLINE_EXPORT[m[K inline ddsi_typeinfo_t *ddsi_sertype_typeinfo (const struct ddsi_sertype *tp)
[14.459s]       | [01;31m[K^~~~~~~~~~~~~~~~~[m[K
[14.459s]       | [32m[KDDS_NO_EXPORT[m[K
[14.499s] [01m[K/usr/local/include/dds/ddsi/ddsi_sertype.h:244:1:[m[K [01;31m[Kerror: [m[K‘[01m[KDDS_INLINE_EXPORT[m[K’ does not name a type; did you mean ‘[01m[KDDS_NO_EXPORT[m[K’?
[14.499s]   244 | [01;31m[KDDS_INLINE_EXPORT[m[K inline struct ddsi_sertype * ddsi_sertype_derive_sertype (const struct ddsi_sertype *base_sertype, dds_data_representation_id_t data_representation, dds_type_consistency_enforcement_qospolicy_t tce_qos) {
[14.499s]       | [01;31m[K^~~~~~~~~~~~~~~~~[m[K
[14.499s]       | [32m[KDDS_NO_EXPORT[m[K
[14.524s] [01m[K/usr/local/include/dds/ddsi/ddsi_sertype.h:250:1:[m[K [01;31m[Kerror: [m[K‘[01m[KDDS_INLINE_EXPORT[m[K’ does not name a type; did you mean ‘[01m[KDDS_NO_EXPORT[m[K’?
[14.524s]   250 | [01;31m[KDDS_INLINE_EXPORT[m[K inline size_t
[14.524s]       | [01;31m[K^~~~~~~~~~~~~~~~~[m[K
[14.524s]       | [32m[KDDS_NO_EXPORT[m[K
[14.540s] [01m[K/usr/local/include/dds/ddsi/ddsi_sertype.h:256:1:[m[K [01;31m[Kerror: [m[K‘[01m[KDDS_INLINE_EXPORT[m[K’ does not name a type; did you mean ‘[01m[KDDS_NO_EXPORT[m[K’?
[14.540s]   256 | [01;31m[KDDS_INLINE_EXPORT[m[K inline bool
[14.540s]       | [01;31m[K^~~~~~~~~~~~~~~~~[m[K
[14.540s]       | [32m[KDDS_NO_EXPORT[m[K
[14.580s] In file included from [01m[K/usr/local/include/ddscxx/dds/topic/detail/BuiltinTopic.hpp:23[m[K,
[14.580s]                  from [01m[K/usr/local/include/ddscxx/dds/topic/BuiltinTopic.hpp:22[m[K,
[14.580s]                  from [01m[K/usr/local/include/ddscxx/org/eclipse/cyclonedds/sub/AnyDataReaderDelegate.hpp:36[m[K,
[14.580s]                  from [01m[K/usr/local/include/ddscxx/dds/topic/detail/ContentFilteredTopic.hpp:31[m[K,
[14.580s]                  from [01m[K/usr/local/include/ddscxx/dds/topic/ContentFilteredTopic.hpp:22[m[K,
[14.581s]                  from [01m[K/usr/local/include/ddscxx/dds/topic/ddstopic.hpp:25[m[K,
[14.581s]                  from [01m[K/usr/local/include/ddscxx/dds/dds.hpp:35[m[K,
[14.581s]                  from [01m[K/usr/local/include/unitree/common/dds/dds_entity.hpp:4[m[K,
[14.581s]                  from [01m[K/usr/local/include/unitree/common/dds/dds_topic_channel.hpp:4[m[K,
[14.581s]                  from [01m[K/usr/local/include/unitree/common/dds/dds_factory_model.hpp:5[m[K,
[14.581s]                  from [01m[K/usr/local/include/unitree/robot/channel/channel_factory.hpp:4[m[K,
[14.581s]                  from [01m[K/usr/local/include/unitree/robot/channel/channel_publisher.hpp:4[m[K,
[14.581s]                  from [01m[K/home/unitree/106a_final/src/arm_driver/src/servo_driver.cpp:8[m[K:
[14.582s] [01m[K/usr/local/include/ddscxx/dds/topic/detail/TTopicImpl.hpp:[m[K In constructor ‘[01m[Kdds::topic::detail::Topic<T>::Topic(const DomainParticipant&, const string&, const string&, const TopicQos&, dds::topic::TopicListener<T>*, const dds::core::status::StatusMask&)[m[K’:
[14.582s] [01m[K/usr/local/include/ddscxx/dds/topic/detail/TTopicImpl.hpp:176:5:[m[K [01;31m[Kerror: [m[K‘[01m[Kser_type_[m[K’ was not declared in this scope; did you mean ‘[01m[Kref_type[m[K’?
[14.582s]   176 |     [01;31m[Kser_type_[m[K = org::eclipse::cyclonedds::topic::TopicTraits<T>::getSerType();
[14.582s]       |     [01;31m[K^~~~~~~~~[m[K
[14.582s]       |     [32m[Kref_type[m[K
[14.582s] [01m[K/usr/local/include/ddscxx/dds/topic/detail/TTopicImpl.hpp:178:31:[m[K [01;31m[Kerror: [m[Kthere are no arguments to ‘[01m[Kdds_create_topic_sertype[m[K’ that depend on a template parameter, so a declaration of ‘[01m[Kdds_create_topic_sertype[m[K’ must be available [[01;31m[K-fpermissive[m[K]
[14.582s]   178 |     dds_entity_t ddsc_topic = [01;31m[Kdds_create_topic_sertype[m[K(
[14.583s]       |                               [01;31m[K^~~~~~~~~~~~~~~~~~~~~~~~[m[K
[14.602s] [01m[K/usr/local/include/ddscxx/dds/topic/detail/TTopicImpl.hpp:[m[K In static member function ‘[01m[Kstatic dds::topic::Topic<T, dds::topic::detail::Topic> dds::topic::detail::Topic<T>::discover_topic(const DomainParticipant&, const string&, const dds::core::Duration&)[m[K’:
[14.602s] [01m[K/usr/local/include/ddscxx/dds/topic/detail/TTopicImpl.hpp:311:21:[m[K [01;31m[Kerror: [m[K‘[01m[Kdds_typeinfo_t[m[K’ was not declared in this scope; did you mean ‘[01m[Kddsi_typeinfo_t[m[K’?
[14.602s]   311 |     std::unique_ptr<[01;31m[Kdds_typeinfo_t[m[K, std::function<void(dds_typeinfo_t *)> >
[14.602s]       |                     [01;31m[K^~~~~~~~~~~~~~[m[K
[14.602s]       |                     [32m[Kddsi_typeinfo_t[m[K
[14.603s] [01m[K/usr/local/include/ddscxx/dds/topic/detail/TTopicImpl.hpp:311:73:[m[K [01;31m[Kerror: [m[Ktemplate argument 1 is invalid
[14.603s]   311 |     std::unique_ptr<dds_typeinfo_t, std::function<void(dds_typeinfo_t *)[01;31m[K>[m[K >
[14.603s]       |                                                                         [01;31m[K^[m[K
[14.603s] [01m[K/usr/local/include/ddscxx/dds/topic/detail/TTopicImpl.hpp:311:75:[m[K [01;31m[Kerror: [m[Ktemplate argument 1 is invalid
[14.603s]   311 |     std::unique_ptr<dds_typeinfo_t, std::function<void(dds_typeinfo_t *)> [01;31m[K>[m[K
[14.603s]       |                                                                           [01;31m[K^[m[K
[14.603s] [01m[K/usr/local/include/ddscxx/dds/topic/detail/TTopicImpl.hpp:311:75:[m[K [01;31m[Kerror: [m[Ktemplate argument 2 is invalid
[14.604s] [01m[K/usr/local/include/ddscxx/dds/topic/detail/TTopicImpl.hpp:313:20:[m[K [01;31m[Kerror: [m[K‘[01m[Kdds_typeinfo_t[m[K’ is not a type
[14.604s]   313 |                 []([01;31m[Kdds_typeinfo_t[m[K *ti) { static_cast<void>(dds_free_typeinfo(ti)); });
[14.604s]       |                    [01;31m[K^~~~~~~~~~~~~~[m[K
[14.610s] [01m[K/usr/local/include/ddscxx/dds/topic/detail/TTopicImpl.hpp:[m[K In lambda function:
[14.610s] [01m[K/usr/local/include/ddscxx/dds/topic/detail/TTopicImpl.hpp:313:60:[m[K [01;31m[Kerror: [m[Kthere are no arguments to ‘[01m[Kdds_free_typeinfo[m[K’ that depend on a template parameter, so a declaration of ‘[01m[Kdds_free_typeinfo[m[K’ must be available [[01;31m[K-fpermissive[m[K]
[14.611s]   313 |                 [](dds_typeinfo_t *ti) { static_cast<void>([01;31m[Kdds_free_typeinfo[m[K(ti)); });
[14.611s]       |                                                            [01;31m[K^~~~~~~~~~~~~~~~~[m[K
[14.611s] [01m[K/usr/local/include/ddscxx/dds/topic/detail/TTopicImpl.hpp:[m[K In static member function ‘[01m[Kstatic dds::topic::Topic<T, dds::topic::detail::Topic> dds::topic::detail::Topic<T>::discover_topic(const DomainParticipant&, const string&, const dds::core::Duration&)[m[K’:
[14.611s] [01m[K/usr/local/include/ddscxx/dds/topic/detail/TTopicImpl.hpp:313:85:[m[K [01;31m[Kerror: [m[Kexpression list treated as compound expression in initializer [[01;31m[K-fpermissive[m[K]
[14.611s]   313 | typeinfo_t *ti) { static_cast<void>(dds_free_typeinfo(ti)); }[01;31m[K)[m[K;
[14.611s]       |                                                              [01;31m[K^[m[K
[14.611s] 
[14.612s] [01m[K/usr/local/include/ddscxx/dds/topic/detail/TTopicImpl.hpp:314:75:[m[K [01;31m[Kerror: [m[Krequest for member ‘[01m[Kget[m[K’ in ‘[01m[Ktype_info[m[K’, which is of non-class type ‘[01m[Kint[m[K’
[14.612s]   314 | ity_t ddsc_topic = dp.delegate()->lookup_topic(name, type_info.[01;31m[Kget[m[K(), timeout);
[14.612s]       |                                                                [01;31m[K^~~[m[K
[14.612s] 
[14.735s] In file included from [01m[K/usr/local/include/ddscxx/dds/topic/ContentFilteredTopic.hpp:22[m[K,
[14.735s]                  from [01m[K/usr/local/include/ddscxx/dds/topic/ddstopic.hpp:25[m[K,
[14.735s]                  from [01m[K/usr/local/include/ddscxx/dds/dds.hpp:35[m[K,
[14.735s]                  from [01m[K/usr/local/include/unitree/common/dds/dds_entity.hpp:4[m[K,
[14.736s]                  from [01m[K/usr/local/include/unitree/common/dds/dds_topic_channel.hpp:4[m[K,
[14.736s]                  from [01m[K/usr/local/include/unitree/common/dds/dds_factory_model.hpp:5[m[K,
[14.736s]                  from [01m[K/usr/local/include/unitree/robot/channel/channel_factory.hpp:4[m[K,
[14.736s]                  from [01m[K/usr/local/include/unitree/robot/channel/channel_publisher.hpp:4[m[K,
[14.736s]                  from [01m[K/home/unitree/106a_final/src/arm_driver/src/servo_driver.cpp:8[m[K:
[14.736s] [01m[K/usr/local/include/ddscxx/dds/topic/detail/ContentFilteredTopic.hpp:[m[K At global scope:
[14.736s] [01m[K/usr/local/include/ddscxx/dds/topic/detail/ContentFilteredTopic.hpp:439:52:[m[K [01;31m[Kerror: [m[K‘[01m[Kdds_topic_filter[m[K’ has not been declared
[14.736s]   439 |     void filter_function_internal(Functor && func, [01;31m[Kdds_topic_filter[m[K * flt)
[14.737s]       |                                                    [01;31m[K^~~~~~~~~~~~~~~~[m[K
[14.763s] [01m[K/usr/local/include/ddscxx/dds/topic/detail/ContentFilteredTopic.hpp:[m[K In member function ‘[01m[Kvoid dds::topic::detail::ContentFilteredTopic<T>::filter_function(Functor&&)[m[K’:
[14.763s] [01m[K/usr/local/include/ddscxx/dds/topic/detail/ContentFilteredTopic.hpp:413:9:[m[K [01;31m[Kerror: [m[K‘[01m[Kdds_topic_filter[m[K’ was not declared in this scope; did you mean ‘[01m[Kdds_topic_filter_fn[m[K’?
[14.763s]   413 |         [01;31m[Kdds_topic_filter[m[K flt;
[14.764s]       |         [01;31m[K^~~~~~~~~~~~~~~~[m[K
[14.764s]       |         [32m[Kdds_topic_filter_fn[m[K
[14.783s] [01m[K/usr/local/include/ddscxx/dds/topic/detail/ContentFilteredTopic.hpp:414:9:[m[K [01;31m[Kerror: [m[K‘[01m[Kflt[m[K’ was not declared in this scope
[14.783s]   414 |         [01;31m[Kflt[m[K.mode = DDS_TOPIC_FILTER_SAMPLE_ARG;
[14.783s]       |         [01;31m[K^~~[m[K
[14.807s] [01m[K/usr/local/include/ddscxx/dds/topic/detail/ContentFilteredTopic.hpp:414:20:[m[K [01;31m[Kerror: [m[K‘[01m[KDDS_TOPIC_FILTER_SAMPLE_ARG[m[K’ was not declared in this scope; did you mean ‘[01m[KDDS_TOPIC_FILTER_HPP_[m[K’?
[14.807s]   414 |         flt.mode = [01;31m[KDDS_TOPIC_FILTER_SAMPLE_ARG[m[K;
[14.808s]       |                    [01;31m[K^~~~~~~~~~~~~~~~~~~~~~~~~~~[m[K
[14.808s]       |                    [32m[KDDS_TOPIC_FILTER_HPP_[m[K
[14.823s] [01m[K/usr/local/include/ddscxx/dds/topic/detail/ContentFilteredTopic.hpp:[m[K In member function ‘[01m[Kvoid dds::topic::detail::ContentFilteredTopic<T>::filter_function(Functor&&)[m[K’:
[14.823s] [01m[K/usr/local/include/ddscxx/dds/topic/detail/ContentFilteredTopic.hpp:422:9:[m[K [01;31m[Kerror: [m[K‘[01m[Kdds_topic_filter[m[K’ was not declared in this scope; did you mean ‘[01m[Kdds_topic_filter_fn[m[K’?
[14.823s]   422 |         [01;31m[Kdds_topic_filter[m[K flt;
[14.823s]       |         [01;31m[K^~~~~~~~~~~~~~~~[m[K
[14.824s]       |         [32m[Kdds_topic_filter_fn[m[K
[14.834s] [01m[K/usr/local/include/ddscxx/dds/topic/detail/ContentFilteredTopic.hpp:423:9:[m[K [01;31m[Kerror: [m[K‘[01m[Kflt[m[K’ was not declared in this scope
[14.834s]   423 |         [01;31m[Kflt[m[K.mode = DDS_TOPIC_FILTER_SAMPLEINFO_ARG;
[14.834s]       |         [01;31m[K^~~[m[K
[14.872s] [01m[K/usr/local/include/ddscxx/dds/topic/detail/ContentFilteredTopic.hpp:423:20:[m[K [01;31m[Kerror: [m[K‘[01m[KDDS_TOPIC_FILTER_SAMPLEINFO_ARG[m[K’ was not declared in this scope
[14.873s]   423 |         flt.mode = [01;31m[KDDS_TOPIC_FILTER_SAMPLEINFO_ARG[m[K;
[14.873s]       |                    [01;31m[K^~~~~~~~~~~~~~~~~~~~~~~~~~~~~~~[m[K
[14.888s] [01m[K/usr/local/include/ddscxx/dds/topic/detail/ContentFilteredTopic.hpp:[m[K In member function ‘[01m[Kvoid dds::topic::detail::ContentFilteredTopic<T>::filter_function(Functor&&)[m[K’:
[14.888s] [01m[K/usr/local/include/ddscxx/dds/topic/detail/ContentFilteredTopic.hpp:431:9:[m[K [01;31m[Kerror: [m[K‘[01m[Kdds_topic_filter[m[K’ was not declared in this scope; did you mean ‘[01m[Kdds_topic_filter_fn[m[K’?
[14.889s]   431 |         [01;31m[Kdds_topic_filter[m[K flt;
[14.889s]       |         [01;31m[K^~~~~~~~~~~~~~~~[m[K
[14.889s]       |         [32m[Kdds_topic_filter_fn[m[K
[14.904s] [01m[K/usr/local/include/ddscxx/dds/topic/detail/ContentFilteredTopic.hpp:432:9:[m[K [01;31m[Kerror: [m[K‘[01m[Kflt[m[K’ was not declared in this scope
[14.904s]   432 |         [01;31m[Kflt[m[K.mode = DDS_TOPIC_FILTER_SAMPLE_SAMPLEINFO_ARG;
[14.904s]       |         [01;31m[K^~~[m[K
[14.933s] [01m[K/usr/local/include/ddscxx/dds/topic/detail/ContentFilteredTopic.hpp:432:20:[m[K [01;31m[Kerror: [m[K‘[01m[KDDS_TOPIC_FILTER_SAMPLE_SAMPLEINFO_ARG[m[K’ was not declared in this scope
[14.933s]   432 |         flt.mode = [01;31m[KDDS_TOPIC_FILTER_SAMPLE_SAMPLEINFO_ARG[m[K;
[14.933s]       |                    [01;31m[K^~~~~~~~~~~~~~~~~~~~~~~~~~~~~~~~~~~~~~[m[K
[14.933s] [01m[K/usr/local/include/ddscxx/dds/topic/detail/ContentFilteredTopic.hpp:[m[K In member function ‘[01m[Kvoid dds::topic::detail::ContentFilteredTopic<T>::filter_function_internal(Functor&&, int*)[m[K’:
[14.933s] [01m[K/usr/local/include/ddscxx/dds/topic/detail/ContentFilteredTopic.hpp:455:14:[m[K [01;31m[Kerror: [m[Krequest for member ‘[01m[Karg[m[K’ in ‘[01m[Kflt->[m[K’, which is of non-class type ‘[01m[Kint[m[K’
[14.934s]   455 |         flt->[01;31m[Karg[m[K = myFunctor;
[14.934s]       |              [01;31m[K^~~[m[K
[14.934s] [01m[K/usr/local/include/ddscxx/dds/topic/detail/ContentFilteredTopic.hpp:456:9:[m[K [01;31m[Kerror: [m[Kthere are no arguments to ‘[01m[Kdds_set_topic_filter_extended[m[K’ that depend on a template parameter, so a declaration of ‘[01m[Kdds_set_topic_filter_extended[m[K’ must be available [[01;31m[K-fpermissive[m[K]
[14.934s]   456 |         [01;31m[Kdds_set_topic_filter_extended[m[K(cfTopic, flt);
[14.934s]       |         [01;31m[K^~~~~~~~~~~~~~~~~~~~~~~~~~~~~[m[K
[15.193s] In file included from [01m[K/usr/local/include/ddscxx/dds/sub/detail/SampleRef.hpp:34[m[K,
[15.193s]                  from [01m[K/usr/local/include/ddscxx/dds/sub/SampleRef.hpp:22[m[K,
[15.193s]                  from [01m[K/usr/local/include/ddscxx/dds/sub/LoanedSamples.hpp:22[m[K,
[15.193s]                  from [01m[K/usr/local/include/ddscxx/dds/sub/detail/DataReader.hpp:21[m[K,
[15.193s]                  from [01m[K/usr/local/include/ddscxx/dds/sub/DataReader.hpp:21[m[K,
[15.194s]                  from [01m[K/usr/local/include/ddscxx/dds/sub/ddssub.hpp:30[m[K,
[15.194s]                  from [01m[K/usr/local/include/ddscxx/dds/dds.hpp:37[m[K,
[15.194s]                  from [01m[K/usr/local/include/unitree/common/dds/dds_entity.hpp:4[m[K,
[15.194s]                  from [01m[K/usr/local/include/unitree/common/dds/dds_topic_channel.hpp:4[m[K,
[15.194s]                  from [01m[K/usr/local/include/unitree/common/dds/dds_factory_model.hpp:5[m[K,
[15.194s]                  from [01m[K/usr/local/include/unitree/robot/channel/channel_factory.hpp:4[m[K,
[15.194s]                  from [01m[K/usr/local/include/unitree/robot/channel/channel_publisher.hpp:4[m[K,
[15.195s]                  from [01m[K/home/unitree/106a_final/src/arm_driver/src/servo_driver.cpp:8[m[K:
[15.195s] [01m[K/usr/local/include/ddscxx/org/eclipse/cyclonedds/topic/datatopic.hpp:[m[K In function ‘[01m[Kbool read_header(const void*, org::eclipse::cyclonedds::core::cdr::encoding_version&, org::eclipse::cyclonedds::core::cdr::endianness&)[m[K’:
[15.195s] [01m[K/usr/local/include/ddscxx/org/eclipse/cyclonedds/topic/datatopic.hpp:213:54:[m[K [01;31m[Kerror: [m[K‘[01m[KDDS_DATA_REPRESENTATION_FLAG_XCDR1[m[K’ was not declared in this scope
[15.195s]   213 |           if (TopicTraits<T>::allowableEncodings() & [01;31m[KDDS_DATA_REPRESENTATION_FLAG_XCDR1[m[K)
[15.195s]       |                                                      [01;31m[K^~~~~~~~~~~~~~~~~~~~~~~~~~~~~~~~~~[m[K
[15.299s] [01m[K/usr/local/include/ddscxx/org/eclipse/cyclonedds/topic/datatopic.hpp:[m[K In member function ‘[01m[Kvoid ddscxx_serdata<T>::populate_hash()[m[K’:
[15.299s] [01m[K/usr/local/include/ddscxx/org/eclipse/cyclonedds/topic/datatopic.hpp:766:11:[m[K [01;31m[Kerror: [m[K‘[01m[Ktype[m[K’ was not declared in this scope
[15.300s]   766 |   hash ^= [01;31m[Ktype[m[K->serdata_basehash;
[15.300s]       |           [01;31m[K^~~~[m[K
[19.291s] In file included from [01m[K/usr/local/include/ddscxx/dds/topic/detail/BuiltinTopic.hpp:23[m[K,
[19.292s]                  from [01m[K/usr/local/include/ddscxx/dds/topic/BuiltinTopic.hpp:22[m[K,
[19.293s]                  from [01m[K/usr/local/include/ddscxx/org/eclipse/cyclonedds/sub/AnyDataReaderDelegate.hpp:36[m[K,
[19.293s]                  from [01m[K/usr/local/include/ddscxx/dds/topic/detail/ContentFilteredTopic.hpp:31[m[K,
[19.294s]                  from [01m[K/usr/local/include/ddscxx/dds/topic/ContentFilteredTopic.hpp:22[m[K,
[19.295s]                  from [01m[K/usr/local/include/ddscxx/dds/topic/ddstopic.hpp:25[m[K,
[19.296s]                  from [01m[K/usr/local/include/ddscxx/dds/dds.hpp:35[m[K,
[19.297s]                  from [01m[K/usr/local/include/unitree/common/dds/dds_entity.hpp:4[m[K,
[19.297s]                  from [01m[K/usr/local/include/unitree/common/dds/dds_topic_channel.hpp:4[m[K,
[19.298s]                  from [01m[K/usr/local/include/unitree/common/dds/dds_factory_model.hpp:5[m[K,
[19.299s]                  from [01m[K/usr/local/include/unitree/robot/channel/channel_factory.hpp:4[m[K,
[19.300s]                  from [01m[K/usr/local/include/unitree/robot/channel/channel_publisher.hpp:4[m[K,
[19.301s]                  from [01m[K/home/unitree/106a_final/src/arm_driver/src/servo_driver.cpp:8[m[K:
[19.301s] /usr/local/include/ddscxx/dds/topic/detail/TTopicImpl.hpp: In instantiation of ‘[01m[Kdds::topic::detail::Topic<T>::Topic(const DomainParticipant&, const string&, const string&, const TopicQos&, dds::topic::TopicListener<T>*, const dds::core::status::StatusMask&) [with T = unitree_arm::msg::dds_::ArmString_; dds::domain::DomainParticipant = dds::domain::TDomainParticipant<org::eclipse::cyclonedds::domain::DomainParticipantDelegate>; std::string = std::__cxx11::basic_string<char>; dds::topic::qos::TopicQos = dds::core::TEntityQos<org::eclipse::cyclonedds::topic::qos::TopicQosDelegate>][m[K’:
[19.302s] [01m[K/usr/local/include/ddscxx/dds/topic/detail/TTopicImpl.hpp:84:45:[m[K   required from ‘[01m[Kdds::topic::Topic<T, DELEGATE>::Topic(const DomainParticipant&, const string&, const TopicQos&, dds::topic::TopicListener<T>*, const dds::core::status::StatusMask&) [with T = unitree_arm::msg::dds_::ArmString_; DELEGATE = dds::topic::detail::Topic; dds::domain::DomainParticipant = dds::domain::TDomainParticipant<org::eclipse::cyclonedds::domain::DomainParticipantDelegate>; std::string = std::__cxx11::basic_string<char>; dds::topic::qos::TopicQos = dds::core::TEntityQos<org::eclipse::cyclonedds::topic::qos::TopicQosDelegate>][m[K’
[19.303s] [01m[K/usr/local/include/unitree/common/dds/dds_entity.hpp:117:19:[m[K   required from ‘[01m[Kunitree::common::DdsTopic<MSG>::DdsTopic(const DdsParticipantPtr&, const string&, const unitree::common::DdsTopicQos&) [with MSG = unitree_arm::msg::dds_::ArmString_; unitree::common::DdsParticipantPtr = std::shared_ptr<unitree::common::DdsParticipant>; std::string = std::__cxx11::basic_string<char>][m[K’
[19.304s] [01m[K/usr/local/include/unitree/common/dds/dds_topic_channel.hpp:39:35:[m[K   required from ‘[01m[Kvoid unitree::common::DdsTopicChannel<MSG>::SetTopic(const DdsParticipantPtr&, const string&, const unitree::common::DdsTopicQos&) [with MSG = unitree_arm::msg::dds_::ArmString_; unitree::common::DdsParticipantPtr = std::shared_ptr<unitree::common::DdsParticipant>; std::string = std::__cxx11::basic_string<char>][m[K’
[19.305s] [01m[K/usr/local/include/unitree/common/dds/dds_factory_model.hpp:25:9:[m[K   required from ‘[01m[Kunitree::common::DdsTopicChannelPtr<MSG> unitree::common::DdsFactoryModel::CreateTopicChannel(const string&) [with MSG = unitree_arm::msg::dds_::ArmString_; unitree::common::DdsTopicChannelPtr<MSG> = std::shared_ptr<unitree::common::DdsTopicChannel<unitree_arm::msg::dds_::ArmString_> >; std::string = std::__cxx11::basic_string<char>][m[K’
[19.306s] [01m[K/usr/local/include/unitree/robot/channel/channel_factory.hpp:34:25:[m[K   required from ‘[01m[Kunitree::robot::ChannelPtr<MSG> unitree::robot::ChannelFactory::CreateSendChannel(const string&) [with MSG = unitree_arm::msg::dds_::ArmString_; unitree::robot::ChannelPtr<MSG> = std::shared_ptr<unitree::common::DdsTopicChannel<unitree_arm::msg::dds_::ArmString_> >; std::string = std::__cxx11::basic_string<char>][m[K’
[19.306s] [01m[K/usr/local/include/unitree/robot/channel/channel_publisher.hpp:20:21:[m[K   required from ‘[01m[Kvoid unitree::robot::ChannelPublisher<MSG>::InitChannel() [with MSG = unitree_arm::msg::dds_::ArmString_][m[K’
[19.307s] [01m[K/home/unitree/106a_final/src/arm_driver/src/servo_driver.cpp:25:37:[m[K   required from here
[19.308s] [01m[K/usr/local/include/ddscxx/dds/topic/detail/TTopicImpl.hpp:176:76:[m[K [01;31m[Kerror: [m[K‘[01m[KgetSerType[m[K’ is not a member of ‘[01m[Korg::eclipse::cyclonedds::topic::TopicTraits<unitree_arm::msg::dds_::ArmString_>[m[K’
[19.308s]   176 |     ser_type_ = [01;31m[Korg::eclipse::cyclonedds::topic::TopicTraits<T>::getSerType()[m[K;
[19.309s]       |                 [01;31m[K~~~~~~~~~~~~~~~~~~~~~~~~~~~~~~~~~~~~~~~~~~~~~~~~~~~~~~~~~~~^~[m[K
[19.382s] [01m[K/usr/local/include/ddscxx/dds/topic/detail/TTopicImpl.hpp:178:55:[m[K [01;31m[Kerror: [m[K‘[01m[Kdds_create_topic_sertype[m[K’ was not declared in this scope; did you mean ‘[01m[Kdds_create_topic_generic[m[K’?
[19.383s]   178 |     dds_entity_t ddsc_topic = [01;31m[Kdds_create_topic_sertype([m[K
[19.384s]       |                               [01;31m[K~~~~~~~~~~~~~~~~~~~~~~~~^[m[K
[19.385s]   179 | [01;31m[K      ddsc_par, name.c_str(), &ser_type_, ddsc_qos, NULL, NULL)[m[K;
[19.385s]       |       [01;31m[K~~~~~~~~~~~~~~~~~~~~~~~~~~~~~~~~~~~~~~~~~~~~~~~~~~~~~~~~~[m[K
[26.118s] make[2]: *** [CMakeFiles/servo_driver.dir/build.make:63: CMakeFiles/servo_driver.dir/src/servo_driver.cpp.o] Error 1
[26.119s] make[1]: *** [CMakeFiles/Makefile2:78: CMakeFiles/servo_driver.dir/all] Error 2
[26.120s] make: *** [Makefile:141: all] Error 2
[27.010s] Invoked command in '/home/unitree/106a_final/build/arm_driver' returned '2': CMAKE_PREFIX_PATH=${CMAKE_PREFIX_PATH}:/opt/ros/foxy /usr/bin/cmake --build /home/unitree/106a_final/build/arm_driver -- -j4 -l4
