[1.357s] Invoking command in '/home/unitree/106a_final/build/realsense2_camera_msgs': CMAKE_PREFIX_PATH=${CMAKE_PREFIX_PATH}:/opt/ros/foxy /usr/bin/cmake --build /home/unitree/106a_final/build/realsense2_camera_msgs -- -j4 -l4
[1.511s] [ 10%] Built target realsense2_camera_msgs__rosidl_generator_c
[1.573s] [ 12%] Built target realsense2_camera_msgs__cpp
[1.654s] [ 23%] Built target realsense2_camera_msgs__rosidl_typesupport_c
[1.718s] [ 34%] Built target realsense2_camera_msgs__rosidl_typesupport_introspection_c
[1.731s] [ 45%] Built target realsense2_camera_msgs__rosidl_typesupport_cpp
[1.748s] [ 56%] Built target realsense2_camera_msgs__rosidl_typesupport_fastrtps_cpp
[1.756s] [ 67%] Built target realsense2_camera_msgs__rosidl_typesupport_introspection_cpp
[1.841s] [ 78%] Built target realsense2_camera_msgs__rosidl_typesupport_fastrtps_c
[1.892s] [ 78%] Built target realsense2_camera_msgs
[1.949s] [ 80%] Built target realsense2_camera_msgs__py
[2.029s] [ 89%] Built target realsense2_camera_msgs__python
[2.122s] [ 92%] Built target realsense2_camera_msgs__rosidl_typesupport_c__pyext
[2.201s] [ 96%] Built target realsense2_camera_msgs__rosidl_typesupport_introspection_c__pyext
[2.208s] [100%] Built target realsense2_camera_msgs__rosidl_typesupport_fastrtps_c__pyext
[2.264s] Invoked command in '/home/unitree/106a_final/build/realsense2_camera_msgs' returned '0': CMAKE_PREFIX_PATH=${CMAKE_PREFIX_PATH}:/opt/ros/foxy /usr/bin/cmake --build /home/unitree/106a_final/build/realsense2_camera_msgs -- -j4 -l4
[2.296s] Invoking command in '/home/unitree/106a_final/build/realsense2_camera_msgs': CMAKE_PREFIX_PATH=${CMAKE_PREFIX_PATH}:/opt/ros/foxy /usr/bin/cmake --install /home/unitree/106a_final/build/realsense2_camera_msgs
[2.578s] -- Install configuration: ""
[2.578s] -- Execute custom install script
[2.579s] -- Up-to-date symlink: /home/unitree/106a_final/install/realsense2_camera_msgs/share/ament_index/resource_index/rosidl_interfaces/realsense2_camera_msgs
[2.579s] -- Up-to-date symlink: /home/unitree/106a_final/install/realsense2_camera_msgs/include/realsense2_camera_msgs/msg/detail/extrinsics__functions.h
[2.579s] -- Up-to-date symlink: /home/unitree/106a_final/install/realsense2_camera_msgs/include/realsense2_camera_msgs/msg/detail/extrinsics__struct.h
[2.579s] -- Up-to-date symlink: /home/unitree/106a_final/install/realsense2_camera_msgs/include/realsense2_camera_msgs/msg/detail/extrinsics__type_support.h
[2.579s] -- Up-to-date symlink: /home/unitree/106a_final/install/realsense2_camera_msgs/include/realsense2_camera_msgs/msg/detail/imu_info__functions.h
[2.579s] -- Up-to-date symlink: /home/unitree/106a_final/install/realsense2_camera_msgs/include/realsense2_camera_msgs/msg/detail/imu_info__struct.h
[2.579s] -- Up-to-date symlink: /home/unitree/106a_final/install/realsense2_camera_msgs/include/realsense2_camera_msgs/msg/detail/imu_info__type_support.h
[2.579s] -- Up-to-date symlink: /home/unitree/106a_final/install/realsense2_camera_msgs/include/realsense2_camera_msgs/msg/detail/metadata__functions.h
[2.580s] -- Up-to-date symlink: /home/unitree/106a_final/install/realsense2_camera_msgs/include/realsense2_camera_msgs/msg/detail/metadata__struct.h
[2.580s] -- Up-to-date symlink: /home/unitree/106a_final/install/realsense2_camera_msgs/include/realsense2_camera_msgs/msg/detail/metadata__type_support.h
[2.580s] -- Up-to-date symlink: /home/unitree/106a_final/install/realsense2_camera_msgs/include/realsense2_camera_msgs/msg/extrinsics.h
[2.580s] -- Up-to-date symlink: /home/unitree/106a_final/install/realsense2_camera_msgs/include/realsense2_camera_msgs/msg/imu_info.h
[2.580s] -- Up-to-date symlink: /home/unitree/106a_final/install/realsense2_camera_msgs/include/realsense2_camera_msgs/msg/metadata.h
[2.580s] -- Up-to-date symlink: /home/unitree/106a_final/install/realsense2_camera_msgs/include/realsense2_camera_msgs/msg/rosidl_generator_c__visibility_control.h
[2.580s] -- Up-to-date symlink: /home/unitree/106a_final/install/realsense2_camera_msgs/include/realsense2_camera_msgs/srv/detail/device_info__functions.h
[2.580s] -- Up-to-date symlink: /home/unitree/106a_final/install/realsense2_camera_msgs/include/realsense2_camera_msgs/srv/detail/device_info__struct.h
[2.580s] -- Up-to-date symlink: /home/unitree/106a_final/install/realsense2_camera_msgs/include/realsense2_camera_msgs/srv/detail/device_info__type_support.h
[2.581s] -- Up-to-date symlink: /home/unitree/106a_final/install/realsense2_camera_msgs/include/realsense2_camera_msgs/srv/device_info.h
[2.581s] -- Up-to-date symlink: /home/unitree/106a_final/install/realsense2_camera_msgs/share/realsense2_camera_msgs/environment/library_path.sh
[2.581s] -- Up-to-date symlink: /home/unitree/106a_final/install/realsense2_camera_msgs/share/realsense2_camera_msgs/environment/library_path.dsv
[2.585s] -- Up-to-date symlink: /home/unitree/106a_final/install/realsense2_camera_msgs/include/realsense2_camera_msgs/msg/detail/extrinsics__rosidl_typesupport_fastrtps_c.h
[2.585s] -- Up-to-date symlink: /home/unitree/106a_final/install/realsense2_camera_msgs/include/realsense2_camera_msgs/msg/detail/imu_info__rosidl_typesupport_fastrtps_c.h
[2.585s] -- Up-to-date symlink: /home/unitree/106a_final/install/realsense2_camera_msgs/include/realsense2_camera_msgs/msg/detail/metadata__rosidl_typesupport_fastrtps_c.h
[2.585s] -- Up-to-date symlink: /home/unitree/106a_final/install/realsense2_camera_msgs/include/realsense2_camera_msgs/msg/rosidl_typesupport_fastrtps_c__visibility_control.h
[2.586s] -- Up-to-date symlink: /home/unitree/106a_final/install/realsense2_camera_msgs/include/realsense2_camera_msgs/srv/detail/device_info__rosidl_typesupport_fastrtps_c.h
[2.586s] -- Up-to-date symlink: /home/unitree/106a_final/install/realsense2_camera_msgs/lib/librealsense2_camera_msgs__rosidl_typesupport_fastrtps_c.so
[2.586s] -- Up-to-date symlink: /home/unitree/106a_final/install/realsense2_camera_msgs/include/realsense2_camera_msgs/msg/detail/extrinsics__rosidl_typesupport_fastrtps_cpp.hpp
[2.587s] -- Up-to-date symlink: /home/unitree/106a_final/install/realsense2_camera_msgs/include/realsense2_camera_msgs/msg/detail/imu_info__rosidl_typesupport_fastrtps_cpp.hpp
[2.587s] -- Up-to-date symlink: /home/unitree/106a_final/install/realsense2_camera_msgs/include/realsense2_camera_msgs/msg/detail/metadata__rosidl_typesupport_fastrtps_cpp.hpp
[2.587s] -- Up-to-date symlink: /home/unitree/106a_final/install/realsense2_camera_msgs/include/realsense2_camera_msgs/msg/rosidl_typesupport_fastrtps_cpp__visibility_control.h
[2.587s] -- Up-to-date symlink: /home/unitree/106a_final/install/realsense2_camera_msgs/include/realsense2_camera_msgs/srv/detail/device_info__rosidl_typesupport_fastrtps_cpp.hpp
[2.587s] -- Up-to-date symlink: /home/unitree/106a_final/install/realsense2_camera_msgs/lib/librealsense2_camera_msgs__rosidl_typesupport_fastrtps_cpp.so
[2.588s] -- Up-to-date symlink: /home/unitree/106a_final/install/realsense2_camera_msgs/include/realsense2_camera_msgs/msg/detail/extrinsics__rosidl_typesupport_introspection_c.h
[2.588s] -- Up-to-date symlink: /home/unitree/106a_final/install/realsense2_camera_msgs/include/realsense2_camera_msgs/msg/detail/imu_info__rosidl_typesupport_introspection_c.h
[2.588s] -- Up-to-date symlink: /home/unitree/106a_final/install/realsense2_camera_msgs/include/realsense2_camera_msgs/msg/detail/metadata__rosidl_typesupport_introspection_c.h
[2.588s] -- Up-to-date symlink: /home/unitree/106a_final/install/realsense2_camera_msgs/include/realsense2_camera_msgs/msg/rosidl_typesupport_introspection_c__visibility_control.h
[2.588s] -- Up-to-date symlink: /home/unitree/106a_final/install/realsense2_camera_msgs/include/realsense2_camera_msgs/srv/detail/device_info__rosidl_typesupport_introspection_c.h
[2.588s] -- Up-to-date symlink: /home/unitree/106a_final/install/realsense2_camera_msgs/include/realsense2_camera_msgs/msg/detail/extrinsics__builder.hpp
[2.588s] -- Up-to-date symlink: /home/unitree/106a_final/install/realsense2_camera_msgs/include/realsense2_camera_msgs/msg/detail/extrinsics__struct.hpp
[2.588s] -- Up-to-date symlink: /home/unitree/106a_final/install/realsense2_camera_msgs/include/realsense2_camera_msgs/msg/detail/extrinsics__traits.hpp
[2.588s] -- Up-to-date symlink: /home/unitree/106a_final/install/realsense2_camera_msgs/include/realsense2_camera_msgs/msg/detail/extrinsics__type_support.hpp
[2.589s] -- Up-to-date symlink: /home/unitree/106a_final/install/realsense2_camera_msgs/include/realsense2_camera_msgs/msg/detail/imu_info__builder.hpp
[2.589s] -- Up-to-date symlink: /home/unitree/106a_final/install/realsense2_camera_msgs/include/realsense2_camera_msgs/msg/detail/imu_info__struct.hpp
[2.589s] -- Up-to-date symlink: /home/unitree/106a_final/install/realsense2_camera_msgs/include/realsense2_camera_msgs/msg/detail/imu_info__traits.hpp
[2.589s] -- Up-to-date symlink: /home/unitree/106a_final/install/realsense2_camera_msgs/include/realsense2_camera_msgs/msg/detail/imu_info__type_support.hpp
[2.589s] -- Up-to-date symlink: /home/unitree/106a_final/install/realsense2_camera_msgs/include/realsense2_camera_msgs/msg/detail/metadata__builder.hpp
[2.589s] -- Up-to-date symlink: /home/unitree/106a_final/install/realsense2_camera_msgs/include/realsense2_camera_msgs/msg/detail/metadata__struct.hpp
[2.589s] -- Up-to-date symlink: /home/unitree/106a_final/install/realsense2_camera_msgs/include/realsense2_camera_msgs/msg/detail/metadata__traits.hpp
[2.589s] -- Up-to-date symlink: /home/unitree/106a_final/install/realsense2_camera_msgs/include/realsense2_camera_msgs/msg/detail/metadata__type_support.hpp
[2.589s] -- Up-to-date symlink: /home/unitree/106a_final/install/realsense2_camera_msgs/include/realsense2_camera_msgs/msg/extrinsics.hpp
[2.590s] -- Up-to-date symlink: /home/unitree/106a_final/install/realsense2_camera_msgs/include/realsense2_camera_msgs/msg/imu_info.hpp
[2.590s] -- Up-to-date symlink: /home/unitree/106a_final/install/realsense2_camera_msgs/include/realsense2_camera_msgs/msg/metadata.hpp
[2.590s] -- Up-to-date symlink: /home/unitree/106a_final/install/realsense2_camera_msgs/include/realsense2_camera_msgs/msg/rosidl_generator_cpp__visibility_control.hpp
[2.590s] -- Up-to-date symlink: /home/unitree/106a_final/install/realsense2_camera_msgs/include/realsense2_camera_msgs/srv/detail/device_info__builder.hpp
[2.590s] -- Up-to-date symlink: /home/unitree/106a_final/install/realsense2_camera_msgs/include/realsense2_camera_msgs/srv/detail/device_info__struct.hpp
[2.590s] -- Up-to-date symlink: /home/unitree/106a_final/install/realsense2_camera_msgs/include/realsense2_camera_msgs/srv/detail/device_info__traits.hpp
[2.590s] -- Up-to-date symlink: /home/unitree/106a_final/install/realsense2_camera_msgs/include/realsense2_camera_msgs/srv/detail/device_info__type_support.hpp
[2.590s] -- Up-to-date symlink: /home/unitree/106a_final/install/realsense2_camera_msgs/include/realsense2_camera_msgs/srv/device_info.hpp
[2.590s] -- Up-to-date symlink: /home/unitree/106a_final/install/realsense2_camera_msgs/include/realsense2_camera_msgs/msg/detail/extrinsics__rosidl_typesupport_introspection_cpp.hpp
[2.591s] -- Up-to-date symlink: /home/unitree/106a_final/install/realsense2_camera_msgs/include/realsense2_camera_msgs/msg/detail/imu_info__rosidl_typesupport_introspection_cpp.hpp
[2.591s] -- Up-to-date symlink: /home/unitree/106a_final/install/realsense2_camera_msgs/include/realsense2_camera_msgs/msg/detail/metadata__rosidl_typesupport_introspection_cpp.hpp
[2.591s] -- Up-to-date symlink: /home/unitree/106a_final/install/realsense2_camera_msgs/include/realsense2_camera_msgs/srv/detail/device_info__rosidl_typesupport_introspection_cpp.hpp
[2.591s] -- Up-to-date symlink: /home/unitree/106a_final/install/realsense2_camera_msgs/share/realsense2_camera_msgs/environment/pythonpath.sh
[2.591s] -- Up-to-date symlink: /home/unitree/106a_final/install/realsense2_camera_msgs/share/realsense2_camera_msgs/environment/pythonpath.dsv
[2.591s] -- Up-to-date symlink: /home/unitree/106a_final/install/realsense2_camera_msgs/lib/python3.8/site-packages/realsense2_camera_msgs/__init__.py
[2.591s] -- Up-to-date symlink: /home/unitree/106a_final/install/realsense2_camera_msgs/lib/python3.8/site-packages/realsense2_camera_msgs/msg/__init__.py
[2.591s] -- Up-to-date symlink: /home/unitree/106a_final/install/realsense2_camera_msgs/lib/python3.8/site-packages/realsense2_camera_msgs/msg/_extrinsics.py
[2.592s] -- Up-to-date symlink: /home/unitree/106a_final/install/realsense2_camera_msgs/lib/python3.8/site-packages/realsense2_camera_msgs/msg/_imu_info.py
[2.592s] -- Up-to-date symlink: /home/unitree/106a_final/install/realsense2_camera_msgs/lib/python3.8/site-packages/realsense2_camera_msgs/msg/_metadata.py
[2.592s] -- Up-to-date symlink: /home/unitree/106a_final/install/realsense2_camera_msgs/lib/python3.8/site-packages/realsense2_camera_msgs/srv/__init__.py
[2.592s] -- Up-to-date symlink: /home/unitree/106a_final/install/realsense2_camera_msgs/lib/python3.8/site-packages/realsense2_camera_msgs/srv/_device_info.py
[2.592s] -- Up-to-date symlink: /home/unitree/106a_final/install/realsense2_camera_msgs/lib/python3.8/site-packages/realsense2_camera_msgs/realsense2_camera_msgs_s__rosidl_typesupport_fastrtps_c.cpython-38-aarch64-linux-gnu.so
[2.592s] -- Up-to-date symlink: /home/unitree/106a_final/install/realsense2_camera_msgs/lib/python3.8/site-packages/realsense2_camera_msgs/realsense2_camera_msgs_s__rosidl_typesupport_introspection_c.cpython-38-aarch64-linux-gnu.so
[2.592s] -- Up-to-date symlink: /home/unitree/106a_final/install/realsense2_camera_msgs/lib/python3.8/site-packages/realsense2_camera_msgs/realsense2_camera_msgs_s__rosidl_typesupport_c.cpython-38-aarch64-linux-gnu.so
[2.592s] -- Up-to-date symlink: /home/unitree/106a_final/install/realsense2_camera_msgs/lib/librealsense2_camera_msgs__python.so
[2.592s] -- Up-to-date symlink: /home/unitree/106a_final/install/realsense2_camera_msgs/share/realsense2_camera_msgs/msg/IMUInfo.idl
[2.593s] -- Up-to-date symlink: /home/unitree/106a_final/install/realsense2_camera_msgs/share/realsense2_camera_msgs/msg/Extrinsics.idl
[2.593s] -- Up-to-date symlink: /home/unitree/106a_final/install/realsense2_camera_msgs/share/realsense2_camera_msgs/msg/Metadata.idl
[2.593s] -- Up-to-date symlink: /home/unitree/106a_final/install/realsense2_camera_msgs/share/realsense2_camera_msgs/srv/DeviceInfo.idl
[2.593s] -- Up-to-date symlink: /home/unitree/106a_final/install/realsense2_camera_msgs/share/realsense2_camera_msgs/msg/IMUInfo.msg
[2.593s] -- Up-to-date symlink: /home/unitree/106a_final/install/realsense2_camera_msgs/share/realsense2_camera_msgs/msg/Extrinsics.msg
[2.593s] -- Up-to-date symlink: /home/unitree/106a_final/install/realsense2_camera_msgs/share/realsense2_camera_msgs/msg/Metadata.msg
[2.593s] -- Up-to-date symlink: /home/unitree/106a_final/install/realsense2_camera_msgs/share/realsense2_camera_msgs/srv/DeviceInfo.srv
[2.593s] -- Up-to-date symlink: /home/unitree/106a_final/install/realsense2_camera_msgs/share/realsense2_camera_msgs/srv/DeviceInfo_Request.msg
[2.593s] -- Up-to-date symlink: /home/unitree/106a_final/install/realsense2_camera_msgs/share/realsense2_camera_msgs/srv/DeviceInfo_Response.msg
[2.593s] -- Up-to-date symlink: /home/unitree/106a_final/install/realsense2_camera_msgs/share/ament_index/resource_index/package_run_dependencies/realsense2_camera_msgs
[2.594s] -- Up-to-date symlink: /home/unitree/106a_final/install/realsense2_camera_msgs/share/ament_index/resource_index/parent_prefix_path/realsense2_camera_msgs
[2.594s] -- Up-to-date symlink: /home/unitree/106a_final/install/realsense2_camera_msgs/share/realsense2_camera_msgs/environment/ament_prefix_path.sh
[2.594s] -- Up-to-date symlink: /home/unitree/106a_final/install/realsense2_camera_msgs/share/realsense2_camera_msgs/environment/ament_prefix_path.dsv
[2.594s] -- Up-to-date symlink: /home/unitree/106a_final/install/realsense2_camera_msgs/share/realsense2_camera_msgs/environment/path.sh
[2.595s] -- Up-to-date symlink: /home/unitree/106a_final/install/realsense2_camera_msgs/share/realsense2_camera_msgs/environment/path.dsv
[2.595s] -- Up-to-date symlink: /home/unitree/106a_final/install/realsense2_camera_msgs/share/realsense2_camera_msgs/local_setup.bash
[2.595s] -- Up-to-date symlink: /home/unitree/106a_final/install/realsense2_camera_msgs/share/realsense2_camera_msgs/local_setup.sh
[2.595s] -- Up-to-date symlink: /home/unitree/106a_final/install/realsense2_camera_msgs/share/realsense2_camera_msgs/local_setup.zsh
[2.595s] -- Up-to-date symlink: /home/unitree/106a_final/install/realsense2_camera_msgs/share/realsense2_camera_msgs/local_setup.dsv
[2.595s] -- Symlinking: /home/unitree/106a_final/install/realsense2_camera_msgs/share/realsense2_camera_msgs/package.dsv
[2.595s] -- Up-to-date symlink: /home/unitree/106a_final/install/realsense2_camera_msgs/share/ament_index/resource_index/packages/realsense2_camera_msgs
[2.595s] -- Up-to-date symlink: /home/unitree/106a_final/install/realsense2_camera_msgs/share/realsense2_camera_msgs/cmake/rosidl_cmake-extras.cmake
[2.595s] -- Up-to-date symlink: /home/unitree/106a_final/install/realsense2_camera_msgs/share/realsense2_camera_msgs/cmake/ament_cmake_export_dependencies-extras.cmake
[2.596s] -- Up-to-date symlink: /home/unitree/106a_final/install/realsense2_camera_msgs/share/realsense2_camera_msgs/cmake/ament_cmake_export_libraries-extras.cmake
[2.596s] -- Up-to-date symlink: /home/unitree/106a_final/install/realsense2_camera_msgs/share/realsense2_camera_msgs/cmake/ament_cmake_export_targets-extras.cmake
[2.596s] -- Up-to-date symlink: /home/unitree/106a_final/install/realsense2_camera_msgs/share/realsense2_camera_msgs/cmake/ament_cmake_export_include_directories-extras.cmake
[2.596s] -- Up-to-date symlink: /home/unitree/106a_final/install/realsense2_camera_msgs/share/realsense2_camera_msgs/cmake/rosidl_cmake_export_typesupport_libraries-extras.cmake
[2.596s] -- Up-to-date symlink: /home/unitree/106a_final/install/realsense2_camera_msgs/share/realsense2_camera_msgs/cmake/rosidl_cmake_export_typesupport_targets-extras.cmake
[2.596s] -- Up-to-date symlink: /home/unitree/106a_final/install/realsense2_camera_msgs/share/realsense2_camera_msgs/cmake/realsense2_camera_msgsConfig.cmake
[2.596s] -- Up-to-date symlink: /home/unitree/106a_final/install/realsense2_camera_msgs/share/realsense2_camera_msgs/cmake/realsense2_camera_msgsConfig-version.cmake
[2.596s] -- Up-to-date symlink: /home/unitree/106a_final/install/realsense2_camera_msgs/share/realsense2_camera_msgs/package.xml
[2.597s] -- Up-to-date: /home/unitree/106a_final/install/realsense2_camera_msgs/lib/librealsense2_camera_msgs__rosidl_generator_c.so
[2.597s] -- Up-to-date: /home/unitree/106a_final/install/realsense2_camera_msgs/lib/librealsense2_camera_msgs__rosidl_typesupport_introspection_c.so
[2.597s] -- Up-to-date: /home/unitree/106a_final/install/realsense2_camera_msgs/lib/librealsense2_camera_msgs__rosidl_typesupport_c.so
[2.597s] -- Up-to-date: /home/unitree/106a_final/install/realsense2_camera_msgs/lib/librealsense2_camera_msgs__rosidl_typesupport_introspection_cpp.so
[2.597s] -- Up-to-date: /home/unitree/106a_final/install/realsense2_camera_msgs/lib/librealsense2_camera_msgs__rosidl_typesupport_cpp.so
[2.597s] -- Up-to-date: /home/unitree/106a_final/install/realsense2_camera_msgs/share/realsense2_camera_msgs/cmake/realsense2_camera_msgs__rosidl_generator_cExport.cmake
[2.597s] -- Up-to-date: /home/unitree/106a_final/install/realsense2_camera_msgs/share/realsense2_camera_msgs/cmake/realsense2_camera_msgs__rosidl_generator_cExport-noconfig.cmake
[2.597s] -- Up-to-date: /home/unitree/106a_final/install/realsense2_camera_msgs/share/realsense2_camera_msgs/cmake/realsense2_camera_msgs__rosidl_typesupport_introspection_cExport.cmake
[2.597s] -- Up-to-date: /home/unitree/106a_final/install/realsense2_camera_msgs/share/realsense2_camera_msgs/cmake/realsense2_camera_msgs__rosidl_typesupport_introspection_cExport-noconfig.cmake
[2.597s] -- Up-to-date: /home/unitree/106a_final/install/realsense2_camera_msgs/share/realsense2_camera_msgs/cmake/realsense2_camera_msgs__rosidl_typesupport_cExport.cmake
[2.598s] -- Up-to-date: /home/unitree/106a_final/install/realsense2_camera_msgs/share/realsense2_camera_msgs/cmake/realsense2_camera_msgs__rosidl_typesupport_cExport-noconfig.cmake
[2.598s] -- Up-to-date: /home/unitree/106a_final/install/realsense2_camera_msgs/share/realsense2_camera_msgs/cmake/realsense2_camera_msgs__rosidl_generator_cppExport.cmake
[2.598s] -- Up-to-date: /home/unitree/106a_final/install/realsense2_camera_msgs/share/realsense2_camera_msgs/cmake/realsense2_camera_msgs__rosidl_typesupport_introspection_cppExport.cmake
[2.598s] -- Up-to-date: /home/unitree/106a_final/install/realsense2_camera_msgs/share/realsense2_camera_msgs/cmake/realsense2_camera_msgs__rosidl_typesupport_introspection_cppExport-noconfig.cmake
[2.598s] -- Up-to-date: /home/unitree/106a_final/install/realsense2_camera_msgs/share/realsense2_camera_msgs/cmake/realsense2_camera_msgs__rosidl_typesupport_cppExport.cmake
[2.598s] -- Up-to-date: /home/unitree/106a_final/install/realsense2_camera_msgs/share/realsense2_camera_msgs/cmake/realsense2_camera_msgs__rosidl_typesupport_cppExport-noconfig.cmake
[3.065s] Invoked command in '/home/unitree/106a_final/build/realsense2_camera_msgs' returned '0': CMAKE_PREFIX_PATH=${CMAKE_PREFIX_PATH}:/opt/ros/foxy /usr/bin/cmake --install /home/unitree/106a_final/build/realsense2_camera_msgs
