[5.794s] Invoking command in '/home/unitree/106a_final/src/vision_node': PYTHONPATH=/home/unitree/106a_final/build/vision_node/prefix_override:/home/unitree/106a_final/install/vision_node/lib/python3.8/site-packages:${PYTHONPATH} /usr/bin/python3 setup.py egg_info --egg-base ../../build/vision_node build --build-base /home/unitree/106a_final/build/vision_node/build install --record /home/unitree/106a_final/build/vision_node/install.log --install-scripts $base/lib/vision_node --single-version-externally-managed
[6.829s] running egg_info
[6.832s] writing ../../build/vision_node/vision_node.egg-info/PKG-INFO
[6.834s] writing dependency_links to ../../build/vision_node/vision_node.egg-info/dependency_links.txt
[6.835s] writing entry points to ../../build/vision_node/vision_node.egg-info/entry_points.txt
[6.835s] writing requirements to ../../build/vision_node/vision_node.egg-info/requires.txt
[6.835s] writing top-level names to ../../build/vision_node/vision_node.egg-info/top_level.txt
[6.930s] reading manifest file '../../build/vision_node/vision_node.egg-info/SOURCES.txt'
[6.932s] writing manifest file '../../build/vision_node/vision_node.egg-info/SOURCES.txt'
[6.932s] running build
[6.933s] running build_py
[6.933s] running install
[6.935s] running install_lib
[6.940s] running install_data
[6.940s] running install_egg_info
[6.945s] removing '/home/unitree/106a_final/install/vision_node/lib/python3.8/site-packages/vision_node-0.0.0-py3.8.egg-info' (and everything under it)
[6.945s] Copying ../../build/vision_node/vision_node.egg-info to /home/unitree/106a_final/install/vision_node/lib/python3.8/site-packages/vision_node-0.0.0-py3.8.egg-info
[6.947s] running install_scripts
[6.994s] Installing pingpong_node script to /home/unitree/106a_final/install/vision_node/lib/vision_node
[6.995s] writing list of installed files to '/home/unitree/106a_final/build/vision_node/install.log'
[7.520s] Invoked command in '/home/unitree/106a_final/src/vision_node' returned '0': PYTHONPATH=/home/unitree/106a_final/build/vision_node/prefix_override:/home/unitree/106a_final/install/vision_node/lib/python3.8/site-packages:${PYTHONPATH} /usr/bin/python3 setup.py egg_info --egg-base ../../build/vision_node build --build-base /home/unitree/106a_final/build/vision_node/build install --record /home/unitree/106a_final/build/vision_node/install.log --install-scripts $base/lib/vision_node --single-version-externally-managed
