[2.427s] Invoking command in '/home/unitree/106a_final/build/realsense2_camera_msgs': CMAKE_PREFIX_PATH=${CMAKE_PREFIX_PATH}:/home/unitree/106a_final/install/navigation_node:/home/unitree/106a_final/install/arm_control:/home/unitree/106a_final/install/vision_node:/home/unitree/106a_final/install/navigation_node_two:/home/unitree/106a_final/install/aruco_node:/opt/ros/foxy /usr/bin/cmake --build /home/unitree/106a_final/build/realsense2_camera_msgs -- -j4 -l4
[5.786s] [  1%] Built target realsense2_camera_msgs__cpp
[5.786s] [ 12%] Built target realsense2_camera_msgs__rosidl_generator_c
[5.788s] [ 23%] Built target realsense2_camera_msgs__rosidl_typesupport_fastrtps_cpp
[5.789s] [ 34%] Built target realsense2_camera_msgs__rosidl_typesupport_introspection_cpp
[5.790s] [ 45%] Built target realsense2_camera_msgs__rosidl_typesupport_cpp
[5.790s] [ 56%] Built target realsense2_camera_msgs__rosidl_typesupport_introspection_c
[5.790s] [ 67%] Built target realsense2_camera_msgs__rosidl_typesupport_c
[5.790s] [ 78%] Built target realsense2_camera_msgs__rosidl_typesupport_fastrtps_c
[5.791s] [ 78%] Built target realsense2_camera_msgs
[5.791s] [ 80%] Built target realsense2_camera_msgs__py
[5.791s] [ 89%] Built target realsense2_camera_msgs__python
[5.792s] [ 92%] Built target realsense2_camera_msgs__rosidl_typesupport_introspection_c__pyext
[5.795s] [ 96%] Built target realsense2_camera_msgs__rosidl_typesupport_fastrtps_c__pyext
[5.797s] [100%] Built target realsense2_camera_msgs__rosidl_typesupport_c__pyext
[5.798s] Invoked command in '/home/unitree/106a_final/build/realsense2_camera_msgs' returned '0': CMAKE_PREFIX_PATH=${CMAKE_PREFIX_PATH}:/home/unitree/106a_final/install/navigation_node:/home/unitree/106a_final/install/arm_control:/home/unitree/106a_final/install/vision_node:/home/unitree/106a_final/install/navigation_node_two:/home/unitree/106a_final/install/aruco_node:/opt/ros/foxy /usr/bin/cmake --build /home/unitree/106a_final/build/realsense2_camera_msgs -- -j4 -l4
[5.829s] Invoking command in '/home/unitree/106a_final/build/realsense2_camera_msgs': CMAKE_PREFIX_PATH=${CMAKE_PREFIX_PATH}:/home/unitree/106a_final/install/navigation_node:/home/unitree/106a_final/install/arm_control:/home/unitree/106a_final/install/vision_node:/home/unitree/106a_final/install/navigation_node_two:/home/unitree/106a_final/install/aruco_node:/opt/ros/foxy /usr/bin/cmake --install /home/unitree/106a_final/build/realsense2_camera_msgs
[5.858s] -- Install configuration: ""
[5.859s] -- Up-to-date: /home/unitree/106a_final/install/realsense2_camera_msgs/share/ament_index/resource_index/rosidl_interfaces/realsense2_camera_msgs
[5.859s] -- Up-to-date: /home/unitree/106a_final/install/realsense2_camera_msgs/include/realsense2_camera_msgs
[5.859s] -- Up-to-date: /home/unitree/106a_final/install/realsense2_camera_msgs/include/realsense2_camera_msgs/srv
[5.859s] -- Up-to-date: /home/unitree/106a_final/install/realsense2_camera_msgs/include/realsense2_camera_msgs/srv/device_info.h
[5.859s] -- Up-to-date: /home/unitree/106a_final/install/realsense2_camera_msgs/include/realsense2_camera_msgs/srv/detail
[5.859s] -- Up-to-date: /home/unitree/106a_final/install/realsense2_camera_msgs/include/realsense2_camera_msgs/srv/detail/device_info__functions.h
[5.860s] -- Up-to-date: /home/unitree/106a_final/install/realsense2_camera_msgs/include/realsense2_camera_msgs/srv/detail/device_info__struct.h
[5.860s] -- Up-to-date: /home/unitree/106a_final/install/realsense2_camera_msgs/include/realsense2_camera_msgs/srv/detail/device_info__type_support.h
[5.860s] -- Up-to-date: /home/unitree/106a_final/install/realsense2_camera_msgs/include/realsense2_camera_msgs/srv/detail/device_info__functions.c
[5.860s] -- Up-to-date: /home/unitree/106a_final/install/realsense2_camera_msgs/include/realsense2_camera_msgs/msg
[5.860s] -- Up-to-date: /home/unitree/106a_final/install/realsense2_camera_msgs/include/realsense2_camera_msgs/msg/imu_info.h
[5.860s] -- Up-to-date: /home/unitree/106a_final/install/realsense2_camera_msgs/include/realsense2_camera_msgs/msg/rosidl_generator_c__visibility_control.h
[5.860s] -- Up-to-date: /home/unitree/106a_final/install/realsense2_camera_msgs/include/realsense2_camera_msgs/msg/extrinsics.h
[5.860s] -- Up-to-date: /home/unitree/106a_final/install/realsense2_camera_msgs/include/realsense2_camera_msgs/msg/metadata.h
[5.860s] -- Up-to-date: /home/unitree/106a_final/install/realsense2_camera_msgs/include/realsense2_camera_msgs/msg/detail
[5.861s] -- Up-to-date: /home/unitree/106a_final/install/realsense2_camera_msgs/include/realsense2_camera_msgs/msg/detail/extrinsics__type_support.h
[5.861s] -- Up-to-date: /home/unitree/106a_final/install/realsense2_camera_msgs/include/realsense2_camera_msgs/msg/detail/metadata__struct.h
[5.861s] -- Up-to-date: /home/unitree/106a_final/install/realsense2_camera_msgs/include/realsense2_camera_msgs/msg/detail/metadata__functions.h
[5.862s] -- Up-to-date: /home/unitree/106a_final/install/realsense2_camera_msgs/include/realsense2_camera_msgs/msg/detail/imu_info__functions.c
[5.862s] -- Up-to-date: /home/unitree/106a_final/install/realsense2_camera_msgs/include/realsense2_camera_msgs/msg/detail/metadata__type_support.h
[5.862s] -- Up-to-date: /home/unitree/106a_final/install/realsense2_camera_msgs/include/realsense2_camera_msgs/msg/detail/imu_info__struct.h
[5.862s] -- Up-to-date: /home/unitree/106a_final/install/realsense2_camera_msgs/include/realsense2_camera_msgs/msg/detail/extrinsics__functions.c
[5.862s] -- Up-to-date: /home/unitree/106a_final/install/realsense2_camera_msgs/include/realsense2_camera_msgs/msg/detail/extrinsics__functions.h
[5.862s] -- Up-to-date: /home/unitree/106a_final/install/realsense2_camera_msgs/include/realsense2_camera_msgs/msg/detail/metadata__functions.c
[5.863s] -- Up-to-date: /home/unitree/106a_final/install/realsense2_camera_msgs/include/realsense2_camera_msgs/msg/detail/imu_info__type_support.h
[5.863s] -- Up-to-date: /home/unitree/106a_final/install/realsense2_camera_msgs/include/realsense2_camera_msgs/msg/detail/imu_info__functions.h
[5.863s] -- Up-to-date: /home/unitree/106a_final/install/realsense2_camera_msgs/include/realsense2_camera_msgs/msg/detail/extrinsics__struct.h
[5.863s] -- Up-to-date: /home/unitree/106a_final/install/realsense2_camera_msgs/share/realsense2_camera_msgs/environment/library_path.sh
[5.863s] -- Up-to-date: /home/unitree/106a_final/install/realsense2_camera_msgs/share/realsense2_camera_msgs/environment/library_path.dsv
[5.863s] -- Up-to-date: /home/unitree/106a_final/install/realsense2_camera_msgs/lib/librealsense2_camera_msgs__rosidl_generator_c.so
[5.864s] -- Up-to-date: /home/unitree/106a_final/install/realsense2_camera_msgs/include/realsense2_camera_msgs
[5.865s] -- Up-to-date: /home/unitree/106a_final/install/realsense2_camera_msgs/include/realsense2_camera_msgs/srv
[5.865s] -- Up-to-date: /home/unitree/106a_final/install/realsense2_camera_msgs/include/realsense2_camera_msgs/srv/detail
[5.866s] -- Up-to-date: /home/unitree/106a_final/install/realsense2_camera_msgs/include/realsense2_camera_msgs/srv/detail/device_info__rosidl_typesupport_fastrtps_c.h
[5.866s] -- Up-to-date: /home/unitree/106a_final/install/realsense2_camera_msgs/include/realsense2_camera_msgs/msg
[5.867s] -- Up-to-date: /home/unitree/106a_final/install/realsense2_camera_msgs/include/realsense2_camera_msgs/msg/rosidl_typesupport_fastrtps_c__visibility_control.h
[5.867s] -- Up-to-date: /home/unitree/106a_final/install/realsense2_camera_msgs/include/realsense2_camera_msgs/msg/detail
[5.867s] -- Up-to-date: /home/unitree/106a_final/install/realsense2_camera_msgs/include/realsense2_camera_msgs/msg/detail/metadata__rosidl_typesupport_fastrtps_c.h
[5.867s] -- Up-to-date: /home/unitree/106a_final/install/realsense2_camera_msgs/include/realsense2_camera_msgs/msg/detail/imu_info__rosidl_typesupport_fastrtps_c.h
[5.868s] -- Up-to-date: /home/unitree/106a_final/install/realsense2_camera_msgs/include/realsense2_camera_msgs/msg/detail/extrinsics__rosidl_typesupport_fastrtps_c.h
[5.868s] -- Up-to-date: /home/unitree/106a_final/install/realsense2_camera_msgs/lib/librealsense2_camera_msgs__rosidl_typesupport_fastrtps_c.so
[5.868s] -- Up-to-date: /home/unitree/106a_final/install/realsense2_camera_msgs/include/realsense2_camera_msgs
[5.868s] -- Up-to-date: /home/unitree/106a_final/install/realsense2_camera_msgs/include/realsense2_camera_msgs/srv
[5.868s] -- Up-to-date: /home/unitree/106a_final/install/realsense2_camera_msgs/include/realsense2_camera_msgs/srv/detail
[5.869s] -- Up-to-date: /home/unitree/106a_final/install/realsense2_camera_msgs/include/realsense2_camera_msgs/srv/detail/device_info__rosidl_typesupport_fastrtps_cpp.hpp
[5.875s] -- Up-to-date: /home/unitree/106a_final/install/realsense2_camera_msgs/include/realsense2_camera_msgs/srv/detail/dds_fastrtps
[5.876s] -- Up-to-date: /home/unitree/106a_final/install/realsense2_camera_msgs/include/realsense2_camera_msgs/msg
[5.882s] -- Up-to-date: /home/unitree/106a_final/install/realsense2_camera_msgs/include/realsense2_camera_msgs/msg/rosidl_typesupport_fastrtps_cpp__visibility_control.h
[5.884s] -- Up-to-date: /home/unitree/106a_final/install/realsense2_camera_msgs/include/realsense2_camera_msgs/msg/detail
[5.884s] -- Up-to-date: /home/unitree/106a_final/install/realsense2_camera_msgs/include/realsense2_camera_msgs/msg/detail/imu_info__rosidl_typesupport_fastrtps_cpp.hpp
[5.885s] -- Up-to-date: /home/unitree/106a_final/install/realsense2_camera_msgs/include/realsense2_camera_msgs/msg/detail/metadata__rosidl_typesupport_fastrtps_cpp.hpp
[5.885s] -- Up-to-date: /home/unitree/106a_final/install/realsense2_camera_msgs/include/realsense2_camera_msgs/msg/detail/extrinsics__rosidl_typesupport_fastrtps_cpp.hpp
[5.885s] -- Up-to-date: /home/unitree/106a_final/install/realsense2_camera_msgs/include/realsense2_camera_msgs/msg/detail/dds_fastrtps
[5.885s] -- Up-to-date: /home/unitree/106a_final/install/realsense2_camera_msgs/lib/librealsense2_camera_msgs__rosidl_typesupport_fastrtps_cpp.so
[5.885s] -- Up-to-date: /home/unitree/106a_final/install/realsense2_camera_msgs/include/realsense2_camera_msgs
[5.885s] -- Up-to-date: /home/unitree/106a_final/install/realsense2_camera_msgs/include/realsense2_camera_msgs/srv
[5.885s] -- Up-to-date: /home/unitree/106a_final/install/realsense2_camera_msgs/include/realsense2_camera_msgs/srv/detail
[5.886s] -- Up-to-date: /home/unitree/106a_final/install/realsense2_camera_msgs/include/realsense2_camera_msgs/srv/detail/device_info__type_support.c
[5.886s] -- Up-to-date: /home/unitree/106a_final/install/realsense2_camera_msgs/include/realsense2_camera_msgs/srv/detail/device_info__rosidl_typesupport_introspection_c.h
[5.886s] -- Up-to-date: /home/unitree/106a_final/install/realsense2_camera_msgs/include/realsense2_camera_msgs/msg
[5.886s] -- Up-to-date: /home/unitree/106a_final/install/realsense2_camera_msgs/include/realsense2_camera_msgs/msg/rosidl_typesupport_introspection_c__visibility_control.h
[5.886s] -- Up-to-date: /home/unitree/106a_final/install/realsense2_camera_msgs/include/realsense2_camera_msgs/msg/detail
[5.886s] -- Up-to-date: /home/unitree/106a_final/install/realsense2_camera_msgs/include/realsense2_camera_msgs/msg/detail/imu_info__rosidl_typesupport_introspection_c.h
[5.886s] -- Up-to-date: /home/unitree/106a_final/install/realsense2_camera_msgs/include/realsense2_camera_msgs/msg/detail/metadata__type_support.c
[5.886s] -- Up-to-date: /home/unitree/106a_final/install/realsense2_camera_msgs/include/realsense2_camera_msgs/msg/detail/metadata__rosidl_typesupport_introspection_c.h
[5.887s] -- Up-to-date: /home/unitree/106a_final/install/realsense2_camera_msgs/include/realsense2_camera_msgs/msg/detail/imu_info__type_support.c
[5.887s] -- Up-to-date: /home/unitree/106a_final/install/realsense2_camera_msgs/include/realsense2_camera_msgs/msg/detail/extrinsics__rosidl_typesupport_introspection_c.h
[5.887s] -- Up-to-date: /home/unitree/106a_final/install/realsense2_camera_msgs/include/realsense2_camera_msgs/msg/detail/extrinsics__type_support.c
[5.887s] -- Up-to-date: /home/unitree/106a_final/install/realsense2_camera_msgs/lib/librealsense2_camera_msgs__rosidl_typesupport_introspection_c.so
[5.887s] -- Up-to-date: /home/unitree/106a_final/install/realsense2_camera_msgs/lib/librealsense2_camera_msgs__rosidl_typesupport_c.so
[5.890s] -- Up-to-date: /home/unitree/106a_final/install/realsense2_camera_msgs/include/realsense2_camera_msgs
[5.890s] -- Up-to-date: /home/unitree/106a_final/install/realsense2_camera_msgs/include/realsense2_camera_msgs/srv
[5.891s] -- Up-to-date: /home/unitree/106a_final/install/realsense2_camera_msgs/include/realsense2_camera_msgs/srv/device_info.hpp
[5.891s] -- Up-to-date: /home/unitree/106a_final/install/realsense2_camera_msgs/include/realsense2_camera_msgs/srv/detail
[5.891s] -- Up-to-date: /home/unitree/106a_final/install/realsense2_camera_msgs/include/realsense2_camera_msgs/srv/detail/device_info__type_support.hpp
[5.893s] -- Up-to-date: /home/unitree/106a_final/install/realsense2_camera_msgs/include/realsense2_camera_msgs/srv/detail/device_info__traits.hpp
[5.897s] -- Up-to-date: /home/unitree/106a_final/install/realsense2_camera_msgs/include/realsense2_camera_msgs/srv/detail/device_info__builder.hpp
[5.897s] -- Up-to-date: /home/unitree/106a_final/install/realsense2_camera_msgs/include/realsense2_camera_msgs/srv/detail/device_info__struct.hpp
[5.897s] -- Up-to-date: /home/unitree/106a_final/install/realsense2_camera_msgs/include/realsense2_camera_msgs/msg
[5.897s] -- Up-to-date: /home/unitree/106a_final/install/realsense2_camera_msgs/include/realsense2_camera_msgs/msg/imu_info.hpp
[5.898s] -- Up-to-date: /home/unitree/106a_final/install/realsense2_camera_msgs/include/realsense2_camera_msgs/msg/extrinsics.hpp
[5.898s] -- Up-to-date: /home/unitree/106a_final/install/realsense2_camera_msgs/include/realsense2_camera_msgs/msg/detail
[5.898s] -- Up-to-date: /home/unitree/106a_final/install/realsense2_camera_msgs/include/realsense2_camera_msgs/msg/detail/metadata__traits.hpp
[5.898s] -- Up-to-date: /home/unitree/106a_final/install/realsense2_camera_msgs/include/realsense2_camera_msgs/msg/detail/imu_info__struct.hpp
[5.898s] -- Up-to-date: /home/unitree/106a_final/install/realsense2_camera_msgs/include/realsense2_camera_msgs/msg/detail/metadata__builder.hpp
[5.898s] -- Up-to-date: /home/unitree/106a_final/install/realsense2_camera_msgs/include/realsense2_camera_msgs/msg/detail/extrinsics__struct.hpp
[5.898s] -- Up-to-date: /home/unitree/106a_final/install/realsense2_camera_msgs/include/realsense2_camera_msgs/msg/detail/metadata__type_support.hpp
[5.898s] -- Up-to-date: /home/unitree/106a_final/install/realsense2_camera_msgs/include/realsense2_camera_msgs/msg/detail/imu_info__type_support.hpp
[5.899s] -- Up-to-date: /home/unitree/106a_final/install/realsense2_camera_msgs/include/realsense2_camera_msgs/msg/detail/extrinsics__traits.hpp
[5.899s] -- Up-to-date: /home/unitree/106a_final/install/realsense2_camera_msgs/include/realsense2_camera_msgs/msg/detail/metadata__struct.hpp
[5.899s] -- Up-to-date: /home/unitree/106a_final/install/realsense2_camera_msgs/include/realsense2_camera_msgs/msg/detail/extrinsics__type_support.hpp
[5.899s] -- Up-to-date: /home/unitree/106a_final/install/realsense2_camera_msgs/include/realsense2_camera_msgs/msg/detail/extrinsics__builder.hpp
[5.899s] -- Up-to-date: /home/unitree/106a_final/install/realsense2_camera_msgs/include/realsense2_camera_msgs/msg/detail/imu_info__traits.hpp
[5.899s] -- Up-to-date: /home/unitree/106a_final/install/realsense2_camera_msgs/include/realsense2_camera_msgs/msg/detail/imu_info__builder.hpp
[5.900s] -- Up-to-date: /home/unitree/106a_final/install/realsense2_camera_msgs/include/realsense2_camera_msgs/msg/rosidl_generator_cpp__visibility_control.hpp
[5.900s] -- Up-to-date: /home/unitree/106a_final/install/realsense2_camera_msgs/include/realsense2_camera_msgs/msg/metadata.hpp
[5.900s] -- Up-to-date: /home/unitree/106a_final/install/realsense2_camera_msgs/include/realsense2_camera_msgs
[5.900s] -- Up-to-date: /home/unitree/106a_final/install/realsense2_camera_msgs/include/realsense2_camera_msgs/srv
[5.900s] -- Up-to-date: /home/unitree/106a_final/install/realsense2_camera_msgs/include/realsense2_camera_msgs/srv/detail
[5.900s] -- Up-to-date: /home/unitree/106a_final/install/realsense2_camera_msgs/include/realsense2_camera_msgs/srv/detail/device_info__rosidl_typesupport_introspection_cpp.hpp
[5.900s] -- Up-to-date: /home/unitree/106a_final/install/realsense2_camera_msgs/include/realsense2_camera_msgs/srv/detail/device_info__type_support.cpp
[5.900s] -- Up-to-date: /home/unitree/106a_final/install/realsense2_camera_msgs/include/realsense2_camera_msgs/msg
[5.901s] -- Up-to-date: /home/unitree/106a_final/install/realsense2_camera_msgs/include/realsense2_camera_msgs/msg/detail
[5.901s] -- Up-to-date: /home/unitree/106a_final/install/realsense2_camera_msgs/include/realsense2_camera_msgs/msg/detail/metadata__rosidl_typesupport_introspection_cpp.hpp
[5.901s] -- Up-to-date: /home/unitree/106a_final/install/realsense2_camera_msgs/include/realsense2_camera_msgs/msg/detail/metadata__type_support.cpp
[5.901s] -- Up-to-date: /home/unitree/106a_final/install/realsense2_camera_msgs/include/realsense2_camera_msgs/msg/detail/imu_info__rosidl_typesupport_introspection_cpp.hpp
[5.901s] -- Up-to-date: /home/unitree/106a_final/install/realsense2_camera_msgs/include/realsense2_camera_msgs/msg/detail/extrinsics__type_support.cpp
[5.901s] -- Up-to-date: /home/unitree/106a_final/install/realsense2_camera_msgs/include/realsense2_camera_msgs/msg/detail/extrinsics__rosidl_typesupport_introspection_cpp.hpp
[5.901s] -- Up-to-date: /home/unitree/106a_final/install/realsense2_camera_msgs/include/realsense2_camera_msgs/msg/detail/imu_info__type_support.cpp
[5.901s] -- Up-to-date: /home/unitree/106a_final/install/realsense2_camera_msgs/lib/librealsense2_camera_msgs__rosidl_typesupport_introspection_cpp.so
[5.902s] -- Up-to-date: /home/unitree/106a_final/install/realsense2_camera_msgs/lib/librealsense2_camera_msgs__rosidl_typesupport_cpp.so
[5.902s] -- Up-to-date: /home/unitree/106a_final/install/realsense2_camera_msgs/share/realsense2_camera_msgs/environment/pythonpath.sh
[5.902s] -- Up-to-date: /home/unitree/106a_final/install/realsense2_camera_msgs/share/realsense2_camera_msgs/environment/pythonpath.dsv
[5.902s] -- Up-to-date: /home/unitree/106a_final/install/realsense2_camera_msgs/lib/python3.8/site-packages/realsense2_camera_msgs/__init__.py
[6.027s] -- Up-to-date: /home/unitree/106a_final/install/realsense2_camera_msgs/lib/python3.8/site-packages/realsense2_camera_msgs/msg
[6.028s] -- Up-to-date: /home/unitree/106a_final/install/realsense2_camera_msgs/lib/python3.8/site-packages/realsense2_camera_msgs/msg/_metadata.py
[6.029s] -- Up-to-date: /home/unitree/106a_final/install/realsense2_camera_msgs/lib/python3.8/site-packages/realsense2_camera_msgs/msg/_metadata_s.c
[6.029s] -- Up-to-date: /home/unitree/106a_final/install/realsense2_camera_msgs/lib/python3.8/site-packages/realsense2_camera_msgs/msg/__init__.py
[6.029s] -- Up-to-date: /home/unitree/106a_final/install/realsense2_camera_msgs/lib/python3.8/site-packages/realsense2_camera_msgs/msg/_extrinsics.py
[6.029s] -- Up-to-date: /home/unitree/106a_final/install/realsense2_camera_msgs/lib/python3.8/site-packages/realsense2_camera_msgs/msg/_extrinsics_s.c
[6.029s] -- Up-to-date: /home/unitree/106a_final/install/realsense2_camera_msgs/lib/python3.8/site-packages/realsense2_camera_msgs/msg/_imu_info_s.c
[6.029s] -- Up-to-date: /home/unitree/106a_final/install/realsense2_camera_msgs/lib/python3.8/site-packages/realsense2_camera_msgs/msg/_imu_info.py
[6.029s] -- Up-to-date: /home/unitree/106a_final/install/realsense2_camera_msgs/lib/python3.8/site-packages/realsense2_camera_msgs/srv
[6.031s] -- Up-to-date: /home/unitree/106a_final/install/realsense2_camera_msgs/lib/python3.8/site-packages/realsense2_camera_msgs/srv/_device_info_s.c
[6.032s] -- Up-to-date: /home/unitree/106a_final/install/realsense2_camera_msgs/lib/python3.8/site-packages/realsense2_camera_msgs/srv/__init__.py
[6.032s] -- Up-to-date: /home/unitree/106a_final/install/realsense2_camera_msgs/lib/python3.8/site-packages/realsense2_camera_msgs/srv/_device_info.py
[6.035s] -- Up-to-date: /home/unitree/106a_final/install/realsense2_camera_msgs/lib/python3.8/site-packages/realsense2_camera_msgs/realsense2_camera_msgs_s__rosidl_typesupport_fastrtps_c.cpython-38-aarch64-linux-gnu.so
[6.038s] -- Up-to-date: /home/unitree/106a_final/install/realsense2_camera_msgs/lib/python3.8/site-packages/realsense2_camera_msgs/realsense2_camera_msgs_s__rosidl_typesupport_introspection_c.cpython-38-aarch64-linux-gnu.so
[6.041s] -- Up-to-date: /home/unitree/106a_final/install/realsense2_camera_msgs/lib/python3.8/site-packages/realsense2_camera_msgs/realsense2_camera_msgs_s__rosidl_typesupport_c.cpython-38-aarch64-linux-gnu.so
[6.043s] -- Up-to-date: /home/unitree/106a_final/install/realsense2_camera_msgs/lib/librealsense2_camera_msgs__python.so
[6.044s] -- Up-to-date: /home/unitree/106a_final/install/realsense2_camera_msgs/share/realsense2_camera_msgs/msg/IMUInfo.idl
[6.045s] -- Up-to-date: /home/unitree/106a_final/install/realsense2_camera_msgs/share/realsense2_camera_msgs/msg/Extrinsics.idl
[6.045s] -- Up-to-date: /home/unitree/106a_final/install/realsense2_camera_msgs/share/realsense2_camera_msgs/msg/Metadata.idl
[6.045s] -- Up-to-date: /home/unitree/106a_final/install/realsense2_camera_msgs/share/realsense2_camera_msgs/srv/DeviceInfo.idl
[6.045s] -- Up-to-date: /home/unitree/106a_final/install/realsense2_camera_msgs/share/realsense2_camera_msgs/msg/IMUInfo.msg
[6.045s] -- Up-to-date: /home/unitree/106a_final/install/realsense2_camera_msgs/share/realsense2_camera_msgs/msg/Extrinsics.msg
[6.046s] -- Up-to-date: /home/unitree/106a_final/install/realsense2_camera_msgs/share/realsense2_camera_msgs/msg/Metadata.msg
[6.046s] -- Up-to-date: /home/unitree/106a_final/install/realsense2_camera_msgs/share/realsense2_camera_msgs/srv/DeviceInfo.srv
[6.046s] -- Up-to-date: /home/unitree/106a_final/install/realsense2_camera_msgs/share/realsense2_camera_msgs/srv/DeviceInfo_Request.msg
[6.046s] -- Up-to-date: /home/unitree/106a_final/install/realsense2_camera_msgs/share/realsense2_camera_msgs/srv/DeviceInfo_Response.msg
[6.046s] -- Up-to-date: /home/unitree/106a_final/install/realsense2_camera_msgs/share/ament_index/resource_index/package_run_dependencies/realsense2_camera_msgs
[6.047s] -- Up-to-date: /home/unitree/106a_final/install/realsense2_camera_msgs/share/ament_index/resource_index/parent_prefix_path/realsense2_camera_msgs
[6.047s] -- Up-to-date: /home/unitree/106a_final/install/realsense2_camera_msgs/share/realsense2_camera_msgs/environment/ament_prefix_path.sh
[6.047s] -- Up-to-date: /home/unitree/106a_final/install/realsense2_camera_msgs/share/realsense2_camera_msgs/environment/ament_prefix_path.dsv
[6.047s] -- Up-to-date: /home/unitree/106a_final/install/realsense2_camera_msgs/share/realsense2_camera_msgs/environment/path.sh
[6.048s] -- Up-to-date: /home/unitree/106a_final/install/realsense2_camera_msgs/share/realsense2_camera_msgs/environment/path.dsv
[6.048s] -- Up-to-date: /home/unitree/106a_final/install/realsense2_camera_msgs/share/realsense2_camera_msgs/local_setup.bash
[6.048s] -- Up-to-date: /home/unitree/106a_final/install/realsense2_camera_msgs/share/realsense2_camera_msgs/local_setup.sh
[6.048s] -- Up-to-date: /home/unitree/106a_final/install/realsense2_camera_msgs/share/realsense2_camera_msgs/local_setup.zsh
[6.048s] -- Up-to-date: /home/unitree/106a_final/install/realsense2_camera_msgs/share/realsense2_camera_msgs/local_setup.dsv
[6.048s] -- Installing: /home/unitree/106a_final/install/realsense2_camera_msgs/share/realsense2_camera_msgs/package.dsv
[6.049s] -- Up-to-date: /home/unitree/106a_final/install/realsense2_camera_msgs/share/ament_index/resource_index/packages/realsense2_camera_msgs
[6.050s] -- Up-to-date: /home/unitree/106a_final/install/realsense2_camera_msgs/share/realsense2_camera_msgs/cmake/realsense2_camera_msgs__rosidl_generator_cExport.cmake
[6.050s] -- Up-to-date: /home/unitree/106a_final/install/realsense2_camera_msgs/share/realsense2_camera_msgs/cmake/realsense2_camera_msgs__rosidl_generator_cExport-noconfig.cmake
[6.051s] -- Up-to-date: /home/unitree/106a_final/install/realsense2_camera_msgs/share/realsense2_camera_msgs/cmake/realsense2_camera_msgs__rosidl_typesupport_introspection_cExport.cmake
[6.052s] -- Up-to-date: /home/unitree/106a_final/install/realsense2_camera_msgs/share/realsense2_camera_msgs/cmake/realsense2_camera_msgs__rosidl_typesupport_introspection_cExport-noconfig.cmake
[6.052s] -- Up-to-date: /home/unitree/106a_final/install/realsense2_camera_msgs/share/realsense2_camera_msgs/cmake/realsense2_camera_msgs__rosidl_typesupport_cExport.cmake
[6.053s] -- Up-to-date: /home/unitree/106a_final/install/realsense2_camera_msgs/share/realsense2_camera_msgs/cmake/realsense2_camera_msgs__rosidl_typesupport_cExport-noconfig.cmake
[6.053s] -- Up-to-date: /home/unitree/106a_final/install/realsense2_camera_msgs/share/realsense2_camera_msgs/cmake/realsense2_camera_msgs__rosidl_generator_cppExport.cmake
[6.054s] -- Up-to-date: /home/unitree/106a_final/install/realsense2_camera_msgs/share/realsense2_camera_msgs/cmake/realsense2_camera_msgs__rosidl_typesupport_introspection_cppExport.cmake
[6.054s] -- Up-to-date: /home/unitree/106a_final/install/realsense2_camera_msgs/share/realsense2_camera_msgs/cmake/realsense2_camera_msgs__rosidl_typesupport_introspection_cppExport-noconfig.cmake
[6.055s] -- Up-to-date: /home/unitree/106a_final/install/realsense2_camera_msgs/share/realsense2_camera_msgs/cmake/realsense2_camera_msgs__rosidl_typesupport_cppExport.cmake
[6.055s] -- Up-to-date: /home/unitree/106a_final/install/realsense2_camera_msgs/share/realsense2_camera_msgs/cmake/realsense2_camera_msgs__rosidl_typesupport_cppExport-noconfig.cmake
[6.055s] -- Up-to-date: /home/unitree/106a_final/install/realsense2_camera_msgs/share/realsense2_camera_msgs/cmake/rosidl_cmake-extras.cmake
[6.056s] -- Up-to-date: /home/unitree/106a_final/install/realsense2_camera_msgs/share/realsense2_camera_msgs/cmake/ament_cmake_export_dependencies-extras.cmake
[6.056s] -- Up-to-date: /home/unitree/106a_final/install/realsense2_camera_msgs/share/realsense2_camera_msgs/cmake/ament_cmake_export_libraries-extras.cmake
[6.056s] -- Up-to-date: /home/unitree/106a_final/install/realsense2_camera_msgs/share/realsense2_camera_msgs/cmake/ament_cmake_export_targets-extras.cmake
[6.056s] -- Up-to-date: /home/unitree/106a_final/install/realsense2_camera_msgs/share/realsense2_camera_msgs/cmake/ament_cmake_export_include_directories-extras.cmake
[6.056s] -- Up-to-date: /home/unitree/106a_final/install/realsense2_camera_msgs/share/realsense2_camera_msgs/cmake/rosidl_cmake_export_typesupport_libraries-extras.cmake
[6.057s] -- Up-to-date: /home/unitree/106a_final/install/realsense2_camera_msgs/share/realsense2_camera_msgs/cmake/rosidl_cmake_export_typesupport_targets-extras.cmake
[6.057s] -- Up-to-date: /home/unitree/106a_final/install/realsense2_camera_msgs/share/realsense2_camera_msgs/cmake/realsense2_camera_msgsConfig.cmake
[6.057s] -- Up-to-date: /home/unitree/106a_final/install/realsense2_camera_msgs/share/realsense2_camera_msgs/cmake/realsense2_camera_msgsConfig-version.cmake
[6.058s] -- Up-to-date: /home/unitree/106a_final/install/realsense2_camera_msgs/share/realsense2_camera_msgs/package.xml
[6.064s] Invoked command in '/home/unitree/106a_final/build/realsense2_camera_msgs' returned '0': CMAKE_PREFIX_PATH=${CMAKE_PREFIX_PATH}:/home/unitree/106a_final/install/navigation_node:/home/unitree/106a_final/install/arm_control:/home/unitree/106a_final/install/vision_node:/home/unitree/106a_final/install/navigation_node_two:/home/unitree/106a_final/install/aruco_node:/opt/ros/foxy /usr/bin/cmake --install /home/unitree/106a_final/build/realsense2_camera_msgs
