[12.128s] Invoking command in '/home/unitree/106a_final/src/aruco_node': PYTHONPATH=/home/unitree/106a_final/build/aruco_node/prefix_override:/home/unitree/106a_final/install/aruco_node/lib/python3.8/site-packages:${PYTHONPATH} /usr/bin/python3 setup.py egg_info --egg-base ../../build/aruco_node build --build-base /home/unitree/106a_final/build/aruco_node/build install --record /home/unitree/106a_final/build/aruco_node/install.log --single-version-externally-managed
[13.578s] running egg_info
[13.596s] writing ../../build/aruco_node/aruco_node.egg-info/PKG-INFO
[13.597s] writing dependency_links to ../../build/aruco_node/aruco_node.egg-info/dependency_links.txt
[13.601s] writing entry points to ../../build/aruco_node/aruco_node.egg-info/entry_points.txt
[13.603s] writing requirements to ../../build/aruco_node/aruco_node.egg-info/requires.txt
[13.604s] writing top-level names to ../../build/aruco_node/aruco_node.egg-info/top_level.txt
[13.828s] reading manifest file '../../build/aruco_node/aruco_node.egg-info/SOURCES.txt'
[13.829s] writing manifest file '../../build/aruco_node/aruco_node.egg-info/SOURCES.txt'
[13.829s] running build
[13.829s] running build_py
[13.829s] running install
[13.829s] running install_lib
[13.829s] running install_data
[13.829s] running install_egg_info
[13.830s] removing '/home/unitree/106a_final/install/aruco_node/lib/python3.8/site-packages/aruco_node-0.0.0-py3.8.egg-info' (and everything under it)
[13.830s] Copying ../../build/aruco_node/aruco_node.egg-info to /home/unitree/106a_final/install/aruco_node/lib/python3.8/site-packages/aruco_node-0.0.0-py3.8.egg-info
[13.830s] running install_scripts
[13.886s] Installing aruco script to /home/unitree/106a_final/install/aruco_node/lib/aruco_node
[13.887s] writing list of installed files to '/home/unitree/106a_final/build/aruco_node/install.log'
[15.176s] Invoked command in '/home/unitree/106a_final/src/aruco_node' returned '0': PYTHONPATH=/home/unitree/106a_final/build/aruco_node/prefix_override:/home/unitree/106a_final/install/aruco_node/lib/python3.8/site-packages:${PYTHONPATH} /usr/bin/python3 setup.py egg_info --egg-base ../../build/aruco_node build --build-base /home/unitree/106a_final/build/aruco_node/build install --record /home/unitree/106a_final/build/aruco_node/install.log --single-version-externally-managed
