[6.889s] Invoking command in '/home/unitree/106a_final/src/navigation_node_two': PYTHONPATH=/home/unitree/106a_final/build/navigation_node_two/prefix_override:/home/unitree/106a_final/install/navigation_node_two/lib/python3.8/site-packages:${PYTHONPATH} /usr/bin/python3 setup.py egg_info --egg-base ../../build/navigation_node_two build --build-base /home/unitree/106a_final/build/navigation_node_two/build install --record /home/unitree/106a_final/build/navigation_node_two/install.log --install-scripts $base/lib/navigation_node_two --single-version-externally-managed
[8.540s] running egg_info
[8.540s] writing ../../build/navigation_node_two/navigation_node_two.egg-info/PKG-INFO
[8.540s] writing dependency_links to ../../build/navigation_node_two/navigation_node_two.egg-info/dependency_links.txt
[8.541s] writing entry points to ../../build/navigation_node_two/navigation_node_two.egg-info/entry_points.txt
[8.541s] writing requirements to ../../build/navigation_node_two/navigation_node_two.egg-info/requires.txt
[8.541s] writing top-level names to ../../build/navigation_node_two/navigation_node_two.egg-info/top_level.txt
[8.632s] reading manifest file '../../build/navigation_node_two/navigation_node_two.egg-info/SOURCES.txt'
[8.637s] writing manifest file '../../build/navigation_node_two/navigation_node_two.egg-info/SOURCES.txt'
[8.654s] running build
[8.655s] running build_py
[8.655s] running install
[8.656s] running install_lib
[8.656s] running install_data
[8.656s] running install_egg_info
[8.656s] removing '/home/unitree/106a_final/install/navigation_node_two/lib/python3.8/site-packages/navigation_node_two-0.0.0-py3.8.egg-info' (and everything under it)
[8.656s] Copying ../../build/navigation_node_two/navigation_node_two.egg-info to /home/unitree/106a_final/install/navigation_node_two/lib/python3.8/site-packages/navigation_node_two-0.0.0-py3.8.egg-info
[8.656s] running install_scripts
[8.720s] Installing nav_to_bottle script to /home/unitree/106a_final/install/navigation_node_two/lib/navigation_node_two
[8.720s] Installing pose_bridge_node script to /home/unitree/106a_final/install/navigation_node_two/lib/navigation_node_two
[8.721s] writing list of installed files to '/home/unitree/106a_final/build/navigation_node_two/install.log'
[8.956s] Invoked command in '/home/unitree/106a_final/src/navigation_node_two' returned '0': PYTHONPATH=/home/unitree/106a_final/build/navigation_node_two/prefix_override:/home/unitree/106a_final/install/navigation_node_two/lib/python3.8/site-packages:${PYTHONPATH} /usr/bin/python3 setup.py egg_info --egg-base ../../build/navigation_node_two build --build-base /home/unitree/106a_final/build/navigation_node_two/build install --record /home/unitree/106a_final/build/navigation_node_two/install.log --install-scripts $base/lib/navigation_node_two --single-version-externally-managed
