-- Found ament_cmake: 0.9.12 (/opt/ros/foxy/share/ament_cmake/cmake)
-- Using PYTHON_EXECUTABLE: /usr/bin/python3
-- Found rclcpp: 2.4.3 (/opt/ros/foxy/share/rclcpp/cmake)
-- Using all available rosidl_typesupport_c: rosidl_typesupport_fastrtps_c;rosidl_typesupport_introspection_c
-- Found rosidl_adapter: 1.3.1 (/opt/ros/foxy/share/rosidl_adapter/cmake)
-- Using all available rosidl_typesupport_cpp: rosidl_typesupport_fastrtps_cpp;rosidl_typesupport_introspection_cpp
-- Found rmw_implementation_cmake: 1.0.4 (/opt/ros/foxy/share/rmw_implementation_cmake/cmake)
-- Using RMW implementation 'rmw_cyclonedds_cpp' as default
-- Found geometry_msgs: 2.0.5 (/opt/ros/foxy/share/geometry_msgs/cmake)
-- Configuring done
-- Generating done
-- Build files have been written to: /home/unitree/106a_final/build/base_driver
[35m[1mScanning dependencies of target base_wrapper[0m
[ 25%] [32mBuilding CXX object CMakeFiles/base_wrapper.dir/src/BaseWrapper.cpp.o[0m
[ 50%] [32m[1mLinking CXX static library libbase_wrapper.a[0m
[ 50%] Built target base_wrapper
[35m[1mScanning dependencies of target base_driver[0m
[ 75%] [32mBuilding CXX object CMakeFiles/base_driver.dir/src/base_driver.cpp.o[0m
[100%] [32m[1mLinking CXX executable base_driver[0m
[100%] Built target base_driver
-- Install configuration: ""
-- Installing: /home/unitree/106a_final/install/base_driver/lib/base_driver/base_driver
-- Set runtime path of "/home/unitree/106a_final/install/base_driver/lib/base_driver/base_driver" to ""
-- Up-to-date: /home/unitree/106a_final/install/base_driver/share/ament_index/resource_index/package_run_dependencies/base_driver
-- Installing: /home/unitree/106a_final/install/base_driver/share/ament_index/resource_index/parent_prefix_path/base_driver
-- Up-to-date: /home/unitree/106a_final/install/base_driver/share/base_driver/environment/ament_prefix_path.sh
-- Installing: /home/unitree/106a_final/install/base_driver/share/base_driver/environment/ament_prefix_path.dsv
-- Up-to-date: /home/unitree/106a_final/install/base_driver/share/base_driver/environment/path.sh
-- Installing: /home/unitree/106a_final/install/base_driver/share/base_driver/environment/path.dsv
-- Up-to-date: /home/unitree/106a_final/install/base_driver/share/base_driver/local_setup.bash
-- Up-to-date: /home/unitree/106a_final/install/base_driver/share/base_driver/local_setup.sh
-- Up-to-date: /home/unitree/106a_final/install/base_driver/share/base_driver/local_setup.zsh
-- Installing: /home/unitree/106a_final/install/base_driver/share/base_driver/local_setup.dsv
-- Installing: /home/unitree/106a_final/install/base_driver/share/base_driver/package.dsv
-- Up-to-date: /home/unitree/106a_final/install/base_driver/share/ament_index/resource_index/packages/base_driver
-- Up-to-date: /home/unitree/106a_final/install/base_driver/share/base_driver/cmake/base_driverConfig.cmake
-- Up-to-date: /home/unitree/106a_final/install/base_driver/share/base_driver/cmake/base_driverConfig-version.cmake
-- Up-to-date: /home/unitree/106a_final/install/base_driver/share/base_driver/package.xml
