[0.539s] Invoking command in '/home/unitree/106a_final/build/base_driver': CMAKE_PREFIX_PATH=${CMAKE_PREFIX_PATH}:/opt/ros/foxy /usr/bin/cmake --build /home/unitree/106a_final/build/base_driver -- -j4 -l4
[0.636s] -- Found ament_cmake: 0.9.12 (/opt/ros/foxy/share/ament_cmake/cmake)
[0.703s] -- Using PYTHON_EXECUTABLE: /usr/bin/python3
[1.184s] -- Found rclcpp: 2.4.3 (/opt/ros/foxy/share/rclcpp/cmake)
[1.254s] -- Using all available rosidl_typesupport_c: rosidl_typesupport_fastrtps_c;rosidl_typesupport_introspection_c
[1.262s] -- Found rosidl_adapter: 1.3.1 (/opt/ros/foxy/share/rosidl_adapter/cmake)
[1.537s] -- Using all available rosidl_typesupport_cpp: rosidl_typesupport_fastrtps_cpp;rosidl_typesupport_introspection_cpp
[1.633s] -- Found rmw_implementation_cmake: 1.0.4 (/opt/ros/foxy/share/rmw_implementation_cmake/cmake)
[1.636s] -- Using RMW implementation 'rmw_cyclonedds_cpp' as default
[1.893s] -- Found geometry_msgs: 2.0.5 (/opt/ros/foxy/share/geometry_msgs/cmake)
[2.112s] -- Configuring done
[2.136s] -- Generating done
[2.144s] -- Build files have been written to: /home/unitree/106a_final/build/base_driver
[2.211s] [35m[1mScanning dependencies of target base_wrapper[0m
[2.245s] [ 25%] [32mBuilding CXX object CMakeFiles/base_wrapper.dir/src/BaseWrapper.cpp.o[0m
[6.344s] [ 50%] [32m[1mLinking CXX static library libbase_wrapper.a[0m
[6.441s] [ 50%] Built target base_wrapper
[6.475s] [35m[1mScanning dependencies of target base_driver[0m
[6.627s] [ 75%] [32mBuilding CXX object CMakeFiles/base_driver.dir/src/base_driver.cpp.o[0m
[18.497s] [100%] [32m[1mLinking CXX executable base_driver[0m
[19.884s] [100%] Built target base_driver
[19.916s] Invoked command in '/home/unitree/106a_final/build/base_driver' returned '0': CMAKE_PREFIX_PATH=${CMAKE_PREFIX_PATH}:/opt/ros/foxy /usr/bin/cmake --build /home/unitree/106a_final/build/base_driver -- -j4 -l4
[19.956s] Invoking command in '/home/unitree/106a_final/build/base_driver': CMAKE_PREFIX_PATH=${CMAKE_PREFIX_PATH}:/opt/ros/foxy /usr/bin/cmake --install /home/unitree/106a_final/build/base_driver
[19.983s] -- Install configuration: ""
[19.984s] -- Installing: /home/unitree/106a_final/install/base_driver/lib/base_driver/base_driver
[19.995s] -- Set runtime path of "/home/unitree/106a_final/install/base_driver/lib/base_driver/base_driver" to ""
[19.996s] -- Up-to-date: /home/unitree/106a_final/install/base_driver/share/ament_index/resource_index/package_run_dependencies/base_driver
[19.996s] -- Installing: /home/unitree/106a_final/install/base_driver/share/ament_index/resource_index/parent_prefix_path/base_driver
[19.996s] -- Up-to-date: /home/unitree/106a_final/install/base_driver/share/base_driver/environment/ament_prefix_path.sh
[19.996s] -- Installing: /home/unitree/106a_final/install/base_driver/share/base_driver/environment/ament_prefix_path.dsv
[19.997s] -- Up-to-date: /home/unitree/106a_final/install/base_driver/share/base_driver/environment/path.sh
[19.997s] -- Installing: /home/unitree/106a_final/install/base_driver/share/base_driver/environment/path.dsv
[19.997s] -- Up-to-date: /home/unitree/106a_final/install/base_driver/share/base_driver/local_setup.bash
[19.998s] -- Up-to-date: /home/unitree/106a_final/install/base_driver/share/base_driver/local_setup.sh
[19.998s] -- Up-to-date: /home/unitree/106a_final/install/base_driver/share/base_driver/local_setup.zsh
[19.998s] -- Installing: /home/unitree/106a_final/install/base_driver/share/base_driver/local_setup.dsv
[19.998s] -- Installing: /home/unitree/106a_final/install/base_driver/share/base_driver/package.dsv
[19.999s] -- Up-to-date: /home/unitree/106a_final/install/base_driver/share/ament_index/resource_index/packages/base_driver
[19.999s] -- Up-to-date: /home/unitree/106a_final/install/base_driver/share/base_driver/cmake/base_driverConfig.cmake
[19.999s] -- Up-to-date: /home/unitree/106a_final/install/base_driver/share/base_driver/cmake/base_driverConfig-version.cmake
[19.999s] -- Up-to-date: /home/unitree/106a_final/install/base_driver/share/base_driver/package.xml
[20.003s] Invoked command in '/home/unitree/106a_final/build/base_driver' returned '0': CMAKE_PREFIX_PATH=${CMAKE_PREFIX_PATH}:/opt/ros/foxy /usr/bin/cmake --install /home/unitree/106a_final/build/base_driver
