[9.141s] Invoking command in '/home/unitree/106a_final/navigatigation_node_three': PYTHONPATH=/home/unitree/106a_final/build/navigatigation_node_three/prefix_override:/home/unitree/106a_final/install/navigatigation_node_three/lib/python3.8/site-packages:${PYTHONPATH} /usr/bin/python3 setup.py egg_info --egg-base ../build/navigatigation_node_three build --build-base /home/unitree/106a_final/build/navigatigation_node_three/build install --record /home/unitree/106a_final/build/navigatigation_node_three/install.log --install-scripts $base/lib/navigatigation_node_three --single-version-externally-managed
[10.196s] running egg_info
[10.197s] creating ../build/navigatigation_node_three/navigatigation_node_three.egg-info
[10.197s] writing ../build/navigatigation_node_three/navigatigation_node_three.egg-info/PKG-INFO
[10.206s] writing dependency_links to ../build/navigatigation_node_three/navigatigation_node_three.egg-info/dependency_links.txt
[10.206s] writing entry points to ../build/navigatigation_node_three/navigatigation_node_three.egg-info/entry_points.txt
[10.207s] writing requirements to ../build/navigatigation_node_three/navigatigation_node_three.egg-info/requires.txt
[10.207s] writing top-level names to ../build/navigatigation_node_three/navigatigation_node_three.egg-info/top_level.txt
[10.221s] writing manifest file '../build/navigatigation_node_three/navigatigation_node_three.egg-info/SOURCES.txt'
[10.397s] reading manifest file '../build/navigatigation_node_three/navigatigation_node_three.egg-info/SOURCES.txt'
[10.400s] writing manifest file '../build/navigatigation_node_three/navigatigation_node_three.egg-info/SOURCES.txt'
[10.401s] running build
[10.401s] running build_py
[10.402s] creating /home/unitree/106a_final/build/navigatigation_node_three/build
[10.403s] creating /home/unitree/106a_final/build/navigatigation_node_three/build/lib
[10.403s] creating /home/unitree/106a_final/build/navigatigation_node_three/build/lib/navigatigation_node_three
[10.404s] copying navigatigation_node_three/__init__.py -> /home/unitree/106a_final/build/navigatigation_node_three/build/lib/navigatigation_node_three
[10.405s] running install
[10.408s] running install_lib
[10.412s] creating /home/unitree/106a_final/install/navigatigation_node_three/lib/python3.8/site-packages/navigatigation_node_three
[10.414s] copying /home/unitree/106a_final/build/navigatigation_node_three/build/lib/navigatigation_node_three/__init__.py -> /home/unitree/106a_final/install/navigatigation_node_three/lib/python3.8/site-packages/navigatigation_node_three
[10.416s] byte-compiling /home/unitree/106a_final/install/navigatigation_node_three/lib/python3.8/site-packages/navigatigation_node_three/__init__.py to __init__.cpython-38.pyc
[10.420s] running install_data
[10.422s] creating /home/unitree/106a_final/install/navigatigation_node_three/share/ament_index
[10.425s] creating /home/unitree/106a_final/install/navigatigation_node_three/share/ament_index/resource_index
[10.428s] creating /home/unitree/106a_final/install/navigatigation_node_three/share/ament_index/resource_index/packages
[10.429s] copying resource/navigatigation_node_three -> /home/unitree/106a_final/install/navigatigation_node_three/share/ament_index/resource_index/packages
[10.430s] copying package.xml -> /home/unitree/106a_final/install/navigatigation_node_three/share/navigatigation_node_three
[10.431s] running install_egg_info
[10.438s] Copying ../build/navigatigation_node_three/navigatigation_node_three.egg-info to /home/unitree/106a_final/install/navigatigation_node_three/lib/python3.8/site-packages/navigatigation_node_three-0.0.0-py3.8.egg-info
[10.441s] running install_scripts
[10.545s] writing list of installed files to '/home/unitree/106a_final/build/navigatigation_node_three/install.log'
[10.779s] Invoked command in '/home/unitree/106a_final/navigatigation_node_three' returned '0': PYTHONPATH=/home/unitree/106a_final/build/navigatigation_node_three/prefix_override:/home/unitree/106a_final/install/navigatigation_node_three/lib/python3.8/site-packages:${PYTHONPATH} /usr/bin/python3 setup.py egg_info --egg-base ../build/navigatigation_node_three build --build-base /home/unitree/106a_final/build/navigatigation_node_three/build install --record /home/unitree/106a_final/build/navigatigation_node_three/install.log --install-scripts $base/lib/navigatigation_node_three --single-version-externally-managed
