[1.635s] Invoking command in '/home/unitree/106a_final/build/realsense2_camera_msgs': CMAKE_PREFIX_PATH=${CMAKE_PREFIX_PATH}:/opt/ros/foxy /usr/bin/cmake --build /home/unitree/106a_final/build/realsense2_camera_msgs -- -j4 -l4
[3.495s] [ 10%] Built target realsense2_camera_msgs__rosidl_generator_c
[3.497s] [ 12%] Built target realsense2_camera_msgs__cpp
[3.498s] [ 23%] Built target realsense2_camera_msgs__rosidl_typesupport_introspection_cpp
[3.499s] [ 34%] Built target realsense2_camera_msgs__rosidl_typesupport_introspection_c
[3.501s] [ 45%] Built target realsense2_camera_msgs__rosidl_typesupport_c
[3.501s] [ 56%] Built target realsense2_camera_msgs__rosidl_typesupport_cpp
[3.501s] [ 67%] Built target realsense2_camera_msgs__rosidl_typesupport_fastrtps_cpp
[3.501s] [ 78%] Built target realsense2_camera_msgs__rosidl_typesupport_fastrtps_c
[3.502s] [ 78%] Built target realsense2_camera_msgs
[3.502s] [ 80%] Built target realsense2_camera_msgs__py
[3.502s] [ 89%] Built target realsense2_camera_msgs__python
[3.502s] [ 92%] Built target realsense2_camera_msgs__rosidl_typesupport_introspection_c__pyext
[3.502s] [ 96%] Built target realsense2_camera_msgs__rosidl_typesupport_fastrtps_c__pyext
[3.502s] [100%] Built target realsense2_camera_msgs__rosidl_typesupport_c__pyext
[3.504s] Invoked command in '/home/unitree/106a_final/build/realsense2_camera_msgs' returned '0': CMAKE_PREFIX_PATH=${CMAKE_PREFIX_PATH}:/opt/ros/foxy /usr/bin/cmake --build /home/unitree/106a_final/build/realsense2_camera_msgs -- -j4 -l4
[3.540s] Invoking command in '/home/unitree/106a_final/build/realsense2_camera_msgs': CMAKE_PREFIX_PATH=${CMAKE_PREFIX_PATH}:/opt/ros/foxy /usr/bin/cmake --install /home/unitree/106a_final/build/realsense2_camera_msgs
[3.566s] -- Install configuration: ""
[3.568s] -- Execute custom install script
[3.569s] -- Up-to-date symlink: /home/unitree/106a_final/install/realsense2_camera_msgs/share/ament_index/resource_index/rosidl_interfaces/realsense2_camera_msgs
[3.570s] -- Up-to-date symlink: /home/unitree/106a_final/install/realsense2_camera_msgs/include/realsense2_camera_msgs/msg/detail/extrinsics__functions.h
[3.570s] -- Up-to-date symlink: /home/unitree/106a_final/install/realsense2_camera_msgs/include/realsense2_camera_msgs/msg/detail/extrinsics__struct.h
[3.570s] -- Up-to-date symlink: /home/unitree/106a_final/install/realsense2_camera_msgs/include/realsense2_camera_msgs/msg/detail/extrinsics__type_support.h
[3.570s] -- Up-to-date symlink: /home/unitree/106a_final/install/realsense2_camera_msgs/include/realsense2_camera_msgs/msg/detail/imu_info__functions.h
[3.571s] -- Up-to-date symlink: /home/unitree/106a_final/install/realsense2_camera_msgs/include/realsense2_camera_msgs/msg/detail/imu_info__struct.h
[3.571s] -- Up-to-date symlink: /home/unitree/106a_final/install/realsense2_camera_msgs/include/realsense2_camera_msgs/msg/detail/imu_info__type_support.h
[3.571s] -- Up-to-date symlink: /home/unitree/106a_final/install/realsense2_camera_msgs/include/realsense2_camera_msgs/msg/detail/metadata__functions.h
[3.572s] -- Up-to-date symlink: /home/unitree/106a_final/install/realsense2_camera_msgs/include/realsense2_camera_msgs/msg/detail/metadata__struct.h
[3.572s] -- Up-to-date symlink: /home/unitree/106a_final/install/realsense2_camera_msgs/include/realsense2_camera_msgs/msg/detail/metadata__type_support.h
[3.572s] -- Up-to-date symlink: /home/unitree/106a_final/install/realsense2_camera_msgs/include/realsense2_camera_msgs/msg/extrinsics.h
[3.572s] -- Up-to-date symlink: /home/unitree/106a_final/install/realsense2_camera_msgs/include/realsense2_camera_msgs/msg/imu_info.h
[3.572s] -- Up-to-date symlink: /home/unitree/106a_final/install/realsense2_camera_msgs/include/realsense2_camera_msgs/msg/metadata.h
[3.573s] -- Up-to-date symlink: /home/unitree/106a_final/install/realsense2_camera_msgs/include/realsense2_camera_msgs/msg/rosidl_generator_c__visibility_control.h
[3.573s] -- Up-to-date symlink: /home/unitree/106a_final/install/realsense2_camera_msgs/include/realsense2_camera_msgs/srv/detail/device_info__functions.h
[3.573s] -- Up-to-date symlink: /home/unitree/106a_final/install/realsense2_camera_msgs/include/realsense2_camera_msgs/srv/detail/device_info__struct.h
[3.574s] -- Up-to-date symlink: /home/unitree/106a_final/install/realsense2_camera_msgs/include/realsense2_camera_msgs/srv/detail/device_info__type_support.h
[3.586s] -- Up-to-date symlink: /home/unitree/106a_final/install/realsense2_camera_msgs/include/realsense2_camera_msgs/srv/device_info.h
[3.586s] -- Up-to-date symlink: /home/unitree/106a_final/install/realsense2_camera_msgs/share/realsense2_camera_msgs/environment/library_path.sh
[3.586s] -- Up-to-date symlink: /home/unitree/106a_final/install/realsense2_camera_msgs/share/realsense2_camera_msgs/environment/library_path.dsv
[3.587s] -- Up-to-date symlink: /home/unitree/106a_final/install/realsense2_camera_msgs/include/realsense2_camera_msgs/msg/detail/extrinsics__rosidl_typesupport_fastrtps_c.h
[3.587s] -- Up-to-date symlink: /home/unitree/106a_final/install/realsense2_camera_msgs/include/realsense2_camera_msgs/msg/detail/imu_info__rosidl_typesupport_fastrtps_c.h
[3.587s] -- Up-to-date symlink: /home/unitree/106a_final/install/realsense2_camera_msgs/include/realsense2_camera_msgs/msg/detail/metadata__rosidl_typesupport_fastrtps_c.h
[3.587s] -- Up-to-date symlink: /home/unitree/106a_final/install/realsense2_camera_msgs/include/realsense2_camera_msgs/msg/rosidl_typesupport_fastrtps_c__visibility_control.h
[3.587s] -- Up-to-date symlink: /home/unitree/106a_final/install/realsense2_camera_msgs/include/realsense2_camera_msgs/srv/detail/device_info__rosidl_typesupport_fastrtps_c.h
[3.588s] -- Up-to-date symlink: /home/unitree/106a_final/install/realsense2_camera_msgs/lib/librealsense2_camera_msgs__rosidl_typesupport_fastrtps_c.so
[3.588s] -- Up-to-date symlink: /home/unitree/106a_final/install/realsense2_camera_msgs/include/realsense2_camera_msgs/msg/detail/extrinsics__rosidl_typesupport_fastrtps_cpp.hpp
[3.588s] -- Up-to-date symlink: /home/unitree/106a_final/install/realsense2_camera_msgs/include/realsense2_camera_msgs/msg/detail/imu_info__rosidl_typesupport_fastrtps_cpp.hpp
[3.588s] -- Up-to-date symlink: /home/unitree/106a_final/install/realsense2_camera_msgs/include/realsense2_camera_msgs/msg/detail/metadata__rosidl_typesupport_fastrtps_cpp.hpp
[3.588s] -- Up-to-date symlink: /home/unitree/106a_final/install/realsense2_camera_msgs/include/realsense2_camera_msgs/msg/rosidl_typesupport_fastrtps_cpp__visibility_control.h
[3.588s] -- Up-to-date symlink: /home/unitree/106a_final/install/realsense2_camera_msgs/include/realsense2_camera_msgs/srv/detail/device_info__rosidl_typesupport_fastrtps_cpp.hpp
[3.589s] -- Up-to-date symlink: /home/unitree/106a_final/install/realsense2_camera_msgs/lib/librealsense2_camera_msgs__rosidl_typesupport_fastrtps_cpp.so
[3.589s] -- Up-to-date symlink: /home/unitree/106a_final/install/realsense2_camera_msgs/include/realsense2_camera_msgs/msg/detail/extrinsics__rosidl_typesupport_introspection_c.h
[3.589s] -- Up-to-date symlink: /home/unitree/106a_final/install/realsense2_camera_msgs/include/realsense2_camera_msgs/msg/detail/imu_info__rosidl_typesupport_introspection_c.h
[3.589s] -- Up-to-date symlink: /home/unitree/106a_final/install/realsense2_camera_msgs/include/realsense2_camera_msgs/msg/detail/metadata__rosidl_typesupport_introspection_c.h
[3.589s] -- Up-to-date symlink: /home/unitree/106a_final/install/realsense2_camera_msgs/include/realsense2_camera_msgs/msg/rosidl_typesupport_introspection_c__visibility_control.h
[3.590s] -- Up-to-date symlink: /home/unitree/106a_final/install/realsense2_camera_msgs/include/realsense2_camera_msgs/srv/detail/device_info__rosidl_typesupport_introspection_c.h
[3.590s] -- Up-to-date symlink: /home/unitree/106a_final/install/realsense2_camera_msgs/include/realsense2_camera_msgs/msg/detail/extrinsics__builder.hpp
[3.590s] -- Up-to-date symlink: /home/unitree/106a_final/install/realsense2_camera_msgs/include/realsense2_camera_msgs/msg/detail/extrinsics__struct.hpp
[3.590s] -- Up-to-date symlink: /home/unitree/106a_final/install/realsense2_camera_msgs/include/realsense2_camera_msgs/msg/detail/extrinsics__traits.hpp
[3.590s] -- Up-to-date symlink: /home/unitree/106a_final/install/realsense2_camera_msgs/include/realsense2_camera_msgs/msg/detail/extrinsics__type_support.hpp
[3.590s] -- Up-to-date symlink: /home/unitree/106a_final/install/realsense2_camera_msgs/include/realsense2_camera_msgs/msg/detail/imu_info__builder.hpp
[3.591s] -- Up-to-date symlink: /home/unitree/106a_final/install/realsense2_camera_msgs/include/realsense2_camera_msgs/msg/detail/imu_info__struct.hpp
[3.591s] -- Up-to-date symlink: /home/unitree/106a_final/install/realsense2_camera_msgs/include/realsense2_camera_msgs/msg/detail/imu_info__traits.hpp
[3.591s] -- Up-to-date symlink: /home/unitree/106a_final/install/realsense2_camera_msgs/include/realsense2_camera_msgs/msg/detail/imu_info__type_support.hpp
[3.591s] -- Up-to-date symlink: /home/unitree/106a_final/install/realsense2_camera_msgs/include/realsense2_camera_msgs/msg/detail/metadata__builder.hpp
[3.591s] -- Up-to-date symlink: /home/unitree/106a_final/install/realsense2_camera_msgs/include/realsense2_camera_msgs/msg/detail/metadata__struct.hpp
[3.591s] -- Up-to-date symlink: /home/unitree/106a_final/install/realsense2_camera_msgs/include/realsense2_camera_msgs/msg/detail/metadata__traits.hpp
[3.592s] -- Up-to-date symlink: /home/unitree/106a_final/install/realsense2_camera_msgs/include/realsense2_camera_msgs/msg/detail/metadata__type_support.hpp
[3.599s] -- Up-to-date symlink: /home/unitree/106a_final/install/realsense2_camera_msgs/include/realsense2_camera_msgs/msg/extrinsics.hpp
[3.600s] -- Up-to-date symlink: /home/unitree/106a_final/install/realsense2_camera_msgs/include/realsense2_camera_msgs/msg/imu_info.hpp
[3.600s] -- Up-to-date symlink: /home/unitree/106a_final/install/realsense2_camera_msgs/include/realsense2_camera_msgs/msg/metadata.hpp
[3.600s] -- Up-to-date symlink: /home/unitree/106a_final/install/realsense2_camera_msgs/include/realsense2_camera_msgs/msg/rosidl_generator_cpp__visibility_control.hpp
[3.600s] -- Up-to-date symlink: /home/unitree/106a_final/install/realsense2_camera_msgs/include/realsense2_camera_msgs/srv/detail/device_info__builder.hpp
[3.600s] -- Up-to-date symlink: /home/unitree/106a_final/install/realsense2_camera_msgs/include/realsense2_camera_msgs/srv/detail/device_info__struct.hpp
[3.600s] -- Up-to-date symlink: /home/unitree/106a_final/install/realsense2_camera_msgs/include/realsense2_camera_msgs/srv/detail/device_info__traits.hpp
[3.600s] -- Up-to-date symlink: /home/unitree/106a_final/install/realsense2_camera_msgs/include/realsense2_camera_msgs/srv/detail/device_info__type_support.hpp
[3.601s] -- Up-to-date symlink: /home/unitree/106a_final/install/realsense2_camera_msgs/include/realsense2_camera_msgs/srv/device_info.hpp
[3.601s] -- Up-to-date symlink: /home/unitree/106a_final/install/realsense2_camera_msgs/include/realsense2_camera_msgs/msg/detail/extrinsics__rosidl_typesupport_introspection_cpp.hpp
[3.601s] -- Up-to-date symlink: /home/unitree/106a_final/install/realsense2_camera_msgs/include/realsense2_camera_msgs/msg/detail/imu_info__rosidl_typesupport_introspection_cpp.hpp
[3.601s] -- Up-to-date symlink: /home/unitree/106a_final/install/realsense2_camera_msgs/include/realsense2_camera_msgs/msg/detail/metadata__rosidl_typesupport_introspection_cpp.hpp
[3.601s] -- Up-to-date symlink: /home/unitree/106a_final/install/realsense2_camera_msgs/include/realsense2_camera_msgs/srv/detail/device_info__rosidl_typesupport_introspection_cpp.hpp
[3.605s] -- Up-to-date symlink: /home/unitree/106a_final/install/realsense2_camera_msgs/share/realsense2_camera_msgs/environment/pythonpath.sh
[3.618s] -- Up-to-date symlink: /home/unitree/106a_final/install/realsense2_camera_msgs/share/realsense2_camera_msgs/environment/pythonpath.dsv
[3.619s] -- Up-to-date symlink: /home/unitree/106a_final/install/realsense2_camera_msgs/lib/python3.8/site-packages/realsense2_camera_msgs/__init__.py
[3.619s] -- Up-to-date symlink: /home/unitree/106a_final/install/realsense2_camera_msgs/lib/python3.8/site-packages/realsense2_camera_msgs/msg/__init__.py
[3.619s] -- Up-to-date symlink: /home/unitree/106a_final/install/realsense2_camera_msgs/lib/python3.8/site-packages/realsense2_camera_msgs/msg/_extrinsics.py
[3.620s] -- Up-to-date symlink: /home/unitree/106a_final/install/realsense2_camera_msgs/lib/python3.8/site-packages/realsense2_camera_msgs/msg/_imu_info.py
[3.620s] -- Up-to-date symlink: /home/unitree/106a_final/install/realsense2_camera_msgs/lib/python3.8/site-packages/realsense2_camera_msgs/msg/_metadata.py
[3.621s] -- Up-to-date symlink: /home/unitree/106a_final/install/realsense2_camera_msgs/lib/python3.8/site-packages/realsense2_camera_msgs/srv/__init__.py
[3.621s] -- Up-to-date symlink: /home/unitree/106a_final/install/realsense2_camera_msgs/lib/python3.8/site-packages/realsense2_camera_msgs/srv/_device_info.py
[3.621s] -- Up-to-date symlink: /home/unitree/106a_final/install/realsense2_camera_msgs/lib/python3.8/site-packages/realsense2_camera_msgs/realsense2_camera_msgs_s__rosidl_typesupport_fastrtps_c.cpython-38-aarch64-linux-gnu.so
[3.621s] -- Up-to-date symlink: /home/unitree/106a_final/install/realsense2_camera_msgs/lib/python3.8/site-packages/realsense2_camera_msgs/realsense2_camera_msgs_s__rosidl_typesupport_introspection_c.cpython-38-aarch64-linux-gnu.so
[3.621s] -- Up-to-date symlink: /home/unitree/106a_final/install/realsense2_camera_msgs/lib/python3.8/site-packages/realsense2_camera_msgs/realsense2_camera_msgs_s__rosidl_typesupport_c.cpython-38-aarch64-linux-gnu.so
[3.622s] -- Up-to-date symlink: /home/unitree/106a_final/install/realsense2_camera_msgs/lib/librealsense2_camera_msgs__python.so
[3.622s] -- Up-to-date symlink: /home/unitree/106a_final/install/realsense2_camera_msgs/share/realsense2_camera_msgs/msg/IMUInfo.idl
[3.622s] -- Up-to-date symlink: /home/unitree/106a_final/install/realsense2_camera_msgs/share/realsense2_camera_msgs/msg/Extrinsics.idl
[3.622s] -- Up-to-date symlink: /home/unitree/106a_final/install/realsense2_camera_msgs/share/realsense2_camera_msgs/msg/Metadata.idl
[3.622s] -- Up-to-date symlink: /home/unitree/106a_final/install/realsense2_camera_msgs/share/realsense2_camera_msgs/srv/DeviceInfo.idl
[3.622s] -- Up-to-date symlink: /home/unitree/106a_final/install/realsense2_camera_msgs/share/realsense2_camera_msgs/msg/IMUInfo.msg
[3.628s] -- Up-to-date symlink: /home/unitree/106a_final/install/realsense2_camera_msgs/share/realsense2_camera_msgs/msg/Extrinsics.msg
[3.628s] -- Up-to-date symlink: /home/unitree/106a_final/install/realsense2_camera_msgs/share/realsense2_camera_msgs/msg/Metadata.msg
[3.628s] -- Up-to-date symlink: /home/unitree/106a_final/install/realsense2_camera_msgs/share/realsense2_camera_msgs/srv/DeviceInfo.srv
[3.629s] -- Up-to-date symlink: /home/unitree/106a_final/install/realsense2_camera_msgs/share/realsense2_camera_msgs/srv/DeviceInfo_Request.msg
[3.629s] -- Up-to-date symlink: /home/unitree/106a_final/install/realsense2_camera_msgs/share/realsense2_camera_msgs/srv/DeviceInfo_Response.msg
[3.629s] -- Up-to-date symlink: /home/unitree/106a_final/install/realsense2_camera_msgs/share/ament_index/resource_index/package_run_dependencies/realsense2_camera_msgs
[3.629s] -- Up-to-date symlink: /home/unitree/106a_final/install/realsense2_camera_msgs/share/ament_index/resource_index/parent_prefix_path/realsense2_camera_msgs
[3.629s] -- Up-to-date symlink: /home/unitree/106a_final/install/realsense2_camera_msgs/share/realsense2_camera_msgs/environment/ament_prefix_path.sh
[3.629s] -- Up-to-date symlink: /home/unitree/106a_final/install/realsense2_camera_msgs/share/realsense2_camera_msgs/environment/ament_prefix_path.dsv
[3.629s] -- Up-to-date symlink: /home/unitree/106a_final/install/realsense2_camera_msgs/share/realsense2_camera_msgs/environment/path.sh
[3.630s] -- Up-to-date symlink: /home/unitree/106a_final/install/realsense2_camera_msgs/share/realsense2_camera_msgs/environment/path.dsv
[3.630s] -- Up-to-date symlink: /home/unitree/106a_final/install/realsense2_camera_msgs/share/realsense2_camera_msgs/local_setup.bash
[3.630s] -- Up-to-date symlink: /home/unitree/106a_final/install/realsense2_camera_msgs/share/realsense2_camera_msgs/local_setup.sh
[3.630s] -- Up-to-date symlink: /home/unitree/106a_final/install/realsense2_camera_msgs/share/realsense2_camera_msgs/local_setup.zsh
[3.630s] -- Up-to-date symlink: /home/unitree/106a_final/install/realsense2_camera_msgs/share/realsense2_camera_msgs/local_setup.dsv
[3.630s] -- Symlinking: /home/unitree/106a_final/install/realsense2_camera_msgs/share/realsense2_camera_msgs/package.dsv
[3.641s] -- Up-to-date symlink: /home/unitree/106a_final/install/realsense2_camera_msgs/share/ament_index/resource_index/packages/realsense2_camera_msgs
[3.642s] -- Up-to-date symlink: /home/unitree/106a_final/install/realsense2_camera_msgs/share/realsense2_camera_msgs/cmake/rosidl_cmake-extras.cmake
[3.642s] -- Up-to-date symlink: /home/unitree/106a_final/install/realsense2_camera_msgs/share/realsense2_camera_msgs/cmake/ament_cmake_export_dependencies-extras.cmake
[3.643s] -- Up-to-date symlink: /home/unitree/106a_final/install/realsense2_camera_msgs/share/realsense2_camera_msgs/cmake/ament_cmake_export_libraries-extras.cmake
[3.643s] -- Up-to-date symlink: /home/unitree/106a_final/install/realsense2_camera_msgs/share/realsense2_camera_msgs/cmake/ament_cmake_export_targets-extras.cmake
[3.644s] -- Up-to-date symlink: /home/unitree/106a_final/install/realsense2_camera_msgs/share/realsense2_camera_msgs/cmake/ament_cmake_export_include_directories-extras.cmake
[3.644s] -- Up-to-date symlink: /home/unitree/106a_final/install/realsense2_camera_msgs/share/realsense2_camera_msgs/cmake/rosidl_cmake_export_typesupport_libraries-extras.cmake
[3.646s] -- Up-to-date symlink: /home/unitree/106a_final/install/realsense2_camera_msgs/share/realsense2_camera_msgs/cmake/rosidl_cmake_export_typesupport_targets-extras.cmake
[3.646s] -- Up-to-date symlink: /home/unitree/106a_final/install/realsense2_camera_msgs/share/realsense2_camera_msgs/cmake/realsense2_camera_msgsConfig.cmake
[3.647s] -- Up-to-date symlink: /home/unitree/106a_final/install/realsense2_camera_msgs/share/realsense2_camera_msgs/cmake/realsense2_camera_msgsConfig-version.cmake
[3.647s] -- Up-to-date symlink: /home/unitree/106a_final/install/realsense2_camera_msgs/share/realsense2_camera_msgs/package.xml
[3.648s] -- Up-to-date: /home/unitree/106a_final/install/realsense2_camera_msgs/lib/librealsense2_camera_msgs__rosidl_generator_c.so
[3.649s] -- Up-to-date: /home/unitree/106a_final/install/realsense2_camera_msgs/lib/librealsense2_camera_msgs__rosidl_typesupport_introspection_c.so
[3.650s] -- Up-to-date: /home/unitree/106a_final/install/realsense2_camera_msgs/lib/librealsense2_camera_msgs__rosidl_typesupport_c.so
[3.651s] -- Up-to-date: /home/unitree/106a_final/install/realsense2_camera_msgs/lib/librealsense2_camera_msgs__rosidl_typesupport_introspection_cpp.so
[3.652s] -- Up-to-date: /home/unitree/106a_final/install/realsense2_camera_msgs/lib/librealsense2_camera_msgs__rosidl_typesupport_cpp.so
[3.737s] -- Up-to-date: /home/unitree/106a_final/install/realsense2_camera_msgs/share/realsense2_camera_msgs/cmake/realsense2_camera_msgs__rosidl_generator_cExport.cmake
[3.738s] -- Up-to-date: /home/unitree/106a_final/install/realsense2_camera_msgs/share/realsense2_camera_msgs/cmake/realsense2_camera_msgs__rosidl_generator_cExport-noconfig.cmake
[3.738s] -- Up-to-date: /home/unitree/106a_final/install/realsense2_camera_msgs/share/realsense2_camera_msgs/cmake/realsense2_camera_msgs__rosidl_typesupport_introspection_cExport.cmake
[3.738s] -- Up-to-date: /home/unitree/106a_final/install/realsense2_camera_msgs/share/realsense2_camera_msgs/cmake/realsense2_camera_msgs__rosidl_typesupport_introspection_cExport-noconfig.cmake
[3.738s] -- Up-to-date: /home/unitree/106a_final/install/realsense2_camera_msgs/share/realsense2_camera_msgs/cmake/realsense2_camera_msgs__rosidl_typesupport_cExport.cmake
[3.739s] -- Up-to-date: /home/unitree/106a_final/install/realsense2_camera_msgs/share/realsense2_camera_msgs/cmake/realsense2_camera_msgs__rosidl_typesupport_cExport-noconfig.cmake
[3.739s] -- Up-to-date: /home/unitree/106a_final/install/realsense2_camera_msgs/share/realsense2_camera_msgs/cmake/realsense2_camera_msgs__rosidl_generator_cppExport.cmake
[3.739s] -- Up-to-date: /home/unitree/106a_final/install/realsense2_camera_msgs/share/realsense2_camera_msgs/cmake/realsense2_camera_msgs__rosidl_typesupport_introspection_cppExport.cmake
[3.739s] -- Up-to-date: /home/unitree/106a_final/install/realsense2_camera_msgs/share/realsense2_camera_msgs/cmake/realsense2_camera_msgs__rosidl_typesupport_introspection_cppExport-noconfig.cmake
[3.740s] -- Up-to-date: /home/unitree/106a_final/install/realsense2_camera_msgs/share/realsense2_camera_msgs/cmake/realsense2_camera_msgs__rosidl_typesupport_cppExport.cmake
[3.740s] -- Up-to-date: /home/unitree/106a_final/install/realsense2_camera_msgs/share/realsense2_camera_msgs/cmake/realsense2_camera_msgs__rosidl_typesupport_cppExport-noconfig.cmake
[3.754s] Invoked command in '/home/unitree/106a_final/build/realsense2_camera_msgs' returned '0': CMAKE_PREFIX_PATH=${CMAKE_PREFIX_PATH}:/opt/ros/foxy /usr/bin/cmake --install /home/unitree/106a_final/build/realsense2_camera_msgs
