[9.190s] Invoking command in '/home/unitree/106a_final/src/navigation_node': PYTHONPATH=/home/unitree/106a_final/build/navigation_node/prefix_override:/home/unitree/106a_final/install/navigation_node/lib/python3.8/site-packages:${PYTHONPATH} /usr/bin/python3 setup.py egg_info --egg-base ../../build/navigation_node build --build-base /home/unitree/106a_final/build/navigation_node/build install --record /home/unitree/106a_final/build/navigation_node/install.log --install-scripts $base/lib/navigation_node --single-version-externally-managed
[10.243s] running egg_info
[10.244s] writing ../../build/navigation_node/navigation_node.egg-info/PKG-INFO
[10.245s] writing dependency_links to ../../build/navigation_node/navigation_node.egg-info/dependency_links.txt
[10.245s] writing entry points to ../../build/navigation_node/navigation_node.egg-info/entry_points.txt
[10.245s] writing requirements to ../../build/navigation_node/navigation_node.egg-info/requires.txt
[10.246s] writing top-level names to ../../build/navigation_node/navigation_node.egg-info/top_level.txt
[10.322s] reading manifest file '../../build/navigation_node/navigation_node.egg-info/SOURCES.txt'
[10.324s] writing manifest file '../../build/navigation_node/navigation_node.egg-info/SOURCES.txt'
[10.324s] running build
[10.324s] running build_py
[10.325s] running install
[10.328s] running install_lib
[10.330s] running install_data
[10.332s] running install_egg_info
[10.336s] removing '/home/unitree/106a_final/install/navigation_node/lib/python3.8/site-packages/navigation_node-0.0.0-py3.8.egg-info' (and everything under it)
[10.336s] Copying ../../build/navigation_node/navigation_node.egg-info to /home/unitree/106a_final/install/navigation_node/lib/python3.8/site-packages/navigation_node-0.0.0-py3.8.egg-info
[10.339s] running install_scripts
[10.446s] Installing nav_node_go script to /home/unitree/106a_final/install/navigation_node/lib/navigation_node
[10.449s] writing list of installed files to '/home/unitree/106a_final/build/navigation_node/install.log'
[12.384s] Invoked command in '/home/unitree/106a_final/src/navigation_node' returned '0': PYTHONPATH=/home/unitree/106a_final/build/navigation_node/prefix_override:/home/unitree/106a_final/install/navigation_node/lib/python3.8/site-packages:${PYTHONPATH} /usr/bin/python3 setup.py egg_info --egg-base ../../build/navigation_node build --build-base /home/unitree/106a_final/build/navigation_node/build install --record /home/unitree/106a_final/build/navigation_node/install.log --install-scripts $base/lib/navigation_node --single-version-externally-managed
