running egg_info
creating ../../build/navigation_node_two/navigation_node_two.egg-info
writing ../../build/navigation_node_two/navigation_node_two.egg-info/PKG-INFO
writing dependency_links to ../../build/navigation_node_two/navigation_node_two.egg-info/dependency_links.txt
writing entry points to ../../build/navigation_node_two/navigation_node_two.egg-info/entry_points.txt
writing requirements to ../../build/navigation_node_two/navigation_node_two.egg-info/requires.txt
writing top-level names to ../../build/navigation_node_two/navigation_node_two.egg-info/top_level.txt
writing manifest file '../../build/navigation_node_two/navigation_node_two.egg-info/SOURCES.txt'
reading manifest file '../../build/navigation_node_two/navigation_node_two.egg-info/SOURCES.txt'
writing manifest file '../../build/navigation_node_two/navigation_node_two.egg-info/SOURCES.txt'
running build
running build_py
creating /home/unitree/106a_final/build/navigation_node_two/build
creating /home/unitree/106a_final/build/navigation_node_two/build/lib
creating /home/unitree/106a_final/build/navigation_node_two/build/lib/navigation_node_two
copying navigation_node_two/nav_to_bottle.py -> /home/unitree/106a_final/build/navigation_node_two/build/lib/navigation_node_two
copying navigation_node_two/__init__.py -> /home/unitree/106a_final/build/navigation_node_two/build/lib/navigation_node_two
running install
running install_lib
creating /home/unitree/106a_final/install/navigation_node_two/lib/python3.8/site-packages/navigation_node_two
copying /home/unitree/106a_final/build/navigation_node_two/build/lib/navigation_node_two/nav_to_bottle.py -> /home/unitree/106a_final/install/navigation_node_two/lib/python3.8/site-packages/navigation_node_two
copying /home/unitree/106a_final/build/navigation_node_two/build/lib/navigation_node_two/__init__.py -> /home/unitree/106a_final/install/navigation_node_two/lib/python3.8/site-packages/navigation_node_two
byte-compiling /home/unitree/106a_final/install/navigation_node_two/lib/python3.8/site-packages/navigation_node_two/nav_to_bottle.py to nav_to_bottle.cpython-38.pyc
byte-compiling /home/unitree/106a_final/install/navigation_node_two/lib/python3.8/site-packages/navigation_node_two/__init__.py to __init__.cpython-38.pyc
running install_data
creating /home/unitree/106a_final/install/navigation_node_two/share/ament_index
creating /home/unitree/106a_final/install/navigation_node_two/share/ament_index/resource_index
creating /home/unitree/106a_final/install/navigation_node_two/share/ament_index/resource_index/packages
copying resource/navigation_node_two -> /home/unitree/106a_final/install/navigation_node_two/share/ament_index/resource_index/packages
copying package.xml -> /home/unitree/106a_final/install/navigation_node_two/share/navigation_node_two
running install_egg_info
Copying ../../build/navigation_node_two/navigation_node_two.egg-info to /home/unitree/106a_final/install/navigation_node_two/lib/python3.8/site-packages/navigation_node_two-0.0.0-py3.8.egg-info
running install_scripts
Installing nav_to_bottle script to /home/unitree/106a_final/install/navigation_node_two/lib/navigation_node_two
writing list of installed files to '/home/unitree/106a_final/build/navigation_node_two/install.log'
