[15.188s] Invoking command in '/home/unitree/106a_final/src/arm_control': PYTHONPATH=/home/unitree/106a_final/build/arm_control/prefix_override:/home/unitree/106a_final/install/arm_control/lib/python3.8/site-packages:${PYTHONPATH} /usr/bin/python3 setup.py egg_info --egg-base ../../build/arm_control build --build-base /home/unitree/106a_final/build/arm_control/build install --record /home/unitree/106a_final/build/arm_control/install.log --install-scripts $base/lib/arm_control --single-version-externally-managed
[16.811s] running egg_info
[16.823s] writing ../../build/arm_control/arm_control.egg-info/PKG-INFO
[16.843s] writing dependency_links to ../../build/arm_control/arm_control.egg-info/dependency_links.txt
[16.844s] writing entry points to ../../build/arm_control/arm_control.egg-info/entry_points.txt
[16.844s] writing requirements to ../../build/arm_control/arm_control.egg-info/requires.txt
[16.844s] writing top-level names to ../../build/arm_control/arm_control.egg-info/top_level.txt
[17.015s] reading manifest file '../../build/arm_control/arm_control.egg-info/SOURCES.txt'
[17.016s] writing manifest file '../../build/arm_control/arm_control.egg-info/SOURCES.txt'
[17.016s] running build
[17.017s] running build_py
[17.017s] running install
[17.022s] running install_lib
[17.027s] byte-compiling /home/unitree/106a_final/install/arm_control/lib/python3.8/site-packages/arm_control/ik_solver.py to ik_solver.cpython-38.pyc
[17.028s] running install_data
[17.028s]   File "/home/unitree/106a_final/install/arm_control/lib/python3.8/site-packages/arm_control/ik_solver.py", line 47
[17.028s]     max_iter=100   # <--- INCREASE THIS (Default is usually ~10)
[17.028s]     ^
[17.028s] SyntaxError: invalid syntax
[17.028s] 
[17.030s] running install_egg_info
[17.040s] removing '/home/unitree/106a_final/install/arm_control/lib/python3.8/site-packages/arm_control-0.0.0-py3.8.egg-info' (and everything under it)
[17.040s] Copying ../../build/arm_control/arm_control.egg-info to /home/unitree/106a_final/install/arm_control/lib/python3.8/site-packages/arm_control-0.0.0-py3.8.egg-info
[17.041s] running install_scripts
[17.090s] Installing arm_node script to /home/unitree/106a_final/install/arm_control/lib/arm_control
[17.090s] Installing servo_driver script to /home/unitree/106a_final/install/arm_control/lib/arm_control
[17.096s] writing list of installed files to '/home/unitree/106a_final/build/arm_control/install.log'
[19.166s] Invoked command in '/home/unitree/106a_final/src/arm_control' returned '0': PYTHONPATH=/home/unitree/106a_final/build/arm_control/prefix_override:/home/unitree/106a_final/install/arm_control/lib/python3.8/site-packages:${PYTHONPATH} /usr/bin/python3 setup.py egg_info --egg-base ../../build/arm_control build --build-base /home/unitree/106a_final/build/arm_control/build install --record /home/unitree/106a_final/build/arm_control/install.log --install-scripts $base/lib/arm_control --single-version-externally-managed
