[2.253s] Invoking command in '/home/unitree/106a_final/src/navigation_node_two': PYTHONPATH=/home/unitree/106a_final/build/navigation_node_two/prefix_override:/home/unitree/106a_final/install/navigation_node_two/lib/python3.8/site-packages:${PYTHONPATH} /usr/bin/python3 setup.py egg_info --egg-base ../../build/navigation_node_two build --build-base /home/unitree/106a_final/build/navigation_node_two/build install --record /home/unitree/106a_final/build/navigation_node_two/install.log --install-scripts $base/lib/navigation_node_two --single-version-externally-managed
[2.689s] running egg_info
[2.690s] creating ../../build/navigation_node_two/navigation_node_two.egg-info
[2.690s] writing ../../build/navigation_node_two/navigation_node_two.egg-info/PKG-INFO
[2.690s] writing dependency_links to ../../build/navigation_node_two/navigation_node_two.egg-info/dependency_links.txt
[2.691s] writing entry points to ../../build/navigation_node_two/navigation_node_two.egg-info/entry_points.txt
[2.691s] writing requirements to ../../build/navigation_node_two/navigation_node_two.egg-info/requires.txt
[2.691s] writing top-level names to ../../build/navigation_node_two/navigation_node_two.egg-info/top_level.txt
[2.695s] writing manifest file '../../build/navigation_node_two/navigation_node_two.egg-info/SOURCES.txt'
[2.753s] reading manifest file '../../build/navigation_node_two/navigation_node_two.egg-info/SOURCES.txt'
[2.754s] writing manifest file '../../build/navigation_node_two/navigation_node_two.egg-info/SOURCES.txt'
[2.755s] running build
[2.755s] running build_py
[2.755s] creating /home/unitree/106a_final/build/navigation_node_two/build
[2.755s] creating /home/unitree/106a_final/build/navigation_node_two/build/lib
[2.755s] creating /home/unitree/106a_final/build/navigation_node_two/build/lib/navigation_node_two
[2.756s] copying navigation_node_two/nav_to_bottle.py -> /home/unitree/106a_final/build/navigation_node_two/build/lib/navigation_node_two
[2.756s] copying navigation_node_two/__init__.py -> /home/unitree/106a_final/build/navigation_node_two/build/lib/navigation_node_two
[2.756s] running install
[2.758s] running install_lib
[2.760s] creating /home/unitree/106a_final/install/navigation_node_two/lib/python3.8/site-packages/navigation_node_two
[2.760s] copying /home/unitree/106a_final/build/navigation_node_two/build/lib/navigation_node_two/nav_to_bottle.py -> /home/unitree/106a_final/install/navigation_node_two/lib/python3.8/site-packages/navigation_node_two
[2.760s] copying /home/unitree/106a_final/build/navigation_node_two/build/lib/navigation_node_two/__init__.py -> /home/unitree/106a_final/install/navigation_node_two/lib/python3.8/site-packages/navigation_node_two
[2.761s] byte-compiling /home/unitree/106a_final/install/navigation_node_two/lib/python3.8/site-packages/navigation_node_two/nav_to_bottle.py to nav_to_bottle.cpython-38.pyc
[2.765s] byte-compiling /home/unitree/106a_final/install/navigation_node_two/lib/python3.8/site-packages/navigation_node_two/__init__.py to __init__.cpython-38.pyc
[2.765s] running install_data
[2.766s] creating /home/unitree/106a_final/install/navigation_node_two/share/ament_index
[2.766s] creating /home/unitree/106a_final/install/navigation_node_two/share/ament_index/resource_index
[2.766s] creating /home/unitree/106a_final/install/navigation_node_two/share/ament_index/resource_index/packages
[2.766s] copying resource/navigation_node_two -> /home/unitree/106a_final/install/navigation_node_two/share/ament_index/resource_index/packages
[2.766s] copying package.xml -> /home/unitree/106a_final/install/navigation_node_two/share/navigation_node_two
[2.767s] running install_egg_info
[2.770s] Copying ../../build/navigation_node_two/navigation_node_two.egg-info to /home/unitree/106a_final/install/navigation_node_two/lib/python3.8/site-packages/navigation_node_two-0.0.0-py3.8.egg-info
[2.771s] running install_scripts
[2.805s] Installing nav_to_bottle script to /home/unitree/106a_final/install/navigation_node_two/lib/navigation_node_two
[2.806s] writing list of installed files to '/home/unitree/106a_final/build/navigation_node_two/install.log'
[2.862s] Invoked command in '/home/unitree/106a_final/src/navigation_node_two' returned '0': PYTHONPATH=/home/unitree/106a_final/build/navigation_node_two/prefix_override:/home/unitree/106a_final/install/navigation_node_two/lib/python3.8/site-packages:${PYTHONPATH} /usr/bin/python3 setup.py egg_info --egg-base ../../build/navigation_node_two build --build-base /home/unitree/106a_final/build/navigation_node_two/build install --record /home/unitree/106a_final/build/navigation_node_two/install.log --install-scripts $base/lib/navigation_node_two --single-version-externally-managed
