[12.319s] Invoking command in '/home/unitree/106a_final/src/navigation_node': PYTHONPATH=/home/unitree/106a_final/build/navigation_node/prefix_override:/home/unitree/106a_final/install/navigation_node/lib/python3.8/site-packages:${PYTHONPATH} /usr/bin/python3 setup.py egg_info --egg-base ../../build/navigation_node build --build-base /home/unitree/106a_final/build/navigation_node/build install --record /home/unitree/106a_final/build/navigation_node/install.log --install-scripts $base/lib/navigation_node --single-version-externally-managed
[13.967s] running egg_info
[13.969s] writing ../../build/navigation_node/navigation_node.egg-info/PKG-INFO
[13.970s] writing dependency_links to ../../build/navigation_node/navigation_node.egg-info/dependency_links.txt
[13.981s] writing entry points to ../../build/navigation_node/navigation_node.egg-info/entry_points.txt
[13.989s] writing requirements to ../../build/navigation_node/navigation_node.egg-info/requires.txt
[13.989s] writing top-level names to ../../build/navigation_node/navigation_node.egg-info/top_level.txt
[14.224s] reading manifest file '../../build/navigation_node/navigation_node.egg-info/SOURCES.txt'
[14.226s] writing manifest file '../../build/navigation_node/navigation_node.egg-info/SOURCES.txt'
[14.226s] running build
[14.226s] running build_py
[14.226s] running install
[14.226s] running install_lib
[14.293s] running install_data
[14.293s] running install_egg_info
[14.321s] removing '/home/unitree/106a_final/install/navigation_node/lib/python3.8/site-packages/navigation_node-0.0.0-py3.8.egg-info' (and everything under it)
[14.322s] Copying ../../build/navigation_node/navigation_node.egg-info to /home/unitree/106a_final/install/navigation_node/lib/python3.8/site-packages/navigation_node-0.0.0-py3.8.egg-info
[14.340s] running install_scripts
[14.515s] Installing nav_node_go script to /home/unitree/106a_final/install/navigation_node/lib/navigation_node
[14.519s] writing list of installed files to '/home/unitree/106a_final/build/navigation_node/install.log'
[15.074s] Invoked command in '/home/unitree/106a_final/src/navigation_node' returned '0': PYTHONPATH=/home/unitree/106a_final/build/navigation_node/prefix_override:/home/unitree/106a_final/install/navigation_node/lib/python3.8/site-packages:${PYTHONPATH} /usr/bin/python3 setup.py egg_info --egg-base ../../build/navigation_node build --build-base /home/unitree/106a_final/build/navigation_node/build install --record /home/unitree/106a_final/build/navigation_node/install.log --install-scripts $base/lib/navigation_node --single-version-externally-managed
