[8.513s] Invoking command in '/home/unitree/106a_final/src/aruco_node': PYTHONPATH=/home/unitree/106a_final/build/aruco_node/prefix_override:/home/unitree/106a_final/install/aruco_node/lib/python3.8/site-packages:${PYTHONPATH} /usr/bin/python3 setup.py egg_info --egg-base ../../build/aruco_node build --build-base /home/unitree/106a_final/build/aruco_node/build install --record /home/unitree/106a_final/build/aruco_node/install.log --single-version-externally-managed
[10.049s] running egg_info
[10.050s] writing ../../build/aruco_node/aruco_node.egg-info/PKG-INFO
[10.050s] writing dependency_links to ../../build/aruco_node/aruco_node.egg-info/dependency_links.txt
[10.050s] writing entry points to ../../build/aruco_node/aruco_node.egg-info/entry_points.txt
[10.050s] writing requirements to ../../build/aruco_node/aruco_node.egg-info/requires.txt
[10.050s] writing top-level names to ../../build/aruco_node/aruco_node.egg-info/top_level.txt
[10.050s] reading manifest file '../../build/aruco_node/aruco_node.egg-info/SOURCES.txt'
[10.050s] writing manifest file '../../build/aruco_node/aruco_node.egg-info/SOURCES.txt'
[10.050s] running build
[10.050s] running build_py
[10.051s] running install
[10.051s] running install_lib
[10.051s] running install_data
[10.051s] running install_egg_info
[10.051s] removing '/home/unitree/106a_final/install/aruco_node/lib/python3.8/site-packages/aruco_node-0.0.0-py3.8.egg-info' (and everything under it)
[10.051s] Copying ../../build/aruco_node/aruco_node.egg-info to /home/unitree/106a_final/install/aruco_node/lib/python3.8/site-packages/aruco_node-0.0.0-py3.8.egg-info
[10.051s] running install_scripts
[10.051s] Installing aruco script to /home/unitree/106a_final/install/aruco_node/lib/aruco_node
[10.052s] writing list of installed files to '/home/unitree/106a_final/build/aruco_node/install.log'
[11.424s] Invoked command in '/home/unitree/106a_final/src/aruco_node' returned '0': PYTHONPATH=/home/unitree/106a_final/build/aruco_node/prefix_override:/home/unitree/106a_final/install/aruco_node/lib/python3.8/site-packages:${PYTHONPATH} /usr/bin/python3 setup.py egg_info --egg-base ../../build/aruco_node build --build-base /home/unitree/106a_final/build/aruco_node/build install --record /home/unitree/106a_final/build/aruco_node/install.log --single-version-externally-managed
