[2.900s] Invoking command in '/home/unitree/106a_final/src/arm_control': PYTHONPATH=/home/unitree/106a_final/build/arm_control/prefix_override:/home/unitree/106a_final/install/arm_control/lib/python3.8/site-packages:${PYTHONPATH} /usr/bin/python3 setup.py egg_info --egg-base ../../build/arm_control build --build-base /home/unitree/106a_final/build/arm_control/build install --record /home/unitree/106a_final/build/arm_control/install.log --install-scripts $base/lib/arm_control --single-version-externally-managed
[3.484s] running egg_info
[3.485s] writing ../../build/arm_control/arm_control.egg-info/PKG-INFO
[3.486s] writing dependency_links to ../../build/arm_control/arm_control.egg-info/dependency_links.txt
[3.486s] writing entry points to ../../build/arm_control/arm_control.egg-info/entry_points.txt
[3.487s] writing requirements to ../../build/arm_control/arm_control.egg-info/requires.txt
[3.487s] writing top-level names to ../../build/arm_control/arm_control.egg-info/top_level.txt
[3.555s] reading manifest file '../../build/arm_control/arm_control.egg-info/SOURCES.txt'
[3.558s] writing manifest file '../../build/arm_control/arm_control.egg-info/SOURCES.txt'
[3.558s] running build
[3.558s] running build_py
[3.558s] copying arm_control/arm_node.py -> /home/unitree/106a_final/build/arm_control/build/lib/arm_control
[3.559s] running install
[3.561s] running install_lib
[3.563s] copying /home/unitree/106a_final/build/arm_control/build/lib/arm_control/arm_node.py -> /home/unitree/106a_final/install/arm_control/lib/python3.8/site-packages/arm_control
[3.565s] byte-compiling /home/unitree/106a_final/install/arm_control/lib/python3.8/site-packages/arm_control/arm_node.py to arm_node.cpython-38.pyc
[3.570s] running install_data
[3.572s] running install_egg_info
[3.576s] removing '/home/unitree/106a_final/install/arm_control/lib/python3.8/site-packages/arm_control-0.0.0-py3.8.egg-info' (and everything under it)
[3.576s] Copying ../../build/arm_control/arm_control.egg-info to /home/unitree/106a_final/install/arm_control/lib/python3.8/site-packages/arm_control-0.0.0-py3.8.egg-info
[3.578s] running install_scripts
[3.622s] Installing arm_node script to /home/unitree/106a_final/install/arm_control/lib/arm_control
[3.623s] Installing servo_driver script to /home/unitree/106a_final/install/arm_control/lib/arm_control
[3.623s] writing list of installed files to '/home/unitree/106a_final/build/arm_control/install.log'
[3.712s] Invoked command in '/home/unitree/106a_final/src/arm_control' returned '0': PYTHONPATH=/home/unitree/106a_final/build/arm_control/prefix_override:/home/unitree/106a_final/install/arm_control/lib/python3.8/site-packages:${PYTHONPATH} /usr/bin/python3 setup.py egg_info --egg-base ../../build/arm_control build --build-base /home/unitree/106a_final/build/arm_control/build install --record /home/unitree/106a_final/build/arm_control/install.log --install-scripts $base/lib/arm_control --single-version-externally-managed
