[5.450s] Invoking command in '/home/unitree/106a_final/src/navigation_node_two': PYTHONPATH=/home/unitree/106a_final/build/navigation_node_two/prefix_override:/home/unitree/106a_final/install/navigation_node_two/lib/python3.8/site-packages:${PYTHONPATH} /usr/bin/python3 setup.py egg_info --egg-base ../../build/navigation_node_two build --build-base /home/unitree/106a_final/build/navigation_node_two/build install --record /home/unitree/106a_final/build/navigation_node_two/install.log --install-scripts $base/lib/navigation_node_two --single-version-externally-managed
[6.048s] running egg_info
[6.050s] writing ../../build/navigation_node_two/navigation_node_two.egg-info/PKG-INFO
[6.051s] writing dependency_links to ../../build/navigation_node_two/navigation_node_two.egg-info/dependency_links.txt
[6.051s] writing entry points to ../../build/navigation_node_two/navigation_node_two.egg-info/entry_points.txt
[6.052s] writing requirements to ../../build/navigation_node_two/navigation_node_two.egg-info/requires.txt
[6.052s] writing top-level names to ../../build/navigation_node_two/navigation_node_two.egg-info/top_level.txt
[6.136s] reading manifest file '../../build/navigation_node_two/navigation_node_two.egg-info/SOURCES.txt'
[6.138s] writing manifest file '../../build/navigation_node_two/navigation_node_two.egg-info/SOURCES.txt'
[6.138s] running build
[6.138s] running build_py
[6.138s] copying navigation_node_two/nav_to_bottle.py -> /home/unitree/106a_final/build/navigation_node_two/build/lib/navigation_node_two
[6.139s] running install
[6.143s] running install_lib
[6.144s] copying /home/unitree/106a_final/build/navigation_node_two/build/lib/navigation_node_two/nav_to_bottle.py -> /home/unitree/106a_final/install/navigation_node_two/lib/python3.8/site-packages/navigation_node_two
[6.146s] byte-compiling /home/unitree/106a_final/install/navigation_node_two/lib/python3.8/site-packages/navigation_node_two/nav_to_bottle.py to nav_to_bottle.cpython-38.pyc
[6.152s] running install_data
[6.153s] running install_egg_info
[6.158s] removing '/home/unitree/106a_final/install/navigation_node_two/lib/python3.8/site-packages/navigation_node_two-0.0.0-py3.8.egg-info' (and everything under it)
[6.162s] Copying ../../build/navigation_node_two/navigation_node_two.egg-info to /home/unitree/106a_final/install/navigation_node_two/lib/python3.8/site-packages/navigation_node_two-0.0.0-py3.8.egg-info
[6.162s] running install_scripts
[6.213s] Installing nav_to_bottle script to /home/unitree/106a_final/install/navigation_node_two/lib/navigation_node_two
[6.215s] Installing pose_bridge_node script to /home/unitree/106a_final/install/navigation_node_two/lib/navigation_node_two
[6.215s] writing list of installed files to '/home/unitree/106a_final/build/navigation_node_two/install.log'
[6.319s] Invoked command in '/home/unitree/106a_final/src/navigation_node_two' returned '0': PYTHONPATH=/home/unitree/106a_final/build/navigation_node_two/prefix_override:/home/unitree/106a_final/install/navigation_node_two/lib/python3.8/site-packages:${PYTHONPATH} /usr/bin/python3 setup.py egg_info --egg-base ../../build/navigation_node_two build --build-base /home/unitree/106a_final/build/navigation_node_two/build install --record /home/unitree/106a_final/build/navigation_node_two/install.log --install-scripts $base/lib/navigation_node_two --single-version-externally-managed
