[2.530s] Invoking command in '/home/unitree/106a_final/build/realsense2_camera_msgs': CMAKE_PREFIX_PATH=${CMAKE_PREFIX_PATH}:/home/unitree/106a_final/install/vision_node:/home/unitree/106a_final/install/navigation_node_two:/home/unitree/106a_final/install/navigation_node:/home/unitree/106a_final/install/aruco_node:/home/unitree/106a_final/install/arm_control:/opt/ros/foxy /usr/bin/cmake --build /home/unitree/106a_final/build/realsense2_camera_msgs -- -j4 -l4
[5.029s] [  1%] Built target realsense2_camera_msgs__cpp
[5.029s] [ 12%] Built target realsense2_camera_msgs__rosidl_generator_c
[5.029s] [ 23%] Built target realsense2_camera_msgs__rosidl_typesupport_introspection_cpp
[5.031s] [ 34%] Built target realsense2_camera_msgs__rosidl_typesupport_introspection_c
[5.031s] [ 45%] Built target realsense2_camera_msgs__rosidl_typesupport_c
[5.031s] [ 56%] Built target realsense2_camera_msgs__rosidl_typesupport_fastrtps_cpp
[5.031s] [ 67%] Built target realsense2_camera_msgs__rosidl_typesupport_cpp
[5.032s] [ 78%] Built target realsense2_camera_msgs__rosidl_typesupport_fastrtps_c
[5.032s] [ 78%] Built target realsense2_camera_msgs
[5.032s] [ 80%] Built target realsense2_camera_msgs__py
[5.032s] [ 89%] Built target realsense2_camera_msgs__python
[5.032s] [ 92%] Built target realsense2_camera_msgs__rosidl_typesupport_c__pyext
[5.032s] [ 96%] Built target realsense2_camera_msgs__rosidl_typesupport_fastrtps_c__pyext
[5.032s] [100%] Built target realsense2_camera_msgs__rosidl_typesupport_introspection_c__pyext
[5.091s] Invoked command in '/home/unitree/106a_final/build/realsense2_camera_msgs' returned '0': CMAKE_PREFIX_PATH=${CMAKE_PREFIX_PATH}:/home/unitree/106a_final/install/vision_node:/home/unitree/106a_final/install/navigation_node_two:/home/unitree/106a_final/install/navigation_node:/home/unitree/106a_final/install/aruco_node:/home/unitree/106a_final/install/arm_control:/opt/ros/foxy /usr/bin/cmake --build /home/unitree/106a_final/build/realsense2_camera_msgs -- -j4 -l4
[5.147s] Invoking command in '/home/unitree/106a_final/build/realsense2_camera_msgs': CMAKE_PREFIX_PATH=${CMAKE_PREFIX_PATH}:/home/unitree/106a_final/install/vision_node:/home/unitree/106a_final/install/navigation_node_two:/home/unitree/106a_final/install/navigation_node:/home/unitree/106a_final/install/aruco_node:/home/unitree/106a_final/install/arm_control:/opt/ros/foxy /usr/bin/cmake --install /home/unitree/106a_final/build/realsense2_camera_msgs
[5.208s] -- Install configuration: ""
[5.209s] -- Up-to-date: /home/unitree/106a_final/install/realsense2_camera_msgs/share/ament_index/resource_index/rosidl_interfaces/realsense2_camera_msgs
[5.210s] -- Up-to-date: /home/unitree/106a_final/install/realsense2_camera_msgs/include/realsense2_camera_msgs
[5.210s] -- Up-to-date: /home/unitree/106a_final/install/realsense2_camera_msgs/include/realsense2_camera_msgs/srv
[5.210s] -- Up-to-date: /home/unitree/106a_final/install/realsense2_camera_msgs/include/realsense2_camera_msgs/srv/device_info.h
[5.210s] -- Up-to-date: /home/unitree/106a_final/install/realsense2_camera_msgs/include/realsense2_camera_msgs/srv/detail
[5.210s] -- Up-to-date: /home/unitree/106a_final/install/realsense2_camera_msgs/include/realsense2_camera_msgs/srv/detail/device_info__functions.h
[5.211s] -- Up-to-date: /home/unitree/106a_final/install/realsense2_camera_msgs/include/realsense2_camera_msgs/srv/detail/device_info__struct.h
[5.211s] -- Up-to-date: /home/unitree/106a_final/install/realsense2_camera_msgs/include/realsense2_camera_msgs/srv/detail/device_info__type_support.h
[5.211s] -- Up-to-date: /home/unitree/106a_final/install/realsense2_camera_msgs/include/realsense2_camera_msgs/srv/detail/device_info__functions.c
[5.211s] -- Up-to-date: /home/unitree/106a_final/install/realsense2_camera_msgs/include/realsense2_camera_msgs/msg
[5.211s] -- Up-to-date: /home/unitree/106a_final/install/realsense2_camera_msgs/include/realsense2_camera_msgs/msg/imu_info.h
[5.211s] -- Up-to-date: /home/unitree/106a_final/install/realsense2_camera_msgs/include/realsense2_camera_msgs/msg/rosidl_generator_c__visibility_control.h
[5.211s] -- Up-to-date: /home/unitree/106a_final/install/realsense2_camera_msgs/include/realsense2_camera_msgs/msg/extrinsics.h
[5.212s] -- Up-to-date: /home/unitree/106a_final/install/realsense2_camera_msgs/include/realsense2_camera_msgs/msg/metadata.h
[5.212s] -- Up-to-date: /home/unitree/106a_final/install/realsense2_camera_msgs/include/realsense2_camera_msgs/msg/detail
[5.212s] -- Up-to-date: /home/unitree/106a_final/install/realsense2_camera_msgs/include/realsense2_camera_msgs/msg/detail/extrinsics__type_support.h
[5.212s] -- Up-to-date: /home/unitree/106a_final/install/realsense2_camera_msgs/include/realsense2_camera_msgs/msg/detail/metadata__struct.h
[5.212s] -- Up-to-date: /home/unitree/106a_final/install/realsense2_camera_msgs/include/realsense2_camera_msgs/msg/detail/metadata__functions.h
[5.212s] -- Up-to-date: /home/unitree/106a_final/install/realsense2_camera_msgs/include/realsense2_camera_msgs/msg/detail/imu_info__functions.c
[5.214s] -- Up-to-date: /home/unitree/106a_final/install/realsense2_camera_msgs/include/realsense2_camera_msgs/msg/detail/metadata__type_support.h
[5.214s] -- Up-to-date: /home/unitree/106a_final/install/realsense2_camera_msgs/include/realsense2_camera_msgs/msg/detail/imu_info__struct.h
[5.214s] -- Up-to-date: /home/unitree/106a_final/install/realsense2_camera_msgs/include/realsense2_camera_msgs/msg/detail/extrinsics__functions.c
[5.214s] -- Up-to-date: /home/unitree/106a_final/install/realsense2_camera_msgs/include/realsense2_camera_msgs/msg/detail/extrinsics__functions.h
[5.215s] -- Up-to-date: /home/unitree/106a_final/install/realsense2_camera_msgs/include/realsense2_camera_msgs/msg/detail/metadata__functions.c
[5.215s] -- Up-to-date: /home/unitree/106a_final/install/realsense2_camera_msgs/include/realsense2_camera_msgs/msg/detail/imu_info__type_support.h
[5.215s] -- Up-to-date: /home/unitree/106a_final/install/realsense2_camera_msgs/include/realsense2_camera_msgs/msg/detail/imu_info__functions.h
[5.215s] -- Up-to-date: /home/unitree/106a_final/install/realsense2_camera_msgs/include/realsense2_camera_msgs/msg/detail/extrinsics__struct.h
[5.215s] -- Up-to-date: /home/unitree/106a_final/install/realsense2_camera_msgs/share/realsense2_camera_msgs/environment/library_path.sh
[5.215s] -- Up-to-date: /home/unitree/106a_final/install/realsense2_camera_msgs/share/realsense2_camera_msgs/environment/library_path.dsv
[5.216s] -- Up-to-date: /home/unitree/106a_final/install/realsense2_camera_msgs/lib/librealsense2_camera_msgs__rosidl_generator_c.so
[5.216s] -- Up-to-date: /home/unitree/106a_final/install/realsense2_camera_msgs/include/realsense2_camera_msgs
[5.216s] -- Up-to-date: /home/unitree/106a_final/install/realsense2_camera_msgs/include/realsense2_camera_msgs/srv
[5.216s] -- Up-to-date: /home/unitree/106a_final/install/realsense2_camera_msgs/include/realsense2_camera_msgs/srv/detail
[5.216s] -- Up-to-date: /home/unitree/106a_final/install/realsense2_camera_msgs/include/realsense2_camera_msgs/srv/detail/device_info__rosidl_typesupport_fastrtps_c.h
[5.216s] -- Up-to-date: /home/unitree/106a_final/install/realsense2_camera_msgs/include/realsense2_camera_msgs/msg
[5.216s] -- Up-to-date: /home/unitree/106a_final/install/realsense2_camera_msgs/include/realsense2_camera_msgs/msg/rosidl_typesupport_fastrtps_c__visibility_control.h
[5.216s] -- Up-to-date: /home/unitree/106a_final/install/realsense2_camera_msgs/include/realsense2_camera_msgs/msg/detail
[5.217s] -- Up-to-date: /home/unitree/106a_final/install/realsense2_camera_msgs/include/realsense2_camera_msgs/msg/detail/metadata__rosidl_typesupport_fastrtps_c.h
[5.217s] -- Up-to-date: /home/unitree/106a_final/install/realsense2_camera_msgs/include/realsense2_camera_msgs/msg/detail/imu_info__rosidl_typesupport_fastrtps_c.h
[5.217s] -- Up-to-date: /home/unitree/106a_final/install/realsense2_camera_msgs/include/realsense2_camera_msgs/msg/detail/extrinsics__rosidl_typesupport_fastrtps_c.h
[5.217s] -- Up-to-date: /home/unitree/106a_final/install/realsense2_camera_msgs/lib/librealsense2_camera_msgs__rosidl_typesupport_fastrtps_c.so
[5.217s] -- Up-to-date: /home/unitree/106a_final/install/realsense2_camera_msgs/include/realsense2_camera_msgs
[5.217s] -- Up-to-date: /home/unitree/106a_final/install/realsense2_camera_msgs/include/realsense2_camera_msgs/srv
[5.217s] -- Up-to-date: /home/unitree/106a_final/install/realsense2_camera_msgs/include/realsense2_camera_msgs/srv/detail
[5.217s] -- Up-to-date: /home/unitree/106a_final/install/realsense2_camera_msgs/include/realsense2_camera_msgs/srv/detail/device_info__rosidl_typesupport_fastrtps_cpp.hpp
[5.218s] -- Up-to-date: /home/unitree/106a_final/install/realsense2_camera_msgs/include/realsense2_camera_msgs/srv/detail/dds_fastrtps
[5.218s] -- Up-to-date: /home/unitree/106a_final/install/realsense2_camera_msgs/include/realsense2_camera_msgs/msg
[5.218s] -- Up-to-date: /home/unitree/106a_final/install/realsense2_camera_msgs/include/realsense2_camera_msgs/msg/rosidl_typesupport_fastrtps_cpp__visibility_control.h
[5.218s] -- Up-to-date: /home/unitree/106a_final/install/realsense2_camera_msgs/include/realsense2_camera_msgs/msg/detail
[5.218s] -- Up-to-date: /home/unitree/106a_final/install/realsense2_camera_msgs/include/realsense2_camera_msgs/msg/detail/imu_info__rosidl_typesupport_fastrtps_cpp.hpp
[5.218s] -- Up-to-date: /home/unitree/106a_final/install/realsense2_camera_msgs/include/realsense2_camera_msgs/msg/detail/metadata__rosidl_typesupport_fastrtps_cpp.hpp
[5.218s] -- Up-to-date: /home/unitree/106a_final/install/realsense2_camera_msgs/include/realsense2_camera_msgs/msg/detail/extrinsics__rosidl_typesupport_fastrtps_cpp.hpp
[5.219s] -- Up-to-date: /home/unitree/106a_final/install/realsense2_camera_msgs/include/realsense2_camera_msgs/msg/detail/dds_fastrtps
[5.219s] -- Up-to-date: /home/unitree/106a_final/install/realsense2_camera_msgs/lib/librealsense2_camera_msgs__rosidl_typesupport_fastrtps_cpp.so
[5.219s] -- Up-to-date: /home/unitree/106a_final/install/realsense2_camera_msgs/include/realsense2_camera_msgs
[5.219s] -- Up-to-date: /home/unitree/106a_final/install/realsense2_camera_msgs/include/realsense2_camera_msgs/srv
[5.219s] -- Up-to-date: /home/unitree/106a_final/install/realsense2_camera_msgs/include/realsense2_camera_msgs/srv/detail
[5.219s] -- Up-to-date: /home/unitree/106a_final/install/realsense2_camera_msgs/include/realsense2_camera_msgs/srv/detail/device_info__type_support.c
[5.219s] -- Up-to-date: /home/unitree/106a_final/install/realsense2_camera_msgs/include/realsense2_camera_msgs/srv/detail/device_info__rosidl_typesupport_introspection_c.h
[5.220s] -- Up-to-date: /home/unitree/106a_final/install/realsense2_camera_msgs/include/realsense2_camera_msgs/msg
[5.220s] -- Up-to-date: /home/unitree/106a_final/install/realsense2_camera_msgs/include/realsense2_camera_msgs/msg/rosidl_typesupport_introspection_c__visibility_control.h
[5.220s] -- Up-to-date: /home/unitree/106a_final/install/realsense2_camera_msgs/include/realsense2_camera_msgs/msg/detail
[5.220s] -- Up-to-date: /home/unitree/106a_final/install/realsense2_camera_msgs/include/realsense2_camera_msgs/msg/detail/imu_info__rosidl_typesupport_introspection_c.h
[5.220s] -- Up-to-date: /home/unitree/106a_final/install/realsense2_camera_msgs/include/realsense2_camera_msgs/msg/detail/metadata__type_support.c
[5.220s] -- Up-to-date: /home/unitree/106a_final/install/realsense2_camera_msgs/include/realsense2_camera_msgs/msg/detail/metadata__rosidl_typesupport_introspection_c.h
[5.220s] -- Up-to-date: /home/unitree/106a_final/install/realsense2_camera_msgs/include/realsense2_camera_msgs/msg/detail/imu_info__type_support.c
[5.220s] -- Up-to-date: /home/unitree/106a_final/install/realsense2_camera_msgs/include/realsense2_camera_msgs/msg/detail/extrinsics__rosidl_typesupport_introspection_c.h
[5.221s] -- Up-to-date: /home/unitree/106a_final/install/realsense2_camera_msgs/include/realsense2_camera_msgs/msg/detail/extrinsics__type_support.c
[5.221s] -- Up-to-date: /home/unitree/106a_final/install/realsense2_camera_msgs/lib/librealsense2_camera_msgs__rosidl_typesupport_introspection_c.so
[5.221s] -- Up-to-date: /home/unitree/106a_final/install/realsense2_camera_msgs/lib/librealsense2_camera_msgs__rosidl_typesupport_c.so
[5.221s] -- Up-to-date: /home/unitree/106a_final/install/realsense2_camera_msgs/include/realsense2_camera_msgs
[5.221s] -- Up-to-date: /home/unitree/106a_final/install/realsense2_camera_msgs/include/realsense2_camera_msgs/srv
[5.221s] -- Up-to-date: /home/unitree/106a_final/install/realsense2_camera_msgs/include/realsense2_camera_msgs/srv/device_info.hpp
[5.221s] -- Up-to-date: /home/unitree/106a_final/install/realsense2_camera_msgs/include/realsense2_camera_msgs/srv/detail
[5.221s] -- Up-to-date: /home/unitree/106a_final/install/realsense2_camera_msgs/include/realsense2_camera_msgs/srv/detail/device_info__type_support.hpp
[5.222s] -- Up-to-date: /home/unitree/106a_final/install/realsense2_camera_msgs/include/realsense2_camera_msgs/srv/detail/device_info__traits.hpp
[5.222s] -- Up-to-date: /home/unitree/106a_final/install/realsense2_camera_msgs/include/realsense2_camera_msgs/srv/detail/device_info__builder.hpp
[5.222s] -- Up-to-date: /home/unitree/106a_final/install/realsense2_camera_msgs/include/realsense2_camera_msgs/srv/detail/device_info__struct.hpp
[5.222s] -- Up-to-date: /home/unitree/106a_final/install/realsense2_camera_msgs/include/realsense2_camera_msgs/msg
[5.222s] -- Up-to-date: /home/unitree/106a_final/install/realsense2_camera_msgs/include/realsense2_camera_msgs/msg/imu_info.hpp
[5.222s] -- Up-to-date: /home/unitree/106a_final/install/realsense2_camera_msgs/include/realsense2_camera_msgs/msg/extrinsics.hpp
[5.222s] -- Up-to-date: /home/unitree/106a_final/install/realsense2_camera_msgs/include/realsense2_camera_msgs/msg/detail
[5.223s] -- Up-to-date: /home/unitree/106a_final/install/realsense2_camera_msgs/include/realsense2_camera_msgs/msg/detail/metadata__traits.hpp
[5.223s] -- Up-to-date: /home/unitree/106a_final/install/realsense2_camera_msgs/include/realsense2_camera_msgs/msg/detail/imu_info__struct.hpp
[5.223s] -- Up-to-date: /home/unitree/106a_final/install/realsense2_camera_msgs/include/realsense2_camera_msgs/msg/detail/metadata__builder.hpp
[5.223s] -- Up-to-date: /home/unitree/106a_final/install/realsense2_camera_msgs/include/realsense2_camera_msgs/msg/detail/extrinsics__struct.hpp
[5.223s] -- Up-to-date: /home/unitree/106a_final/install/realsense2_camera_msgs/include/realsense2_camera_msgs/msg/detail/metadata__type_support.hpp
[5.223s] -- Up-to-date: /home/unitree/106a_final/install/realsense2_camera_msgs/include/realsense2_camera_msgs/msg/detail/imu_info__type_support.hpp
[5.223s] -- Up-to-date: /home/unitree/106a_final/install/realsense2_camera_msgs/include/realsense2_camera_msgs/msg/detail/extrinsics__traits.hpp
[5.224s] -- Up-to-date: /home/unitree/106a_final/install/realsense2_camera_msgs/include/realsense2_camera_msgs/msg/detail/metadata__struct.hpp
[5.224s] -- Up-to-date: /home/unitree/106a_final/install/realsense2_camera_msgs/include/realsense2_camera_msgs/msg/detail/extrinsics__type_support.hpp
[5.224s] -- Up-to-date: /home/unitree/106a_final/install/realsense2_camera_msgs/include/realsense2_camera_msgs/msg/detail/extrinsics__builder.hpp
[5.224s] -- Up-to-date: /home/unitree/106a_final/install/realsense2_camera_msgs/include/realsense2_camera_msgs/msg/detail/imu_info__traits.hpp
[5.224s] -- Up-to-date: /home/unitree/106a_final/install/realsense2_camera_msgs/include/realsense2_camera_msgs/msg/detail/imu_info__builder.hpp
[5.244s] -- Up-to-date: /home/unitree/106a_final/install/realsense2_camera_msgs/include/realsense2_camera_msgs/msg/rosidl_generator_cpp__visibility_control.hpp
[5.244s] -- Up-to-date: /home/unitree/106a_final/install/realsense2_camera_msgs/include/realsense2_camera_msgs/msg/metadata.hpp
[5.244s] -- Up-to-date: /home/unitree/106a_final/install/realsense2_camera_msgs/include/realsense2_camera_msgs
[5.244s] -- Up-to-date: /home/unitree/106a_final/install/realsense2_camera_msgs/include/realsense2_camera_msgs/srv
[5.244s] -- Up-to-date: /home/unitree/106a_final/install/realsense2_camera_msgs/include/realsense2_camera_msgs/srv/detail
[5.245s] -- Up-to-date: /home/unitree/106a_final/install/realsense2_camera_msgs/include/realsense2_camera_msgs/srv/detail/device_info__rosidl_typesupport_introspection_cpp.hpp
[5.245s] -- Up-to-date: /home/unitree/106a_final/install/realsense2_camera_msgs/include/realsense2_camera_msgs/srv/detail/device_info__type_support.cpp
[5.245s] -- Up-to-date: /home/unitree/106a_final/install/realsense2_camera_msgs/include/realsense2_camera_msgs/msg
[5.245s] -- Up-to-date: /home/unitree/106a_final/install/realsense2_camera_msgs/include/realsense2_camera_msgs/msg/detail
[5.245s] -- Up-to-date: /home/unitree/106a_final/install/realsense2_camera_msgs/include/realsense2_camera_msgs/msg/detail/metadata__rosidl_typesupport_introspection_cpp.hpp
[5.245s] -- Up-to-date: /home/unitree/106a_final/install/realsense2_camera_msgs/include/realsense2_camera_msgs/msg/detail/metadata__type_support.cpp
[5.245s] -- Up-to-date: /home/unitree/106a_final/install/realsense2_camera_msgs/include/realsense2_camera_msgs/msg/detail/imu_info__rosidl_typesupport_introspection_cpp.hpp
[5.246s] -- Up-to-date: /home/unitree/106a_final/install/realsense2_camera_msgs/include/realsense2_camera_msgs/msg/detail/extrinsics__type_support.cpp
[5.246s] -- Up-to-date: /home/unitree/106a_final/install/realsense2_camera_msgs/include/realsense2_camera_msgs/msg/detail/extrinsics__rosidl_typesupport_introspection_cpp.hpp
[5.246s] -- Up-to-date: /home/unitree/106a_final/install/realsense2_camera_msgs/include/realsense2_camera_msgs/msg/detail/imu_info__type_support.cpp
[5.249s] -- Up-to-date: /home/unitree/106a_final/install/realsense2_camera_msgs/lib/librealsense2_camera_msgs__rosidl_typesupport_introspection_cpp.so
[5.250s] -- Up-to-date: /home/unitree/106a_final/install/realsense2_camera_msgs/lib/librealsense2_camera_msgs__rosidl_typesupport_cpp.so
[5.250s] -- Up-to-date: /home/unitree/106a_final/install/realsense2_camera_msgs/share/realsense2_camera_msgs/environment/pythonpath.sh
[5.250s] -- Up-to-date: /home/unitree/106a_final/install/realsense2_camera_msgs/share/realsense2_camera_msgs/environment/pythonpath.dsv
[5.250s] -- Up-to-date: /home/unitree/106a_final/install/realsense2_camera_msgs/lib/python3.8/site-packages/realsense2_camera_msgs/__init__.py
[5.435s] -- Up-to-date: /home/unitree/106a_final/install/realsense2_camera_msgs/lib/python3.8/site-packages/realsense2_camera_msgs/msg
[5.435s] -- Up-to-date: /home/unitree/106a_final/install/realsense2_camera_msgs/lib/python3.8/site-packages/realsense2_camera_msgs/msg/_metadata.py
[5.435s] -- Up-to-date: /home/unitree/106a_final/install/realsense2_camera_msgs/lib/python3.8/site-packages/realsense2_camera_msgs/msg/_metadata_s.c
[5.436s] -- Up-to-date: /home/unitree/106a_final/install/realsense2_camera_msgs/lib/python3.8/site-packages/realsense2_camera_msgs/msg/__init__.py
[5.436s] -- Up-to-date: /home/unitree/106a_final/install/realsense2_camera_msgs/lib/python3.8/site-packages/realsense2_camera_msgs/msg/_extrinsics.py
[5.436s] -- Up-to-date: /home/unitree/106a_final/install/realsense2_camera_msgs/lib/python3.8/site-packages/realsense2_camera_msgs/msg/_extrinsics_s.c
[5.436s] -- Up-to-date: /home/unitree/106a_final/install/realsense2_camera_msgs/lib/python3.8/site-packages/realsense2_camera_msgs/msg/_imu_info_s.c
[5.436s] -- Up-to-date: /home/unitree/106a_final/install/realsense2_camera_msgs/lib/python3.8/site-packages/realsense2_camera_msgs/msg/_imu_info.py
[5.436s] -- Up-to-date: /home/unitree/106a_final/install/realsense2_camera_msgs/lib/python3.8/site-packages/realsense2_camera_msgs/srv
[5.436s] -- Up-to-date: /home/unitree/106a_final/install/realsense2_camera_msgs/lib/python3.8/site-packages/realsense2_camera_msgs/srv/_device_info_s.c
[5.437s] -- Up-to-date: /home/unitree/106a_final/install/realsense2_camera_msgs/lib/python3.8/site-packages/realsense2_camera_msgs/srv/__init__.py
[5.437s] -- Up-to-date: /home/unitree/106a_final/install/realsense2_camera_msgs/lib/python3.8/site-packages/realsense2_camera_msgs/srv/_device_info.py
[5.437s] -- Up-to-date: /home/unitree/106a_final/install/realsense2_camera_msgs/lib/python3.8/site-packages/realsense2_camera_msgs/realsense2_camera_msgs_s__rosidl_typesupport_fastrtps_c.cpython-38-aarch64-linux-gnu.so
[5.441s] -- Up-to-date: /home/unitree/106a_final/install/realsense2_camera_msgs/lib/python3.8/site-packages/realsense2_camera_msgs/realsense2_camera_msgs_s__rosidl_typesupport_introspection_c.cpython-38-aarch64-linux-gnu.so
[5.443s] -- Up-to-date: /home/unitree/106a_final/install/realsense2_camera_msgs/lib/python3.8/site-packages/realsense2_camera_msgs/realsense2_camera_msgs_s__rosidl_typesupport_c.cpython-38-aarch64-linux-gnu.so
[5.457s] -- Up-to-date: /home/unitree/106a_final/install/realsense2_camera_msgs/lib/librealsense2_camera_msgs__python.so
[5.458s] -- Up-to-date: /home/unitree/106a_final/install/realsense2_camera_msgs/share/realsense2_camera_msgs/msg/IMUInfo.idl
[5.458s] -- Up-to-date: /home/unitree/106a_final/install/realsense2_camera_msgs/share/realsense2_camera_msgs/msg/Extrinsics.idl
[5.458s] -- Up-to-date: /home/unitree/106a_final/install/realsense2_camera_msgs/share/realsense2_camera_msgs/msg/Metadata.idl
[5.459s] -- Up-to-date: /home/unitree/106a_final/install/realsense2_camera_msgs/share/realsense2_camera_msgs/srv/DeviceInfo.idl
[5.459s] -- Up-to-date: /home/unitree/106a_final/install/realsense2_camera_msgs/share/realsense2_camera_msgs/msg/IMUInfo.msg
[5.459s] -- Up-to-date: /home/unitree/106a_final/install/realsense2_camera_msgs/share/realsense2_camera_msgs/msg/Extrinsics.msg
[5.459s] -- Up-to-date: /home/unitree/106a_final/install/realsense2_camera_msgs/share/realsense2_camera_msgs/msg/Metadata.msg
[5.459s] -- Up-to-date: /home/unitree/106a_final/install/realsense2_camera_msgs/share/realsense2_camera_msgs/srv/DeviceInfo.srv
[5.459s] -- Up-to-date: /home/unitree/106a_final/install/realsense2_camera_msgs/share/realsense2_camera_msgs/srv/DeviceInfo_Request.msg
[5.459s] -- Up-to-date: /home/unitree/106a_final/install/realsense2_camera_msgs/share/realsense2_camera_msgs/srv/DeviceInfo_Response.msg
[5.460s] -- Up-to-date: /home/unitree/106a_final/install/realsense2_camera_msgs/share/ament_index/resource_index/package_run_dependencies/realsense2_camera_msgs
[5.460s] -- Up-to-date: /home/unitree/106a_final/install/realsense2_camera_msgs/share/ament_index/resource_index/parent_prefix_path/realsense2_camera_msgs
[5.460s] -- Up-to-date: /home/unitree/106a_final/install/realsense2_camera_msgs/share/realsense2_camera_msgs/environment/ament_prefix_path.sh
[5.460s] -- Up-to-date: /home/unitree/106a_final/install/realsense2_camera_msgs/share/realsense2_camera_msgs/environment/ament_prefix_path.dsv
[5.460s] -- Up-to-date: /home/unitree/106a_final/install/realsense2_camera_msgs/share/realsense2_camera_msgs/environment/path.sh
[5.460s] -- Up-to-date: /home/unitree/106a_final/install/realsense2_camera_msgs/share/realsense2_camera_msgs/environment/path.dsv
[5.460s] -- Up-to-date: /home/unitree/106a_final/install/realsense2_camera_msgs/share/realsense2_camera_msgs/local_setup.bash
[5.460s] -- Up-to-date: /home/unitree/106a_final/install/realsense2_camera_msgs/share/realsense2_camera_msgs/local_setup.sh
[5.461s] -- Up-to-date: /home/unitree/106a_final/install/realsense2_camera_msgs/share/realsense2_camera_msgs/local_setup.zsh
[5.461s] -- Up-to-date: /home/unitree/106a_final/install/realsense2_camera_msgs/share/realsense2_camera_msgs/local_setup.dsv
[5.461s] -- Installing: /home/unitree/106a_final/install/realsense2_camera_msgs/share/realsense2_camera_msgs/package.dsv
[5.461s] -- Up-to-date: /home/unitree/106a_final/install/realsense2_camera_msgs/share/ament_index/resource_index/packages/realsense2_camera_msgs
[5.461s] -- Up-to-date: /home/unitree/106a_final/install/realsense2_camera_msgs/share/realsense2_camera_msgs/cmake/realsense2_camera_msgs__rosidl_generator_cExport.cmake
[5.461s] -- Up-to-date: /home/unitree/106a_final/install/realsense2_camera_msgs/share/realsense2_camera_msgs/cmake/realsense2_camera_msgs__rosidl_generator_cExport-noconfig.cmake
[5.461s] -- Up-to-date: /home/unitree/106a_final/install/realsense2_camera_msgs/share/realsense2_camera_msgs/cmake/realsense2_camera_msgs__rosidl_typesupport_introspection_cExport.cmake
[5.462s] -- Up-to-date: /home/unitree/106a_final/install/realsense2_camera_msgs/share/realsense2_camera_msgs/cmake/realsense2_camera_msgs__rosidl_typesupport_introspection_cExport-noconfig.cmake
[5.462s] -- Up-to-date: /home/unitree/106a_final/install/realsense2_camera_msgs/share/realsense2_camera_msgs/cmake/realsense2_camera_msgs__rosidl_typesupport_cExport.cmake
[5.462s] -- Up-to-date: /home/unitree/106a_final/install/realsense2_camera_msgs/share/realsense2_camera_msgs/cmake/realsense2_camera_msgs__rosidl_typesupport_cExport-noconfig.cmake
[5.462s] -- Up-to-date: /home/unitree/106a_final/install/realsense2_camera_msgs/share/realsense2_camera_msgs/cmake/realsense2_camera_msgs__rosidl_generator_cppExport.cmake
[5.462s] -- Up-to-date: /home/unitree/106a_final/install/realsense2_camera_msgs/share/realsense2_camera_msgs/cmake/realsense2_camera_msgs__rosidl_typesupport_introspection_cppExport.cmake
[5.462s] -- Up-to-date: /home/unitree/106a_final/install/realsense2_camera_msgs/share/realsense2_camera_msgs/cmake/realsense2_camera_msgs__rosidl_typesupport_introspection_cppExport-noconfig.cmake
[5.462s] -- Up-to-date: /home/unitree/106a_final/install/realsense2_camera_msgs/share/realsense2_camera_msgs/cmake/realsense2_camera_msgs__rosidl_typesupport_cppExport.cmake
[5.463s] -- Up-to-date: /home/unitree/106a_final/install/realsense2_camera_msgs/share/realsense2_camera_msgs/cmake/realsense2_camera_msgs__rosidl_typesupport_cppExport-noconfig.cmake
[5.463s] -- Up-to-date: /home/unitree/106a_final/install/realsense2_camera_msgs/share/realsense2_camera_msgs/cmake/rosidl_cmake-extras.cmake
[5.463s] -- Up-to-date: /home/unitree/106a_final/install/realsense2_camera_msgs/share/realsense2_camera_msgs/cmake/ament_cmake_export_dependencies-extras.cmake
[5.463s] -- Up-to-date: /home/unitree/106a_final/install/realsense2_camera_msgs/share/realsense2_camera_msgs/cmake/ament_cmake_export_libraries-extras.cmake
[5.463s] -- Up-to-date: /home/unitree/106a_final/install/realsense2_camera_msgs/share/realsense2_camera_msgs/cmake/ament_cmake_export_targets-extras.cmake
[5.463s] -- Up-to-date: /home/unitree/106a_final/install/realsense2_camera_msgs/share/realsense2_camera_msgs/cmake/ament_cmake_export_include_directories-extras.cmake
[5.463s] -- Up-to-date: /home/unitree/106a_final/install/realsense2_camera_msgs/share/realsense2_camera_msgs/cmake/rosidl_cmake_export_typesupport_libraries-extras.cmake
[5.464s] -- Up-to-date: /home/unitree/106a_final/install/realsense2_camera_msgs/share/realsense2_camera_msgs/cmake/rosidl_cmake_export_typesupport_targets-extras.cmake
[5.464s] -- Up-to-date: /home/unitree/106a_final/install/realsense2_camera_msgs/share/realsense2_camera_msgs/cmake/realsense2_camera_msgsConfig.cmake
[5.464s] -- Up-to-date: /home/unitree/106a_final/install/realsense2_camera_msgs/share/realsense2_camera_msgs/cmake/realsense2_camera_msgsConfig-version.cmake
[5.467s] -- Up-to-date: /home/unitree/106a_final/install/realsense2_camera_msgs/share/realsense2_camera_msgs/package.xml
[7.335s] Invoked command in '/home/unitree/106a_final/build/realsense2_camera_msgs' returned '0': CMAKE_PREFIX_PATH=${CMAKE_PREFIX_PATH}:/home/unitree/106a_final/install/vision_node:/home/unitree/106a_final/install/navigation_node_two:/home/unitree/106a_final/install/navigation_node:/home/unitree/106a_final/install/aruco_node:/home/unitree/106a_final/install/arm_control:/opt/ros/foxy /usr/bin/cmake --install /home/unitree/106a_final/build/realsense2_camera_msgs
