[3.242s] Invoking command in '/home/unitree/106a_final/build/arm_driver': CMAKE_PREFIX_PATH=${CMAKE_PREFIX_PATH}:/home/unitree/106a_final/install/vision_node:/home/unitree/106a_final/install/navigation_node_two:/home/unitree/106a_final/install/navigation_node:/home/unitree/106a_final/install/aruco_node:/home/unitree/106a_final/install/arm_control:/opt/ros/foxy /usr/bin/cmake --build /home/unitree/106a_final/build/arm_driver -- -j4 -l4
[5.510s] [ 66%] Built target d1_wrapper
[5.510s] [100%] Built target servo_driver
[5.600s] Invoked command in '/home/unitree/106a_final/build/arm_driver' returned '0': CMAKE_PREFIX_PATH=${CMAKE_PREFIX_PATH}:/home/unitree/106a_final/install/vision_node:/home/unitree/106a_final/install/navigation_node_two:/home/unitree/106a_final/install/navigation_node:/home/unitree/106a_final/install/aruco_node:/home/unitree/106a_final/install/arm_control:/opt/ros/foxy /usr/bin/cmake --build /home/unitree/106a_final/build/arm_driver -- -j4 -l4
[5.683s] Invoking command in '/home/unitree/106a_final/build/arm_driver': CMAKE_PREFIX_PATH=${CMAKE_PREFIX_PATH}:/home/unitree/106a_final/install/vision_node:/home/unitree/106a_final/install/navigation_node_two:/home/unitree/106a_final/install/navigation_node:/home/unitree/106a_final/install/aruco_node:/home/unitree/106a_final/install/arm_control:/opt/ros/foxy /usr/bin/cmake --install /home/unitree/106a_final/build/arm_driver
[5.742s] -- Install configuration: ""
[5.745s] -- Up-to-date: /home/unitree/106a_final/install/arm_driver/lib/arm_driver/servo_driver
[5.746s] -- Up-to-date: /home/unitree/106a_final/install/arm_driver/share/arm_driver/launch
[5.747s] -- Up-to-date: /home/unitree/106a_final/install/arm_driver/share/arm_driver/launch/arm_driver.launch.py
[5.747s] -- Up-to-date: /home/unitree/106a_final/install/arm_driver/share/ament_index/resource_index/package_run_dependencies/arm_driver
[5.748s] -- Up-to-date: /home/unitree/106a_final/install/arm_driver/share/ament_index/resource_index/parent_prefix_path/arm_driver
[5.749s] -- Up-to-date: /home/unitree/106a_final/install/arm_driver/share/arm_driver/environment/ament_prefix_path.sh
[5.753s] -- Up-to-date: /home/unitree/106a_final/install/arm_driver/share/arm_driver/environment/ament_prefix_path.dsv
[5.754s] -- Up-to-date: /home/unitree/106a_final/install/arm_driver/share/arm_driver/environment/path.sh
[5.754s] -- Up-to-date: /home/unitree/106a_final/install/arm_driver/share/arm_driver/environment/path.dsv
[5.755s] -- Up-to-date: /home/unitree/106a_final/install/arm_driver/share/arm_driver/local_setup.bash
[5.755s] -- Up-to-date: /home/unitree/106a_final/install/arm_driver/share/arm_driver/local_setup.sh
[5.756s] -- Up-to-date: /home/unitree/106a_final/install/arm_driver/share/arm_driver/local_setup.zsh
[5.757s] -- Up-to-date: /home/unitree/106a_final/install/arm_driver/share/arm_driver/local_setup.dsv
[5.757s] -- Installing: /home/unitree/106a_final/install/arm_driver/share/arm_driver/package.dsv
[5.760s] -- Up-to-date: /home/unitree/106a_final/install/arm_driver/share/ament_index/resource_index/packages/arm_driver
[5.760s] -- Up-to-date: /home/unitree/106a_final/install/arm_driver/share/arm_driver/cmake/arm_driverConfig.cmake
[5.761s] -- Up-to-date: /home/unitree/106a_final/install/arm_driver/share/arm_driver/cmake/arm_driverConfig-version.cmake
[5.761s] -- Up-to-date: /home/unitree/106a_final/install/arm_driver/share/arm_driver/package.xml
[5.781s] Invoked command in '/home/unitree/106a_final/build/arm_driver' returned '0': CMAKE_PREFIX_PATH=${CMAKE_PREFIX_PATH}:/home/unitree/106a_final/install/vision_node:/home/unitree/106a_final/install/navigation_node_two:/home/unitree/106a_final/install/navigation_node:/home/unitree/106a_final/install/aruco_node:/home/unitree/106a_final/install/arm_control:/opt/ros/foxy /usr/bin/cmake --install /home/unitree/106a_final/build/arm_driver
