[15.956s] Invoking command in '/home/unitree/106a_final/src/arm_control': PYTHONPATH=/home/unitree/106a_final/build/arm_control/prefix_override:/home/unitree/106a_final/install/arm_control/lib/python3.8/site-packages:${PYTHONPATH} /usr/bin/python3 setup.py egg_info --egg-base ../../build/arm_control build --build-base /home/unitree/106a_final/build/arm_control/build install --record /home/unitree/106a_final/build/arm_control/install.log --install-scripts $base/lib/arm_control --single-version-externally-managed
[17.140s] running egg_info
[17.142s] writing ../../build/arm_control/arm_control.egg-info/PKG-INFO
[17.143s] writing dependency_links to ../../build/arm_control/arm_control.egg-info/dependency_links.txt
[17.143s] writing entry points to ../../build/arm_control/arm_control.egg-info/entry_points.txt
[17.143s] writing requirements to ../../build/arm_control/arm_control.egg-info/requires.txt
[17.144s] writing top-level names to ../../build/arm_control/arm_control.egg-info/top_level.txt
[17.210s] reading manifest file '../../build/arm_control/arm_control.egg-info/SOURCES.txt'
[17.212s] writing manifest file '../../build/arm_control/arm_control.egg-info/SOURCES.txt'
[17.213s] running build
[17.213s] running build_py
[17.214s] copying arm_control/ik_solver.py -> /home/unitree/106a_final/build/arm_control/build/lib/arm_control
[17.215s] running install
[17.217s] running install_lib
[17.220s] copying /home/unitree/106a_final/build/arm_control/build/lib/arm_control/ik_solver.py -> /home/unitree/106a_final/install/arm_control/lib/python3.8/site-packages/arm_control
[17.223s] byte-compiling /home/unitree/106a_final/install/arm_control/lib/python3.8/site-packages/arm_control/ik_solver.py to ik_solver.cpython-38.pyc
[17.226s] running install_data
[17.228s] running install_egg_info
[17.233s] removing '/home/unitree/106a_final/install/arm_control/lib/python3.8/site-packages/arm_control-0.0.0-py3.8.egg-info' (and everything under it)
[17.234s] Copying ../../build/arm_control/arm_control.egg-info to /home/unitree/106a_final/install/arm_control/lib/python3.8/site-packages/arm_control-0.0.0-py3.8.egg-info
[17.237s] running install_scripts
[17.279s] Installing arm_node script to /home/unitree/106a_final/install/arm_control/lib/arm_control
[17.280s] Installing servo_driver script to /home/unitree/106a_final/install/arm_control/lib/arm_control
[17.281s] writing list of installed files to '/home/unitree/106a_final/build/arm_control/install.log'
[18.228s] Invoked command in '/home/unitree/106a_final/src/arm_control' returned '0': PYTHONPATH=/home/unitree/106a_final/build/arm_control/prefix_override:/home/unitree/106a_final/install/arm_control/lib/python3.8/site-packages:${PYTHONPATH} /usr/bin/python3 setup.py egg_info --egg-base ../../build/arm_control build --build-base /home/unitree/106a_final/build/arm_control/build install --record /home/unitree/106a_final/build/arm_control/install.log --install-scripts $base/lib/arm_control --single-version-externally-managed
