[3.424s] Invoking command in '/home/unitree/106a_final/src/vision_node': PYTHONPATH=/home/unitree/106a_final/build/vision_node/prefix_override:/home/unitree/106a_final/install/vision_node/lib/python3.8/site-packages:${PYTHONPATH} /usr/bin/python3 setup.py egg_info --egg-base ../../build/vision_node build --build-base /home/unitree/106a_final/build/vision_node/build install --record /home/unitree/106a_final/build/vision_node/install.log --install-scripts $base/lib/vision_node --single-version-externally-managed
[3.959s] running egg_info
[3.959s] writing ../../build/vision_node/vision_node.egg-info/PKG-INFO
[3.960s] writing dependency_links to ../../build/vision_node/vision_node.egg-info/dependency_links.txt
[3.960s] writing entry points to ../../build/vision_node/vision_node.egg-info/entry_points.txt
[3.960s] writing requirements to ../../build/vision_node/vision_node.egg-info/requires.txt
[3.960s] writing top-level names to ../../build/vision_node/vision_node.egg-info/top_level.txt
[4.028s] reading manifest file '../../build/vision_node/vision_node.egg-info/SOURCES.txt'
[4.030s] writing manifest file '../../build/vision_node/vision_node.egg-info/SOURCES.txt'
[4.030s] running build
[4.031s] running build_py
[4.031s] running install
[4.033s] running install_lib
[4.036s] running install_data
[4.037s] running install_egg_info
[4.041s] removing '/home/unitree/106a_final/install/vision_node/lib/python3.8/site-packages/vision_node-0.0.0-py3.8.egg-info' (and everything under it)
[4.042s] Copying ../../build/vision_node/vision_node.egg-info to /home/unitree/106a_final/install/vision_node/lib/python3.8/site-packages/vision_node-0.0.0-py3.8.egg-info
[4.044s] running install_scripts
[4.088s] Installing pingpong_node script to /home/unitree/106a_final/install/vision_node/lib/vision_node
[4.089s] writing list of installed files to '/home/unitree/106a_final/build/vision_node/install.log'
[4.183s] Invoked command in '/home/unitree/106a_final/src/vision_node' returned '0': PYTHONPATH=/home/unitree/106a_final/build/vision_node/prefix_override:/home/unitree/106a_final/install/vision_node/lib/python3.8/site-packages:${PYTHONPATH} /usr/bin/python3 setup.py egg_info --egg-base ../../build/vision_node build --build-base /home/unitree/106a_final/build/vision_node/build install --record /home/unitree/106a_final/build/vision_node/install.log --install-scripts $base/lib/vision_node --single-version-externally-managed
