[4.578s] Invoking command in '/home/unitree/106a_final/src/vision_node': PYTHONPATH=/home/unitree/106a_final/build/vision_node/prefix_override:/home/unitree/106a_final/install/vision_node/lib/python3.8/site-packages:${PYTHONPATH} /usr/bin/python3 setup.py egg_info --egg-base ../../build/vision_node build --build-base /home/unitree/106a_final/build/vision_node/build install --record /home/unitree/106a_final/build/vision_node/install.log --install-scripts $base/lib/vision_node --single-version-externally-managed
[5.349s] running egg_info
[5.349s] writing ../../build/vision_node/vision_node.egg-info/PKG-INFO
[5.351s] writing dependency_links to ../../build/vision_node/vision_node.egg-info/dependency_links.txt
[5.352s] writing entry points to ../../build/vision_node/vision_node.egg-info/entry_points.txt
[5.352s] writing requirements to ../../build/vision_node/vision_node.egg-info/requires.txt
[5.352s] writing top-level names to ../../build/vision_node/vision_node.egg-info/top_level.txt
[5.421s] reading manifest file '../../build/vision_node/vision_node.egg-info/SOURCES.txt'
[5.424s] writing manifest file '../../build/vision_node/vision_node.egg-info/SOURCES.txt'
[5.424s] running build
[5.424s] running build_py
[5.424s] running install
[5.426s] running install_lib
[5.430s] running install_data
[5.432s] running install_egg_info
[5.435s] removing '/home/unitree/106a_final/install/vision_node/lib/python3.8/site-packages/vision_node-0.0.0-py3.8.egg-info' (and everything under it)
[5.436s] Copying ../../build/vision_node/vision_node.egg-info to /home/unitree/106a_final/install/vision_node/lib/python3.8/site-packages/vision_node-0.0.0-py3.8.egg-info
[5.438s] running install_scripts
[5.480s] Installing pingpong_node script to /home/unitree/106a_final/install/vision_node/lib/vision_node
[5.481s] writing list of installed files to '/home/unitree/106a_final/build/vision_node/install.log'
[5.592s] Invoked command in '/home/unitree/106a_final/src/vision_node' returned '0': PYTHONPATH=/home/unitree/106a_final/build/vision_node/prefix_override:/home/unitree/106a_final/install/vision_node/lib/python3.8/site-packages:${PYTHONPATH} /usr/bin/python3 setup.py egg_info --egg-base ../../build/vision_node build --build-base /home/unitree/106a_final/build/vision_node/build install --record /home/unitree/106a_final/build/vision_node/install.log --install-scripts $base/lib/vision_node --single-version-externally-managed
