[7.780s] Invoking command in '/home/unitree/106a_final/src/navigation_node': PYTHONPATH=/home/unitree/106a_final/build/navigation_node/prefix_override:/home/unitree/106a_final/install/navigation_node/lib/python3.8/site-packages:${PYTHONPATH} /usr/bin/python3 setup.py egg_info --egg-base ../../build/navigation_node build --build-base /home/unitree/106a_final/build/navigation_node/build install --record /home/unitree/106a_final/build/navigation_node/install.log --install-scripts $base/lib/navigation_node --single-version-externally-managed
[9.826s] running egg_info
[9.827s] creating ../../build/navigation_node/navigation_node.egg-info
[9.827s] writing ../../build/navigation_node/navigation_node.egg-info/PKG-INFO
[9.837s] writing dependency_links to ../../build/navigation_node/navigation_node.egg-info/dependency_links.txt
[9.838s] writing entry points to ../../build/navigation_node/navigation_node.egg-info/entry_points.txt
[9.839s] writing requirements to ../../build/navigation_node/navigation_node.egg-info/requires.txt
[9.842s] writing top-level names to ../../build/navigation_node/navigation_node.egg-info/top_level.txt
[9.847s] writing manifest file '../../build/navigation_node/navigation_node.egg-info/SOURCES.txt'
[9.847s] reading manifest file '../../build/navigation_node/navigation_node.egg-info/SOURCES.txt'
[9.847s] writing manifest file '../../build/navigation_node/navigation_node.egg-info/SOURCES.txt'
[9.847s] running build
[9.847s] running build_py
[9.848s] creating /home/unitree/106a_final/build/navigation_node/build
[9.848s] creating /home/unitree/106a_final/build/navigation_node/build/lib
[9.848s] creating /home/unitree/106a_final/build/navigation_node/build/lib/navigation_node
[9.848s] copying navigation_node/__init__.py -> /home/unitree/106a_final/build/navigation_node/build/lib/navigation_node
[9.848s] copying navigation_node/nav_node_go.py -> /home/unitree/106a_final/build/navigation_node/build/lib/navigation_node
[9.848s] running install
[9.849s] running install_lib
[9.849s] creating /home/unitree/106a_final/install/navigation_node/lib/python3.8/site-packages/navigation_node
[9.849s] copying /home/unitree/106a_final/build/navigation_node/build/lib/navigation_node/__init__.py -> /home/unitree/106a_final/install/navigation_node/lib/python3.8/site-packages/navigation_node
[9.849s] copying /home/unitree/106a_final/build/navigation_node/build/lib/navigation_node/nav_node_go.py -> /home/unitree/106a_final/install/navigation_node/lib/python3.8/site-packages/navigation_node
[9.849s] byte-compiling /home/unitree/106a_final/install/navigation_node/lib/python3.8/site-packages/navigation_node/__init__.py to __init__.cpython-38.pyc
[9.850s] byte-compiling /home/unitree/106a_final/install/navigation_node/lib/python3.8/site-packages/navigation_node/nav_node_go.py to nav_node_go.cpython-38.pyc
[9.850s] running install_data
[9.850s] creating /home/unitree/106a_final/install/navigation_node/share/ament_index
[9.850s] creating /home/unitree/106a_final/install/navigation_node/share/ament_index/resource_index
[9.850s] creating /home/unitree/106a_final/install/navigation_node/share/ament_index/resource_index/packages
[9.851s] copying resource/navigation_node -> /home/unitree/106a_final/install/navigation_node/share/ament_index/resource_index/packages
[9.851s] copying package.xml -> /home/unitree/106a_final/install/navigation_node/share/navigation_node
[9.851s] running install_egg_info
[9.851s] Copying ../../build/navigation_node/navigation_node.egg-info to /home/unitree/106a_final/install/navigation_node/lib/python3.8/site-packages/navigation_node-0.0.0-py3.8.egg-info
[9.851s] running install_scripts
[9.851s] Installing nav_node_go script to /home/unitree/106a_final/install/navigation_node/lib/navigation_node
[9.851s] writing list of installed files to '/home/unitree/106a_final/build/navigation_node/install.log'
[9.852s] Invoked command in '/home/unitree/106a_final/src/navigation_node' returned '0': PYTHONPATH=/home/unitree/106a_final/build/navigation_node/prefix_override:/home/unitree/106a_final/install/navigation_node/lib/python3.8/site-packages:${PYTHONPATH} /usr/bin/python3 setup.py egg_info --egg-base ../../build/navigation_node build --build-base /home/unitree/106a_final/build/navigation_node/build install --record /home/unitree/106a_final/build/navigation_node/install.log --install-scripts $base/lib/navigation_node --single-version-externally-managed
