[2.483s] Invoking command in '/home/unitree/106a_final/src/vision_node': PYTHONPATH=/home/unitree/106a_final/build/vision_node/prefix_override:/home/unitree/106a_final/install/vision_node/lib/python3.8/site-packages:${PYTHONPATH} /usr/bin/python3 setup.py egg_info --egg-base ../../build/vision_node build --build-base /home/unitree/106a_final/build/vision_node/build install --record /home/unitree/106a_final/build/vision_node/install.log --install-scripts $base/lib/vision_node --single-version-externally-managed
[3.119s] running egg_info
[3.122s] writing ../../build/vision_node/vision_node.egg-info/PKG-INFO
[3.123s] writing dependency_links to ../../build/vision_node/vision_node.egg-info/dependency_links.txt
[3.124s] writing entry points to ../../build/vision_node/vision_node.egg-info/entry_points.txt
[3.125s] writing requirements to ../../build/vision_node/vision_node.egg-info/requires.txt
[3.126s] writing top-level names to ../../build/vision_node/vision_node.egg-info/top_level.txt
[3.190s] reading manifest file '../../build/vision_node/vision_node.egg-info/SOURCES.txt'
[3.191s] writing manifest file '../../build/vision_node/vision_node.egg-info/SOURCES.txt'
[3.191s] running build
[3.192s] running build_py
[3.192s] running install
[3.194s] running install_lib
[3.196s] running install_data
[3.197s] running install_egg_info
[3.201s] removing '/home/unitree/106a_final/install/vision_node/lib/python3.8/site-packages/vision_node-0.0.0-py3.8.egg-info' (and everything under it)
[3.201s] Copying ../../build/vision_node/vision_node.egg-info to /home/unitree/106a_final/install/vision_node/lib/python3.8/site-packages/vision_node-0.0.0-py3.8.egg-info
[3.203s] running install_scripts
[3.237s] Installing pingpong_node script to /home/unitree/106a_final/install/vision_node/lib/vision_node
[3.238s] writing list of installed files to '/home/unitree/106a_final/build/vision_node/install.log'
[3.325s] Invoked command in '/home/unitree/106a_final/src/vision_node' returned '0': PYTHONPATH=/home/unitree/106a_final/build/vision_node/prefix_override:/home/unitree/106a_final/install/vision_node/lib/python3.8/site-packages:${PYTHONPATH} /usr/bin/python3 setup.py egg_info --egg-base ../../build/vision_node build --build-base /home/unitree/106a_final/build/vision_node/build install --record /home/unitree/106a_final/build/vision_node/install.log --install-scripts $base/lib/vision_node --single-version-externally-managed
