[ 66%] Built target d1_wrapper
[100%] Built target servo_driver
make: Warning: File 'Makefile' has modification time 1764698672 s in the future
make[1]: Warning: File 'CMakeFiles/Makefile2' has modification time 1764698672 s in the future
make[2]: Warning: File 'CMakeFiles/d1_wrapper.dir/flags.make' has modification time 1764698672 s in the future
make[2]: warning:  Clock skew detected.  Your build may be incomplete.
make[2]: Warning: File 'CMakeFiles/d1_wrapper.dir/flags.make' has modification time 1764698672 s in the future
make[2]: warning:  Clock skew detected.  Your build may be incomplete.
make[2]: Warning: File 'CMakeFiles/servo_driver.dir/flags.make' has modification time 1764698672 s in the future
make[2]: warning:  Clock skew detected.  Your build may be incomplete.
make[2]: Warning: File 'CMakeFiles/servo_driver.dir/flags.make' has modification time 1764698672 s in the future
make[2]: warning:  Clock skew detected.  Your build may be incomplete.
make[1]: warning:  Clock skew detected.  Your build may be incomplete.
make: warning:  Clock skew detected.  Your build may be incomplete.
-- Install configuration: ""
-- Up-to-date: /home/unitree/106a_final/install/arm_driver/lib/arm_driver/servo_driver
-- Up-to-date: /home/unitree/106a_final/install/arm_driver/share/arm_driver/launch
-- Up-to-date: /home/unitree/106a_final/install/arm_driver/share/arm_driver/launch/arm_driver.launch.py
-- Up-to-date: /home/unitree/106a_final/install/arm_driver/share/ament_index/resource_index/package_run_dependencies/arm_driver
-- Up-to-date: /home/unitree/106a_final/install/arm_driver/share/ament_index/resource_index/parent_prefix_path/arm_driver
-- Up-to-date: /home/unitree/106a_final/install/arm_driver/share/arm_driver/environment/ament_prefix_path.sh
-- Up-to-date: /home/unitree/106a_final/install/arm_driver/share/arm_driver/environment/ament_prefix_path.dsv
-- Up-to-date: /home/unitree/106a_final/install/arm_driver/share/arm_driver/environment/path.sh
-- Up-to-date: /home/unitree/106a_final/install/arm_driver/share/arm_driver/environment/path.dsv
-- Up-to-date: /home/unitree/106a_final/install/arm_driver/share/arm_driver/local_setup.bash
-- Up-to-date: /home/unitree/106a_final/install/arm_driver/share/arm_driver/local_setup.sh
-- Up-to-date: /home/unitree/106a_final/install/arm_driver/share/arm_driver/local_setup.zsh
-- Up-to-date: /home/unitree/106a_final/install/arm_driver/share/arm_driver/local_setup.dsv
-- Installing: /home/unitree/106a_final/install/arm_driver/share/arm_driver/package.dsv
-- Up-to-date: /home/unitree/106a_final/install/arm_driver/share/ament_index/resource_index/packages/arm_driver
-- Up-to-date: /home/unitree/106a_final/install/arm_driver/share/arm_driver/cmake/arm_driverConfig.cmake
-- Up-to-date: /home/unitree/106a_final/install/arm_driver/share/arm_driver/cmake/arm_driverConfig-version.cmake
-- Up-to-date: /home/unitree/106a_final/install/arm_driver/share/arm_driver/package.xml
