[2.070s] Invoking command in '/home/unitree/106a_final/build/arm_driver': CMAKE_PREFIX_PATH=${CMAKE_PREFIX_PATH}:/opt/ros/foxy /usr/bin/cmake --build /home/unitree/106a_final/build/arm_driver -- -j4 -l4
[3.669s] [ 66%] Built target d1_wrapper
[3.670s] [100%] Built target servo_driver
[3.671s] make: Warning: File 'Makefile' has modification time 1764698672 s in the future
[3.671s] make[1]: Warning: File 'CMakeFiles/Makefile2' has modification time 1764698672 s in the future
[3.671s] make[2]: Warning: File 'CMakeFiles/d1_wrapper.dir/flags.make' has modification time 1764698672 s in the future
[3.672s] make[2]: warning:  Clock skew detected.  Your build may be incomplete.
[3.673s] make[2]: Warning: File 'CMakeFiles/d1_wrapper.dir/flags.make' has modification time 1764698672 s in the future
[3.674s] make[2]: warning:  Clock skew detected.  Your build may be incomplete.
[3.674s] make[2]: Warning: File 'CMakeFiles/servo_driver.dir/flags.make' has modification time 1764698672 s in the future
[3.674s] make[2]: warning:  Clock skew detected.  Your build may be incomplete.
[3.675s] make[2]: Warning: File 'CMakeFiles/servo_driver.dir/flags.make' has modification time 1764698672 s in the future
[3.677s] make[2]: warning:  Clock skew detected.  Your build may be incomplete.
[3.678s] make[1]: warning:  Clock skew detected.  Your build may be incomplete.
[3.678s] make: warning:  Clock skew detected.  Your build may be incomplete.
[3.679s] Invoked command in '/home/unitree/106a_final/build/arm_driver' returned '0': CMAKE_PREFIX_PATH=${CMAKE_PREFIX_PATH}:/opt/ros/foxy /usr/bin/cmake --build /home/unitree/106a_final/build/arm_driver -- -j4 -l4
[3.705s] Invoking command in '/home/unitree/106a_final/build/arm_driver': CMAKE_PREFIX_PATH=${CMAKE_PREFIX_PATH}:/opt/ros/foxy /usr/bin/cmake --install /home/unitree/106a_final/build/arm_driver
[3.726s] -- Install configuration: ""
[3.726s] -- Up-to-date: /home/unitree/106a_final/install/arm_driver/lib/arm_driver/servo_driver
[3.727s] -- Up-to-date: /home/unitree/106a_final/install/arm_driver/share/arm_driver/launch
[3.727s] -- Up-to-date: /home/unitree/106a_final/install/arm_driver/share/arm_driver/launch/arm_driver.launch.py
[3.727s] -- Up-to-date: /home/unitree/106a_final/install/arm_driver/share/ament_index/resource_index/package_run_dependencies/arm_driver
[3.727s] -- Up-to-date: /home/unitree/106a_final/install/arm_driver/share/ament_index/resource_index/parent_prefix_path/arm_driver
[3.727s] -- Up-to-date: /home/unitree/106a_final/install/arm_driver/share/arm_driver/environment/ament_prefix_path.sh
[3.728s] -- Up-to-date: /home/unitree/106a_final/install/arm_driver/share/arm_driver/environment/ament_prefix_path.dsv
[3.728s] -- Up-to-date: /home/unitree/106a_final/install/arm_driver/share/arm_driver/environment/path.sh
[3.728s] -- Up-to-date: /home/unitree/106a_final/install/arm_driver/share/arm_driver/environment/path.dsv
[3.728s] -- Up-to-date: /home/unitree/106a_final/install/arm_driver/share/arm_driver/local_setup.bash
[3.728s] -- Up-to-date: /home/unitree/106a_final/install/arm_driver/share/arm_driver/local_setup.sh
[3.728s] -- Up-to-date: /home/unitree/106a_final/install/arm_driver/share/arm_driver/local_setup.zsh
[3.728s] -- Up-to-date: /home/unitree/106a_final/install/arm_driver/share/arm_driver/local_setup.dsv
[3.729s] -- Installing: /home/unitree/106a_final/install/arm_driver/share/arm_driver/package.dsv
[3.729s] -- Up-to-date: /home/unitree/106a_final/install/arm_driver/share/ament_index/resource_index/packages/arm_driver
[3.729s] -- Up-to-date: /home/unitree/106a_final/install/arm_driver/share/arm_driver/cmake/arm_driverConfig.cmake
[3.729s] -- Up-to-date: /home/unitree/106a_final/install/arm_driver/share/arm_driver/cmake/arm_driverConfig-version.cmake
[3.729s] -- Up-to-date: /home/unitree/106a_final/install/arm_driver/share/arm_driver/package.xml
[3.770s] Invoked command in '/home/unitree/106a_final/build/arm_driver' returned '0': CMAKE_PREFIX_PATH=${CMAKE_PREFIX_PATH}:/opt/ros/foxy /usr/bin/cmake --install /home/unitree/106a_final/build/arm_driver
