[5.357s] Invoking command in '/home/unitree/106a_final/src/aruco_node': PYTHONPATH=/home/unitree/106a_final/build/aruco_node/prefix_override:/home/unitree/106a_final/install/aruco_node/lib/python3.8/site-packages:${PYTHONPATH} /usr/bin/python3 setup.py egg_info --egg-base ../../build/aruco_node build --build-base /home/unitree/106a_final/build/aruco_node/build install --record /home/unitree/106a_final/build/aruco_node/install.log --single-version-externally-managed
[5.849s] running egg_info
[5.849s] writing ../../build/aruco_node/aruco_node.egg-info/PKG-INFO
[5.850s] writing dependency_links to ../../build/aruco_node/aruco_node.egg-info/dependency_links.txt
[5.850s] writing entry points to ../../build/aruco_node/aruco_node.egg-info/entry_points.txt
[5.851s] writing requirements to ../../build/aruco_node/aruco_node.egg-info/requires.txt
[5.851s] writing top-level names to ../../build/aruco_node/aruco_node.egg-info/top_level.txt
[5.915s] reading manifest file '../../build/aruco_node/aruco_node.egg-info/SOURCES.txt'
[5.917s] writing manifest file '../../build/aruco_node/aruco_node.egg-info/SOURCES.txt'
[5.917s] running build
[5.917s] running build_py
[5.918s] running install
[5.920s] running install_lib
[5.923s] running install_data
[5.925s] running install_egg_info
[5.929s] removing '/home/unitree/106a_final/install/aruco_node/lib/python3.8/site-packages/aruco_node-0.0.0-py3.8.egg-info' (and everything under it)
[5.929s] Copying ../../build/aruco_node/aruco_node.egg-info to /home/unitree/106a_final/install/aruco_node/lib/python3.8/site-packages/aruco_node-0.0.0-py3.8.egg-info
[5.931s] running install_scripts
[5.974s] Installing aruco script to /home/unitree/106a_final/install/aruco_node/lib/aruco_node
[5.974s] writing list of installed files to '/home/unitree/106a_final/build/aruco_node/install.log'
[6.367s] Invoked command in '/home/unitree/106a_final/src/aruco_node' returned '0': PYTHONPATH=/home/unitree/106a_final/build/aruco_node/prefix_override:/home/unitree/106a_final/install/aruco_node/lib/python3.8/site-packages:${PYTHONPATH} /usr/bin/python3 setup.py egg_info --egg-base ../../build/aruco_node build --build-base /home/unitree/106a_final/build/aruco_node/build install --record /home/unitree/106a_final/build/aruco_node/install.log --single-version-externally-managed
