[5.678s] Invoking command in '/home/unitree/106a_final/src/arm_control': PYTHONPATH=/home/unitree/106a_final/build/arm_control/prefix_override:/home/unitree/106a_final/install/arm_control/lib/python3.8/site-packages:${PYTHONPATH} /usr/bin/python3 setup.py egg_info --egg-base ../../build/arm_control build --build-base /home/unitree/106a_final/build/arm_control/build install --record /home/unitree/106a_final/build/arm_control/install.log --install-scripts $base/lib/arm_control --single-version-externally-managed
[6.323s] running egg_info
[6.324s] writing ../../build/arm_control/arm_control.egg-info/PKG-INFO
[6.325s] writing dependency_links to ../../build/arm_control/arm_control.egg-info/dependency_links.txt
[6.326s] writing entry points to ../../build/arm_control/arm_control.egg-info/entry_points.txt
[6.327s] writing requirements to ../../build/arm_control/arm_control.egg-info/requires.txt
[6.329s] writing top-level names to ../../build/arm_control/arm_control.egg-info/top_level.txt
[6.399s] reading manifest file '../../build/arm_control/arm_control.egg-info/SOURCES.txt'
[6.401s] writing manifest file '../../build/arm_control/arm_control.egg-info/SOURCES.txt'
[6.404s] running build
[6.404s] running build_py
[6.405s] running install
[6.408s] running install_lib
[6.412s] running install_data
[6.416s] running install_egg_info
[6.421s] removing '/home/unitree/106a_final/install/arm_control/lib/python3.8/site-packages/arm_control-0.0.0-py3.8.egg-info' (and everything under it)
[6.427s] Copying ../../build/arm_control/arm_control.egg-info to /home/unitree/106a_final/install/arm_control/lib/python3.8/site-packages/arm_control-0.0.0-py3.8.egg-info
[6.437s] running install_scripts
[6.482s] Installing arm_node script to /home/unitree/106a_final/install/arm_control/lib/arm_control
[6.483s] Installing servo_driver script to /home/unitree/106a_final/install/arm_control/lib/arm_control
[6.485s] writing list of installed files to '/home/unitree/106a_final/build/arm_control/install.log'
[6.908s] Invoked command in '/home/unitree/106a_final/src/arm_control' returned '0': PYTHONPATH=/home/unitree/106a_final/build/arm_control/prefix_override:/home/unitree/106a_final/install/arm_control/lib/python3.8/site-packages:${PYTHONPATH} /usr/bin/python3 setup.py egg_info --egg-base ../../build/arm_control build --build-base /home/unitree/106a_final/build/arm_control/build install --record /home/unitree/106a_final/build/arm_control/install.log --install-scripts $base/lib/arm_control --single-version-externally-managed
