[4.565s] Invoking command in '/home/unitree/106a_final/src/navigation_node': PYTHONPATH=/home/unitree/106a_final/build/navigation_node/prefix_override:/home/unitree/106a_final/install/navigation_node/lib/python3.8/site-packages:${PYTHONPATH} /usr/bin/python3 setup.py egg_info --egg-base ../../build/navigation_node build --build-base /home/unitree/106a_final/build/navigation_node/build install --record /home/unitree/106a_final/build/navigation_node/install.log --install-scripts $base/lib/navigation_node --single-version-externally-managed
[5.087s] running egg_info
[5.088s] writing ../../build/navigation_node/navigation_node.egg-info/PKG-INFO
[5.091s] writing dependency_links to ../../build/navigation_node/navigation_node.egg-info/dependency_links.txt
[5.091s] writing entry points to ../../build/navigation_node/navigation_node.egg-info/entry_points.txt
[5.091s] writing requirements to ../../build/navigation_node/navigation_node.egg-info/requires.txt
[5.092s] writing top-level names to ../../build/navigation_node/navigation_node.egg-info/top_level.txt
[5.206s] reading manifest file '../../build/navigation_node/navigation_node.egg-info/SOURCES.txt'
[5.213s] writing manifest file '../../build/navigation_node/navigation_node.egg-info/SOURCES.txt'
[5.214s] running build
[5.215s] running build_py
[5.221s] running install
[5.223s] running install_lib
[5.227s] running install_data
[5.229s] running install_egg_info
[5.233s] removing '/home/unitree/106a_final/install/navigation_node/lib/python3.8/site-packages/navigation_node-0.0.0-py3.8.egg-info' (and everything under it)
[5.247s] Copying ../../build/navigation_node/navigation_node.egg-info to /home/unitree/106a_final/install/navigation_node/lib/python3.8/site-packages/navigation_node-0.0.0-py3.8.egg-info
[5.253s] running install_scripts
[5.345s] Installing nav_node_go script to /home/unitree/106a_final/install/navigation_node/lib/navigation_node
[5.345s] writing list of installed files to '/home/unitree/106a_final/build/navigation_node/install.log'
[6.001s] Invoked command in '/home/unitree/106a_final/src/navigation_node' returned '0': PYTHONPATH=/home/unitree/106a_final/build/navigation_node/prefix_override:/home/unitree/106a_final/install/navigation_node/lib/python3.8/site-packages:${PYTHONPATH} /usr/bin/python3 setup.py egg_info --egg-base ../../build/navigation_node build --build-base /home/unitree/106a_final/build/navigation_node/build install --record /home/unitree/106a_final/build/navigation_node/install.log --install-scripts $base/lib/navigation_node --single-version-externally-managed
