[7.901s] Invoking command in '/home/unitree/106a_final/src/aruco_node': PYTHONPATH=/home/unitree/106a_final/build/aruco_node/prefix_override:/home/unitree/106a_final/install/aruco_node/lib/python3.8/site-packages:${PYTHONPATH} /usr/bin/python3 setup.py egg_info --egg-base ../../build/aruco_node build --build-base /home/unitree/106a_final/build/aruco_node/build install --record /home/unitree/106a_final/build/aruco_node/install.log --single-version-externally-managed
[8.950s] running egg_info
[8.952s] writing ../../build/aruco_node/aruco_node.egg-info/PKG-INFO
[8.956s] writing dependency_links to ../../build/aruco_node/aruco_node.egg-info/dependency_links.txt
[8.957s] writing entry points to ../../build/aruco_node/aruco_node.egg-info/entry_points.txt
[8.957s] writing requirements to ../../build/aruco_node/aruco_node.egg-info/requires.txt
[8.957s] writing top-level names to ../../build/aruco_node/aruco_node.egg-info/top_level.txt
[9.187s] reading manifest file '../../build/aruco_node/aruco_node.egg-info/SOURCES.txt'
[9.197s] writing manifest file '../../build/aruco_node/aruco_node.egg-info/SOURCES.txt'
[9.197s] running build
[9.211s] running build_py
[9.211s] running install
[9.218s] running install_lib
[9.227s] running install_data
[9.238s] running install_egg_info
[9.259s] removing '/home/unitree/106a_final/install/aruco_node/lib/python3.8/site-packages/aruco_node-0.0.0-py3.8.egg-info' (and everything under it)
[9.260s] Copying ../../build/aruco_node/aruco_node.egg-info to /home/unitree/106a_final/install/aruco_node/lib/python3.8/site-packages/aruco_node-0.0.0-py3.8.egg-info
[9.262s] running install_scripts
[9.350s] Installing aruco script to /home/unitree/106a_final/install/aruco_node/lib/aruco_node
[9.351s] writing list of installed files to '/home/unitree/106a_final/build/aruco_node/install.log'
[10.697s] Invoked command in '/home/unitree/106a_final/src/aruco_node' returned '0': PYTHONPATH=/home/unitree/106a_final/build/aruco_node/prefix_override:/home/unitree/106a_final/install/aruco_node/lib/python3.8/site-packages:${PYTHONPATH} /usr/bin/python3 setup.py egg_info --egg-base ../../build/aruco_node build --build-base /home/unitree/106a_final/build/aruco_node/build install --record /home/unitree/106a_final/build/aruco_node/install.log --single-version-externally-managed
