[9.453s] Invoking command in '/home/unitree/106a_final/src/navigation_node': PYTHONPATH=/home/unitree/106a_final/build/navigation_node/prefix_override:/home/unitree/106a_final/install/navigation_node/lib/python3.8/site-packages:${PYTHONPATH} /usr/bin/python3 setup.py egg_info --egg-base ../../build/navigation_node build --build-base /home/unitree/106a_final/build/navigation_node/build install --record /home/unitree/106a_final/build/navigation_node/install.log --install-scripts $base/lib/navigation_node --single-version-externally-managed
[10.397s] running egg_info
[10.399s] writing ../../build/navigation_node/navigation_node.egg-info/PKG-INFO
[10.405s] writing dependency_links to ../../build/navigation_node/navigation_node.egg-info/dependency_links.txt
[10.405s] writing entry points to ../../build/navigation_node/navigation_node.egg-info/entry_points.txt
[10.406s] writing requirements to ../../build/navigation_node/navigation_node.egg-info/requires.txt
[10.407s] writing top-level names to ../../build/navigation_node/navigation_node.egg-info/top_level.txt
[10.573s] reading manifest file '../../build/navigation_node/navigation_node.egg-info/SOURCES.txt'
[10.575s] writing manifest file '../../build/navigation_node/navigation_node.egg-info/SOURCES.txt'
[10.575s] running build
[10.575s] running build_py
[10.576s] running install
[10.578s] running install_lib
[10.584s] running install_data
[10.584s] running install_egg_info
[10.589s] removing '/home/unitree/106a_final/install/navigation_node/lib/python3.8/site-packages/navigation_node-0.0.0-py3.8.egg-info' (and everything under it)
[10.590s] Copying ../../build/navigation_node/navigation_node.egg-info to /home/unitree/106a_final/install/navigation_node/lib/python3.8/site-packages/navigation_node-0.0.0-py3.8.egg-info
[10.592s] running install_scripts
[10.643s] Installing nav_node_go script to /home/unitree/106a_final/install/navigation_node/lib/navigation_node
[10.645s] writing list of installed files to '/home/unitree/106a_final/build/navigation_node/install.log'
[10.888s] Invoked command in '/home/unitree/106a_final/src/navigation_node' returned '0': PYTHONPATH=/home/unitree/106a_final/build/navigation_node/prefix_override:/home/unitree/106a_final/install/navigation_node/lib/python3.8/site-packages:${PYTHONPATH} /usr/bin/python3 setup.py egg_info --egg-base ../../build/navigation_node build --build-base /home/unitree/106a_final/build/navigation_node/build install --record /home/unitree/106a_final/build/navigation_node/install.log --install-scripts $base/lib/navigation_node --single-version-externally-managed
