[7.475s] Invoking command in '/home/unitree/106a_final/src/aruco_node': PYTHONPATH=/home/unitree/106a_final/build/aruco_node/prefix_override:/home/unitree/106a_final/install/aruco_node/lib/python3.8/site-packages:${PYTHONPATH} /usr/bin/python3 setup.py egg_info --egg-base ../../build/aruco_node build --build-base /home/unitree/106a_final/build/aruco_node/build install --record /home/unitree/106a_final/build/aruco_node/install.log --single-version-externally-managed
[8.190s] running egg_info
[8.193s] writing ../../build/aruco_node/aruco_node.egg-info/PKG-INFO
[8.195s] writing dependency_links to ../../build/aruco_node/aruco_node.egg-info/dependency_links.txt
[8.197s] writing entry points to ../../build/aruco_node/aruco_node.egg-info/entry_points.txt
[8.199s] writing requirements to ../../build/aruco_node/aruco_node.egg-info/requires.txt
[8.200s] writing top-level names to ../../build/aruco_node/aruco_node.egg-info/top_level.txt
[8.269s] reading manifest file '../../build/aruco_node/aruco_node.egg-info/SOURCES.txt'
[8.272s] writing manifest file '../../build/aruco_node/aruco_node.egg-info/SOURCES.txt'
[8.275s] running build
[8.276s] running build_py
[8.278s] running install
[8.281s] running install_lib
[8.287s] running install_data
[8.289s] running install_egg_info
[8.296s] removing '/home/unitree/106a_final/install/aruco_node/lib/python3.8/site-packages/aruco_node-0.0.0-py3.8.egg-info' (and everything under it)
[8.298s] Copying ../../build/aruco_node/aruco_node.egg-info to /home/unitree/106a_final/install/aruco_node/lib/python3.8/site-packages/aruco_node-0.0.0-py3.8.egg-info
[8.300s] running install_scripts
[8.351s] Installing aruco script to /home/unitree/106a_final/install/aruco_node/lib/aruco_node
[8.354s] writing list of installed files to '/home/unitree/106a_final/build/aruco_node/install.log'
[10.404s] Invoked command in '/home/unitree/106a_final/src/aruco_node' returned '0': PYTHONPATH=/home/unitree/106a_final/build/aruco_node/prefix_override:/home/unitree/106a_final/install/aruco_node/lib/python3.8/site-packages:${PYTHONPATH} /usr/bin/python3 setup.py egg_info --egg-base ../../build/aruco_node build --build-base /home/unitree/106a_final/build/aruco_node/build install --record /home/unitree/106a_final/build/aruco_node/install.log --single-version-externally-managed
