[4.586s] Invoking command in '/home/unitree/106a_final/build/aruco_node': PYTHONPATH=/home/unitree/106a_final/build/aruco_node/prefix_override:/home/unitree/106a_final/install/aruco_node/lib/python3.8/site-packages:${PYTHONPATH} /usr/bin/python3 setup.py develop --uninstall --editable --build-directory /home/unitree/106a_final/build/aruco_node/build
[5.069s] running develop
[5.373s] Removing /home/unitree/106a_final/install/aruco_node/lib/python3.8/site-packages/aruco-node.egg-link (link to .)
[5.718s] Invoked command in '/home/unitree/106a_final/build/aruco_node' returned '0': PYTHONPATH=/home/unitree/106a_final/build/aruco_node/prefix_override:/home/unitree/106a_final/install/aruco_node/lib/python3.8/site-packages:${PYTHONPATH} /usr/bin/python3 setup.py develop --uninstall --editable --build-directory /home/unitree/106a_final/build/aruco_node/build
[5.724s] Invoking command in '/home/unitree/106a_final/src/aruco_node': PYTHONPATH=/home/unitree/106a_final/build/aruco_node/prefix_override:/home/unitree/106a_final/install/aruco_node/lib/python3.8/site-packages:${PYTHONPATH} /usr/bin/python3 setup.py egg_info --egg-base ../../build/aruco_node build --build-base /home/unitree/106a_final/build/aruco_node/build install --record /home/unitree/106a_final/build/aruco_node/install.log --single-version-externally-managed
[6.151s] running egg_info
[6.152s] writing ../../build/aruco_node/aruco_node.egg-info/PKG-INFO
[6.153s] writing dependency_links to ../../build/aruco_node/aruco_node.egg-info/dependency_links.txt
[6.153s] writing entry points to ../../build/aruco_node/aruco_node.egg-info/entry_points.txt
[6.153s] writing requirements to ../../build/aruco_node/aruco_node.egg-info/requires.txt
[6.153s] writing top-level names to ../../build/aruco_node/aruco_node.egg-info/top_level.txt
[6.213s] reading manifest file '../../build/aruco_node/aruco_node.egg-info/SOURCES.txt'
[6.214s] writing manifest file '../../build/aruco_node/aruco_node.egg-info/SOURCES.txt'
[6.215s] running build
[6.215s] running build_py
[6.215s] creating /home/unitree/106a_final/build/aruco_node/build
[6.215s] creating /home/unitree/106a_final/build/aruco_node/build/lib
[6.215s] creating /home/unitree/106a_final/build/aruco_node/build/lib/aruco_node
[6.216s] copying aruco_node/aruco.py -> /home/unitree/106a_final/build/aruco_node/build/lib/aruco_node
[6.216s] copying aruco_node/__init__.py -> /home/unitree/106a_final/build/aruco_node/build/lib/aruco_node
[6.216s] running install
[6.217s] running install_lib
[6.219s] creating /home/unitree/106a_final/install/aruco_node/lib/python3.8/site-packages/aruco_node
[6.219s] copying /home/unitree/106a_final/build/aruco_node/build/lib/aruco_node/aruco.py -> /home/unitree/106a_final/install/aruco_node/lib/python3.8/site-packages/aruco_node
[6.220s] copying /home/unitree/106a_final/build/aruco_node/build/lib/aruco_node/__init__.py -> /home/unitree/106a_final/install/aruco_node/lib/python3.8/site-packages/aruco_node
[6.220s] byte-compiling /home/unitree/106a_final/install/aruco_node/lib/python3.8/site-packages/aruco_node/aruco.py to aruco.cpython-38.pyc
[6.224s] byte-compiling /home/unitree/106a_final/install/aruco_node/lib/python3.8/site-packages/aruco_node/__init__.py to __init__.cpython-38.pyc
[6.224s] running install_data
[6.225s] running install_egg_info
[6.228s] Copying ../../build/aruco_node/aruco_node.egg-info to /home/unitree/106a_final/install/aruco_node/lib/python3.8/site-packages/aruco_node-0.0.0-py3.8.egg-info
[6.230s] running install_scripts
[6.262s] Installing aruco script to /home/unitree/106a_final/install/aruco_node/lib/aruco_node
[6.263s] writing list of installed files to '/home/unitree/106a_final/build/aruco_node/install.log'
[6.318s] Invoked command in '/home/unitree/106a_final/src/aruco_node' returned '0': PYTHONPATH=/home/unitree/106a_final/build/aruco_node/prefix_override:/home/unitree/106a_final/install/aruco_node/lib/python3.8/site-packages:${PYTHONPATH} /usr/bin/python3 setup.py egg_info --egg-base ../../build/aruco_node build --build-base /home/unitree/106a_final/build/aruco_node/build install --record /home/unitree/106a_final/build/aruco_node/install.log --single-version-externally-managed
