[2.987s] Invoking command in '/home/unitree/106a_final/build/realsense2_camera': CMAKE_PREFIX_PATH=/home/unitree/106a_final/install/realsense2_camera_msgs:/home/unitree/106a_final/install/arm_driver:/home/unitree/106a_final/install/unitree_sdk2:/home/unitree/106a_final/install/realsense2_description:/home/unitree/106a_final/install/realsense2_camera:/home/unitree/cyclonedds_ws/install/rmw_cyclonedds_cpp:/home/unitree/cyclonedds_ws/install/cyclonedds:/home/unitree/106a_final/install/navigation_node:/home/unitree/106a_final/install/vision_node:/home/unitree/106a_final/install/arm_control:/opt/ros/foxy LD_LIBRARY_PATH=/home/unitree/106a_final/install/realsense2_camera_msgs/lib:/home/unitree/106a_final/install/unitree_sdk2/lib:/home/unitree/106a_final/install/realsense2_camera/lib:/usr/local/cuda-11.4/lib64:/usr/local/lib:/home/unitree/cyclonedds_ws/install/rmw_cyclonedds_cpp/lib:/home/unitree/cyclonedds_ws/install/cyclonedds/lib:/opt/ros/foxy/opt/yaml_cpp_vendor/lib:/opt/ros/foxy/opt/rviz_ogre_vendor/lib:/opt/ros/foxy/lib/aarch64-linux-gnu:/opt/ros/foxy/lib PYTHONPATH=/home/unitree/106a_final/install/realsense2_camera_msgs/lib/python3.8/site-packages:/home/unitree/106a_final/install/navigation_node/lib/python3.8/site-packages:/home/unitree/106a_final/install/vision_node/lib/python3.8/site-packages:/home/unitree/106a_final/install/unitree_sdk2py/lib/python3.8/site-packages:/home/unitree/106a_final/install/arm_control/lib/python3.8/site-packages:/opt/ros/foxy/lib/python3.8/site-packages /usr/bin/cmake --build /home/unitree/106a_final/build/realsense2_camera -- -j4 -l4
[3.725s] [ 25%] Built target realsense2_camera_node
[3.934s] [100%] Built target realsense2_camera
[7.820s] Invoked command in '/home/unitree/106a_final/build/realsense2_camera' returned '0': CMAKE_PREFIX_PATH=/home/unitree/106a_final/install/realsense2_camera_msgs:/home/unitree/106a_final/install/arm_driver:/home/unitree/106a_final/install/unitree_sdk2:/home/unitree/106a_final/install/realsense2_description:/home/unitree/106a_final/install/realsense2_camera:/home/unitree/cyclonedds_ws/install/rmw_cyclonedds_cpp:/home/unitree/cyclonedds_ws/install/cyclonedds:/home/unitree/106a_final/install/navigation_node:/home/unitree/106a_final/install/vision_node:/home/unitree/106a_final/install/arm_control:/opt/ros/foxy LD_LIBRARY_PATH=/home/unitree/106a_final/install/realsense2_camera_msgs/lib:/home/unitree/106a_final/install/unitree_sdk2/lib:/home/unitree/106a_final/install/realsense2_camera/lib:/usr/local/cuda-11.4/lib64:/usr/local/lib:/home/unitree/cyclonedds_ws/install/rmw_cyclonedds_cpp/lib:/home/unitree/cyclonedds_ws/install/cyclonedds/lib:/opt/ros/foxy/opt/yaml_cpp_vendor/lib:/opt/ros/foxy/opt/rviz_ogre_vendor/lib:/opt/ros/foxy/lib/aarch64-linux-gnu:/opt/ros/foxy/lib PYTHONPATH=/home/unitree/106a_final/install/realsense2_camera_msgs/lib/python3.8/site-packages:/home/unitree/106a_final/install/navigation_node/lib/python3.8/site-packages:/home/unitree/106a_final/install/vision_node/lib/python3.8/site-packages:/home/unitree/106a_final/install/unitree_sdk2py/lib/python3.8/site-packages:/home/unitree/106a_final/install/arm_control/lib/python3.8/site-packages:/opt/ros/foxy/lib/python3.8/site-packages /usr/bin/cmake --build /home/unitree/106a_final/build/realsense2_camera -- -j4 -l4
[7.823s] Invoking command in '/home/unitree/106a_final/build/realsense2_camera': CMAKE_PREFIX_PATH=/home/unitree/106a_final/install/realsense2_camera_msgs:/home/unitree/106a_final/install/arm_driver:/home/unitree/106a_final/install/unitree_sdk2:/home/unitree/106a_final/install/realsense2_description:/home/unitree/106a_final/install/realsense2_camera:/home/unitree/cyclonedds_ws/install/rmw_cyclonedds_cpp:/home/unitree/cyclonedds_ws/install/cyclonedds:/home/unitree/106a_final/install/navigation_node:/home/unitree/106a_final/install/vision_node:/home/unitree/106a_final/install/arm_control:/opt/ros/foxy LD_LIBRARY_PATH=/home/unitree/106a_final/install/realsense2_camera_msgs/lib:/home/unitree/106a_final/install/unitree_sdk2/lib:/home/unitree/106a_final/install/realsense2_camera/lib:/usr/local/cuda-11.4/lib64:/usr/local/lib:/home/unitree/cyclonedds_ws/install/rmw_cyclonedds_cpp/lib:/home/unitree/cyclonedds_ws/install/cyclonedds/lib:/opt/ros/foxy/opt/yaml_cpp_vendor/lib:/opt/ros/foxy/opt/rviz_ogre_vendor/lib:/opt/ros/foxy/lib/aarch64-linux-gnu:/opt/ros/foxy/lib PYTHONPATH=/home/unitree/106a_final/install/realsense2_camera_msgs/lib/python3.8/site-packages:/home/unitree/106a_final/install/navigation_node/lib/python3.8/site-packages:/home/unitree/106a_final/install/vision_node/lib/python3.8/site-packages:/home/unitree/106a_final/install/unitree_sdk2py/lib/python3.8/site-packages:/home/unitree/106a_final/install/arm_control/lib/python3.8/site-packages:/opt/ros/foxy/lib/python3.8/site-packages /usr/bin/cmake --install /home/unitree/106a_final/build/realsense2_camera
[7.922s] -- Install configuration: "Release"
[7.923s] -- Execute custom install script
[7.923s] -- Up-to-date symlink: /home/unitree/106a_final/install/realsense2_camera/lib/realsense2_camera/realsense2_camera_node
[7.923s] -- Up-to-date symlink: /home/unitree/106a_final/install/realsense2_camera/lib/librealsense2_camera.so
[7.923s] -- Up-to-date symlink: /home/unitree/106a_final/install/realsense2_camera/include/base_realsense_node.h
[7.923s] -- Up-to-date symlink: /home/unitree/106a_final/install/realsense2_camera/include/constants.h
[7.923s] -- Up-to-date symlink: /home/unitree/106a_final/install/realsense2_camera/include/dynamic_params.h
[7.924s] -- Up-to-date symlink: /home/unitree/106a_final/install/realsense2_camera/include/realsense_node_factory.h
[7.924s] -- Up-to-date symlink: /home/unitree/106a_final/install/realsense2_camera/include/ros_param_backend.h
[7.924s] -- Up-to-date symlink: /home/unitree/106a_final/install/realsense2_camera/include/t265_realsense_node.h
[7.924s] -- Up-to-date symlink: /home/unitree/106a_final/install/realsense2_camera/share/realsense2_camera/launch/default.rviz
[7.924s] -- Up-to-date symlink: /home/unitree/106a_final/install/realsense2_camera/share/realsense2_camera/launch/demo_pointcloud_launch.py
[7.930s] -- Up-to-date symlink: /home/unitree/106a_final/install/realsense2_camera/share/realsense2_camera/launch/demo_t265_launch.py
[7.931s] -- Up-to-date symlink: /home/unitree/106a_final/install/realsense2_camera/share/realsense2_camera/launch/rs_d400_and_t265_launch.py
[7.931s] -- Up-to-date symlink: /home/unitree/106a_final/install/realsense2_camera/share/realsense2_camera/launch/rs_launch.py
[7.931s] -- Up-to-date symlink: /home/unitree/106a_final/install/realsense2_camera/share/realsense2_camera/launch/rs_multi_camera_launch.py
[7.931s] -- Up-to-date symlink: /home/unitree/106a_final/install/realsense2_camera/share/realsense2_camera/launch/rs_t265_launch.py
[7.931s] -- Up-to-date symlink: /home/unitree/106a_final/install/realsense2_camera/share/realsense2_camera/config/d435i.yaml
[7.931s] -- Up-to-date symlink: /home/unitree/106a_final/install/realsense2_camera/share/realsense2_camera/rviz/pointcloud.rviz
[7.932s] -- Up-to-date symlink: /home/unitree/106a_final/install/realsense2_camera/share/realsense2_camera/rviz/t265.rviz
[7.932s] -- Up-to-date symlink: /home/unitree/106a_final/install/realsense2_camera/share/realsense2_camera/environment/library_path.sh
[7.932s] -- Up-to-date symlink: /home/unitree/106a_final/install/realsense2_camera/share/realsense2_camera/environment/library_path.dsv
[7.932s] -- Up-to-date symlink: /home/unitree/106a_final/install/realsense2_camera/share/ament_index/resource_index/package_run_dependencies/realsense2_camera
[7.932s] -- Up-to-date symlink: /home/unitree/106a_final/install/realsense2_camera/share/ament_index/resource_index/parent_prefix_path/realsense2_camera
[7.932s] -- Up-to-date symlink: /home/unitree/106a_final/install/realsense2_camera/share/realsense2_camera/environment/ament_prefix_path.sh
[7.932s] -- Up-to-date symlink: /home/unitree/106a_final/install/realsense2_camera/share/realsense2_camera/environment/ament_prefix_path.dsv
[7.933s] -- Up-to-date symlink: /home/unitree/106a_final/install/realsense2_camera/share/realsense2_camera/environment/path.sh
[7.933s] -- Up-to-date symlink: /home/unitree/106a_final/install/realsense2_camera/share/realsense2_camera/environment/path.dsv
[7.933s] -- Up-to-date symlink: /home/unitree/106a_final/install/realsense2_camera/share/realsense2_camera/local_setup.bash
[7.933s] -- Up-to-date symlink: /home/unitree/106a_final/install/realsense2_camera/share/realsense2_camera/local_setup.sh
[7.933s] -- Up-to-date symlink: /home/unitree/106a_final/install/realsense2_camera/share/realsense2_camera/local_setup.zsh
[7.933s] -- Up-to-date symlink: /home/unitree/106a_final/install/realsense2_camera/share/realsense2_camera/local_setup.dsv
[7.933s] -- Symlinking: /home/unitree/106a_final/install/realsense2_camera/share/realsense2_camera/package.dsv
[8.061s] -- Up-to-date symlink: /home/unitree/106a_final/install/realsense2_camera/share/ament_index/resource_index/packages/realsense2_camera
[8.061s] -- Up-to-date symlink: /home/unitree/106a_final/install/realsense2_camera/share/ament_index/resource_index/rclcpp_components/realsense2_camera
[8.062s] -- Up-to-date symlink: /home/unitree/106a_final/install/realsense2_camera/share/realsense2_camera/cmake/ament_cmake_export_include_directories-extras.cmake
[8.063s] -- Up-to-date symlink: /home/unitree/106a_final/install/realsense2_camera/share/realsense2_camera/cmake/ament_cmake_export_libraries-extras.cmake
[8.063s] -- Up-to-date symlink: /home/unitree/106a_final/install/realsense2_camera/share/realsense2_camera/cmake/ament_cmake_export_dependencies-extras.cmake
[8.064s] -- Up-to-date symlink: /home/unitree/106a_final/install/realsense2_camera/share/realsense2_camera/cmake/realsense2_cameraConfig.cmake
[8.065s] -- Up-to-date symlink: /home/unitree/106a_final/install/realsense2_camera/share/realsense2_camera/cmake/realsense2_cameraConfig-version.cmake
[8.065s] -- Up-to-date symlink: /home/unitree/106a_final/install/realsense2_camera/share/realsense2_camera/package.xml
[8.087s] Invoked command in '/home/unitree/106a_final/build/realsense2_camera' returned '0': CMAKE_PREFIX_PATH=/home/unitree/106a_final/install/realsense2_camera_msgs:/home/unitree/106a_final/install/arm_driver:/home/unitree/106a_final/install/unitree_sdk2:/home/unitree/106a_final/install/realsense2_description:/home/unitree/106a_final/install/realsense2_camera:/home/unitree/cyclonedds_ws/install/rmw_cyclonedds_cpp:/home/unitree/cyclonedds_ws/install/cyclonedds:/home/unitree/106a_final/install/navigation_node:/home/unitree/106a_final/install/vision_node:/home/unitree/106a_final/install/arm_control:/opt/ros/foxy LD_LIBRARY_PATH=/home/unitree/106a_final/install/realsense2_camera_msgs/lib:/home/unitree/106a_final/install/unitree_sdk2/lib:/home/unitree/106a_final/install/realsense2_camera/lib:/usr/local/cuda-11.4/lib64:/usr/local/lib:/home/unitree/cyclonedds_ws/install/rmw_cyclonedds_cpp/lib:/home/unitree/cyclonedds_ws/install/cyclonedds/lib:/opt/ros/foxy/opt/yaml_cpp_vendor/lib:/opt/ros/foxy/opt/rviz_ogre_vendor/lib:/opt/ros/foxy/lib/aarch64-linux-gnu:/opt/ros/foxy/lib PYTHONPATH=/home/unitree/106a_final/install/realsense2_camera_msgs/lib/python3.8/site-packages:/home/unitree/106a_final/install/navigation_node/lib/python3.8/site-packages:/home/unitree/106a_final/install/vision_node/lib/python3.8/site-packages:/home/unitree/106a_final/install/unitree_sdk2py/lib/python3.8/site-packages:/home/unitree/106a_final/install/arm_control/lib/python3.8/site-packages:/opt/ros/foxy/lib/python3.8/site-packages /usr/bin/cmake --install /home/unitree/106a_final/build/realsense2_camera
