[3.991s] Invoking command in '/home/unitree/106a_final/src/vision_node': PYTHONPATH=/home/unitree/106a_final/build/vision_node/prefix_override:/home/unitree/106a_final/install/vision_node/lib/python3.8/site-packages:${PYTHONPATH} /usr/bin/python3 setup.py egg_info --egg-base ../../build/vision_node build --build-base /home/unitree/106a_final/build/vision_node/build install --record /home/unitree/106a_final/build/vision_node/install.log --install-scripts $base/lib/vision_node --single-version-externally-managed
[4.497s] running egg_info
[4.498s] writing ../../build/vision_node/vision_node.egg-info/PKG-INFO
[4.499s] writing dependency_links to ../../build/vision_node/vision_node.egg-info/dependency_links.txt
[4.500s] writing entry points to ../../build/vision_node/vision_node.egg-info/entry_points.txt
[4.501s] writing requirements to ../../build/vision_node/vision_node.egg-info/requires.txt
[4.501s] writing top-level names to ../../build/vision_node/vision_node.egg-info/top_level.txt
[4.567s] reading manifest file '../../build/vision_node/vision_node.egg-info/SOURCES.txt'
[4.568s] writing manifest file '../../build/vision_node/vision_node.egg-info/SOURCES.txt'
[4.568s] running build
[4.569s] running build_py
[4.569s] running install
[4.576s] running install_lib
[4.576s] running install_data
[4.577s] running install_egg_info
[4.580s] removing '/home/unitree/106a_final/install/vision_node/lib/python3.8/site-packages/vision_node-0.0.0-py3.8.egg-info' (and everything under it)
[4.583s] Copying ../../build/vision_node/vision_node.egg-info to /home/unitree/106a_final/install/vision_node/lib/python3.8/site-packages/vision_node-0.0.0-py3.8.egg-info
[4.585s] running install_scripts
[4.625s] Installing pingpong_node script to /home/unitree/106a_final/install/vision_node/lib/vision_node
[4.626s] writing list of installed files to '/home/unitree/106a_final/build/vision_node/install.log'
[5.063s] Invoked command in '/home/unitree/106a_final/src/vision_node' returned '0': PYTHONPATH=/home/unitree/106a_final/build/vision_node/prefix_override:/home/unitree/106a_final/install/vision_node/lib/python3.8/site-packages:${PYTHONPATH} /usr/bin/python3 setup.py egg_info --egg-base ../../build/vision_node build --build-base /home/unitree/106a_final/build/vision_node/build install --record /home/unitree/106a_final/build/vision_node/install.log --install-scripts $base/lib/vision_node --single-version-externally-managed
