[0.000000] (-) TimerEvent: {}
[0.000650] (-) JobUnselected: {'identifier': 'arm_control'}
[0.000827] (-) JobUnselected: {'identifier': 'arm_driver'}
[0.001183] (-) JobUnselected: {'identifier': 'navigation_node'}
[0.001492] (-) JobUnselected: {'identifier': 'realsense2_camera'}
[0.001648] (-) JobUnselected: {'identifier': 'realsense2_camera_msgs'}
[0.001696] (-) JobUnselected: {'identifier': 'realsense2_description'}
[0.001731] (-) JobUnselected: {'identifier': 'vision_node'}
[0.001770] (aruco_node) JobQueued: {'identifier': 'aruco_node', 'dependencies': OrderedDict()}
[0.001812] (aruco_node) JobStarted: {'identifier': 'aruco_node'}
[0.099590] (-) TimerEvent: {}
[0.200059] (-) TimerEvent: {}
[0.301109] (-) TimerEvent: {}
[0.402175] (-) TimerEvent: {}
[0.503247] (-) TimerEvent: {}
[0.603958] (-) TimerEvent: {}
[0.704514] (-) TimerEvent: {}
[0.805084] (-) TimerEvent: {}
[0.905636] (-) TimerEvent: {}
[1.006214] (-) TimerEvent: {}
[1.068003] (aruco_node) StderrLine: {'line': b'Traceback (most recent call last):\n  File "/usr/lib/python3/dist-packages/colcon_core/executor/__init__.py", line 91, in __call__\n    rc = await self.task(*args, **kwargs)\n  File "/usr/lib/python3/dist-packages/colcon_core/task/__init__.py", line 93, in __call__\n    return await task_method(*args, **kwargs)\n  File "/usr/lib/python3/dist-packages/colcon_ros/task/ament_python/build.py", line 51, in build\n    setup_py_data = get_setup_data(self.context.pkg, env)\n  File "/usr/lib/python3/dist-packages/colcon_core/task/python/__init__.py", line 20, in get_setup_data\n    return dict(pkg.metadata[key](env))\n  File "/usr/lib/python3/dist-packages/colcon_ros/package_augmentation/ros_ament_python.py", line 57, in getter\n    return get_setup_information(\n  File "/usr/lib/python3/dist-packages/colcon_python_setup_py/package_identification/python_setup_py.py", line 249, in get_setup_information\n    _setup_information_cache[hashable_env] = _get_setup_information(\n  File "/usr/lib/python3/dist-packages/colcon_python_setup_py/package_identification/python_setup_py.py", line 296, in _get_setup_information\n    result = subprocess.run(\n  File "/usr/lib/python3.8/subprocess.py", line 516, in run\n    raise CalledProcessError(retcode, process.args,\nsubprocess.CalledProcessError: Command \'[\'/usr/bin/python3\', \'-c\', \'import sys;from contextlib import suppress;exec("with suppress(ImportError):    from setuptools.extern.packaging.specifiers    import SpecifierSet");exec("with suppress(ImportError):    from packaging.specifiers import SpecifierSet");from distutils.core import run_setup;dist = run_setup(    \\\'setup.py\\\', script_args=(\\\'--dry-run\\\',), stop_after=\\\'config\\\');skip_keys = (\\\'cmdclass\\\', \\\'distclass\\\', \\\'ext_modules\\\', \\\'metadata\\\');data = {    key: value for key, value in dist.__dict__.items()     if (        not key.startswith(\\\'_\\\') and         not callable(value) and         key not in skip_keys and         key not in dist.display_option_names    )};data[\\\'metadata\\\'] = {    k: v for k, v in dist.metadata.__dict__.items()     if k not in (\\\'license_files\\\', \\\'provides_extras\\\')};sys.stdout.buffer.write(repr(data).encode(\\\'utf-8\\\'))\']\' returned non-zero exit status 1.\n'}
[1.069572] (aruco_node) JobEnded: {'identifier': 'aruco_node', 'rc': 1}
[1.079717] (-) EventReactorShutdown: {}
