[0.862s] Invoking command in '/home/unitree/106a_final/build/unitree_sdk2': /usr/bin/cmake --build /home/unitree/106a_final/build/unitree_sdk2 -- -j4 -l4
[1.107s] [  4%] Built target test_publisher
[1.134s] [  6%] Built target test_jsonize
[1.143s] [ 11%] Built target test_subscriber
[1.162s] [ 13%] Built target advanced_gamepad
[1.216s] [ 16%] Built target state_machine_example
[1.242s] [ 19%] Built target go2_video_client
[1.313s] [ 22%] Built target go2_robot_state_client
[1.318s] [ 25%] Built target go2_low_level
[1.320s] [ 27%] Built target go2_stand_example
[1.341s] [ 30%] Built target go2_vui_client
[1.389s] [ 33%] Built target b2_stand_example
[1.427s] [ 36%] Built target h1_2_arm_sdk_dds_example
[1.451s] [ 38%] Built target go2_sport_client
[1.460s] [ 41%] Built target b2_sport_client
[1.471s] [ 44%] Built target h1_arm_sdk_dds_example
[1.500s] [ 47%] Built target h1_2_ankle_track
[1.570s] [ 50%] Built target h1_27dof_example
[1.597s] [ 55%] Built target g1_arm7_sdk_dds_example
[1.597s] [ 55%] Built target h1_low_level_example
[1.601s] [ 58%] Built target h1_loco_client
[1.666s] [ 61%] Built target g1_loco_client
[1.729s] [ 63%] Built target g1_arm5_sdk_dds_example
[1.742s] [ 66%] Built target g1_dex3_example
[1.760s] [ 69%] Built target g1_ankle_swing_example
[1.788s] [ 72%] Built target g1_agv_client_example
[1.880s] [ 75%] Built target g1_dual_arm_example
[1.882s] [ 77%] Built target g1_audio_client_example
[1.885s] [ 80%] Built target g1_termination
[1.893s] [ 83%] Built target g1_arm_action_example
[2.005s] [ 86%] Built target go2w_stand_example
[2.010s] [ 88%] Built target go2w_sport_client
[2.015s] [ 91%] Built target b2w_stand_example
[2.032s] [ 94%] Built target b2w_sport_client
[2.087s] [100%] Built target a2_sport_client
[2.088s] [100%] Built target a2_sport_state
[2.527s] Invoked command in '/home/unitree/106a_final/build/unitree_sdk2' returned '0': /usr/bin/cmake --build /home/unitree/106a_final/build/unitree_sdk2 -- -j4 -l4
[2.529s] Invoking command in '/home/unitree/106a_final/build/unitree_sdk2': /usr/bin/cmake --install /home/unitree/106a_final/build/unitree_sdk2
[2.567s] -- Install configuration: "Release"
[2.567s] -- Up-to-date: /home/unitree/106a_final/install/unitree_sdk2/include
[2.569s] -- Up-to-date: /home/unitree/106a_final/install/unitree_sdk2/include/unitree
[2.570s] -- Up-to-date: /home/unitree/106a_final/install/unitree_sdk2/include/unitree/common
[2.570s] -- Up-to-date: /home/unitree/106a_final/install/unitree_sdk2/include/unitree/common/service
[2.571s] -- Up-to-date: /home/unitree/106a_final/install/unitree_sdk2/include/unitree/common/service/dds_service.hpp
[2.571s] -- Up-to-date: /home/unitree/106a_final/install/unitree_sdk2/include/unitree/common/service/base
[2.572s] -- Up-to-date: /home/unitree/106a_final/install/unitree_sdk2/include/unitree/common/service/base/service_base.hpp
[2.572s] -- Up-to-date: /home/unitree/106a_final/install/unitree_sdk2/include/unitree/common/service/base/service_config.hpp
[2.573s] -- Up-to-date: /home/unitree/106a_final/install/unitree_sdk2/include/unitree/common/service/base/service_application.hpp
[2.573s] -- Up-to-date: /home/unitree/106a_final/install/unitree_sdk2/include/unitree/common/service/base/service_decl.hpp
[2.574s] -- Up-to-date: /home/unitree/106a_final/install/unitree_sdk2/include/unitree/common/os.hpp
[2.574s] -- Up-to-date: /home/unitree/106a_final/install/unitree_sdk2/include/unitree/common/assert.hpp
[2.575s] -- Up-to-date: /home/unitree/106a_final/install/unitree_sdk2/include/unitree/common/thread
[2.575s] -- Up-to-date: /home/unitree/106a_final/install/unitree_sdk2/include/unitree/common/thread/thread.hpp
[2.576s] -- Up-to-date: /home/unitree/106a_final/install/unitree_sdk2/include/unitree/common/thread/thread_pool.hpp
[2.576s] -- Up-to-date: /home/unitree/106a_final/install/unitree_sdk2/include/unitree/common/thread/future.hpp
[2.576s] -- Up-to-date: /home/unitree/106a_final/install/unitree_sdk2/include/unitree/common/thread/thread_decl.hpp
[2.577s] -- Up-to-date: /home/unitree/106a_final/install/unitree_sdk2/include/unitree/common/thread/thread_task.hpp
[2.577s] -- Up-to-date: /home/unitree/106a_final/install/unitree_sdk2/include/unitree/common/thread/recurrent_thread.hpp
[2.578s] -- Up-to-date: /home/unitree/106a_final/install/unitree_sdk2/include/unitree/common/string_tool.hpp
[2.579s] -- Up-to-date: /home/unitree/106a_final/install/unitree_sdk2/include/unitree/common/log
[2.579s] -- Up-to-date: /home/unitree/106a_final/install/unitree_sdk2/include/unitree/common/log/log_policy.hpp
[2.579s] -- Up-to-date: /home/unitree/106a_final/install/unitree_sdk2/include/unitree/common/log/log_keeper.hpp
[2.580s] -- Up-to-date: /home/unitree/106a_final/install/unitree_sdk2/include/unitree/common/log/log_buffer.hpp
[2.580s] -- Up-to-date: /home/unitree/106a_final/install/unitree_sdk2/include/unitree/common/log/log_store.hpp
[2.580s] -- Up-to-date: /home/unitree/106a_final/install/unitree_sdk2/include/unitree/common/log/log.hpp
[2.581s] -- Up-to-date: /home/unitree/106a_final/install/unitree_sdk2/include/unitree/common/log/log_writer.hpp
[2.581s] -- Up-to-date: /home/unitree/106a_final/install/unitree_sdk2/include/unitree/common/log/log_decl.hpp
[2.581s] -- Up-to-date: /home/unitree/106a_final/install/unitree_sdk2/include/unitree/common/log/log_initor.hpp
[2.581s] -- Up-to-date: /home/unitree/106a_final/install/unitree_sdk2/include/unitree/common/log/log_logger.hpp
[2.581s] -- Up-to-date: /home/unitree/106a_final/install/unitree_sdk2/include/unitree/common/json
[2.581s] -- Up-to-date: /home/unitree/106a_final/install/unitree_sdk2/include/unitree/common/json/json_config.hpp
[2.583s] -- Up-to-date: /home/unitree/106a_final/install/unitree_sdk2/include/unitree/common/json/jsonize.hpp
[2.583s] -- Up-to-date: /home/unitree/106a_final/install/unitree_sdk2/include/unitree/common/json/json.hpp
[2.584s] -- Up-to-date: /home/unitree/106a_final/install/unitree_sdk2/include/unitree/common/time
[2.584s] -- Up-to-date: /home/unitree/106a_final/install/unitree_sdk2/include/unitree/common/time/time_tool.hpp
[2.584s] -- Up-to-date: /home/unitree/106a_final/install/unitree_sdk2/include/unitree/common/time/sleep.hpp
[2.585s] -- Up-to-date: /home/unitree/106a_final/install/unitree_sdk2/include/unitree/common/any.hpp
[2.586s] -- Up-to-date: /home/unitree/106a_final/install/unitree_sdk2/include/unitree/common/exception.hpp
[2.586s] -- Up-to-date: /home/unitree/106a_final/install/unitree_sdk2/include/unitree/common/block_queue.hpp
[2.587s] -- Up-to-date: /home/unitree/106a_final/install/unitree_sdk2/include/unitree/common/filesystem
[2.587s] -- Up-to-date: /home/unitree/106a_final/install/unitree_sdk2/include/unitree/common/filesystem/directory.hpp
[2.588s] -- Up-to-date: /home/unitree/106a_final/install/unitree_sdk2/include/unitree/common/filesystem/file.hpp
[2.600s] -- Up-to-date: /home/unitree/106a_final/install/unitree_sdk2/include/unitree/common/filesystem/filesystem.hpp
[2.601s] -- Up-to-date: /home/unitree/106a_final/install/unitree_sdk2/include/unitree/common/lock
[2.602s] -- Up-to-date: /home/unitree/106a_final/install/unitree_sdk2/include/unitree/common/lock/lock.hpp
[2.602s] -- Up-to-date: /home/unitree/106a_final/install/unitree_sdk2/include/unitree/common/dds
[2.602s] -- Up-to-date: /home/unitree/106a_final/install/unitree_sdk2/include/unitree/common/dds/dds_qos_realize.hpp
[2.602s] -- Up-to-date: /home/unitree/106a_final/install/unitree_sdk2/include/unitree/common/dds/dds_parameter.hpp
[2.602s] -- Up-to-date: /home/unitree/106a_final/install/unitree_sdk2/include/unitree/common/dds/dds_entity.hpp
[2.603s] -- Up-to-date: /home/unitree/106a_final/install/unitree_sdk2/include/unitree/common/dds/dds_native.hpp
[2.603s] -- Up-to-date: /home/unitree/106a_final/install/unitree_sdk2/include/unitree/common/dds/dds_exception.hpp
[2.603s] -- Up-to-date: /home/unitree/106a_final/install/unitree_sdk2/include/unitree/common/dds/dds_qos_parameter.hpp
[2.603s] -- Up-to-date: /home/unitree/106a_final/install/unitree_sdk2/include/unitree/common/dds/dds_qos_policy_parameter.hpp
[2.603s] -- Up-to-date: /home/unitree/106a_final/install/unitree_sdk2/include/unitree/common/dds/dds_traits.hpp
[2.603s] -- Up-to-date: /home/unitree/106a_final/install/unitree_sdk2/include/unitree/common/dds/dds_qos_policy.hpp
[2.603s] -- Up-to-date: /home/unitree/106a_final/install/unitree_sdk2/include/unitree/common/dds/dds_qos.hpp
[2.604s] -- Up-to-date: /home/unitree/106a_final/install/unitree_sdk2/include/unitree/common/dds/dds_callback.hpp
[2.604s] -- Up-to-date: /home/unitree/106a_final/install/unitree_sdk2/include/unitree/common/dds/dds_factory_model.hpp
[2.604s] -- Up-to-date: /home/unitree/106a_final/install/unitree_sdk2/include/unitree/common/dds/dds_easy_model.hpp
[2.604s] -- Up-to-date: /home/unitree/106a_final/install/unitree_sdk2/include/unitree/common/dds/dds_error.hpp
[2.604s] -- Up-to-date: /home/unitree/106a_final/install/unitree_sdk2/include/unitree/common/dds/dds_topic_channel.hpp
[2.605s] -- Up-to-date: /home/unitree/106a_final/install/unitree_sdk2/include/unitree/common/decl.hpp
[2.605s] -- Up-to-date: /home/unitree/106a_final/install/unitree_sdk2/include/unitree/common/error.hpp
[2.605s] -- Up-to-date: /home/unitree/106a_final/install/unitree_sdk2/include/unitree/dds_wrapper
[2.605s] -- Up-to-date: /home/unitree/106a_final/install/unitree_sdk2/include/unitree/dds_wrapper/common
[2.605s] -- Up-to-date: /home/unitree/106a_final/install/unitree_sdk2/include/unitree/dds_wrapper/common/Subscription.h
[2.605s] -- Up-to-date: /home/unitree/106a_final/install/unitree_sdk2/include/unitree/dds_wrapper/common/crc.h
[2.606s] -- Up-to-date: /home/unitree/106a_final/install/unitree_sdk2/include/unitree/dds_wrapper/common/Publisher.h
[2.606s] -- Up-to-date: /home/unitree/106a_final/install/unitree_sdk2/include/unitree/dds_wrapper/common/unitree_joystick.hpp
[2.606s] -- Up-to-date: /home/unitree/106a_final/install/unitree_sdk2/include/unitree/dds_wrapper/robots
[2.606s] -- Up-to-date: /home/unitree/106a_final/install/unitree_sdk2/include/unitree/dds_wrapper/robots/go2
[2.606s] -- Up-to-date: /home/unitree/106a_final/install/unitree_sdk2/include/unitree/dds_wrapper/robots/go2/defines.h
[2.606s] -- Up-to-date: /home/unitree/106a_final/install/unitree_sdk2/include/unitree/dds_wrapper/robots/go2/go2_pub.h
[2.607s] -- Up-to-date: /home/unitree/106a_final/install/unitree_sdk2/include/unitree/dds_wrapper/robots/go2/go2_sub.h
[2.607s] -- Up-to-date: /home/unitree/106a_final/install/unitree_sdk2/include/unitree/dds_wrapper/robots/go2/go2.h
[2.607s] -- Up-to-date: /home/unitree/106a_final/install/unitree_sdk2/include/unitree/dds_wrapper/robots/g1
[2.607s] -- Up-to-date: /home/unitree/106a_final/install/unitree_sdk2/include/unitree/dds_wrapper/robots/g1/defines.h
[2.607s] -- Up-to-date: /home/unitree/106a_final/install/unitree_sdk2/include/unitree/dds_wrapper/robots/g1/g1.h
[2.607s] -- Up-to-date: /home/unitree/106a_final/install/unitree_sdk2/include/unitree/dds_wrapper/robots/g1/g1_pub.h
[2.607s] -- Up-to-date: /home/unitree/106a_final/install/unitree_sdk2/include/unitree/dds_wrapper/robots/g1/g1_sub.h
[2.607s] -- Up-to-date: /home/unitree/106a_final/install/unitree_sdk2/include/unitree/robot
[2.608s] -- Up-to-date: /home/unitree/106a_final/install/unitree_sdk2/include/unitree/robot/a2
[2.608s] -- Up-to-date: /home/unitree/106a_final/install/unitree_sdk2/include/unitree/robot/a2/sport
[2.612s] -- Up-to-date: /home/unitree/106a_final/install/unitree_sdk2/include/unitree/robot/a2/sport/sport_api.hpp
[2.612s] -- Up-to-date: /home/unitree/106a_final/install/unitree_sdk2/include/unitree/robot/a2/sport/sport_client.hpp
[2.612s] -- Up-to-date: /home/unitree/106a_final/install/unitree_sdk2/include/unitree/robot/a2/sport/sport_error.hpp
[2.613s] -- Up-to-date: /home/unitree/106a_final/install/unitree_sdk2/include/unitree/robot/h1
[2.613s] -- Up-to-date: /home/unitree/106a_final/install/unitree_sdk2/include/unitree/robot/h1/loco
[2.613s] -- Up-to-date: /home/unitree/106a_final/install/unitree_sdk2/include/unitree/robot/h1/loco/h1_loco_error.hpp
[2.613s] -- Up-to-date: /home/unitree/106a_final/install/unitree_sdk2/include/unitree/robot/h1/loco/h1_loco_api.hpp
[2.613s] -- Up-to-date: /home/unitree/106a_final/install/unitree_sdk2/include/unitree/robot/h1/loco/h1_loco_client.hpp
[2.613s] -- Up-to-date: /home/unitree/106a_final/install/unitree_sdk2/include/unitree/robot/serialize
[2.613s] -- Up-to-date: /home/unitree/106a_final/install/unitree_sdk2/include/unitree/robot/serialize/serialize.hpp
[2.614s] -- Up-to-date: /home/unitree/106a_final/install/unitree_sdk2/include/unitree/robot/server
[2.614s] -- Up-to-date: /home/unitree/106a_final/install/unitree_sdk2/include/unitree/robot/server/server_stub.hpp
[2.614s] -- Up-to-date: /home/unitree/106a_final/install/unitree_sdk2/include/unitree/robot/server/server_base.hpp
[2.614s] -- Up-to-date: /home/unitree/106a_final/install/unitree_sdk2/include/unitree/robot/server/server.hpp
[2.614s] -- Up-to-date: /home/unitree/106a_final/install/unitree_sdk2/include/unitree/robot/server/lease_server.hpp
[2.615s] -- Up-to-date: /home/unitree/106a_final/install/unitree_sdk2/include/unitree/robot/go2
[2.615s] -- Up-to-date: /home/unitree/106a_final/install/unitree_sdk2/include/unitree/robot/go2/utrack
[2.616s] -- Up-to-date: /home/unitree/106a_final/install/unitree_sdk2/include/unitree/robot/go2/utrack/utrack_api.hpp
[2.616s] -- Up-to-date: /home/unitree/106a_final/install/unitree_sdk2/include/unitree/robot/go2/utrack/utrack_client.hpp
[2.617s] -- Up-to-date: /home/unitree/106a_final/install/unitree_sdk2/include/unitree/robot/go2/obstacles_avoid
[2.619s] -- Up-to-date: /home/unitree/106a_final/install/unitree_sdk2/include/unitree/robot/go2/obstacles_avoid/obstacles_avoid_api.hpp
[2.619s] -- Up-to-date: /home/unitree/106a_final/install/unitree_sdk2/include/unitree/robot/go2/obstacles_avoid/obstacles_avoid_client.hpp
[2.619s] -- Up-to-date: /home/unitree/106a_final/install/unitree_sdk2/include/unitree/robot/go2/robot_state
[2.620s] -- Up-to-date: /home/unitree/106a_final/install/unitree_sdk2/include/unitree/robot/go2/robot_state/robot_state_client.hpp
[2.620s] -- Up-to-date: /home/unitree/106a_final/install/unitree_sdk2/include/unitree/robot/go2/robot_state/robot_state_error.hpp
[2.620s] -- Up-to-date: /home/unitree/106a_final/install/unitree_sdk2/include/unitree/robot/go2/robot_state/robot_state_api.hpp
[2.620s] -- Up-to-date: /home/unitree/106a_final/install/unitree_sdk2/include/unitree/robot/go2/vui
[2.620s] -- Up-to-date: /home/unitree/106a_final/install/unitree_sdk2/include/unitree/robot/go2/vui/vui_api.hpp
[2.621s] -- Up-to-date: /home/unitree/106a_final/install/unitree_sdk2/include/unitree/robot/go2/vui/vui_client.hpp
[2.622s] -- Up-to-date: /home/unitree/106a_final/install/unitree_sdk2/include/unitree/robot/go2/vui/vui_error.hpp
[2.622s] -- Up-to-date: /home/unitree/106a_final/install/unitree_sdk2/include/unitree/robot/go2/video
[2.622s] -- Up-to-date: /home/unitree/106a_final/install/unitree_sdk2/include/unitree/robot/go2/video/video_error.hpp
[2.623s] -- Up-to-date: /home/unitree/106a_final/install/unitree_sdk2/include/unitree/robot/go2/video/video_api.hpp
[2.623s] -- Up-to-date: /home/unitree/106a_final/install/unitree_sdk2/include/unitree/robot/go2/video/video_client.hpp
[2.624s] -- Up-to-date: /home/unitree/106a_final/install/unitree_sdk2/include/unitree/robot/go2/sport
[2.624s] -- Up-to-date: /home/unitree/106a_final/install/unitree_sdk2/include/unitree/robot/go2/sport/sport_api.hpp
[2.624s] -- Up-to-date: /home/unitree/106a_final/install/unitree_sdk2/include/unitree/robot/go2/sport/sport_client.hpp
[2.625s] -- Up-to-date: /home/unitree/106a_final/install/unitree_sdk2/include/unitree/robot/go2/sport/sport_error.hpp
[2.625s] -- Up-to-date: /home/unitree/106a_final/install/unitree_sdk2/include/unitree/robot/go2/public
[2.627s] -- Up-to-date: /home/unitree/106a_final/install/unitree_sdk2/include/unitree/robot/go2/public/jsonize_type.hpp
[2.628s] -- Up-to-date: /home/unitree/106a_final/install/unitree_sdk2/include/unitree/robot/go2/config
[2.634s] -- Up-to-date: /home/unitree/106a_final/install/unitree_sdk2/include/unitree/robot/go2/config/config_client.hpp
[2.634s] -- Up-to-date: /home/unitree/106a_final/install/unitree_sdk2/include/unitree/robot/go2/config/config_error.hpp
[2.635s] -- Up-to-date: /home/unitree/106a_final/install/unitree_sdk2/include/unitree/robot/go2/config/config_api.hpp
[2.635s] -- Up-to-date: /home/unitree/106a_final/install/unitree_sdk2/include/unitree/robot/internal
[2.635s] -- Up-to-date: /home/unitree/106a_final/install/unitree_sdk2/include/unitree/robot/internal/internal.hpp
[2.635s] -- Up-to-date: /home/unitree/106a_final/install/unitree_sdk2/include/unitree/robot/internal/internal_idl_decl
[2.636s] -- Up-to-date: /home/unitree/106a_final/install/unitree_sdk2/include/unitree/robot/internal/internal_idl_decl/ResponseHeader_.hpp
[2.636s] -- Up-to-date: /home/unitree/106a_final/install/unitree_sdk2/include/unitree/robot/internal/internal_idl_decl/RequestIdentity_.hpp
[2.636s] -- Up-to-date: /home/unitree/106a_final/install/unitree_sdk2/include/unitree/robot/internal/internal_idl_decl/ResponseStatus_.hpp
[2.636s] -- Up-to-date: /home/unitree/106a_final/install/unitree_sdk2/include/unitree/robot/internal/internal_idl_decl/Request_.hpp
[2.636s] -- Up-to-date: /home/unitree/106a_final/install/unitree_sdk2/include/unitree/robot/internal/internal_idl_decl/RequestHeader_.hpp
[2.636s] -- Up-to-date: /home/unitree/106a_final/install/unitree_sdk2/include/unitree/robot/internal/internal_idl_decl/RequestPolicy_.hpp
[2.636s] -- Up-to-date: /home/unitree/106a_final/install/unitree_sdk2/include/unitree/robot/internal/internal_idl_decl/RequestLease_.hpp
[2.636s] -- Up-to-date: /home/unitree/106a_final/install/unitree_sdk2/include/unitree/robot/internal/internal_idl_decl/Response_.hpp
[2.636s] -- Up-to-date: /home/unitree/106a_final/install/unitree_sdk2/include/unitree/robot/internal/internal_error.hpp
[2.637s] -- Up-to-date: /home/unitree/106a_final/install/unitree_sdk2/include/unitree/robot/internal/internal_request_response.hpp
[2.637s] -- Up-to-date: /home/unitree/106a_final/install/unitree_sdk2/include/unitree/robot/internal/internal_api.hpp
[2.637s] -- Up-to-date: /home/unitree/106a_final/install/unitree_sdk2/include/unitree/robot/client
[2.637s] -- Up-to-date: /home/unitree/106a_final/install/unitree_sdk2/include/unitree/robot/client/lease_client.hpp
[2.637s] -- Up-to-date: /home/unitree/106a_final/install/unitree_sdk2/include/unitree/robot/client/client_base.hpp
[2.637s] -- Up-to-date: /home/unitree/106a_final/install/unitree_sdk2/include/unitree/robot/client/client_stub.hpp
[2.637s] -- Up-to-date: /home/unitree/106a_final/install/unitree_sdk2/include/unitree/robot/client/client.hpp
[2.637s] -- Up-to-date: /home/unitree/106a_final/install/unitree_sdk2/include/unitree/robot/g1
[2.638s] -- Up-to-date: /home/unitree/106a_final/install/unitree_sdk2/include/unitree/robot/g1/agv
[2.638s] -- Up-to-date: /home/unitree/106a_final/install/unitree_sdk2/include/unitree/robot/g1/agv/g1_agv_api.hpp
[2.638s] -- Up-to-date: /home/unitree/106a_final/install/unitree_sdk2/include/unitree/robot/g1/agv/g1_agv_client.hpp
[2.638s] -- Up-to-date: /home/unitree/106a_final/install/unitree_sdk2/include/unitree/robot/g1/agv/g1_agv_error.hpp
[2.638s] -- Up-to-date: /home/unitree/106a_final/install/unitree_sdk2/include/unitree/robot/g1/audio
[2.638s] -- Up-to-date: /home/unitree/106a_final/install/unitree_sdk2/include/unitree/robot/g1/audio/g1_audio_api.hpp
[2.638s] -- Up-to-date: /home/unitree/106a_final/install/unitree_sdk2/include/unitree/robot/g1/audio/g1_audio_client.hpp
[2.638s] -- Up-to-date: /home/unitree/106a_final/install/unitree_sdk2/include/unitree/robot/g1/audio/g1_audio_error.hpp
[2.638s] -- Up-to-date: /home/unitree/106a_final/install/unitree_sdk2/include/unitree/robot/g1/arm
[2.638s] -- Up-to-date: /home/unitree/106a_final/install/unitree_sdk2/include/unitree/robot/g1/arm/g1_arm_action_api.hpp
[2.639s] -- Up-to-date: /home/unitree/106a_final/install/unitree_sdk2/include/unitree/robot/g1/arm/g1_arm_action_client.hpp
[2.639s] -- Up-to-date: /home/unitree/106a_final/install/unitree_sdk2/include/unitree/robot/g1/arm/g1_arm_action_error.hpp
[2.639s] -- Up-to-date: /home/unitree/106a_final/install/unitree_sdk2/include/unitree/robot/g1/common
[2.639s] -- Up-to-date: /home/unitree/106a_final/install/unitree_sdk2/include/unitree/robot/g1/common/terminations.hpp
[2.639s] -- Up-to-date: /home/unitree/106a_final/install/unitree_sdk2/include/unitree/robot/g1/loco
[2.639s] -- Up-to-date: /home/unitree/106a_final/install/unitree_sdk2/include/unitree/robot/g1/loco/g1_loco_client.hpp
[2.639s] -- Up-to-date: /home/unitree/106a_final/install/unitree_sdk2/include/unitree/robot/g1/loco/g1_loco_api.hpp
[2.639s] -- Up-to-date: /home/unitree/106a_final/install/unitree_sdk2/include/unitree/robot/g1/loco/g1_loco_error.hpp
[2.639s] -- Up-to-date: /home/unitree/106a_final/install/unitree_sdk2/include/unitree/robot/channel
[2.640s] -- Up-to-date: /home/unitree/106a_final/install/unitree_sdk2/include/unitree/robot/channel/channel_subscriber.hpp
[2.640s] -- Up-to-date: /home/unitree/106a_final/install/unitree_sdk2/include/unitree/robot/channel/channel_namer.hpp
[2.640s] -- Up-to-date: /home/unitree/106a_final/install/unitree_sdk2/include/unitree/robot/channel/channel_labor.hpp
[2.640s] -- Up-to-date: /home/unitree/106a_final/install/unitree_sdk2/include/unitree/robot/channel/channel_publisher.hpp
[2.640s] -- Up-to-date: /home/unitree/106a_final/install/unitree_sdk2/include/unitree/robot/channel/channel_factory.hpp
[2.640s] -- Up-to-date: /home/unitree/106a_final/install/unitree_sdk2/include/unitree/robot/b2
[2.640s] -- Up-to-date: /home/unitree/106a_final/install/unitree_sdk2/include/unitree/robot/b2/robot_state
[2.640s] -- Up-to-date: /home/unitree/106a_final/install/unitree_sdk2/include/unitree/robot/b2/robot_state/robot_state_client.hpp
[2.641s] -- Up-to-date: /home/unitree/106a_final/install/unitree_sdk2/include/unitree/robot/b2/robot_state/robot_state_error.hpp
[2.641s] -- Up-to-date: /home/unitree/106a_final/install/unitree_sdk2/include/unitree/robot/b2/robot_state/robot_state_api.hpp
[2.641s] -- Up-to-date: /home/unitree/106a_final/install/unitree_sdk2/include/unitree/robot/b2/back_video
[2.641s] -- Up-to-date: /home/unitree/106a_final/install/unitree_sdk2/include/unitree/robot/b2/back_video/back_video_api.hpp
[2.641s] -- Up-to-date: /home/unitree/106a_final/install/unitree_sdk2/include/unitree/robot/b2/back_video/back_video_error.hpp
[2.641s] -- Up-to-date: /home/unitree/106a_final/install/unitree_sdk2/include/unitree/robot/b2/back_video/back_video_client.hpp
[2.641s] -- Up-to-date: /home/unitree/106a_final/install/unitree_sdk2/include/unitree/robot/b2/sport
[2.641s] -- Up-to-date: /home/unitree/106a_final/install/unitree_sdk2/include/unitree/robot/b2/sport/sport_api.hpp
[2.641s] -- Up-to-date: /home/unitree/106a_final/install/unitree_sdk2/include/unitree/robot/b2/sport/sport_client.hpp
[2.642s] -- Up-to-date: /home/unitree/106a_final/install/unitree_sdk2/include/unitree/robot/b2/sport/sport_error.hpp
[2.642s] -- Up-to-date: /home/unitree/106a_final/install/unitree_sdk2/include/unitree/robot/b2/front_video
[2.642s] -- Up-to-date: /home/unitree/106a_final/install/unitree_sdk2/include/unitree/robot/b2/front_video/front_video_client.hpp
[2.642s] -- Up-to-date: /home/unitree/106a_final/install/unitree_sdk2/include/unitree/robot/b2/front_video/front_video_api.hpp
[2.642s] -- Up-to-date: /home/unitree/106a_final/install/unitree_sdk2/include/unitree/robot/b2/front_video/front_video_error.hpp
[2.642s] -- Up-to-date: /home/unitree/106a_final/install/unitree_sdk2/include/unitree/robot/b2/config
[2.642s] -- Up-to-date: /home/unitree/106a_final/install/unitree_sdk2/include/unitree/robot/b2/config/config_client.hpp
[2.642s] -- Up-to-date: /home/unitree/106a_final/install/unitree_sdk2/include/unitree/robot/b2/config/config_error.hpp
[2.642s] -- Up-to-date: /home/unitree/106a_final/install/unitree_sdk2/include/unitree/robot/b2/config/config_api.hpp
[2.643s] -- Up-to-date: /home/unitree/106a_final/install/unitree_sdk2/include/unitree/robot/b2/motion_switcher
[2.643s] -- Up-to-date: /home/unitree/106a_final/install/unitree_sdk2/include/unitree/robot/b2/motion_switcher/motion_switcher_api.hpp
[2.643s] -- Up-to-date: /home/unitree/106a_final/install/unitree_sdk2/include/unitree/robot/b2/motion_switcher/motion_switcher_error.hpp
[2.643s] -- Up-to-date: /home/unitree/106a_final/install/unitree_sdk2/include/unitree/robot/b2/motion_switcher/motion_switcher_client.hpp
[2.643s] -- Up-to-date: /home/unitree/106a_final/install/unitree_sdk2/include/unitree/robot/future
[2.643s] -- Up-to-date: /home/unitree/106a_final/install/unitree_sdk2/include/unitree/robot/future/request_future.hpp
[2.643s] -- Up-to-date: /home/unitree/106a_final/install/unitree_sdk2/include/unitree/idl
[2.643s] -- Up-to-date: /home/unitree/106a_final/install/unitree_sdk2/include/unitree/idl/hg
[2.643s] -- Up-to-date: /home/unitree/106a_final/install/unitree_sdk2/include/unitree/idl/hg/LowCmd_.hpp
[2.644s] -- Up-to-date: /home/unitree/106a_final/install/unitree_sdk2/include/unitree/idl/hg/HandState_.hpp
[2.644s] -- Up-to-date: /home/unitree/106a_final/install/unitree_sdk2/include/unitree/idl/hg/MotorCmd_.hpp
[2.644s] -- Up-to-date: /home/unitree/106a_final/install/unitree_sdk2/include/unitree/idl/hg/HandCmd_.hpp
[2.644s] -- Up-to-date: /home/unitree/106a_final/install/unitree_sdk2/include/unitree/idl/hg/MainBoardState_.hpp
[2.644s] -- Up-to-date: /home/unitree/106a_final/install/unitree_sdk2/include/unitree/idl/hg/IMUState_.hpp
[2.644s] -- Up-to-date: /home/unitree/106a_final/install/unitree_sdk2/include/unitree/idl/hg/SportModeState_.hpp
[2.644s] -- Up-to-date: /home/unitree/106a_final/install/unitree_sdk2/include/unitree/idl/hg/BmsCmd_.hpp
[2.644s] -- Up-to-date: /home/unitree/106a_final/install/unitree_sdk2/include/unitree/idl/hg/LowState_.hpp
[2.644s] -- Up-to-date: /home/unitree/106a_final/install/unitree_sdk2/include/unitree/idl/hg/PressSensorState_.hpp
[2.645s] -- Up-to-date: /home/unitree/106a_final/install/unitree_sdk2/include/unitree/idl/hg/BmsState_.hpp
[2.645s] -- Up-to-date: /home/unitree/106a_final/install/unitree_sdk2/include/unitree/idl/hg/AgvBmsState_.hpp
[2.645s] -- Up-to-date: /home/unitree/106a_final/install/unitree_sdk2/include/unitree/idl/hg/MotorState_.hpp
[2.645s] -- Up-to-date: /home/unitree/106a_final/install/unitree_sdk2/include/unitree/idl/hg_doubleimu
[2.645s] -- Up-to-date: /home/unitree/106a_final/install/unitree_sdk2/include/unitree/idl/hg_doubleimu/doubleIMUState_.hpp
[2.645s] -- Up-to-date: /home/unitree/106a_final/install/unitree_sdk2/include/unitree/idl/go2
[2.645s] -- Up-to-date: /home/unitree/106a_final/install/unitree_sdk2/include/unitree/idl/go2/LowCmd_.hpp
[2.645s] -- Up-to-date: /home/unitree/106a_final/install/unitree_sdk2/include/unitree/idl/go2/VoxelMapCompressed_.hpp
[2.645s] -- Up-to-date: /home/unitree/106a_final/install/unitree_sdk2/include/unitree/idl/go2/LidarState_.hpp
[2.646s] -- Up-to-date: /home/unitree/106a_final/install/unitree_sdk2/include/unitree/idl/go2/Res_.hpp
[2.646s] -- Up-to-date: /home/unitree/106a_final/install/unitree_sdk2/include/unitree/idl/go2/MotorCmd_.hpp
[2.646s] -- Up-to-date: /home/unitree/106a_final/install/unitree_sdk2/include/unitree/idl/go2/MotorCmds_.hpp
[2.646s] -- Up-to-date: /home/unitree/106a_final/install/unitree_sdk2/include/unitree/idl/go2/AudioData_.hpp
[2.646s] -- Up-to-date: /home/unitree/106a_final/install/unitree_sdk2/include/unitree/idl/go2/IMUState_.hpp
[2.646s] -- Up-to-date: /home/unitree/106a_final/install/unitree_sdk2/include/unitree/idl/go2/SportModeState_.hpp
[2.646s] -- Up-to-date: /home/unitree/106a_final/install/unitree_sdk2/include/unitree/idl/go2/Error_.hpp
[2.646s] -- Up-to-date: /home/unitree/106a_final/install/unitree_sdk2/include/unitree/idl/go2/Go2FrontVideoData_.hpp
[2.646s] -- Up-to-date: /home/unitree/106a_final/install/unitree_sdk2/include/unitree/idl/go2/BmsCmd_.hpp
[2.647s] -- Up-to-date: /home/unitree/106a_final/install/unitree_sdk2/include/unitree/idl/go2/ConfigChangeStatus_.hpp
[2.647s] -- Up-to-date: /home/unitree/106a_final/install/unitree_sdk2/include/unitree/idl/go2/UwbSwitch_.hpp
[2.647s] -- Up-to-date: /home/unitree/106a_final/install/unitree_sdk2/include/unitree/idl/go2/LowState_.hpp
[2.647s] -- Up-to-date: /home/unitree/106a_final/install/unitree_sdk2/include/unitree/idl/go2/BmsState_.hpp
[2.647s] -- Up-to-date: /home/unitree/106a_final/install/unitree_sdk2/include/unitree/idl/go2/HeightMap_.hpp
[2.647s] -- Up-to-date: /home/unitree/106a_final/install/unitree_sdk2/include/unitree/idl/go2/PathPoint_.hpp
[2.647s] -- Up-to-date: /home/unitree/106a_final/install/unitree_sdk2/include/unitree/idl/go2/TimeSpec_.hpp
[2.647s] -- Up-to-date: /home/unitree/106a_final/install/unitree_sdk2/include/unitree/idl/go2/MotorStates_.hpp
[2.647s] -- Up-to-date: /home/unitree/106a_final/install/unitree_sdk2/include/unitree/idl/go2/WirelessController_.hpp
[2.647s] -- Up-to-date: /home/unitree/106a_final/install/unitree_sdk2/include/unitree/idl/go2/UwbState_.hpp
[2.648s] -- Up-to-date: /home/unitree/106a_final/install/unitree_sdk2/include/unitree/idl/go2/SportModeCmd_.hpp
[2.648s] -- Up-to-date: /home/unitree/106a_final/install/unitree_sdk2/include/unitree/idl/go2/InterfaceConfig_.hpp
[2.648s] -- Up-to-date: /home/unitree/106a_final/install/unitree_sdk2/include/unitree/idl/go2/MotorState_.hpp
[2.648s] -- Up-to-date: /home/unitree/106a_final/install/unitree_sdk2/include/unitree/idl/go2/Req_.hpp
[2.648s] -- Up-to-date: /home/unitree/106a_final/install/unitree_sdk2/include/unitree/idl/ros2
[2.648s] -- Up-to-date: /home/unitree/106a_final/install/unitree_sdk2/include/unitree/idl/ros2/String_.hpp
[2.648s] -- Up-to-date: /home/unitree/106a_final/install/unitree_sdk2/include/unitree/idl/ros2/OccupancyGrid_.hpp
[2.648s] -- Up-to-date: /home/unitree/106a_final/install/unitree_sdk2/include/unitree/idl/ros2/Pose2D_.hpp
[2.648s] -- Up-to-date: /home/unitree/106a_final/install/unitree_sdk2/include/unitree/idl/ros2/Point_.hpp
[2.649s] -- Up-to-date: /home/unitree/106a_final/install/unitree_sdk2/include/unitree/idl/ros2/PoseStamped_.hpp
[2.649s] -- Up-to-date: /home/unitree/106a_final/install/unitree_sdk2/include/unitree/idl/ros2/Imu_.hpp
[2.649s] -- Up-to-date: /home/unitree/106a_final/install/unitree_sdk2/include/unitree/idl/ros2/PointField_.hpp
[2.649s] -- Up-to-date: /home/unitree/106a_final/install/unitree_sdk2/include/unitree/idl/ros2/TwistWithCovarianceStamped_.hpp
[2.649s] -- Up-to-date: /home/unitree/106a_final/install/unitree_sdk2/include/unitree/idl/ros2/PoseWithCovariance_.hpp
[2.649s] -- Up-to-date: /home/unitree/106a_final/install/unitree_sdk2/include/unitree/idl/ros2/MapMetaData_.hpp
[2.649s] -- Up-to-date: /home/unitree/106a_final/install/unitree_sdk2/include/unitree/idl/ros2/Vector3_.hpp
[2.649s] -- Up-to-date: /home/unitree/106a_final/install/unitree_sdk2/include/unitree/idl/ros2/QuaternionStamped_.hpp
[2.649s] -- Up-to-date: /home/unitree/106a_final/install/unitree_sdk2/include/unitree/idl/ros2/Quaternion_.hpp
[2.650s] -- Up-to-date: /home/unitree/106a_final/install/unitree_sdk2/include/unitree/idl/ros2/Twist_.hpp
[2.650s] -- Up-to-date: /home/unitree/106a_final/install/unitree_sdk2/include/unitree/idl/ros2/Pose_.hpp
[2.650s] -- Up-to-date: /home/unitree/106a_final/install/unitree_sdk2/include/unitree/idl/ros2/Odometry_.hpp
[2.650s] -- Up-to-date: /home/unitree/106a_final/install/unitree_sdk2/include/unitree/idl/ros2/Header_.hpp
[2.651s] -- Up-to-date: /home/unitree/106a_final/install/unitree_sdk2/include/unitree/idl/ros2/Time_.hpp
[2.651s] -- Up-to-date: /home/unitree/106a_final/install/unitree_sdk2/include/unitree/idl/ros2/TwistWithCovariance_.hpp
[2.652s] -- Up-to-date: /home/unitree/106a_final/install/unitree_sdk2/include/unitree/idl/ros2/PointCloud2_.hpp
[2.652s] -- Up-to-date: /home/unitree/106a_final/install/unitree_sdk2/include/unitree/idl/ros2/PoseWithCovarianceStamped_.hpp
[2.652s] -- Up-to-date: /home/unitree/106a_final/install/unitree_sdk2/include/unitree/idl/ros2/PointStamped_.hpp
[2.652s] -- Up-to-date: /home/unitree/106a_final/install/unitree_sdk2/include/unitree/idl/ros2/Point32_.hpp
[2.653s] -- Up-to-date: /home/unitree/106a_final/install/unitree_sdk2/include/unitree/idl/ros2/TwistStamped_.hpp
[2.654s] -- Up-to-date: /home/unitree/106a_final/install/unitree_sdk2/lib/libunitree_sdk2.a
[2.654s] -- Up-to-date: /home/unitree/106a_final/install/unitree_sdk2/lib/cmake/unitree_sdk2/unitree_sdk2Targets.cmake
[2.654s] -- Up-to-date: /home/unitree/106a_final/install/unitree_sdk2/lib/cmake/unitree_sdk2/unitree_sdk2Config.cmake
[2.655s] -- Up-to-date: /home/unitree/106a_final/install/unitree_sdk2/lib/cmake/unitree_sdk2/unitree_sdk2ConfigVersion.cmake
[2.655s] -- Up-to-date: /home/unitree/106a_final/install/unitree_sdk2/lib/libddsc.so
[2.656s] -- Up-to-date: /home/unitree/106a_final/install/unitree_sdk2/lib/libddsc.so.0
[2.656s] -- Up-to-date: /home/unitree/106a_final/install/unitree_sdk2/lib/libddscxx.so
[2.656s] -- Up-to-date: /home/unitree/106a_final/install/unitree_sdk2/lib/libddscxx.so.0
[2.657s] -- Up-to-date: /home/unitree/106a_final/install/unitree_sdk2/include
[2.657s] -- Up-to-date: /home/unitree/106a_final/install/unitree_sdk2/include/ddsc
[2.658s] -- Up-to-date: /home/unitree/106a_final/install/unitree_sdk2/include/ddsc/dds.h
[2.658s] -- Up-to-date: /home/unitree/106a_final/install/unitree_sdk2/include/ddscxx
[2.658s] -- Up-to-date: /home/unitree/106a_final/install/unitree_sdk2/include/ddscxx/org
[2.659s] -- Up-to-date: /home/unitree/106a_final/install/unitree_sdk2/include/ddscxx/org/eclipse
[2.659s] -- Up-to-date: /home/unitree/106a_final/install/unitree_sdk2/include/ddscxx/org/eclipse/cyclonedds
[2.660s] -- Up-to-date: /home/unitree/106a_final/install/unitree_sdk2/include/ddscxx/org/eclipse/cyclonedds/sub
[2.660s] -- Up-to-date: /home/unitree/106a_final/install/unitree_sdk2/include/ddscxx/org/eclipse/cyclonedds/sub/SampleInfoImpl.hpp
[2.660s] -- Up-to-date: /home/unitree/106a_final/install/unitree_sdk2/include/ddscxx/org/eclipse/cyclonedds/sub/SubscriberDelegate.hpp
[2.661s] -- Up-to-date: /home/unitree/106a_final/install/unitree_sdk2/include/ddscxx/org/eclipse/cyclonedds/sub/cond
[2.661s] -- Up-to-date: /home/unitree/106a_final/install/unitree_sdk2/include/ddscxx/org/eclipse/cyclonedds/sub/cond/QueryConditionDelegate.hpp
[2.661s] -- Up-to-date: /home/unitree/106a_final/install/unitree_sdk2/include/ddscxx/org/eclipse/cyclonedds/sub/cond/ReadConditionDelegate.hpp
[2.661s] -- Up-to-date: /home/unitree/106a_final/install/unitree_sdk2/include/ddscxx/org/eclipse/cyclonedds/sub/AnyDataReaderDelegate.hpp
[2.661s] -- Up-to-date: /home/unitree/106a_final/install/unitree_sdk2/include/ddscxx/org/eclipse/cyclonedds/sub/qos
[2.662s] -- Up-to-date: /home/unitree/106a_final/install/unitree_sdk2/include/ddscxx/org/eclipse/cyclonedds/sub/qos/SubscriberQosDelegate.hpp
[2.662s] -- Up-to-date: /home/unitree/106a_final/install/unitree_sdk2/include/ddscxx/org/eclipse/cyclonedds/sub/qos/DataReaderQosDelegate.hpp
[2.662s] -- Up-to-date: /home/unitree/106a_final/install/unitree_sdk2/include/ddscxx/org/eclipse/cyclonedds/sub/RankImpl.hpp
[2.662s] -- Up-to-date: /home/unitree/106a_final/install/unitree_sdk2/include/ddscxx/org/eclipse/cyclonedds/sub/GenerationCountImpl.hpp
[2.662s] -- Up-to-date: /home/unitree/106a_final/install/unitree_sdk2/include/ddscxx/org/eclipse/cyclonedds/sub/QueryDelegate.hpp
[2.662s] -- Up-to-date: /home/unitree/106a_final/install/unitree_sdk2/include/ddscxx/org/eclipse/cyclonedds/sub/CoherentAccessDelegate.hpp
[2.662s] -- Up-to-date: /home/unitree/106a_final/install/unitree_sdk2/include/ddscxx/org/eclipse/cyclonedds/sub/BuiltinSubscriberDelegate.hpp
[2.663s] -- Up-to-date: /home/unitree/106a_final/install/unitree_sdk2/include/ddscxx/org/eclipse/cyclonedds/topic
[2.663s] -- Up-to-date: /home/unitree/106a_final/install/unitree_sdk2/include/ddscxx/org/eclipse/cyclonedds/topic/AnyTopicDelegate.hpp
[2.663s] -- Up-to-date: /home/unitree/106a_final/install/unitree_sdk2/include/ddscxx/org/eclipse/cyclonedds/topic/FilterDelegate.hpp
[2.663s] -- Up-to-date: /home/unitree/106a_final/install/unitree_sdk2/include/ddscxx/org/eclipse/cyclonedds/topic/CDRBlob.hpp
[2.663s] -- Up-to-date: /home/unitree/106a_final/install/unitree_sdk2/include/ddscxx/org/eclipse/cyclonedds/topic/BuiltinTopicDelegate.hpp
[2.663s] -- Up-to-date: /home/unitree/106a_final/install/unitree_sdk2/include/ddscxx/org/eclipse/cyclonedds/topic/BuiltinTopicKeyDelegate.hpp
[2.663s] -- Up-to-date: /home/unitree/106a_final/install/unitree_sdk2/include/ddscxx/org/eclipse/cyclonedds/topic/BuiltinTopicCopy.hpp
[2.663s] -- Up-to-date: /home/unitree/106a_final/install/unitree_sdk2/include/ddscxx/org/eclipse/cyclonedds/topic/hash.hpp
[2.664s] -- Up-to-date: /home/unitree/106a_final/install/unitree_sdk2/include/ddscxx/org/eclipse/cyclonedds/topic/TopicTraits.hpp
[2.664s] -- Up-to-date: /home/unitree/106a_final/install/unitree_sdk2/include/ddscxx/org/eclipse/cyclonedds/topic/qos
[2.664s] -- Up-to-date: /home/unitree/106a_final/install/unitree_sdk2/include/ddscxx/org/eclipse/cyclonedds/topic/qos/TopicQosDelegate.hpp
[2.664s] -- Up-to-date: /home/unitree/106a_final/install/unitree_sdk2/include/ddscxx/org/eclipse/cyclonedds/topic/TBuiltinTopic.hpp
[2.664s] -- Up-to-date: /home/unitree/106a_final/install/unitree_sdk2/include/ddscxx/org/eclipse/cyclonedds/topic/AnyTopicListener.hpp
[2.664s] -- Up-to-date: /home/unitree/106a_final/install/unitree_sdk2/include/ddscxx/org/eclipse/cyclonedds/topic/find.hpp
[2.664s] -- Up-to-date: /home/unitree/106a_final/install/unitree_sdk2/include/ddscxx/org/eclipse/cyclonedds/topic/TopicDescriptionDelegate.hpp
[2.664s] -- Up-to-date: /home/unitree/106a_final/install/unitree_sdk2/include/ddscxx/org/eclipse/cyclonedds/topic/discovery.hpp
[2.665s] -- Up-to-date: /home/unitree/106a_final/install/unitree_sdk2/include/ddscxx/org/eclipse/cyclonedds/topic/TopicListener.hpp
[2.665s] -- Up-to-date: /home/unitree/106a_final/install/unitree_sdk2/include/ddscxx/org/eclipse/cyclonedds/topic/BuiltinTopic.hpp
[2.665s] -- Up-to-date: /home/unitree/106a_final/install/unitree_sdk2/include/ddscxx/org/eclipse/cyclonedds/topic/datatopic.hpp
[2.665s] -- Up-to-date: /home/unitree/106a_final/install/unitree_sdk2/include/ddscxx/org/eclipse/cyclonedds/topic/BuiltinTopicTraits.hpp
[2.665s] -- Up-to-date: /home/unitree/106a_final/install/unitree_sdk2/include/ddscxx/org/eclipse/cyclonedds/core
[2.665s] -- Up-to-date: /home/unitree/106a_final/install/unitree_sdk2/include/ddscxx/org/eclipse/cyclonedds/core/EntityDelegate.hpp
[2.665s] -- Up-to-date: /home/unitree/106a_final/install/unitree_sdk2/include/ddscxx/org/eclipse/cyclonedds/core/EntitySet.hpp
[2.665s] -- Up-to-date: /home/unitree/106a_final/install/unitree_sdk2/include/ddscxx/org/eclipse/cyclonedds/core/ObjectDelegate.hpp
[2.666s] -- Up-to-date: /home/unitree/106a_final/install/unitree_sdk2/include/ddscxx/org/eclipse/cyclonedds/core/ObjectSet.hpp
[2.667s] -- Up-to-date: /home/unitree/106a_final/install/unitree_sdk2/include/ddscxx/org/eclipse/cyclonedds/core/WeakReferenceSet.hpp
[2.667s] -- Up-to-date: /home/unitree/106a_final/install/unitree_sdk2/include/ddscxx/org/eclipse/cyclonedds/core/MiscUtils.hpp
[2.668s] -- Up-to-date: /home/unitree/106a_final/install/unitree_sdk2/include/ddscxx/org/eclipse/cyclonedds/core/Missing.hpp
[2.668s] -- Up-to-date: /home/unitree/106a_final/install/unitree_sdk2/include/ddscxx/org/eclipse/cyclonedds/core/ScopedLock.hpp
[2.668s] -- Up-to-date: /home/unitree/106a_final/install/unitree_sdk2/include/ddscxx/org/eclipse/cyclonedds/core/config.hpp
[2.668s] -- Up-to-date: /home/unitree/106a_final/install/unitree_sdk2/include/ddscxx/org/eclipse/cyclonedds/core/ListenerDispatcher.hpp
[2.668s] -- Up-to-date: /home/unitree/106a_final/install/unitree_sdk2/include/ddscxx/org/eclipse/cyclonedds/core/cdr
[2.668s] -- Up-to-date: /home/unitree/106a_final/install/unitree_sdk2/include/ddscxx/org/eclipse/cyclonedds/core/cdr/basic_cdr_ser.hpp
[2.668s] -- Up-to-date: /home/unitree/106a_final/install/unitree_sdk2/include/ddscxx/org/eclipse/cyclonedds/core/cdr/cdr_enums.hpp
[2.668s] -- Up-to-date: /home/unitree/106a_final/install/unitree_sdk2/include/ddscxx/org/eclipse/cyclonedds/core/cdr/entity_properties.hpp
[2.668s] -- Up-to-date: /home/unitree/106a_final/install/unitree_sdk2/include/ddscxx/org/eclipse/cyclonedds/core/cdr/cdr_stream.hpp
[2.669s] -- Up-to-date: /home/unitree/106a_final/install/unitree_sdk2/include/ddscxx/org/eclipse/cyclonedds/core/cdr/fragchain.hpp
[2.669s] -- Up-to-date: /home/unitree/106a_final/install/unitree_sdk2/include/ddscxx/org/eclipse/cyclonedds/core/cdr/extended_cdr_v1_ser.hpp
[2.669s] -- Up-to-date: /home/unitree/106a_final/install/unitree_sdk2/include/ddscxx/org/eclipse/cyclonedds/core/cdr/extended_cdr_v2_ser.hpp
[2.670s] -- Up-to-date: /home/unitree/106a_final/install/unitree_sdk2/include/ddscxx/org/eclipse/cyclonedds/core/TimeHelper.hpp
[2.670s] -- Up-to-date: /home/unitree/106a_final/install/unitree_sdk2/include/ddscxx/org/eclipse/cyclonedds/core/cond
[2.670s] -- Up-to-date: /home/unitree/106a_final/install/unitree_sdk2/include/ddscxx/org/eclipse/cyclonedds/core/cond/ShadowParticipant.hpp
[2.670s] -- Up-to-date: /home/unitree/106a_final/install/unitree_sdk2/include/ddscxx/org/eclipse/cyclonedds/core/cond/WaitSetDelegate.hpp
[2.670s] -- Up-to-date: /home/unitree/106a_final/install/unitree_sdk2/include/ddscxx/org/eclipse/cyclonedds/core/cond/ConditionDelegate.hpp
[2.670s] -- Up-to-date: /home/unitree/106a_final/install/unitree_sdk2/include/ddscxx/org/eclipse/cyclonedds/core/cond/FunctorHolder.hpp
[2.670s] -- Up-to-date: /home/unitree/106a_final/install/unitree_sdk2/include/ddscxx/org/eclipse/cyclonedds/core/cond/GuardConditionDelegate.hpp
[2.670s] -- Up-to-date: /home/unitree/106a_final/install/unitree_sdk2/include/ddscxx/org/eclipse/cyclonedds/core/cond/StatusConditionDelegate.hpp
[2.670s] -- Up-to-date: /home/unitree/106a_final/install/unitree_sdk2/include/ddscxx/org/eclipse/cyclonedds/core/status
[2.671s] -- Up-to-date: /home/unitree/106a_final/install/unitree_sdk2/include/ddscxx/org/eclipse/cyclonedds/core/status/StatusDelegate.hpp
[2.671s] -- Up-to-date: /home/unitree/106a_final/install/unitree_sdk2/include/ddscxx/org/eclipse/cyclonedds/core/type_helpers.hpp
[2.671s] -- Up-to-date: /home/unitree/106a_final/install/unitree_sdk2/include/ddscxx/org/eclipse/cyclonedds/core/policy
[2.671s] -- Up-to-date: /home/unitree/106a_final/install/unitree_sdk2/include/ddscxx/org/eclipse/cyclonedds/core/policy/Policy.hpp
[2.671s] -- Up-to-date: /home/unitree/106a_final/install/unitree_sdk2/include/ddscxx/org/eclipse/cyclonedds/core/policy/QosPolicyCountDelegate.hpp
[2.671s] -- Up-to-date: /home/unitree/106a_final/install/unitree_sdk2/include/ddscxx/org/eclipse/cyclonedds/core/policy/TPolicy.hpp
[2.671s] -- Up-to-date: /home/unitree/106a_final/install/unitree_sdk2/include/ddscxx/org/eclipse/cyclonedds/core/policy/PolicyDelegate.hpp
[2.671s] -- Up-to-date: /home/unitree/106a_final/install/unitree_sdk2/include/ddscxx/org/eclipse/cyclonedds/core/policy/ProprietaryPolicyKind.hpp
[2.671s] -- Up-to-date: /home/unitree/106a_final/install/unitree_sdk2/include/ddscxx/org/eclipse/cyclonedds/core/ReportUtils.hpp
[2.672s] -- Up-to-date: /home/unitree/106a_final/install/unitree_sdk2/include/ddscxx/org/eclipse/cyclonedds/core/DDScObjectDelegate.hpp
[2.672s] -- Up-to-date: /home/unitree/106a_final/install/unitree_sdk2/include/ddscxx/org/eclipse/cyclonedds/core/QosProviderDelegate.hpp
[2.672s] -- Up-to-date: /home/unitree/106a_final/install/unitree_sdk2/include/ddscxx/org/eclipse/cyclonedds/core/EntityRegistry.hpp
[2.672s] -- Up-to-date: /home/unitree/106a_final/install/unitree_sdk2/include/ddscxx/org/eclipse/cyclonedds/core/Mutex.hpp
[2.672s] -- Up-to-date: /home/unitree/106a_final/install/unitree_sdk2/include/ddscxx/org/eclipse/cyclonedds/core/InstanceHandleDelegate.hpp
[2.672s] -- Up-to-date: /home/unitree/106a_final/install/unitree_sdk2/include/ddscxx/org/eclipse/cyclonedds/pub
[2.672s] -- Up-to-date: /home/unitree/106a_final/install/unitree_sdk2/include/ddscxx/org/eclipse/cyclonedds/pub/PublisherDelegate.hpp
[2.672s] -- Up-to-date: /home/unitree/106a_final/install/unitree_sdk2/include/ddscxx/org/eclipse/cyclonedds/pub/AnyDataWriterDelegate.hpp
[2.672s] -- Up-to-date: /home/unitree/106a_final/install/unitree_sdk2/include/ddscxx/org/eclipse/cyclonedds/pub/qos
[2.673s] -- Up-to-date: /home/unitree/106a_final/install/unitree_sdk2/include/ddscxx/org/eclipse/cyclonedds/pub/qos/DataWriterQosDelegate.hpp
[2.673s] -- Up-to-date: /home/unitree/106a_final/install/unitree_sdk2/include/ddscxx/org/eclipse/cyclonedds/pub/qos/PublisherQosDelegate.hpp
[2.673s] -- Up-to-date: /home/unitree/106a_final/install/unitree_sdk2/include/ddscxx/org/eclipse/cyclonedds/pub/SuspendedPublicationDelegate.hpp
[2.673s] -- Up-to-date: /home/unitree/106a_final/install/unitree_sdk2/include/ddscxx/org/eclipse/cyclonedds/pub/CoherentSetDelegate.hpp
[2.673s] -- Up-to-date: /home/unitree/106a_final/install/unitree_sdk2/include/ddscxx/org/eclipse/cyclonedds/ForwardDeclarations.hpp
[2.673s] -- Up-to-date: /home/unitree/106a_final/install/unitree_sdk2/include/ddscxx/org/eclipse/cyclonedds/domain
[2.673s] -- Up-to-date: /home/unitree/106a_final/install/unitree_sdk2/include/ddscxx/org/eclipse/cyclonedds/domain/DomainWrap.hpp
[2.673s] -- Up-to-date: /home/unitree/106a_final/install/unitree_sdk2/include/ddscxx/org/eclipse/cyclonedds/domain/qos
[2.674s] -- Up-to-date: /home/unitree/106a_final/install/unitree_sdk2/include/ddscxx/org/eclipse/cyclonedds/domain/qos/DomainParticipantQosDelegate.hpp
[2.674s] -- Up-to-date: /home/unitree/106a_final/install/unitree_sdk2/include/ddscxx/org/eclipse/cyclonedds/domain/DomainParticipantListener.hpp
[2.674s] -- Up-to-date: /home/unitree/106a_final/install/unitree_sdk2/include/ddscxx/org/eclipse/cyclonedds/domain/DomainParticipantRegistry.hpp
[2.674s] -- Up-to-date: /home/unitree/106a_final/install/unitree_sdk2/include/ddscxx/org/eclipse/cyclonedds/domain/Domain.hpp
[2.674s] -- Up-to-date: /home/unitree/106a_final/install/unitree_sdk2/include/ddscxx/org/eclipse/cyclonedds/domain/DomainParticipantDelegate.hpp
[2.674s] -- Up-to-date: /home/unitree/106a_final/install/unitree_sdk2/include/ddscxx/dds
[2.674s] -- Up-to-date: /home/unitree/106a_final/install/unitree_sdk2/include/ddscxx/dds/sub
[2.674s] -- Up-to-date: /home/unitree/106a_final/install/unitree_sdk2/include/ddscxx/dds/sub/SubscriberListener.hpp
[2.674s] -- Up-to-date: /home/unitree/106a_final/install/unitree_sdk2/include/ddscxx/dds/sub/AnyDataReader.hpp
[2.674s] -- Up-to-date: /home/unitree/106a_final/install/unitree_sdk2/include/ddscxx/dds/sub/TSample.hpp
[2.675s] -- Up-to-date: /home/unitree/106a_final/install/unitree_sdk2/include/ddscxx/dds/sub/AnyDataReaderListener.hpp
[2.675s] -- Up-to-date: /home/unitree/106a_final/install/unitree_sdk2/include/ddscxx/dds/sub/TSampleRef.hpp
[2.675s] -- Up-to-date: /home/unitree/106a_final/install/unitree_sdk2/include/ddscxx/dds/sub/TDataReader.hpp
[2.675s] -- Up-to-date: /home/unitree/106a_final/install/unitree_sdk2/include/ddscxx/dds/sub/SampleRef.hpp
[2.675s] -- Up-to-date: /home/unitree/106a_final/install/unitree_sdk2/include/ddscxx/dds/sub/TQuery.hpp
[2.675s] -- Up-to-date: /home/unitree/106a_final/install/unitree_sdk2/include/ddscxx/dds/sub/LoanedSamples.hpp
[2.675s] -- Up-to-date: /home/unitree/106a_final/install/unitree_sdk2/include/ddscxx/dds/sub/GenerationCount.hpp
[2.676s] -- Up-to-date: /home/unitree/106a_final/install/unitree_sdk2/include/ddscxx/dds/sub/SharedSamples.hpp
[2.676s] -- Up-to-date: /home/unitree/106a_final/install/unitree_sdk2/include/ddscxx/dds/sub/Query.hpp
[2.676s] -- Up-to-date: /home/unitree/106a_final/install/unitree_sdk2/include/ddscxx/dds/sub/TSampleInfo.hpp
[2.676s] -- Up-to-date: /home/unitree/106a_final/install/unitree_sdk2/include/ddscxx/dds/sub/TRank.hpp
[2.676s] -- Up-to-date: /home/unitree/106a_final/install/unitree_sdk2/include/ddscxx/dds/sub/TGenerationCount.hpp
[2.677s] -- Up-to-date: /home/unitree/106a_final/install/unitree_sdk2/include/ddscxx/dds/sub/cond
[2.677s] -- Up-to-date: /home/unitree/106a_final/install/unitree_sdk2/include/ddscxx/dds/sub/cond/TReadCondition.hpp
[2.677s] -- Up-to-date: /home/unitree/106a_final/install/unitree_sdk2/include/ddscxx/dds/sub/cond/QueryCondition.hpp
[2.677s] -- Up-to-date: /home/unitree/106a_final/install/unitree_sdk2/include/ddscxx/dds/sub/cond/TQueryCondition.hpp
[2.677s] -- Up-to-date: /home/unitree/106a_final/install/unitree_sdk2/include/ddscxx/dds/sub/cond/detail
[2.677s] -- Up-to-date: /home/unitree/106a_final/install/unitree_sdk2/include/ddscxx/dds/sub/cond/detail/QueryCondition.hpp
[2.677s] -- Up-to-date: /home/unitree/106a_final/install/unitree_sdk2/include/ddscxx/dds/sub/cond/detail/TReadConditionImpl.hpp
[2.677s] -- Up-to-date: /home/unitree/106a_final/install/unitree_sdk2/include/ddscxx/dds/sub/cond/detail/TQueryConditionImpl.hpp
[2.678s] -- Up-to-date: /home/unitree/106a_final/install/unitree_sdk2/include/ddscxx/dds/sub/cond/detail/ReadCondition.hpp
[2.678s] -- Up-to-date: /home/unitree/106a_final/install/unitree_sdk2/include/ddscxx/dds/sub/cond/ReadCondition.hpp
[2.678s] -- Up-to-date: /home/unitree/106a_final/install/unitree_sdk2/include/ddscxx/dds/sub/DataReaderListener.hpp
[2.678s] -- Up-to-date: /home/unitree/106a_final/install/unitree_sdk2/include/ddscxx/dds/sub/status
[2.678s] -- Up-to-date: /home/unitree/106a_final/install/unitree_sdk2/include/ddscxx/dds/sub/status/DataState.hpp
[2.678s] -- Up-to-date: /home/unitree/106a_final/install/unitree_sdk2/include/ddscxx/dds/sub/status/detail
[2.678s] -- Up-to-date: /home/unitree/106a_final/install/unitree_sdk2/include/ddscxx/dds/sub/status/detail/DataStateImpl.hpp
[2.678s] -- Up-to-date: /home/unitree/106a_final/install/unitree_sdk2/include/ddscxx/dds/sub/qos
[2.679s] -- Up-to-date: /home/unitree/106a_final/install/unitree_sdk2/include/ddscxx/dds/sub/qos/DataReaderQos.hpp
[2.679s] -- Up-to-date: /home/unitree/106a_final/install/unitree_sdk2/include/ddscxx/dds/sub/qos/SubscriberQos.hpp
[2.679s] -- Up-to-date: /home/unitree/106a_final/install/unitree_sdk2/include/ddscxx/dds/sub/qos/detail
[2.679s] -- Up-to-date: /home/unitree/106a_final/install/unitree_sdk2/include/ddscxx/dds/sub/qos/detail/DataReaderQos.hpp
[2.679s] -- Up-to-date: /home/unitree/106a_final/install/unitree_sdk2/include/ddscxx/dds/sub/qos/detail/SubscriberQos.hpp
[2.679s] -- Up-to-date: /home/unitree/106a_final/install/unitree_sdk2/include/ddscxx/dds/sub/DataReader.hpp
[2.679s] -- Up-to-date: /home/unitree/106a_final/install/unitree_sdk2/include/ddscxx/dds/sub/Rank.hpp
[2.679s] -- Up-to-date: /home/unitree/106a_final/install/unitree_sdk2/include/ddscxx/dds/sub/TCoherentAccess.hpp
[2.679s] -- Up-to-date: /home/unitree/106a_final/install/unitree_sdk2/include/ddscxx/dds/sub/TAnyDataReader.hpp
[2.680s] -- Up-to-date: /home/unitree/106a_final/install/unitree_sdk2/include/ddscxx/dds/sub/CoherentAccess.hpp
[2.680s] -- Up-to-date: /home/unitree/106a_final/install/unitree_sdk2/include/ddscxx/dds/sub/find.hpp
[2.680s] -- Up-to-date: /home/unitree/106a_final/install/unitree_sdk2/include/ddscxx/dds/sub/discovery.hpp
[2.680s] -- Up-to-date: /home/unitree/106a_final/install/unitree_sdk2/include/ddscxx/dds/sub/SampleInfo.hpp
[2.680s] -- Up-to-date: /home/unitree/106a_final/install/unitree_sdk2/include/ddscxx/dds/sub/TSubscriber.hpp
[2.680s] -- Up-to-date: /home/unitree/106a_final/install/unitree_sdk2/include/ddscxx/dds/sub/Sample.hpp
[2.681s] -- Up-to-date: /home/unitree/106a_final/install/unitree_sdk2/include/ddscxx/dds/sub/detail
[2.681s] -- Up-to-date: /home/unitree/106a_final/install/unitree_sdk2/include/ddscxx/dds/sub/detail/AnyDataReader.hpp
[2.681s] -- Up-to-date: /home/unitree/106a_final/install/unitree_sdk2/include/ddscxx/dds/sub/detail/TGenerationCountImpl.hpp
[2.681s] -- Up-to-date: /home/unitree/106a_final/install/unitree_sdk2/include/ddscxx/dds/sub/detail/SharedSamplesImpl.hpp
[2.681s] -- Up-to-date: /home/unitree/106a_final/install/unitree_sdk2/include/ddscxx/dds/sub/detail/SampleRef.hpp
[2.681s] -- Up-to-date: /home/unitree/106a_final/install/unitree_sdk2/include/ddscxx/dds/sub/detail/LoanedSamples.hpp
[2.681s] -- Up-to-date: /home/unitree/106a_final/install/unitree_sdk2/include/ddscxx/dds/sub/detail/GenerationCount.hpp
[2.681s] -- Up-to-date: /home/unitree/106a_final/install/unitree_sdk2/include/ddscxx/dds/sub/detail/TAnyDataReaderImpl.hpp
[2.682s] -- Up-to-date: /home/unitree/106a_final/install/unitree_sdk2/include/ddscxx/dds/sub/detail/SharedSamples.hpp
[2.682s] -- Up-to-date: /home/unitree/106a_final/install/unitree_sdk2/include/ddscxx/dds/sub/detail/Query.hpp
[2.682s] -- Up-to-date: /home/unitree/106a_final/install/unitree_sdk2/include/ddscxx/dds/sub/detail/Manipulators.hpp
[2.682s] -- Up-to-date: /home/unitree/106a_final/install/unitree_sdk2/include/ddscxx/dds/sub/detail/TDataReaderImpl.hpp
[2.682s] -- Up-to-date: /home/unitree/106a_final/install/unitree_sdk2/include/ddscxx/dds/sub/detail/TSubscriberImpl.hpp
[2.682s] -- Up-to-date: /home/unitree/106a_final/install/unitree_sdk2/include/ddscxx/dds/sub/detail/TRankImpl.hpp
[2.682s] -- Up-to-date: /home/unitree/106a_final/install/unitree_sdk2/include/ddscxx/dds/sub/detail/SamplesHolder.hpp
[2.683s] -- Up-to-date: /home/unitree/106a_final/install/unitree_sdk2/include/ddscxx/dds/sub/detail/TQueryImpl.hpp
[2.683s] -- Up-to-date: /home/unitree/106a_final/install/unitree_sdk2/include/ddscxx/dds/sub/detail/DataReader.hpp
[2.683s] -- Up-to-date: /home/unitree/106a_final/install/unitree_sdk2/include/ddscxx/dds/sub/detail/Rank.hpp
[2.683s] -- Up-to-date: /home/unitree/106a_final/install/unitree_sdk2/include/ddscxx/dds/sub/detail/TSampleRefImpl.hpp
[2.683s] -- Up-to-date: /home/unitree/106a_final/install/unitree_sdk2/include/ddscxx/dds/sub/detail/CoherentAccess.hpp
[2.683s] -- Up-to-date: /home/unitree/106a_final/install/unitree_sdk2/include/ddscxx/dds/sub/detail/find.hpp
[2.683s] -- Up-to-date: /home/unitree/106a_final/install/unitree_sdk2/include/ddscxx/dds/sub/detail/TSampleInfoImpl.hpp
[2.683s] -- Up-to-date: /home/unitree/106a_final/install/unitree_sdk2/include/ddscxx/dds/sub/detail/discovery.hpp
[2.683s] -- Up-to-date: /home/unitree/106a_final/install/unitree_sdk2/include/ddscxx/dds/sub/detail/SampleInfo.hpp
[2.684s] -- Up-to-date: /home/unitree/106a_final/install/unitree_sdk2/include/ddscxx/dds/sub/detail/Sample.hpp
[2.684s] -- Up-to-date: /home/unitree/106a_final/install/unitree_sdk2/include/ddscxx/dds/sub/detail/LoanedSamplesImpl.hpp
[2.684s] -- Up-to-date: /home/unitree/106a_final/install/unitree_sdk2/include/ddscxx/dds/sub/detail/TCoherentAccessImpl.hpp
[2.684s] -- Up-to-date: /home/unitree/106a_final/install/unitree_sdk2/include/ddscxx/dds/sub/detail/Subscriber.hpp
[2.684s] -- Up-to-date: /home/unitree/106a_final/install/unitree_sdk2/include/ddscxx/dds/sub/detail/TSampleImpl.hpp
[2.684s] -- Up-to-date: /home/unitree/106a_final/install/unitree_sdk2/include/ddscxx/dds/sub/detail/ddssub.hpp
[2.684s] -- Up-to-date: /home/unitree/106a_final/install/unitree_sdk2/include/ddscxx/dds/sub/Subscriber.hpp
[2.684s] -- Up-to-date: /home/unitree/106a_final/install/unitree_sdk2/include/ddscxx/dds/sub/ddssub.hpp
[2.684s] -- Up-to-date: /home/unitree/106a_final/install/unitree_sdk2/include/ddscxx/dds/topic
[2.685s] -- Up-to-date: /home/unitree/106a_final/install/unitree_sdk2/include/ddscxx/dds/topic/TTopic.hpp
[2.685s] -- Up-to-date: /home/unitree/106a_final/install/unitree_sdk2/include/ddscxx/dds/topic/TMultiTopic.hpp
[2.685s] -- Up-to-date: /home/unitree/106a_final/install/unitree_sdk2/include/ddscxx/dds/topic/Topic.hpp
[2.685s] -- Up-to-date: /home/unitree/106a_final/install/unitree_sdk2/include/ddscxx/dds/topic/TFilter.hpp
[2.685s] -- Up-to-date: /home/unitree/106a_final/install/unitree_sdk2/include/ddscxx/dds/topic/TopicTraits.hpp
[2.685s] -- Up-to-date: /home/unitree/106a_final/install/unitree_sdk2/include/ddscxx/dds/topic/TBuiltinTopicKey.hpp
[2.685s] -- Up-to-date: /home/unitree/106a_final/install/unitree_sdk2/include/ddscxx/dds/topic/AnyTopic.hpp
[2.685s] -- Up-to-date: /home/unitree/106a_final/install/unitree_sdk2/include/ddscxx/dds/topic/qos
[2.685s] -- Up-to-date: /home/unitree/106a_final/install/unitree_sdk2/include/ddscxx/dds/topic/qos/TopicQos.hpp
[2.686s] -- Up-to-date: /home/unitree/106a_final/install/unitree_sdk2/include/ddscxx/dds/topic/qos/detail
[2.686s] -- Up-to-date: /home/unitree/106a_final/install/unitree_sdk2/include/ddscxx/dds/topic/qos/detail/TopicQos.hpp
[2.686s] -- Up-to-date: /home/unitree/106a_final/install/unitree_sdk2/include/ddscxx/dds/topic/TopicInstance.hpp
[2.686s] -- Up-to-date: /home/unitree/106a_final/install/unitree_sdk2/include/ddscxx/dds/topic/TBuiltinTopic.hpp
[2.686s] -- Up-to-date: /home/unitree/106a_final/install/unitree_sdk2/include/ddscxx/dds/topic/AnyTopicListener.hpp
[2.686s] -- Up-to-date: /home/unitree/106a_final/install/unitree_sdk2/include/ddscxx/dds/topic/find.hpp
[2.686s] -- Up-to-date: /home/unitree/106a_final/install/unitree_sdk2/include/ddscxx/dds/topic/ddstopic.hpp
[2.686s] -- Up-to-date: /home/unitree/106a_final/install/unitree_sdk2/include/ddscxx/dds/topic/discovery.hpp
[2.686s] -- Up-to-date: /home/unitree/106a_final/install/unitree_sdk2/include/ddscxx/dds/topic/TTopicDescription.hpp
[2.687s] -- Up-to-date: /home/unitree/106a_final/install/unitree_sdk2/include/ddscxx/dds/topic/ContentFilteredTopic.hpp
[2.687s] -- Up-to-date: /home/unitree/106a_final/install/unitree_sdk2/include/ddscxx/dds/topic/TContentFilteredTopic.hpp
[2.687s] -- Up-to-date: /home/unitree/106a_final/install/unitree_sdk2/include/ddscxx/dds/topic/TopicListener.hpp
[2.687s] -- Up-to-date: /home/unitree/106a_final/install/unitree_sdk2/include/ddscxx/dds/topic/BuiltinTopic.hpp
[2.687s] -- Up-to-date: /home/unitree/106a_final/install/unitree_sdk2/include/ddscxx/dds/topic/TAnyTopic.hpp
[2.687s] -- Up-to-date: /home/unitree/106a_final/install/unitree_sdk2/include/ddscxx/dds/topic/detail
[2.687s] -- Up-to-date: /home/unitree/106a_final/install/unitree_sdk2/include/ddscxx/dds/topic/detail/TFilterImpl.hpp
[2.688s] -- Up-to-date: /home/unitree/106a_final/install/unitree_sdk2/include/ddscxx/dds/topic/detail/TBuiltinTopicImpl.hpp
[2.688s] -- Up-to-date: /home/unitree/106a_final/install/unitree_sdk2/include/ddscxx/dds/topic/detail/TTopicImpl.hpp
[2.688s] -- Up-to-date: /home/unitree/106a_final/install/unitree_sdk2/include/ddscxx/dds/topic/detail/Topic.hpp
[2.689s] -- Up-to-date: /home/unitree/106a_final/install/unitree_sdk2/include/ddscxx/dds/topic/detail/TopicInstanceImpl.hpp
[2.689s] -- Up-to-date: /home/unitree/106a_final/install/unitree_sdk2/include/ddscxx/dds/topic/detail/TTopicDescriptionImpl.hpp
[2.689s] -- Up-to-date: /home/unitree/106a_final/install/unitree_sdk2/include/ddscxx/dds/topic/detail/TAnyTopicImpl.hpp
[2.689s] -- Up-to-date: /home/unitree/106a_final/install/unitree_sdk2/include/ddscxx/dds/topic/detail/AnyTopic.hpp
[2.689s] -- Up-to-date: /home/unitree/106a_final/install/unitree_sdk2/include/ddscxx/dds/topic/detail/TBuiltinTopicKeyImpl.hpp
[2.689s] -- Up-to-date: /home/unitree/106a_final/install/unitree_sdk2/include/ddscxx/dds/topic/detail/find.hpp
[2.689s] -- Up-to-date: /home/unitree/106a_final/install/unitree_sdk2/include/ddscxx/dds/topic/detail/ddstopic.hpp
[2.689s] -- Up-to-date: /home/unitree/106a_final/install/unitree_sdk2/include/ddscxx/dds/topic/detail/discovery.hpp
[2.689s] -- Up-to-date: /home/unitree/106a_final/install/unitree_sdk2/include/ddscxx/dds/topic/detail/ContentFilteredTopic.hpp
[2.690s] -- Up-to-date: /home/unitree/106a_final/install/unitree_sdk2/include/ddscxx/dds/topic/detail/TContentFilteredTopicImpl.hpp
[2.690s] -- Up-to-date: /home/unitree/106a_final/install/unitree_sdk2/include/ddscxx/dds/topic/detail/BuiltinTopic.hpp
[2.690s] -- Up-to-date: /home/unitree/106a_final/install/unitree_sdk2/include/ddscxx/dds/topic/detail/TopicDescription.hpp
[2.690s] -- Up-to-date: /home/unitree/106a_final/install/unitree_sdk2/include/ddscxx/dds/topic/detail/Filter.hpp
[2.690s] -- Up-to-date: /home/unitree/106a_final/install/unitree_sdk2/include/ddscxx/dds/topic/detail/MultiTopic.hpp
[2.690s] -- Up-to-date: /home/unitree/106a_final/install/unitree_sdk2/include/ddscxx/dds/topic/detail/BuiltinTopicKey.hpp
[2.690s] -- Up-to-date: /home/unitree/106a_final/install/unitree_sdk2/include/ddscxx/dds/topic/TopicDescription.hpp
[2.690s] -- Up-to-date: /home/unitree/106a_final/install/unitree_sdk2/include/ddscxx/dds/topic/Filter.hpp
[2.690s] -- Up-to-date: /home/unitree/106a_final/install/unitree_sdk2/include/ddscxx/dds/topic/MultiTopic.hpp
[2.691s] -- Up-to-date: /home/unitree/106a_final/install/unitree_sdk2/include/ddscxx/dds/topic/BuiltinTopicKey.hpp
[2.691s] -- Up-to-date: /home/unitree/106a_final/install/unitree_sdk2/include/ddscxx/dds/core
[2.691s] -- Up-to-date: /home/unitree/106a_final/install/unitree_sdk2/include/ddscxx/dds/core/ref_traits.hpp
[2.691s] -- Up-to-date: /home/unitree/106a_final/install/unitree_sdk2/include/ddscxx/dds/core/TQosProvider.hpp
[2.691s] -- Up-to-date: /home/unitree/106a_final/install/unitree_sdk2/include/ddscxx/dds/core/TEntity.hpp
[2.691s] -- Up-to-date: /home/unitree/106a_final/install/unitree_sdk2/include/ddscxx/dds/core/Entity.hpp
[2.691s] -- Up-to-date: /home/unitree/106a_final/install/unitree_sdk2/include/ddscxx/dds/core/TEntityQos.hpp
[2.691s] -- Up-to-date: /home/unitree/106a_final/install/unitree_sdk2/include/ddscxx/dds/core/macros.hpp
[2.691s] -- Up-to-date: /home/unitree/106a_final/install/unitree_sdk2/include/ddscxx/dds/core/InstanceHandle.hpp
[2.692s] -- Up-to-date: /home/unitree/106a_final/install/unitree_sdk2/include/ddscxx/dds/core/Exception.hpp
[2.692s] -- Up-to-date: /home/unitree/106a_final/install/unitree_sdk2/include/ddscxx/dds/core/xtypes
[2.692s] -- Up-to-date: /home/unitree/106a_final/install/unitree_sdk2/include/ddscxx/dds/core/xtypes/UnionType.hpp
[2.692s] -- Up-to-date: /home/unitree/106a_final/install/unitree_sdk2/include/ddscxx/dds/core/xtypes/MemberType.hpp
[2.692s] -- Up-to-date: /home/unitree/106a_final/install/unitree_sdk2/include/ddscxx/dds/core/xtypes/TDynamicData.hpp
[2.692s] -- Up-to-date: /home/unitree/106a_final/install/unitree_sdk2/include/ddscxx/dds/core/xtypes/TAnnotation.hpp
[2.692s] -- Up-to-date: /home/unitree/106a_final/install/unitree_sdk2/include/ddscxx/dds/core/xtypes/TStructType.hpp
[2.692s] -- Up-to-date: /home/unitree/106a_final/install/unitree_sdk2/include/ddscxx/dds/core/xtypes/DynamicData.hpp
[2.692s] -- Up-to-date: /home/unitree/106a_final/install/unitree_sdk2/include/ddscxx/dds/core/xtypes/TypeKind.hpp
[2.693s] -- Up-to-date: /home/unitree/106a_final/install/unitree_sdk2/include/ddscxx/dds/core/xtypes/TMemberType.hpp
[2.693s] -- Up-to-date: /home/unitree/106a_final/install/unitree_sdk2/include/ddscxx/dds/core/xtypes/DynamicType.hpp
[2.693s] -- Up-to-date: /home/unitree/106a_final/install/unitree_sdk2/include/ddscxx/dds/core/xtypes/TypeProvider.hpp
[2.693s] -- Up-to-date: /home/unitree/106a_final/install/unitree_sdk2/include/ddscxx/dds/core/xtypes/StructType.hpp
[2.693s] -- Up-to-date: /home/unitree/106a_final/install/unitree_sdk2/include/ddscxx/dds/core/xtypes/detail
[2.693s] -- Up-to-date: /home/unitree/106a_final/install/unitree_sdk2/include/ddscxx/dds/core/xtypes/detail/UnionType.hpp
[2.693s] -- Up-to-date: /home/unitree/106a_final/install/unitree_sdk2/include/ddscxx/dds/core/xtypes/detail/MemberType.hpp
[2.693s] -- Up-to-date: /home/unitree/106a_final/install/unitree_sdk2/include/ddscxx/dds/core/xtypes/detail/DynamicData.hpp
[2.693s] -- Up-to-date: /home/unitree/106a_final/install/unitree_sdk2/include/ddscxx/dds/core/xtypes/detail/Annotation.hpp
[2.694s] -- Up-to-date: /home/unitree/106a_final/install/unitree_sdk2/include/ddscxx/dds/core/xtypes/detail/DynamicType.hpp
[2.694s] -- Up-to-date: /home/unitree/106a_final/install/unitree_sdk2/include/ddscxx/dds/core/xtypes/detail/TypeProvider.hpp
[2.694s] -- Up-to-date: /home/unitree/106a_final/install/unitree_sdk2/include/ddscxx/dds/core/xtypes/detail/StructType.hpp
[2.694s] -- Up-to-date: /home/unitree/106a_final/install/unitree_sdk2/include/ddscxx/dds/core/xtypes/detail/CollectionTypes.hpp
[2.694s] -- Up-to-date: /home/unitree/106a_final/install/unitree_sdk2/include/ddscxx/dds/core/xtypes/detail/UnionCase.hpp
[2.694s] -- Up-to-date: /home/unitree/106a_final/install/unitree_sdk2/include/ddscxx/dds/core/xtypes/detail/PrimitiveTypes.hpp
[2.694s] -- Up-to-date: /home/unitree/106a_final/install/unitree_sdk2/include/ddscxx/dds/core/xtypes/TCollectionTypes.hpp
[2.694s] -- Up-to-date: /home/unitree/106a_final/install/unitree_sdk2/include/ddscxx/dds/core/xtypes/CollectionTypes.hpp
[2.694s] -- Up-to-date: /home/unitree/106a_final/install/unitree_sdk2/include/ddscxx/dds/core/xtypes/Annotations.hpp
[2.695s] -- Up-to-date: /home/unitree/106a_final/install/unitree_sdk2/include/ddscxx/dds/core/xtypes/TDynamicType.hpp
[2.695s] -- Up-to-date: /home/unitree/106a_final/install/unitree_sdk2/include/ddscxx/dds/core/xtypes/UnionCase.hpp
[2.695s] -- Up-to-date: /home/unitree/106a_final/install/unitree_sdk2/include/ddscxx/dds/core/xtypes/TTypeProvider.hpp
[2.695s] -- Up-to-date: /home/unitree/106a_final/install/unitree_sdk2/include/ddscxx/dds/core/xtypes/PrimitiveTypes.hpp
[2.695s] -- Up-to-date: /home/unitree/106a_final/install/unitree_sdk2/include/ddscxx/dds/core/LengthUnlimited.hpp
[2.695s] -- Up-to-date: /home/unitree/106a_final/install/unitree_sdk2/include/ddscxx/dds/core/Value.hpp
[2.695s] -- Up-to-date: /home/unitree/106a_final/install/unitree_sdk2/include/ddscxx/dds/core/Reference.hpp
[2.695s] -- Up-to-date: /home/unitree/106a_final/install/unitree_sdk2/include/ddscxx/dds/core/QosProvider.hpp
[2.695s] -- Up-to-date: /home/unitree/106a_final/install/unitree_sdk2/include/ddscxx/dds/core/cond
[2.696s] -- Up-to-date: /home/unitree/106a_final/install/unitree_sdk2/include/ddscxx/dds/core/cond/TStatusCondition.hpp
[2.696s] -- Up-to-date: /home/unitree/106a_final/install/unitree_sdk2/include/ddscxx/dds/core/cond/TWaitSet.hpp
[2.696s] -- Up-to-date: /home/unitree/106a_final/install/unitree_sdk2/include/ddscxx/dds/core/cond/Condition.hpp
[2.696s] -- Up-to-date: /home/unitree/106a_final/install/unitree_sdk2/include/ddscxx/dds/core/cond/GuardCondition.hpp
[2.696s] -- Up-to-date: /home/unitree/106a_final/install/unitree_sdk2/include/ddscxx/dds/core/cond/WaitSet.hpp
[2.696s] -- Up-to-date: /home/unitree/106a_final/install/unitree_sdk2/include/ddscxx/dds/core/cond/TCondition.hpp
[2.696s] -- Up-to-date: /home/unitree/106a_final/install/unitree_sdk2/include/ddscxx/dds/core/cond/detail
[2.696s] -- Up-to-date: /home/unitree/106a_final/install/unitree_sdk2/include/ddscxx/dds/core/cond/detail/TConditionImpl.hpp
[2.696s] -- Up-to-date: /home/unitree/106a_final/install/unitree_sdk2/include/ddscxx/dds/core/cond/detail/TStatusConditionImpl.hpp
[2.697s] -- Up-to-date: /home/unitree/106a_final/install/unitree_sdk2/include/ddscxx/dds/core/cond/detail/Condition.hpp
[2.697s] -- Up-to-date: /home/unitree/106a_final/install/unitree_sdk2/include/ddscxx/dds/core/cond/detail/GuardCondition.hpp
[2.697s] -- Up-to-date: /home/unitree/106a_final/install/unitree_sdk2/include/ddscxx/dds/core/cond/detail/WaitSet.hpp
[2.697s] -- Up-to-date: /home/unitree/106a_final/install/unitree_sdk2/include/ddscxx/dds/core/cond/detail/TWaitSetImpl.hpp
[2.697s] -- Up-to-date: /home/unitree/106a_final/install/unitree_sdk2/include/ddscxx/dds/core/cond/detail/TGuardConditionImpl.hpp
[2.697s] -- Up-to-date: /home/unitree/106a_final/install/unitree_sdk2/include/ddscxx/dds/core/cond/detail/StatusCondition.hpp
[2.697s] -- Up-to-date: /home/unitree/106a_final/install/unitree_sdk2/include/ddscxx/dds/core/cond/StatusCondition.hpp
[2.697s] -- Up-to-date: /home/unitree/106a_final/install/unitree_sdk2/include/ddscxx/dds/core/cond/TGuardCondition.hpp
[2.698s] -- Up-to-date: /home/unitree/106a_final/install/unitree_sdk2/include/ddscxx/dds/core/status
[2.698s] -- Up-to-date: /home/unitree/106a_final/install/unitree_sdk2/include/ddscxx/dds/core/status/State.hpp
[2.698s] -- Up-to-date: /home/unitree/106a_final/install/unitree_sdk2/include/ddscxx/dds/core/status/TStatus.hpp
[2.698s] -- Up-to-date: /home/unitree/106a_final/install/unitree_sdk2/include/ddscxx/dds/core/status/Status.hpp
[2.698s] -- Up-to-date: /home/unitree/106a_final/install/unitree_sdk2/include/ddscxx/dds/core/status/detail
[2.698s] -- Up-to-date: /home/unitree/106a_final/install/unitree_sdk2/include/ddscxx/dds/core/status/detail/Status.hpp
[2.698s] -- Up-to-date: /home/unitree/106a_final/install/unitree_sdk2/include/ddscxx/dds/core/status/detail/TStatusImpl.hpp
[2.698s] -- Up-to-date: /home/unitree/106a_final/install/unitree_sdk2/include/ddscxx/dds/core/ddscore.hpp
[2.698s] -- Up-to-date: /home/unitree/106a_final/install/unitree_sdk2/include/ddscxx/dds/core/Time.hpp
[2.698s] -- Up-to-date: /home/unitree/106a_final/install/unitree_sdk2/include/ddscxx/dds/core/policy
[2.699s] -- Up-to-date: /home/unitree/106a_final/install/unitree_sdk2/include/ddscxx/dds/core/policy/QosPolicyCount.hpp
[2.699s] -- Up-to-date: /home/unitree/106a_final/install/unitree_sdk2/include/ddscxx/dds/core/policy/TCorePolicy.hpp
[2.699s] -- Up-to-date: /home/unitree/106a_final/install/unitree_sdk2/include/ddscxx/dds/core/policy/TQosPolicyCount.hpp
[2.699s] -- Up-to-date: /home/unitree/106a_final/install/unitree_sdk2/include/ddscxx/dds/core/policy/PolicyKind.hpp
[2.699s] -- Up-to-date: /home/unitree/106a_final/install/unitree_sdk2/include/ddscxx/dds/core/policy/CorePolicy.hpp
[2.699s] -- Up-to-date: /home/unitree/106a_final/install/unitree_sdk2/include/ddscxx/dds/core/policy/detail
[2.699s] -- Up-to-date: /home/unitree/106a_final/install/unitree_sdk2/include/ddscxx/dds/core/policy/detail/QosPolicyCount.hpp
[2.699s] -- Up-to-date: /home/unitree/106a_final/install/unitree_sdk2/include/ddscxx/dds/core/policy/detail/TQosPolicyCountImpl.hpp
[2.699s] -- Up-to-date: /home/unitree/106a_final/install/unitree_sdk2/include/ddscxx/dds/core/policy/detail/CorePolicy.hpp
[2.700s] -- Up-to-date: /home/unitree/106a_final/install/unitree_sdk2/include/ddscxx/dds/core/policy/detail/TCorePolicyImpl.hpp
[2.700s] -- Up-to-date: /home/unitree/106a_final/install/unitree_sdk2/include/ddscxx/dds/core/SafeEnumeration.hpp
[2.700s] -- Up-to-date: /home/unitree/106a_final/install/unitree_sdk2/include/ddscxx/dds/core/Duration.hpp
[2.700s] -- Up-to-date: /home/unitree/106a_final/install/unitree_sdk2/include/ddscxx/dds/core/WeakReference.hpp
[2.700s] -- Up-to-date: /home/unitree/106a_final/install/unitree_sdk2/include/ddscxx/dds/core/refmacros.hpp
[2.700s] -- Up-to-date: /home/unitree/106a_final/install/unitree_sdk2/include/ddscxx/dds/core/BuiltinTopicTypes.hpp
[2.700s] -- Up-to-date: /home/unitree/106a_final/install/unitree_sdk2/include/ddscxx/dds/core/TInstanceHandle.hpp
[2.701s] -- Up-to-date: /home/unitree/106a_final/install/unitree_sdk2/include/ddscxx/dds/core/TBuiltinTopicTypes.hpp
[2.701s] -- Up-to-date: /home/unitree/106a_final/install/unitree_sdk2/include/ddscxx/dds/core/Optional.hpp
[2.701s] -- Up-to-date: /home/unitree/106a_final/install/unitree_sdk2/include/ddscxx/dds/core/detail
[2.701s] -- Up-to-date: /home/unitree/106a_final/install/unitree_sdk2/include/ddscxx/dds/core/detail/TEntityImpl.hpp
[2.701s] -- Up-to-date: /home/unitree/106a_final/install/unitree_sdk2/include/ddscxx/dds/core/detail/TInstanceHandleImpl.hpp
[2.702s] -- Up-to-date: /home/unitree/106a_final/install/unitree_sdk2/include/ddscxx/dds/core/detail/ref_traits.hpp
[2.702s] -- Up-to-date: /home/unitree/106a_final/install/unitree_sdk2/include/ddscxx/dds/core/detail/export.hpp
[2.702s] -- Up-to-date: /home/unitree/106a_final/install/unitree_sdk2/include/ddscxx/dds/core/detail/Entity.hpp
[2.702s] -- Up-to-date: /home/unitree/106a_final/install/unitree_sdk2/include/ddscxx/dds/core/detail/macros.hpp
[2.702s] -- Up-to-date: /home/unitree/106a_final/install/unitree_sdk2/include/ddscxx/dds/core/detail/InstanceHandle.hpp
[2.702s] -- Up-to-date: /home/unitree/106a_final/install/unitree_sdk2/include/ddscxx/dds/core/detail/TQosProviderImpl.hpp
[2.702s] -- Up-to-date: /home/unitree/106a_final/install/unitree_sdk2/include/ddscxx/dds/core/detail/WeakReferenceImpl.hpp
[2.702s] -- Up-to-date: /home/unitree/106a_final/install/unitree_sdk2/include/ddscxx/dds/core/detail/TEntityQosImpl.hpp
[2.702s] -- Up-to-date: /home/unitree/106a_final/install/unitree_sdk2/include/ddscxx/dds/core/detail/module_docs.hpp
[2.703s] -- Up-to-date: /home/unitree/106a_final/install/unitree_sdk2/include/ddscxx/dds/core/detail/ReferenceImpl.hpp
[2.703s] -- Up-to-date: /home/unitree/106a_final/install/unitree_sdk2/include/ddscxx/dds/core/detail/Value.hpp
[2.703s] -- Up-to-date: /home/unitree/106a_final/install/unitree_sdk2/include/ddscxx/dds/core/detail/QosProvider.hpp
[2.703s] -- Up-to-date: /home/unitree/106a_final/install/unitree_sdk2/include/ddscxx/dds/core/detail/ddscore.hpp
[2.703s] -- Up-to-date: /home/unitree/106a_final/install/unitree_sdk2/include/ddscxx/dds/core/detail/old_win_stdint.h
[2.703s] -- Up-to-date: /home/unitree/106a_final/install/unitree_sdk2/include/ddscxx/dds/core/detail/BuiltinTopicTypes.hpp
[2.703s] -- Up-to-date: /home/unitree/106a_final/install/unitree_sdk2/include/ddscxx/dds/core/detail/inttypes.hpp
[2.703s] -- Up-to-date: /home/unitree/106a_final/install/unitree_sdk2/include/ddscxx/dds/core/detail/array.hpp
[2.703s] -- Up-to-date: /home/unitree/106a_final/install/unitree_sdk2/include/ddscxx/dds/core/detail/conformance.hpp
[2.703s] -- Up-to-date: /home/unitree/106a_final/install/unitree_sdk2/include/ddscxx/dds/core/External.hpp
[2.704s] -- Up-to-date: /home/unitree/106a_final/install/unitree_sdk2/include/ddscxx/dds/core/array.hpp
[2.704s] -- Up-to-date: /home/unitree/106a_final/install/unitree_sdk2/include/ddscxx/dds/core/types.hpp
[2.704s] -- Up-to-date: /home/unitree/106a_final/install/unitree_sdk2/include/ddscxx/dds/core/conformance.hpp
[2.704s] -- Up-to-date: /home/unitree/106a_final/install/unitree_sdk2/include/ddscxx/dds/dds.hpp
[2.704s] -- Up-to-date: /home/unitree/106a_final/install/unitree_sdk2/include/ddscxx/dds/pub
[2.704s] -- Up-to-date: /home/unitree/106a_final/install/unitree_sdk2/include/ddscxx/dds/pub/DataWriter.hpp
[2.704s] -- Up-to-date: /home/unitree/106a_final/install/unitree_sdk2/include/ddscxx/dds/pub/PublisherListener.hpp
[2.704s] -- Up-to-date: /home/unitree/106a_final/install/unitree_sdk2/include/ddscxx/dds/pub/DataWriterListener.hpp
[2.705s] -- Up-to-date: /home/unitree/106a_final/install/unitree_sdk2/include/ddscxx/dds/pub/AnyDataWriter.hpp
[2.705s] -- Up-to-date: /home/unitree/106a_final/install/unitree_sdk2/include/ddscxx/dds/pub/Publisher.hpp
[2.705s] -- Up-to-date: /home/unitree/106a_final/install/unitree_sdk2/include/ddscxx/dds/pub/TSuspendedPublication.hpp
[2.705s] -- Up-to-date: /home/unitree/106a_final/install/unitree_sdk2/include/ddscxx/dds/pub/SuspendedPublication.hpp
[2.705s] -- Up-to-date: /home/unitree/106a_final/install/unitree_sdk2/include/ddscxx/dds/pub/qos
[2.705s] -- Up-to-date: /home/unitree/106a_final/install/unitree_sdk2/include/ddscxx/dds/pub/qos/DataWriterQos.hpp
[2.705s] -- Up-to-date: /home/unitree/106a_final/install/unitree_sdk2/include/ddscxx/dds/pub/qos/PublisherQos.hpp
[2.705s] -- Up-to-date: /home/unitree/106a_final/install/unitree_sdk2/include/ddscxx/dds/pub/qos/detail
[2.705s] -- Up-to-date: /home/unitree/106a_final/install/unitree_sdk2/include/ddscxx/dds/pub/qos/detail/DataWriterQos.hpp
[2.706s] -- Up-to-date: /home/unitree/106a_final/install/unitree_sdk2/include/ddscxx/dds/pub/qos/detail/PublisherQos.hpp
[2.706s] -- Up-to-date: /home/unitree/106a_final/install/unitree_sdk2/include/ddscxx/dds/pub/CoherentSet.hpp
[2.706s] -- Up-to-date: /home/unitree/106a_final/install/unitree_sdk2/include/ddscxx/dds/pub/find.hpp
[2.706s] -- Up-to-date: /home/unitree/106a_final/install/unitree_sdk2/include/ddscxx/dds/pub/discovery.hpp
[2.706s] -- Up-to-date: /home/unitree/106a_final/install/unitree_sdk2/include/ddscxx/dds/pub/TPublisher.hpp
[2.706s] -- Up-to-date: /home/unitree/106a_final/install/unitree_sdk2/include/ddscxx/dds/pub/detail
[2.706s] -- Up-to-date: /home/unitree/106a_final/install/unitree_sdk2/include/ddscxx/dds/pub/detail/DataWriter.hpp
[2.706s] -- Up-to-date: /home/unitree/106a_final/install/unitree_sdk2/include/ddscxx/dds/pub/detail/TPublisherImpl.hpp
[2.706s] -- Up-to-date: /home/unitree/106a_final/install/unitree_sdk2/include/ddscxx/dds/pub/detail/DataWriterImpl.hpp
[2.707s] -- Up-to-date: /home/unitree/106a_final/install/unitree_sdk2/include/ddscxx/dds/pub/detail/AnyDataWriter.hpp
[2.707s] -- Up-to-date: /home/unitree/106a_final/install/unitree_sdk2/include/ddscxx/dds/pub/detail/Publisher.hpp
[2.707s] -- Up-to-date: /home/unitree/106a_final/install/unitree_sdk2/include/ddscxx/dds/pub/detail/SuspendedPublication.hpp
[2.707s] -- Up-to-date: /home/unitree/106a_final/install/unitree_sdk2/include/ddscxx/dds/pub/detail/CoherentSet.hpp
[2.707s] -- Up-to-date: /home/unitree/106a_final/install/unitree_sdk2/include/ddscxx/dds/pub/detail/find.hpp
[2.707s] -- Up-to-date: /home/unitree/106a_final/install/unitree_sdk2/include/ddscxx/dds/pub/detail/TAnyDataWriterImpl.hpp
[2.707s] -- Up-to-date: /home/unitree/106a_final/install/unitree_sdk2/include/ddscxx/dds/pub/detail/discovery.hpp
[2.707s] -- Up-to-date: /home/unitree/106a_final/install/unitree_sdk2/include/ddscxx/dds/pub/detail/TCoherentSetImpl.hpp
[2.707s] -- Up-to-date: /home/unitree/106a_final/install/unitree_sdk2/include/ddscxx/dds/pub/detail/TSuspendedPublicationImpl.hpp
[2.708s] -- Up-to-date: /home/unitree/106a_final/install/unitree_sdk2/include/ddscxx/dds/pub/detail/ddspub.hpp
[2.708s] -- Up-to-date: /home/unitree/106a_final/install/unitree_sdk2/include/ddscxx/dds/pub/TCoherentSet.hpp
[2.708s] -- Up-to-date: /home/unitree/106a_final/install/unitree_sdk2/include/ddscxx/dds/pub/AnyDataWriterListener.hpp
[2.708s] -- Up-to-date: /home/unitree/106a_final/install/unitree_sdk2/include/ddscxx/dds/pub/ddspub.hpp
[2.708s] -- Up-to-date: /home/unitree/106a_final/install/unitree_sdk2/include/ddscxx/dds/pub/TAnyDataWriter.hpp
[2.708s] -- Up-to-date: /home/unitree/106a_final/install/unitree_sdk2/include/ddscxx/dds/LICENSE
[2.708s] -- Up-to-date: /home/unitree/106a_final/install/unitree_sdk2/include/ddscxx/dds/domain
[2.708s] -- Up-to-date: /home/unitree/106a_final/install/unitree_sdk2/include/ddscxx/dds/domain/ddsdomain.hpp
[2.708s] -- Up-to-date: /home/unitree/106a_final/install/unitree_sdk2/include/ddscxx/dds/domain/TDomainParticipant.hpp
[2.709s] -- Up-to-date: /home/unitree/106a_final/install/unitree_sdk2/include/ddscxx/dds/domain/qos
[2.709s] -- Up-to-date: /home/unitree/106a_final/install/unitree_sdk2/include/ddscxx/dds/domain/qos/DomainParticipantQos.hpp
[2.709s] -- Up-to-date: /home/unitree/106a_final/install/unitree_sdk2/include/ddscxx/dds/domain/qos/detail
[2.709s] -- Up-to-date: /home/unitree/106a_final/install/unitree_sdk2/include/ddscxx/dds/domain/qos/detail/DomainParticipantQos.hpp
[2.709s] -- Up-to-date: /home/unitree/106a_final/install/unitree_sdk2/include/ddscxx/dds/domain/DomainParticipantListener.hpp
[2.709s] -- Up-to-date: /home/unitree/106a_final/install/unitree_sdk2/include/ddscxx/dds/domain/DomainParticipant.hpp
[2.709s] -- Up-to-date: /home/unitree/106a_final/install/unitree_sdk2/include/ddscxx/dds/domain/find.hpp
[2.709s] -- Up-to-date: /home/unitree/106a_final/install/unitree_sdk2/include/ddscxx/dds/domain/discovery.hpp
[2.709s] -- Up-to-date: /home/unitree/106a_final/install/unitree_sdk2/include/ddscxx/dds/domain/detail
[2.710s] -- Up-to-date: /home/unitree/106a_final/install/unitree_sdk2/include/ddscxx/dds/domain/detail/TDomainParticipantImpl.hpp
[2.710s] -- Up-to-date: /home/unitree/106a_final/install/unitree_sdk2/include/ddscxx/dds/domain/detail/ddsdomain.hpp
[2.710s] -- Up-to-date: /home/unitree/106a_final/install/unitree_sdk2/include/ddscxx/dds/domain/detail/DomainParticipant.hpp
[2.710s] -- Up-to-date: /home/unitree/106a_final/install/unitree_sdk2/include/ddscxx/dds/features.hpp
[2.710s] -- Up-to-date: /home/unitree/106a_final/install/unitree_sdk2/include/dds
[2.713s] -- Up-to-date: /home/unitree/106a_final/install/unitree_sdk2/include/dds/config.h
[2.713s] -- Up-to-date: /home/unitree/106a_final/install/unitree_sdk2/include/dds/ddsc
[2.714s] -- Up-to-date: /home/unitree/106a_final/install/unitree_sdk2/include/dds/ddsc/dds_public_qos.h
[2.714s] -- Up-to-date: /home/unitree/106a_final/install/unitree_sdk2/include/dds/ddsc/dds_internal_api.h
[2.714s] -- Up-to-date: /home/unitree/106a_final/install/unitree_sdk2/include/dds/ddsc/dds_opcodes.h
[2.714s] -- Up-to-date: /home/unitree/106a_final/install/unitree_sdk2/include/dds/ddsc/dds_public_alloc.h
[2.714s] -- Up-to-date: /home/unitree/106a_final/install/unitree_sdk2/include/dds/ddsc/dds_data_allocator.h
[2.714s] -- Up-to-date: /home/unitree/106a_final/install/unitree_sdk2/include/dds/ddsc/dds_loan_api.h
[2.714s] -- Up-to-date: /home/unitree/106a_final/install/unitree_sdk2/include/dds/ddsc/dds_public_listener.h
[2.714s] -- Up-to-date: /home/unitree/106a_final/install/unitree_sdk2/include/dds/ddsc/dds_rhc.h
[2.715s] -- Up-to-date: /home/unitree/106a_final/install/unitree_sdk2/include/dds/ddsc/dds_statistics.h
[2.715s] -- Up-to-date: /home/unitree/106a_final/install/unitree_sdk2/include/dds/ddsc/dds_public_impl.h
[2.715s] -- Up-to-date: /home/unitree/106a_final/install/unitree_sdk2/include/dds/ddsc/dds_public_qosdefs.h
[2.715s] -- Up-to-date: /home/unitree/106a_final/install/unitree_sdk2/include/dds/ddsc/dds_basic_types.h
[2.715s] -- Up-to-date: /home/unitree/106a_final/install/unitree_sdk2/include/dds/ddsc/dds_public_error.h
[2.715s] -- Up-to-date: /home/unitree/106a_final/install/unitree_sdk2/include/dds/ddsc/dds_public_status.h
[2.715s] -- Up-to-date: /home/unitree/106a_final/install/unitree_sdk2/include/dds/features.h
[2.715s] -- Up-to-date: /home/unitree/106a_final/install/unitree_sdk2/include/dds/version.h
[2.715s] -- Up-to-date: /home/unitree/106a_final/install/unitree_sdk2/include/dds/ddsi
[2.716s] -- Up-to-date: /home/unitree/106a_final/install/unitree_sdk2/include/dds/ddsi/ddsi_guid.h
[2.716s] -- Up-to-date: /home/unitree/106a_final/install/unitree_sdk2/include/dds/ddsi/q_misc.h
[2.716s] -- Up-to-date: /home/unitree/106a_final/install/unitree_sdk2/include/dds/ddsi/ddsi_proxy_participant.h
[2.716s] -- Up-to-date: /home/unitree/106a_final/install/unitree_sdk2/include/dds/ddsi/ddsi_entity.h
[2.716s] -- Up-to-date: /home/unitree/106a_final/install/unitree_sdk2/include/dds/ddsi/ddsi_xt_impl.h
[2.716s] -- Up-to-date: /home/unitree/106a_final/install/unitree_sdk2/include/dds/ddsi/q_xevent.h
[2.716s] -- Up-to-date: /home/unitree/106a_final/install/unitree_sdk2/include/dds/ddsi/ddsi_ownip.h
[2.716s] -- Up-to-date: /home/unitree/106a_final/install/unitree_sdk2/include/dds/ddsi/ddsi_vnet.h
[2.716s] -- Up-to-date: /home/unitree/106a_final/install/unitree_sdk2/include/dds/ddsi/q_debmon.h
[2.717s] -- Up-to-date: /home/unitree/106a_final/install/unitree_sdk2/include/dds/ddsi/ddsi_entity_match.h
[2.717s] -- Up-to-date: /home/unitree/106a_final/install/unitree_sdk2/include/dds/ddsi/ddsi_security_msg.h
[2.717s] -- Up-to-date: /home/unitree/106a_final/install/unitree_sdk2/include/dds/ddsi/ddsi_typelib.h
[2.717s] -- Up-to-date: /home/unitree/106a_final/install/unitree_sdk2/include/dds/ddsi/ddsi_tcp.h
[2.717s] -- Up-to-date: /home/unitree/106a_final/install/unitree_sdk2/include/dds/ddsi/ddsi_statistics.h
[2.717s] -- Up-to-date: /home/unitree/106a_final/install/unitree_sdk2/include/dds/ddsi/ddsi_endpoint.h
[2.717s] -- Up-to-date: /home/unitree/106a_final/install/unitree_sdk2/include/dds/ddsi/ddsi_vendor.h
[2.717s] -- Up-to-date: /home/unitree/106a_final/install/unitree_sdk2/include/dds/ddsi/q_inverse_uint32_set.h
[2.717s] -- Up-to-date: /home/unitree/106a_final/install/unitree_sdk2/include/dds/ddsi/q_qosmatch.h
[2.718s] -- Up-to-date: /home/unitree/106a_final/install/unitree_sdk2/include/dds/ddsi/ddsi_proxy_endpoint.h
[2.718s] -- Up-to-date: /home/unitree/106a_final/install/unitree_sdk2/include/dds/ddsi/ddsi_plist_generic.h
[2.718s] -- Up-to-date: /home/unitree/106a_final/install/unitree_sdk2/include/dds/ddsi/q_log.h
[2.718s] -- Up-to-date: /home/unitree/106a_final/install/unitree_sdk2/include/dds/ddsi/ddsi_list_tmpl.h
[2.718s] -- Up-to-date: /home/unitree/106a_final/install/unitree_sdk2/include/dds/ddsi/ddsi_locator.h
[2.718s] -- Up-to-date: /home/unitree/106a_final/install/unitree_sdk2/include/dds/ddsi/ddsi_xt_typeinfo.h
[2.718s] -- Up-to-date: /home/unitree/106a_final/install/unitree_sdk2/include/dds/ddsi/ddsi_typebuilder.h
[2.718s] -- Up-to-date: /home/unitree/106a_final/install/unitree_sdk2/include/dds/ddsi/q_radmin.h
[2.718s] -- Up-to-date: /home/unitree/106a_final/install/unitree_sdk2/include/dds/ddsi/ddsi_lifespan.h
[2.719s] -- Up-to-date: /home/unitree/106a_final/install/unitree_sdk2/include/dds/ddsi/q_freelist.h
[2.719s] -- Up-to-date: /home/unitree/106a_final/install/unitree_sdk2/include/dds/ddsi/ddsi_sertype.h
[2.719s] -- Up-to-date: /home/unitree/106a_final/install/unitree_sdk2/include/dds/ddsi/q_rtps.h
[2.719s] -- Up-to-date: /home/unitree/106a_final/install/unitree_sdk2/include/dds/ddsi/ddsi_xt_typelookup.h
[2.719s] -- Up-to-date: /home/unitree/106a_final/install/unitree_sdk2/include/dds/ddsi/q_protocol.h
[2.719s] -- Up-to-date: /home/unitree/106a_final/install/unitree_sdk2/include/dds/ddsi/ddsi_builtin_topic_if.h
[2.719s] -- Up-to-date: /home/unitree/106a_final/install/unitree_sdk2/include/dds/ddsi/ddsi_pmd.h
[2.719s] -- Up-to-date: /home/unitree/106a_final/install/unitree_sdk2/include/dds/ddsi/ddsi_domaingv.h
[2.719s] -- Up-to-date: /home/unitree/106a_final/install/unitree_sdk2/include/dds/ddsi/ddsi_config_impl.h
[2.720s] -- Up-to-date: /home/unitree/106a_final/install/unitree_sdk2/include/dds/ddsi/ddsi_serdata.h
[2.720s] -- Up-to-date: /home/unitree/106a_final/install/unitree_sdk2/include/dds/ddsi/q_lat_estim.h
[2.720s] -- Up-to-date: /home/unitree/106a_final/install/unitree_sdk2/include/dds/ddsi/ddsi_security_exchange.h
[2.720s] -- Up-to-date: /home/unitree/106a_final/install/unitree_sdk2/include/dds/ddsi/ddsi_participant.h
[2.720s] -- Up-to-date: /home/unitree/106a_final/install/unitree_sdk2/include/dds/ddsi/ddsi_xt_typelookup.idl
[2.720s] -- Up-to-date: /home/unitree/106a_final/install/unitree_sdk2/include/dds/ddsi/ddsi_portmapping.h
[2.720s] -- Up-to-date: /home/unitree/106a_final/install/unitree_sdk2/include/dds/ddsi/ddsi_config.h
[2.720s] -- Up-to-date: /home/unitree/106a_final/install/unitree_sdk2/include/dds/ddsi/ddsi_cdrstream.h
[2.720s] -- Up-to-date: /home/unitree/106a_final/install/unitree_sdk2/include/dds/ddsi/q_addrset.h
[2.721s] -- Up-to-date: /home/unitree/106a_final/install/unitree_sdk2/include/dds/ddsi/ddsi_threadmon.h
[2.721s] -- Up-to-date: /home/unitree/106a_final/install/unitree_sdk2/include/dds/ddsi/ddsi_sertopic.h
[2.721s] -- Up-to-date: /home/unitree/106a_final/install/unitree_sdk2/include/dds/ddsi/q_hbcontrol.h
[2.721s] -- Up-to-date: /home/unitree/106a_final/install/unitree_sdk2/include/dds/ddsi/ddsi_ssl.h
[2.721s] -- Up-to-date: /home/unitree/106a_final/install/unitree_sdk2/include/dds/ddsi/ddsi_cfgelems.h
[2.721s] -- Up-to-date: /home/unitree/106a_final/install/unitree_sdk2/include/dds/ddsi/ddsi_deliver_locally.h
[2.721s] -- Up-to-date: /home/unitree/106a_final/install/unitree_sdk2/include/dds/ddsi/ddsi_tkmap.h
[2.721s] -- Up-to-date: /home/unitree/106a_final/install/unitree_sdk2/include/dds/ddsi/q_xmsg.h
[2.721s] -- Up-to-date: /home/unitree/106a_final/install/unitree_sdk2/include/dds/ddsi/q_feature_check.h
[2.722s] -- Up-to-date: /home/unitree/106a_final/install/unitree_sdk2/include/dds/ddsi/ddsi_iid.h
[2.722s] -- Up-to-date: /home/unitree/106a_final/install/unitree_sdk2/include/dds/ddsi/ddsi_raweth.h
[2.722s] -- Up-to-date: /home/unitree/106a_final/install/unitree_sdk2/include/dds/ddsi/ddsi_xt_typemap.h
[2.722s] -- Up-to-date: /home/unitree/106a_final/install/unitree_sdk2/include/dds/ddsi/q_bswap.h
[2.722s] -- Up-to-date: /home/unitree/106a_final/install/unitree_sdk2/include/dds/ddsi/ddsi_mcgroup.h
[2.722s] -- Up-to-date: /home/unitree/106a_final/install/unitree_sdk2/include/dds/ddsi/ddsi_rhc.h
[2.722s] -- Up-to-date: /home/unitree/106a_final/install/unitree_sdk2/include/dds/ddsi/ddsi_xt_typemap.idl
[2.722s] -- Up-to-date: /home/unitree/106a_final/install/unitree_sdk2/include/dds/ddsi/q_init.h
[2.722s] -- Up-to-date: /home/unitree/106a_final/install/unitree_sdk2/include/dds/ddsi/q_whc.h
[2.723s] -- Up-to-date: /home/unitree/106a_final/install/unitree_sdk2/include/dds/ddsi/sysdeps.h
[2.723s] -- Up-to-date: /home/unitree/106a_final/install/unitree_sdk2/include/dds/ddsi/ddsi_udp.h
[2.723s] -- Up-to-date: /home/unitree/106a_final/install/unitree_sdk2/include/dds/ddsi/ddsi_acknack.h
[2.723s] -- Up-to-date: /home/unitree/106a_final/install/unitree_sdk2/include/dds/ddsi/ddsi_keyhash.h
[2.723s] -- Up-to-date: /home/unitree/106a_final/install/unitree_sdk2/include/dds/ddsi/ddsi_ipaddr.h
[2.723s] -- Up-to-date: /home/unitree/106a_final/install/unitree_sdk2/include/dds/ddsi/q_bitset.h
[2.723s] -- Up-to-date: /home/unitree/106a_final/install/unitree_sdk2/include/dds/ddsi/ddsi_plist.h
[2.723s] -- Up-to-date: /home/unitree/106a_final/install/unitree_sdk2/include/dds/ddsi/ddsi_handshake.h
[2.723s] -- Up-to-date: /home/unitree/106a_final/install/unitree_sdk2/include/dds/ddsi/q_transmit.h
[2.724s] -- Up-to-date: /home/unitree/106a_final/install/unitree_sdk2/include/dds/ddsi/ddsi_list_genptr.h
[2.724s] -- Up-to-date: /home/unitree/106a_final/install/unitree_sdk2/include/dds/ddsi/ddsi_wraddrset.h
[2.724s] -- Up-to-date: /home/unitree/106a_final/install/unitree_sdk2/include/dds/ddsi/q_pcap.h
[2.724s] -- Up-to-date: /home/unitree/106a_final/install/unitree_sdk2/include/dds/ddsi/q_sockwaitset.h
[2.724s] -- Up-to-date: /home/unitree/106a_final/install/unitree_sdk2/include/dds/ddsi/ddsi_entity_index.h
[2.724s] -- Up-to-date: /home/unitree/106a_final/install/unitree_sdk2/include/dds/ddsi/q_receive.h
[2.724s] -- Up-to-date: /home/unitree/106a_final/install/unitree_sdk2/include/dds/ddsi/ddsi_serdata_pserop.h
[2.724s] -- Up-to-date: /home/unitree/106a_final/install/unitree_sdk2/include/dds/ddsi/ddsi_typewrap.h
[2.724s] -- Up-to-date: /home/unitree/106a_final/install/unitree_sdk2/include/dds/ddsi/ddsi_typelookup.h
[2.725s] -- Up-to-date: /home/unitree/106a_final/install/unitree_sdk2/include/dds/ddsi/ddsi_xt_typeinfo.idl
[2.725s] -- Up-to-date: /home/unitree/106a_final/install/unitree_sdk2/include/dds/ddsi/q_thread.h
[2.725s] -- Up-to-date: /home/unitree/106a_final/install/unitree_sdk2/include/dds/ddsi/ddsi_deadline.h
[2.725s] -- Up-to-date: /home/unitree/106a_final/install/unitree_sdk2/include/dds/ddsi/q_lease.h
[2.725s] -- Up-to-date: /home/unitree/106a_final/install/unitree_sdk2/include/dds/ddsi/q_ddsi_discovery.h
[2.725s] -- Up-to-date: /home/unitree/106a_final/install/unitree_sdk2/include/dds/ddsi/ddsi_time.h
[2.725s] -- Up-to-date: /home/unitree/106a_final/install/unitree_sdk2/include/dds/ddsi/q_gc.h
[2.725s] -- Up-to-date: /home/unitree/106a_final/install/unitree_sdk2/include/dds/ddsi/ddsi_serdata_plist.h
[2.725s] -- Up-to-date: /home/unitree/106a_final/install/unitree_sdk2/include/dds/ddsi/ddsi_tran.h
[2.726s] -- Up-to-date: /home/unitree/106a_final/install/unitree_sdk2/include/dds/ddsi/ddsi_cfgunits.h
[2.726s] -- Up-to-date: /home/unitree/106a_final/install/unitree_sdk2/include/dds/ddsi/ddsi_security_util.h
[2.726s] -- Up-to-date: /home/unitree/106a_final/install/unitree_sdk2/include/dds/ddsi/ddsi_topic.h
[2.726s] -- Up-to-date: /home/unitree/106a_final/install/unitree_sdk2/include/dds/ddsi/ddsi_serdata_default.h
[2.726s] -- Up-to-date: /home/unitree/106a_final/install/unitree_sdk2/include/dds/ddsi/ddsi_security_omg.h
[2.726s] -- Up-to-date: /home/unitree/106a_final/install/unitree_sdk2/include/dds/ddsi/q_unused.h
[2.726s] -- Up-to-date: /home/unitree/106a_final/install/unitree_sdk2/include/dds/ddsi/ddsi_shm_transport.h
[2.726s] -- Up-to-date: /home/unitree/106a_final/install/unitree_sdk2/include/dds/ddsi/ddsi_xqos.h
[2.726s] -- Up-to-date: /home/unitree/106a_final/install/unitree_sdk2/include/dds/dds.h
[2.727s] -- Up-to-date: /home/unitree/106a_final/install/unitree_sdk2/include/dds/ddsrt
[2.727s] -- Up-to-date: /home/unitree/106a_final/install/unitree_sdk2/include/dds/ddsrt/threads
[2.727s] -- Up-to-date: /home/unitree/106a_final/install/unitree_sdk2/include/dds/ddsrt/threads/windows.h
[2.727s] -- Up-to-date: /home/unitree/106a_final/install/unitree_sdk2/include/dds/ddsrt/threads/posix.h
[2.727s] -- Up-to-date: /home/unitree/106a_final/install/unitree_sdk2/include/dds/ddsrt/threads/freertos.h
[2.727s] -- Up-to-date: /home/unitree/106a_final/install/unitree_sdk2/include/dds/ddsrt/iovec.h
[2.727s] -- Up-to-date: /home/unitree/106a_final/install/unitree_sdk2/include/dds/ddsrt/xmlparser.h
[2.727s] -- Up-to-date: /home/unitree/106a_final/install/unitree_sdk2/include/dds/ddsrt/io.h
[2.728s] -- Up-to-date: /home/unitree/106a_final/install/unitree_sdk2/include/dds/ddsrt/sockets.h
[2.728s] -- Up-to-date: /home/unitree/106a_final/install/unitree_sdk2/include/dds/ddsrt/expand_vars.h
[2.728s] -- Up-to-date: /home/unitree/106a_final/install/unitree_sdk2/include/dds/ddsrt/arch.h
[2.728s] -- Up-to-date: /home/unitree/106a_final/install/unitree_sdk2/include/dds/ddsrt/log.h
[2.728s] -- Up-to-date: /home/unitree/106a_final/install/unitree_sdk2/include/dds/ddsrt/misc.h
[2.728s] -- Up-to-date: /home/unitree/106a_final/install/unitree_sdk2/include/dds/ddsrt/sched.h
[2.728s] -- Up-to-date: /home/unitree/106a_final/install/unitree_sdk2/include/dds/ddsrt/process.h
[2.729s] -- Up-to-date: /home/unitree/106a_final/install/unitree_sdk2/include/dds/ddsrt/sockets
[2.729s] -- Up-to-date: /home/unitree/106a_final/install/unitree_sdk2/include/dds/ddsrt/sockets/windows.h
[2.729s] -- Up-to-date: /home/unitree/106a_final/install/unitree_sdk2/include/dds/ddsrt/sockets/posix.h
[2.729s] -- Up-to-date: /home/unitree/106a_final/install/unitree_sdk2/include/dds/ddsrt/attributes.h
[2.729s] -- Up-to-date: /home/unitree/106a_final/install/unitree_sdk2/include/dds/ddsrt/time.h
[2.729s] -- Up-to-date: /home/unitree/106a_final/install/unitree_sdk2/include/dds/ddsrt/cdtors.h
[2.729s] -- Up-to-date: /home/unitree/106a_final/install/unitree_sdk2/include/dds/ddsrt/countargs.h
[2.729s] -- Up-to-date: /home/unitree/106a_final/install/unitree_sdk2/include/dds/ddsrt/sync.h
[2.730s] -- Up-to-date: /home/unitree/106a_final/install/unitree_sdk2/include/dds/ddsrt/netstat.h
[2.730s] -- Up-to-date: /home/unitree/106a_final/install/unitree_sdk2/include/dds/ddsrt/mh3.h
[2.730s] -- Up-to-date: /home/unitree/106a_final/install/unitree_sdk2/include/dds/ddsrt/time
[2.730s] -- Up-to-date: /home/unitree/106a_final/install/unitree_sdk2/include/dds/ddsrt/time/freertos.h
[2.730s] -- Up-to-date: /home/unitree/106a_final/install/unitree_sdk2/include/dds/ddsrt/filesystem
[2.730s] -- Up-to-date: /home/unitree/106a_final/install/unitree_sdk2/include/dds/ddsrt/filesystem/windows.h
[2.730s] -- Up-to-date: /home/unitree/106a_final/install/unitree_sdk2/include/dds/ddsrt/filesystem/posix.h
[2.730s] -- Up-to-date: /home/unitree/106a_final/install/unitree_sdk2/include/dds/ddsrt/strtod.h
[2.731s] -- Up-to-date: /home/unitree/106a_final/install/unitree_sdk2/include/dds/ddsrt/fibheap.h
[2.731s] -- Up-to-date: /home/unitree/106a_final/install/unitree_sdk2/include/dds/ddsrt/md5.h
[2.731s] -- Up-to-date: /home/unitree/106a_final/install/unitree_sdk2/include/dds/ddsrt/avl.h
[2.731s] -- Up-to-date: /home/unitree/106a_final/install/unitree_sdk2/include/dds/ddsrt/atomics.h
[2.731s] -- Up-to-date: /home/unitree/106a_final/install/unitree_sdk2/include/dds/ddsrt/environ.h
[2.731s] -- Up-to-date: /home/unitree/106a_final/install/unitree_sdk2/include/dds/ddsrt/retcode.h
[2.731s] -- Up-to-date: /home/unitree/106a_final/install/unitree_sdk2/include/dds/ddsrt/filesystem.h
[2.731s] -- Up-to-date: /home/unitree/106a_final/install/unitree_sdk2/include/dds/ddsrt/sync
[2.731s] -- Up-to-date: /home/unitree/106a_final/install/unitree_sdk2/include/dds/ddsrt/sync/windows.h
[2.732s] -- Up-to-date: /home/unitree/106a_final/install/unitree_sdk2/include/dds/ddsrt/sync/posix.h
[2.732s] -- Up-to-date: /home/unitree/106a_final/install/unitree_sdk2/include/dds/ddsrt/sync/freertos.h
[2.732s] -- Up-to-date: /home/unitree/106a_final/install/unitree_sdk2/include/dds/ddsrt/circlist.h
[2.732s] -- Up-to-date: /home/unitree/106a_final/install/unitree_sdk2/include/dds/ddsrt/types.h
[2.732s] -- Up-to-date: /home/unitree/106a_final/install/unitree_sdk2/include/dds/ddsrt/random.h
[2.732s] -- Up-to-date: /home/unitree/106a_final/install/unitree_sdk2/include/dds/ddsrt/hopscotch.h
[2.732s] -- Up-to-date: /home/unitree/106a_final/install/unitree_sdk2/include/dds/ddsrt/endian.h
[2.732s] -- Up-to-date: /home/unitree/106a_final/install/unitree_sdk2/include/dds/ddsrt/atomics
[2.733s] -- Up-to-date: /home/unitree/106a_final/install/unitree_sdk2/include/dds/ddsrt/atomics/gcc.h
[2.733s] -- Up-to-date: /home/unitree/106a_final/install/unitree_sdk2/include/dds/ddsrt/atomics/sun.h
[2.733s] -- Up-to-date: /home/unitree/106a_final/install/unitree_sdk2/include/dds/ddsrt/atomics/arm.h
[2.733s] -- Up-to-date: /home/unitree/106a_final/install/unitree_sdk2/include/dds/ddsrt/atomics/msvc.h
[2.733s] -- Up-to-date: /home/unitree/106a_final/install/unitree_sdk2/include/dds/ddsrt/threads.h
[2.733s] -- Up-to-date: /home/unitree/106a_final/install/unitree_sdk2/include/dds/ddsrt/types
[2.733s] -- Up-to-date: /home/unitree/106a_final/install/unitree_sdk2/include/dds/ddsrt/types/windows.h
[2.733s] -- Up-to-date: /home/unitree/106a_final/install/unitree_sdk2/include/dds/ddsrt/types/posix.h
[2.734s] -- Up-to-date: /home/unitree/106a_final/install/unitree_sdk2/include/dds/ddsrt/types/vxworks.h
[2.734s] -- Up-to-date: /home/unitree/106a_final/install/unitree_sdk2/include/dds/ddsrt/string.h
[2.734s] -- Up-to-date: /home/unitree/106a_final/install/unitree_sdk2/include/dds/ddsrt/strtol.h
[2.734s] -- Up-to-date: /home/unitree/106a_final/install/unitree_sdk2/include/dds/ddsrt/heap.h
[2.734s] -- Up-to-date: /home/unitree/106a_final/install/unitree_sdk2/include/dds/ddsrt/rusage.h
[2.734s] -- Up-to-date: /home/unitree/106a_final/install/unitree_sdk2/include/dds/ddsrt/ifaddrs.h
[2.734s] -- Up-to-date: /home/unitree/106a_final/install/unitree_sdk2/include/dds/ddsrt/bswap.h
[2.734s] -- Up-to-date: /home/unitree/106a_final/install/unitree_sdk2/include/dds/ddsrt/static_assert.h
[2.734s] -- Up-to-date: /home/unitree/106a_final/install/unitree_sdk2/include/dds/ddsrt/align.h
[2.735s] -- Up-to-date: /home/unitree/106a_final/install/unitree_sdk2/include/dds/ddsrt/dynlib.h
[2.735s] -- Up-to-date: /home/unitree/106a_final/install/unitree_sdk2/include/dds/export.h
[3.407s] Invoked command in '/home/unitree/106a_final/build/unitree_sdk2' returned '0': /usr/bin/cmake --install /home/unitree/106a_final/build/unitree_sdk2
