[8.098s] Invoking command in '/home/unitree/106a_final/src/navigation_node_three': PYTHONPATH=/home/unitree/106a_final/build/navigation_node_three/prefix_override:/home/unitree/106a_final/install/navigation_node_three/lib/python3.8/site-packages:${PYTHONPATH} /usr/bin/python3 setup.py egg_info --egg-base ../../build/navigation_node_three build --build-base /home/unitree/106a_final/build/navigation_node_three/build install --record /home/unitree/106a_final/build/navigation_node_three/install.log --install-scripts $base/lib/navigation_node_three --single-version-externally-managed
[9.105s] running egg_info
[9.107s] writing ../../build/navigation_node_three/navigation_node_three.egg-info/PKG-INFO
[9.108s] writing dependency_links to ../../build/navigation_node_three/navigation_node_three.egg-info/dependency_links.txt
[9.109s] writing entry points to ../../build/navigation_node_three/navigation_node_three.egg-info/entry_points.txt
[9.109s] writing requirements to ../../build/navigation_node_three/navigation_node_three.egg-info/requires.txt
[9.109s] writing top-level names to ../../build/navigation_node_three/navigation_node_three.egg-info/top_level.txt
[9.179s] reading manifest file '../../build/navigation_node_three/navigation_node_three.egg-info/SOURCES.txt'
[9.183s] writing manifest file '../../build/navigation_node_three/navigation_node_three.egg-info/SOURCES.txt'
[9.184s] running build
[9.184s] running build_py
[9.184s] running install
[9.185s] running install_lib
[9.191s] running install_data
[9.195s] running install_egg_info
[9.212s] removing '/home/unitree/106a_final/install/navigation_node_three/lib/python3.8/site-packages/navigation_node_three-0.0.0-py3.8.egg-info' (and everything under it)
[9.219s] Copying ../../build/navigation_node_three/navigation_node_three.egg-info to /home/unitree/106a_final/install/navigation_node_three/lib/python3.8/site-packages/navigation_node_three-0.0.0-py3.8.egg-info
[9.228s] running install_scripts
[9.294s] Installing navigator script to /home/unitree/106a_final/install/navigation_node_three/lib/navigation_node_three
[9.296s] writing list of installed files to '/home/unitree/106a_final/build/navigation_node_three/install.log'
[9.596s] Invoked command in '/home/unitree/106a_final/src/navigation_node_three' returned '0': PYTHONPATH=/home/unitree/106a_final/build/navigation_node_three/prefix_override:/home/unitree/106a_final/install/navigation_node_three/lib/python3.8/site-packages:${PYTHONPATH} /usr/bin/python3 setup.py egg_info --egg-base ../../build/navigation_node_three build --build-base /home/unitree/106a_final/build/navigation_node_three/build install --record /home/unitree/106a_final/build/navigation_node_three/install.log --install-scripts $base/lib/navigation_node_three --single-version-externally-managed
