[0.852s] Invoking command in '/home/unitree/106a_final/build/realsense2_camera': AMENT_PREFIX_PATH=/home/unitree/106a_final/install/realsense2_camera_msgs:${AMENT_PREFIX_PATH} CMAKE_PREFIX_PATH=/home/unitree/106a_final/install/realsense2_camera_msgs:/home/unitree/cyclonedds_ws/install/rmw_cyclonedds_cpp:/home/unitree/cyclonedds_ws/install/cyclonedds:/opt/ros/foxy LD_LIBRARY_PATH=/home/unitree/106a_final/install/realsense2_camera_msgs/lib:/usr/local/cuda-11.4/lib64:/usr/local/lib:/home/unitree/cyclonedds_ws/install/rmw_cyclonedds_cpp/lib:/home/unitree/cyclonedds_ws/install/cyclonedds/lib:/opt/ros/foxy/opt/yaml_cpp_vendor/lib:/opt/ros/foxy/opt/rviz_ogre_vendor/lib:/opt/ros/foxy/lib/aarch64-linux-gnu:/opt/ros/foxy/lib:/usr/local/cuda-11.4/lib64 PYTHONPATH=/home/unitree/106a_final/install/realsense2_camera_msgs/lib/python3.8/site-packages:${PYTHONPATH} /usr/bin/cmake --build /home/unitree/106a_final/build/realsense2_camera -- -j4 -l4
[1.163s] [ 25%] Built target realsense2_camera_node
[1.183s] [100%] Built target realsense2_camera
[2.050s] Invoked command in '/home/unitree/106a_final/build/realsense2_camera' returned '0': AMENT_PREFIX_PATH=/home/unitree/106a_final/install/realsense2_camera_msgs:${AMENT_PREFIX_PATH} CMAKE_PREFIX_PATH=/home/unitree/106a_final/install/realsense2_camera_msgs:/home/unitree/cyclonedds_ws/install/rmw_cyclonedds_cpp:/home/unitree/cyclonedds_ws/install/cyclonedds:/opt/ros/foxy LD_LIBRARY_PATH=/home/unitree/106a_final/install/realsense2_camera_msgs/lib:/usr/local/cuda-11.4/lib64:/usr/local/lib:/home/unitree/cyclonedds_ws/install/rmw_cyclonedds_cpp/lib:/home/unitree/cyclonedds_ws/install/cyclonedds/lib:/opt/ros/foxy/opt/yaml_cpp_vendor/lib:/opt/ros/foxy/opt/rviz_ogre_vendor/lib:/opt/ros/foxy/lib/aarch64-linux-gnu:/opt/ros/foxy/lib:/usr/local/cuda-11.4/lib64 PYTHONPATH=/home/unitree/106a_final/install/realsense2_camera_msgs/lib/python3.8/site-packages:${PYTHONPATH} /usr/bin/cmake --build /home/unitree/106a_final/build/realsense2_camera -- -j4 -l4
[2.054s] Invoking command in '/home/unitree/106a_final/build/realsense2_camera': AMENT_PREFIX_PATH=/home/unitree/106a_final/install/realsense2_camera_msgs:${AMENT_PREFIX_PATH} CMAKE_PREFIX_PATH=/home/unitree/106a_final/install/realsense2_camera_msgs:/home/unitree/cyclonedds_ws/install/rmw_cyclonedds_cpp:/home/unitree/cyclonedds_ws/install/cyclonedds:/opt/ros/foxy LD_LIBRARY_PATH=/home/unitree/106a_final/install/realsense2_camera_msgs/lib:/usr/local/cuda-11.4/lib64:/usr/local/lib:/home/unitree/cyclonedds_ws/install/rmw_cyclonedds_cpp/lib:/home/unitree/cyclonedds_ws/install/cyclonedds/lib:/opt/ros/foxy/opt/yaml_cpp_vendor/lib:/opt/ros/foxy/opt/rviz_ogre_vendor/lib:/opt/ros/foxy/lib/aarch64-linux-gnu:/opt/ros/foxy/lib:/usr/local/cuda-11.4/lib64 PYTHONPATH=/home/unitree/106a_final/install/realsense2_camera_msgs/lib/python3.8/site-packages:${PYTHONPATH} /usr/bin/cmake --install /home/unitree/106a_final/build/realsense2_camera
[2.085s] -- Install configuration: "Release"
[2.087s] -- Execute custom install script
[2.089s] -- Up-to-date symlink: /home/unitree/106a_final/install/realsense2_camera/lib/realsense2_camera/realsense2_camera_node
[2.091s] -- Up-to-date symlink: /home/unitree/106a_final/install/realsense2_camera/lib/librealsense2_camera.so
[2.094s] -- Up-to-date symlink: /home/unitree/106a_final/install/realsense2_camera/include/base_realsense_node.h
[2.095s] -- Up-to-date symlink: /home/unitree/106a_final/install/realsense2_camera/include/constants.h
[2.096s] -- Up-to-date symlink: /home/unitree/106a_final/install/realsense2_camera/include/dynamic_params.h
[2.097s] -- Up-to-date symlink: /home/unitree/106a_final/install/realsense2_camera/include/realsense_node_factory.h
[2.097s] -- Up-to-date symlink: /home/unitree/106a_final/install/realsense2_camera/include/ros_param_backend.h
[2.098s] -- Up-to-date symlink: /home/unitree/106a_final/install/realsense2_camera/include/t265_realsense_node.h
[2.100s] -- Up-to-date symlink: /home/unitree/106a_final/install/realsense2_camera/share/realsense2_camera/launch/default.rviz
[2.101s] -- Up-to-date symlink: /home/unitree/106a_final/install/realsense2_camera/share/realsense2_camera/launch/demo_pointcloud_launch.py
[2.101s] -- Up-to-date symlink: /home/unitree/106a_final/install/realsense2_camera/share/realsense2_camera/launch/demo_t265_launch.py
[2.102s] -- Up-to-date symlink: /home/unitree/106a_final/install/realsense2_camera/share/realsense2_camera/launch/rs_d400_and_t265_launch.py
[2.103s] -- Up-to-date symlink: /home/unitree/106a_final/install/realsense2_camera/share/realsense2_camera/launch/rs_launch.py
[2.103s] -- Up-to-date symlink: /home/unitree/106a_final/install/realsense2_camera/share/realsense2_camera/launch/rs_multi_camera_launch.py
[2.104s] -- Up-to-date symlink: /home/unitree/106a_final/install/realsense2_camera/share/realsense2_camera/launch/rs_t265_launch.py
[2.105s] -- Up-to-date symlink: /home/unitree/106a_final/install/realsense2_camera/share/realsense2_camera/config/d435i.yaml
[2.106s] -- Up-to-date symlink: /home/unitree/106a_final/install/realsense2_camera/share/realsense2_camera/rviz/pointcloud.rviz
[2.107s] -- Up-to-date symlink: /home/unitree/106a_final/install/realsense2_camera/share/realsense2_camera/rviz/t265.rviz
[2.107s] -- Up-to-date symlink: /home/unitree/106a_final/install/realsense2_camera/share/realsense2_camera/environment/library_path.sh
[2.109s] -- Up-to-date symlink: /home/unitree/106a_final/install/realsense2_camera/share/realsense2_camera/environment/library_path.dsv
[2.111s] -- Up-to-date symlink: /home/unitree/106a_final/install/realsense2_camera/share/ament_index/resource_index/package_run_dependencies/realsense2_camera
[2.113s] -- Up-to-date symlink: /home/unitree/106a_final/install/realsense2_camera/share/ament_index/resource_index/parent_prefix_path/realsense2_camera
[2.114s] -- Up-to-date symlink: /home/unitree/106a_final/install/realsense2_camera/share/realsense2_camera/environment/ament_prefix_path.sh
[2.116s] -- Up-to-date symlink: /home/unitree/106a_final/install/realsense2_camera/share/realsense2_camera/environment/ament_prefix_path.dsv
[2.117s] -- Up-to-date symlink: /home/unitree/106a_final/install/realsense2_camera/share/realsense2_camera/environment/path.sh
[2.118s] -- Up-to-date symlink: /home/unitree/106a_final/install/realsense2_camera/share/realsense2_camera/environment/path.dsv
[2.120s] -- Up-to-date symlink: /home/unitree/106a_final/install/realsense2_camera/share/realsense2_camera/local_setup.bash
[2.121s] -- Up-to-date symlink: /home/unitree/106a_final/install/realsense2_camera/share/realsense2_camera/local_setup.sh
[2.122s] -- Up-to-date symlink: /home/unitree/106a_final/install/realsense2_camera/share/realsense2_camera/local_setup.zsh
[2.124s] -- Up-to-date symlink: /home/unitree/106a_final/install/realsense2_camera/share/realsense2_camera/local_setup.dsv
[2.125s] -- Symlinking: /home/unitree/106a_final/install/realsense2_camera/share/realsense2_camera/package.dsv
[2.165s] -- Up-to-date symlink: /home/unitree/106a_final/install/realsense2_camera/share/ament_index/resource_index/packages/realsense2_camera
[2.165s] -- Up-to-date symlink: /home/unitree/106a_final/install/realsense2_camera/share/ament_index/resource_index/rclcpp_components/realsense2_camera
[2.166s] -- Up-to-date symlink: /home/unitree/106a_final/install/realsense2_camera/share/realsense2_camera/cmake/ament_cmake_export_include_directories-extras.cmake
[2.166s] -- Up-to-date symlink: /home/unitree/106a_final/install/realsense2_camera/share/realsense2_camera/cmake/ament_cmake_export_libraries-extras.cmake
[2.167s] -- Up-to-date symlink: /home/unitree/106a_final/install/realsense2_camera/share/realsense2_camera/cmake/ament_cmake_export_dependencies-extras.cmake
[2.167s] -- Up-to-date symlink: /home/unitree/106a_final/install/realsense2_camera/share/realsense2_camera/cmake/realsense2_cameraConfig.cmake
[2.167s] -- Up-to-date symlink: /home/unitree/106a_final/install/realsense2_camera/share/realsense2_camera/cmake/realsense2_cameraConfig-version.cmake
[2.168s] -- Up-to-date symlink: /home/unitree/106a_final/install/realsense2_camera/share/realsense2_camera/package.xml
[2.186s] Invoked command in '/home/unitree/106a_final/build/realsense2_camera' returned '0': AMENT_PREFIX_PATH=/home/unitree/106a_final/install/realsense2_camera_msgs:${AMENT_PREFIX_PATH} CMAKE_PREFIX_PATH=/home/unitree/106a_final/install/realsense2_camera_msgs:/home/unitree/cyclonedds_ws/install/rmw_cyclonedds_cpp:/home/unitree/cyclonedds_ws/install/cyclonedds:/opt/ros/foxy LD_LIBRARY_PATH=/home/unitree/106a_final/install/realsense2_camera_msgs/lib:/usr/local/cuda-11.4/lib64:/usr/local/lib:/home/unitree/cyclonedds_ws/install/rmw_cyclonedds_cpp/lib:/home/unitree/cyclonedds_ws/install/cyclonedds/lib:/opt/ros/foxy/opt/yaml_cpp_vendor/lib:/opt/ros/foxy/opt/rviz_ogre_vendor/lib:/opt/ros/foxy/lib/aarch64-linux-gnu:/opt/ros/foxy/lib:/usr/local/cuda-11.4/lib64 PYTHONPATH=/home/unitree/106a_final/install/realsense2_camera_msgs/lib/python3.8/site-packages:${PYTHONPATH} /usr/bin/cmake --install /home/unitree/106a_final/build/realsense2_camera
