-- The C compiler identification is GNU 9.4.0
-- The CXX compiler identification is GNU 9.4.0
-- Check for working C compiler: /usr/bin/cc
-- Check for working C compiler: /usr/bin/cc -- works
-- Detecting C compiler ABI info
-- Detecting C compiler ABI info - done
-- Detecting C compile features
-- Detecting C compile features - done
-- Check for working CXX compiler: /usr/bin/c++
-- Check for working CXX compiler: /usr/bin/c++ -- works
-- Detecting CXX compiler ABI info
-- Detecting CXX compiler ABI info - done
-- Detecting CXX compile features
-- Detecting CXX compile features - done
-- Found ament_cmake: 0.9.12 (/opt/ros/foxy/share/ament_cmake/cmake)
-- Found PythonInterp: /usr/bin/python3 (found suitable version "3.8.10", minimum required is "3") 
-- Using PYTHON_EXECUTABLE: /usr/bin/python3
-- Found rclcpp: 2.4.3 (/opt/ros/foxy/share/rclcpp/cmake)
-- Using all available rosidl_typesupport_c: rosidl_typesupport_fastrtps_c;rosidl_typesupport_introspection_c
-- Found rosidl_adapter: 1.3.1 (/opt/ros/foxy/share/rosidl_adapter/cmake)
-- Found OpenSSL: /usr/lib/aarch64-linux-gnu/libcrypto.so (found version "1.1.1f")  
-- Found FastRTPS: /opt/ros/foxy/include  
-- Using all available rosidl_typesupport_cpp: rosidl_typesupport_fastrtps_cpp;rosidl_typesupport_introspection_cpp
-- Found rmw_implementation_cmake: 1.0.4 (/opt/ros/foxy/share/rmw_implementation_cmake/cmake)
-- Using RMW implementation 'rmw_cyclonedds_cpp' as default
-- Looking for pthread.h
-- Looking for pthread.h - found
-- Performing Test CMAKE_HAVE_LIBC_PTHREAD
-- Performing Test CMAKE_HAVE_LIBC_PTHREAD - Failed
-- Looking for pthread_create in pthreads
-- Looking for pthread_create in pthreads - not found
-- Looking for pthread_create in pthread
-- Looking for pthread_create in pthread - found
-- Found Threads: TRUE  
-- Found sensor_msgs: 2.0.5 (/opt/ros/foxy/share/sensor_msgs/cmake)
-- Configuring done
-- Generating done
-- Build files have been written to: /home/unitree/106a_final/build/arm_driver
[35m[1mScanning dependencies of target d1_wrapper[0m
[ 16%] [32mBuilding CXX object CMakeFiles/d1_wrapper.dir/home/unitree/106a_final/src/d1_sdk/src/msg/PubServoInfo_.cpp.o[0m
[ 33%] [32mBuilding CXX object CMakeFiles/d1_wrapper.dir/home/unitree/106a_final/src/d1_sdk/src/msg/ArmString_.cpp.o[0m
[ 50%] [32mBuilding CXX object CMakeFiles/d1_wrapper.dir/src/D1Wrapper.cpp.o[0m
[ 66%] [32m[1mLinking CXX static library libd1_wrapper.a[0m
[ 66%] Built target d1_wrapper
[35m[1mScanning dependencies of target servo_driver[0m
[ 83%] [32mBuilding CXX object CMakeFiles/servo_driver.dir/src/servo_driver.cpp.o[0m
[100%] [32m[1mLinking CXX executable servo_driver[0m
[100%] Built target servo_driver
-- Install configuration: ""
-- Installing: /home/unitree/106a_final/install/arm_driver/lib/arm_driver/servo_driver
-- Set runtime path of "/home/unitree/106a_final/install/arm_driver/lib/arm_driver/servo_driver" to ""
-- Installing: /home/unitree/106a_final/install/arm_driver/share/arm_driver/launch
-- Installing: /home/unitree/106a_final/install/arm_driver/share/arm_driver/launch/arm_driver.launch.py
-- Installing: /home/unitree/106a_final/install/arm_driver/share/ament_index/resource_index/package_run_dependencies/arm_driver
-- Installing: /home/unitree/106a_final/install/arm_driver/share/ament_index/resource_index/parent_prefix_path/arm_driver
-- Installing: /home/unitree/106a_final/install/arm_driver/share/arm_driver/environment/ament_prefix_path.sh
-- Installing: /home/unitree/106a_final/install/arm_driver/share/arm_driver/environment/ament_prefix_path.dsv
-- Installing: /home/unitree/106a_final/install/arm_driver/share/arm_driver/environment/path.sh
-- Installing: /home/unitree/106a_final/install/arm_driver/share/arm_driver/environment/path.dsv
-- Installing: /home/unitree/106a_final/install/arm_driver/share/arm_driver/local_setup.bash
-- Installing: /home/unitree/106a_final/install/arm_driver/share/arm_driver/local_setup.sh
-- Installing: /home/unitree/106a_final/install/arm_driver/share/arm_driver/local_setup.zsh
-- Installing: /home/unitree/106a_final/install/arm_driver/share/arm_driver/local_setup.dsv
-- Installing: /home/unitree/106a_final/install/arm_driver/share/arm_driver/package.dsv
-- Installing: /home/unitree/106a_final/install/arm_driver/share/ament_index/resource_index/packages/arm_driver
-- Installing: /home/unitree/106a_final/install/arm_driver/share/arm_driver/cmake/arm_driverConfig.cmake
-- Installing: /home/unitree/106a_final/install/arm_driver/share/arm_driver/cmake/arm_driverConfig-version.cmake
-- Installing: /home/unitree/106a_final/install/arm_driver/share/arm_driver/package.xml
