[4.228s] Invoking command in '/home/unitree/106a_final/src/vision_node': PYTHONPATH=/home/unitree/106a_final/build/vision_node/prefix_override:/home/unitree/106a_final/install/vision_node/lib/python3.8/site-packages:${PYTHONPATH} /usr/bin/python3 setup.py egg_info --egg-base ../../build/vision_node build --build-base /home/unitree/106a_final/build/vision_node/build install --record /home/unitree/106a_final/build/vision_node/install.log --install-scripts $base/lib/vision_node --single-version-externally-managed
[4.838s] running egg_info
[4.840s] writing ../../build/vision_node/vision_node.egg-info/PKG-INFO
[4.840s] writing dependency_links to ../../build/vision_node/vision_node.egg-info/dependency_links.txt
[4.841s] writing entry points to ../../build/vision_node/vision_node.egg-info/entry_points.txt
[4.841s] writing requirements to ../../build/vision_node/vision_node.egg-info/requires.txt
[4.842s] writing top-level names to ../../build/vision_node/vision_node.egg-info/top_level.txt
[4.910s] reading manifest file '../../build/vision_node/vision_node.egg-info/SOURCES.txt'
[4.912s] writing manifest file '../../build/vision_node/vision_node.egg-info/SOURCES.txt'
[4.913s] running build
[4.913s] running build_py
[4.914s] copying vision_node/pingpong.py -> /home/unitree/106a_final/build/vision_node/build/lib/vision_node
[4.914s] running install
[4.916s] running install_lib
[4.919s] copying /home/unitree/106a_final/build/vision_node/build/lib/vision_node/pingpong.py -> /home/unitree/106a_final/install/vision_node/lib/python3.8/site-packages/vision_node
[4.924s] byte-compiling /home/unitree/106a_final/install/vision_node/lib/python3.8/site-packages/vision_node/pingpong.py to pingpong.cpython-38.pyc
[4.929s] running install_data
[4.930s] running install_egg_info
[4.934s] removing '/home/unitree/106a_final/install/vision_node/lib/python3.8/site-packages/vision_node-0.0.0-py3.8.egg-info' (and everything under it)
[4.935s] Copying ../../build/vision_node/vision_node.egg-info to /home/unitree/106a_final/install/vision_node/lib/python3.8/site-packages/vision_node-0.0.0-py3.8.egg-info
[4.937s] running install_scripts
[4.980s] Installing pingpong_node script to /home/unitree/106a_final/install/vision_node/lib/vision_node
[4.981s] writing list of installed files to '/home/unitree/106a_final/build/vision_node/install.log'
[6.235s] Invoked command in '/home/unitree/106a_final/src/vision_node' returned '0': PYTHONPATH=/home/unitree/106a_final/build/vision_node/prefix_override:/home/unitree/106a_final/install/vision_node/lib/python3.8/site-packages:${PYTHONPATH} /usr/bin/python3 setup.py egg_info --egg-base ../../build/vision_node build --build-base /home/unitree/106a_final/build/vision_node/build install --record /home/unitree/106a_final/build/vision_node/install.log --install-scripts $base/lib/vision_node --single-version-externally-managed
