make: Warning: File 'Makefile' has modification time 1764711434 s in the future
make[1]: Warning: File 'CMakeFiles/Makefile2' has modification time 1764711434 s in the future
make[2]: Warning: File 'CMakeFiles/realsense2_camera_msgs__cpp.dir/progress.make' has modification time 1764711434 s in the future
make[2]: Warning: File 'CMakeFiles/realsense2_camera_msgs__rosidl_generator_c.dir/flags.make' has modification time 1764640349 s in the future
make[2]: warning:  Clock skew detected.  Your build may be incomplete.
make[2]: Warning: File 'CMakeFiles/realsense2_camera_msgs__cpp.dir/progress.make' has modification time 1764711434 s in the future
make[2]: warning:  Clock skew detected.  Your build may be incomplete.
make[2]: warning:  Clock skew detected.  Your build may be incomplete.
make[2]: Warning: File 'CMakeFiles/realsense2_camera_msgs__rosidl_generator_c.dir/flags.make' has modification time 1764640349 s in the future
make[2]: warning:  Clock skew detected.  Your build may be incomplete.
make[2]: Warning: File 'CMakeFiles/realsense2_camera_msgs__rosidl_typesupport_cpp.dir/flags.make' has modification time 1764640349 s in the future
make[2]: Warning: File 'CMakeFiles/realsense2_camera_msgs__rosidl_typesupport_fastrtps_cpp.dir/flags.make' has modification time 1764640349 s in the future
make[2]: Warning: File 'CMakeFiles/realsense2_camera_msgs__rosidl_typesupport_introspection_cpp.dir/flags.make' has modification time 1764640349 s in the future
make[2]: Warning: File 'CMakeFiles/realsense2_camera_msgs__rosidl_typesupport_introspection_c.dir/flags.make' has modification time 1764640349 s in the future
make[2]: warning:  Clock skew detected.  Your build may be incomplete.
make[2]: Warning: File 'CMakeFiles/realsense2_camera_msgs__rosidl_typesupport_cpp.dir/flags.make' has modification time 1764640349 s in the future
make[2]: warning:  Clock skew detected.  Your build may be incomplete.
make[2]: warning:  Clock skew detected.  Your build may be incomplete.
make[2]: warning:  Clock skew detected.  Your build may be incomplete.
make[2]: Warning: File 'CMakeFiles/realsense2_camera_msgs__rosidl_typesupport_fastrtps_cpp.dir/flags.make' has modification time 1764640349 s in the future
make[2]: Warning: File 'CMakeFiles/realsense2_camera_msgs__rosidl_typesupport_introspection_cpp.dir/flags.make' has modification time 1764640349 s in the future
make[2]: warning:  Clock skew detected.  Your build may be incomplete.
make[2]: warning:  Clock skew detected.  Your build may be incomplete.
make[2]: Warning: File 'CMakeFiles/realsense2_camera_msgs__rosidl_typesupport_introspection_c.dir/flags.make' has modification time 1764640349 s in the future
make[2]: warning:  Clock skew detected.  Your build may be incomplete.
make[2]: warning:  Clock skew detected.  Your build may be incomplete.
make[2]: Warning: File 'CMakeFiles/realsense2_camera_msgs__rosidl_typesupport_c.dir/flags.make' has modification time 1764640349 s in the future
make[2]: Warning: File 'CMakeFiles/realsense2_camera_msgs__rosidl_typesupport_fastrtps_c.dir/flags.make' has modification time 1764640349 s in the future
make[2]: warning:  Clock skew detected.  Your build may be incomplete.
make[2]: Warning: File 'CMakeFiles/realsense2_camera_msgs__rosidl_typesupport_c.dir/flags.make' has modification time 1764640349 s in the future
make[2]: warning:  Clock skew detected.  Your build may be incomplete.
make[2]: warning:  Clock skew detected.  Your build may be incomplete.
make[2]: Warning: File 'CMakeFiles/realsense2_camera_msgs__rosidl_typesupport_fastrtps_c.dir/flags.make' has modification time 1764640349 s in the future
make[2]: warning:  Clock skew detected.  Your build may be incomplete.
make[2]: Warning: File 'CMakeFiles/realsense2_camera_msgs.dir/progress.make' has modification time 1764711433 s in the future
make[2]: warning:  Clock skew detected.  Your build may be incomplete.
make[2]: Warning: File 'CMakeFiles/realsense2_camera_msgs.dir/progress.make' has modification time 1764711433 s in the future
make[2]: warning:  Clock skew detected.  Your build may be incomplete.
make[2]: Warning: File 'realsense2_camera_msgs__py/CMakeFiles/realsense2_camera_msgs__py.dir/progress.make' has modification time 1764711433 s in the future
make[2]: warning:  Clock skew detected.  Your build may be incomplete.
make[2]: Warning: File 'realsense2_camera_msgs__py/CMakeFiles/realsense2_camera_msgs__py.dir/progress.make' has modification time 1764711433 s in the future
make[2]: warning:  Clock skew detected.  Your build may be incomplete.
make[2]: Warning: File 'CMakeFiles/realsense2_camera_msgs__python.dir/flags.make' has modification time 1764640349 s in the future
make[2]: warning:  Clock skew detected.  Your build may be incomplete.
make[2]: Warning: File 'CMakeFiles/realsense2_camera_msgs__python.dir/flags.make' has modification time 1764640349 s in the future
make[2]: warning:  Clock skew detected.  Your build may be incomplete.
make[2]: Warning: File 'CMakeFiles/realsense2_camera_msgs__rosidl_typesupport_c__pyext.dir/flags.make' has modification time 1764640349 s in the future
make[2]: Warning: File 'CMakeFiles/realsense2_camera_msgs__rosidl_typesupport_introspection_c__pyext.dir/flags.make' has modification time 1764640349 s in the future
make[2]: Warning: File 'CMakeFiles/realsense2_camera_msgs__rosidl_typesupport_fastrtps_c__pyext.dir/flags.make' has modification time 1764640349 s in the future
make[2]: warning:  Clock skew detected.  Your build may be incomplete.
make[2]: Warning: File 'CMakeFiles/realsense2_camera_msgs__rosidl_typesupport_introspection_c__pyext.dir/flags.make' has modification time 1764640349 s in the future
make[2]: warning:  Clock skew detected.  Your build may be incomplete.
make[2]: Warning: File 'CMakeFiles/realsense2_camera_msgs__rosidl_typesupport_c__pyext.dir/flags.make' has modification time 1764640349 s in the future
make[2]: warning:  Clock skew detected.  Your build may be incomplete.
make[2]: warning:  Clock skew detected.  Your build may be incomplete.
make[2]: warning:  Clock skew detected.  Your build may be incomplete.
make[2]: Warning: File 'CMakeFiles/realsense2_camera_msgs__rosidl_typesupport_fastrtps_c__pyext.dir/flags.make' has modification time 1764640349 s in the future
make[2]: warning:  Clock skew detected.  Your build may be incomplete.
make[1]: warning:  Clock skew detected.  Your build may be incomplete.
make: warning:  Clock skew detected.  Your build may be incomplete.
