[0.537s] Invoking command in '/home/unitree/106a_final/build/arm_driver': CMAKE_PREFIX_PATH=${CMAKE_PREFIX_PATH}:/home/unitree/106a_final/install/navigation_node:/home/unitree/106a_final/install/arm_control:/home/unitree/106a_final/install/vision_node:/home/unitree/106a_final/install/navigation_node_two:/home/unitree/106a_final/install/aruco_node:/opt/ros/foxy /usr/bin/cmake --build /home/unitree/106a_final/build/arm_driver -- -j4 -l4
[0.720s] [35m[1mScanning dependencies of target d1_wrapper[0m
[0.751s] [ 20%] [32mBuilding CXX object CMakeFiles/d1_wrapper.dir/src/D1Wrapper.cpp.o[0m
[7.249s] [ 40%] [32m[1mLinking CXX static library libd1_wrapper.a[0m
[7.377s] [ 60%] Built target d1_wrapper
[7.423s] [35m[1mScanning dependencies of target servo_driver[0m
[7.515s] [ 80%] [32mBuilding CXX object CMakeFiles/servo_driver.dir/src/servo_driver.cpp.o[0m
[21.373s] [100%] [32m[1mLinking CXX executable servo_driver[0m
[22.636s] [100%] Built target servo_driver
[22.678s] Invoked command in '/home/unitree/106a_final/build/arm_driver' returned '0': CMAKE_PREFIX_PATH=${CMAKE_PREFIX_PATH}:/home/unitree/106a_final/install/navigation_node:/home/unitree/106a_final/install/arm_control:/home/unitree/106a_final/install/vision_node:/home/unitree/106a_final/install/navigation_node_two:/home/unitree/106a_final/install/aruco_node:/opt/ros/foxy /usr/bin/cmake --build /home/unitree/106a_final/build/arm_driver -- -j4 -l4
[22.716s] Invoking command in '/home/unitree/106a_final/build/arm_driver': CMAKE_PREFIX_PATH=${CMAKE_PREFIX_PATH}:/home/unitree/106a_final/install/navigation_node:/home/unitree/106a_final/install/arm_control:/home/unitree/106a_final/install/vision_node:/home/unitree/106a_final/install/navigation_node_two:/home/unitree/106a_final/install/aruco_node:/opt/ros/foxy /usr/bin/cmake --install /home/unitree/106a_final/build/arm_driver
[22.747s] -- Install configuration: ""
[22.749s] -- Installing: /home/unitree/106a_final/install/arm_driver/lib/arm_driver/servo_driver
[22.761s] -- Set runtime path of "/home/unitree/106a_final/install/arm_driver/lib/arm_driver/servo_driver" to ""
[22.762s] -- Up-to-date: /home/unitree/106a_final/install/arm_driver/share/arm_driver/launch
[22.763s] -- Installing: /home/unitree/106a_final/install/arm_driver/share/arm_driver/launch/arm_driver.launch.py
[22.764s] -- Up-to-date: /home/unitree/106a_final/install/arm_driver/share/ament_index/resource_index/package_run_dependencies/arm_driver
[22.764s] -- Up-to-date: /home/unitree/106a_final/install/arm_driver/share/ament_index/resource_index/parent_prefix_path/arm_driver
[22.765s] -- Up-to-date: /home/unitree/106a_final/install/arm_driver/share/arm_driver/environment/ament_prefix_path.sh
[22.765s] -- Up-to-date: /home/unitree/106a_final/install/arm_driver/share/arm_driver/environment/ament_prefix_path.dsv
[22.766s] -- Up-to-date: /home/unitree/106a_final/install/arm_driver/share/arm_driver/environment/path.sh
[22.766s] -- Up-to-date: /home/unitree/106a_final/install/arm_driver/share/arm_driver/environment/path.dsv
[22.767s] -- Up-to-date: /home/unitree/106a_final/install/arm_driver/share/arm_driver/local_setup.bash
[22.767s] -- Up-to-date: /home/unitree/106a_final/install/arm_driver/share/arm_driver/local_setup.sh
[22.768s] -- Up-to-date: /home/unitree/106a_final/install/arm_driver/share/arm_driver/local_setup.zsh
[22.768s] -- Up-to-date: /home/unitree/106a_final/install/arm_driver/share/arm_driver/local_setup.dsv
[22.769s] -- Installing: /home/unitree/106a_final/install/arm_driver/share/arm_driver/package.dsv
[22.770s] -- Up-to-date: /home/unitree/106a_final/install/arm_driver/share/ament_index/resource_index/packages/arm_driver
[22.770s] -- Up-to-date: /home/unitree/106a_final/install/arm_driver/share/arm_driver/cmake/arm_driverConfig.cmake
[22.771s] -- Up-to-date: /home/unitree/106a_final/install/arm_driver/share/arm_driver/cmake/arm_driverConfig-version.cmake
[22.771s] -- Up-to-date: /home/unitree/106a_final/install/arm_driver/share/arm_driver/package.xml
[22.784s] Invoked command in '/home/unitree/106a_final/build/arm_driver' returned '0': CMAKE_PREFIX_PATH=${CMAKE_PREFIX_PATH}:/home/unitree/106a_final/install/navigation_node:/home/unitree/106a_final/install/arm_control:/home/unitree/106a_final/install/vision_node:/home/unitree/106a_final/install/navigation_node_two:/home/unitree/106a_final/install/aruco_node:/opt/ros/foxy /usr/bin/cmake --install /home/unitree/106a_final/build/arm_driver
