[7.343s] Invoking command in '/home/unitree/106a_final/src/arm_control': PYTHONPATH=/home/unitree/106a_final/build/arm_control/prefix_override:/home/unitree/106a_final/install/arm_control/lib/python3.8/site-packages:${PYTHONPATH} /usr/bin/python3 setup.py egg_info --egg-base ../../build/arm_control build --build-base /home/unitree/106a_final/build/arm_control/build install --record /home/unitree/106a_final/build/arm_control/install.log --install-scripts $base/lib/arm_control --single-version-externally-managed
[8.267s] running egg_info
[8.268s] writing ../../build/arm_control/arm_control.egg-info/PKG-INFO
[8.268s] writing dependency_links to ../../build/arm_control/arm_control.egg-info/dependency_links.txt
[8.268s] writing entry points to ../../build/arm_control/arm_control.egg-info/entry_points.txt
[8.268s] writing requirements to ../../build/arm_control/arm_control.egg-info/requires.txt
[8.269s] writing top-level names to ../../build/arm_control/arm_control.egg-info/top_level.txt
[8.338s] reading manifest file '../../build/arm_control/arm_control.egg-info/SOURCES.txt'
[8.339s] writing manifest file '../../build/arm_control/arm_control.egg-info/SOURCES.txt'
[8.340s] running build
[8.340s] running build_py
[8.340s] running install
[8.342s] running install_lib
[8.345s] running install_data
[8.346s] running install_egg_info
[8.352s] removing '/home/unitree/106a_final/install/arm_control/lib/python3.8/site-packages/arm_control-0.0.0-py3.8.egg-info' (and everything under it)
[8.352s] Copying ../../build/arm_control/arm_control.egg-info to /home/unitree/106a_final/install/arm_control/lib/python3.8/site-packages/arm_control-0.0.0-py3.8.egg-info
[8.353s] running install_scripts
[8.394s] Installing arm_node script to /home/unitree/106a_final/install/arm_control/lib/arm_control
[8.395s] Installing servo_driver script to /home/unitree/106a_final/install/arm_control/lib/arm_control
[8.396s] writing list of installed files to '/home/unitree/106a_final/build/arm_control/install.log'
[8.795s] Invoked command in '/home/unitree/106a_final/src/arm_control' returned '0': PYTHONPATH=/home/unitree/106a_final/build/arm_control/prefix_override:/home/unitree/106a_final/install/arm_control/lib/python3.8/site-packages:${PYTHONPATH} /usr/bin/python3 setup.py egg_info --egg-base ../../build/arm_control build --build-base /home/unitree/106a_final/build/arm_control/build install --record /home/unitree/106a_final/build/arm_control/install.log --install-scripts $base/lib/arm_control --single-version-externally-managed
