-- Found ament_cmake: 0.9.12 (/opt/ros/foxy/share/ament_cmake/cmake)
-- Using PYTHON_EXECUTABLE: /usr/bin/python3
-- Found rclcpp: 2.4.3 (/opt/ros/foxy/share/rclcpp/cmake)
-- Using all available rosidl_typesupport_c: rosidl_typesupport_fastrtps_c;rosidl_typesupport_introspection_c
-- Found rosidl_adapter: 1.3.1 (/opt/ros/foxy/share/rosidl_adapter/cmake)
-- Using all available rosidl_typesupport_cpp: rosidl_typesupport_fastrtps_cpp;rosidl_typesupport_introspection_cpp
-- Found rmw_implementation_cmake: 1.0.4 (/opt/ros/foxy/share/rmw_implementation_cmake/cmake)
-- Using RMW implementation 'rmw_cyclonedds_cpp' as default
-- Configuring done
-- Generating done
-- Build files have been written to: /home/unitree/106a_final/build/arm_driver
[ 60%] Built target d1_wrapper
[100%] Built target servo_driver
-- Install configuration: ""
-- Up-to-date: /home/unitree/106a_final/install/arm_driver/lib/arm_driver/servo_driver
-- Installing: /home/unitree/106a_final/install/arm_driver/share/arm_driver/launch
-- Installing: /home/unitree/106a_final/install/arm_driver/share/arm_driver/launch/arm_driver.launch.py
-- Up-to-date: /home/unitree/106a_final/install/arm_driver/share/ament_index/resource_index/package_run_dependencies/arm_driver
-- Installing: /home/unitree/106a_final/install/arm_driver/share/ament_index/resource_index/parent_prefix_path/arm_driver
-- Up-to-date: /home/unitree/106a_final/install/arm_driver/share/arm_driver/environment/ament_prefix_path.sh
-- Installing: /home/unitree/106a_final/install/arm_driver/share/arm_driver/environment/ament_prefix_path.dsv
-- Up-to-date: /home/unitree/106a_final/install/arm_driver/share/arm_driver/environment/path.sh
-- Installing: /home/unitree/106a_final/install/arm_driver/share/arm_driver/environment/path.dsv
-- Up-to-date: /home/unitree/106a_final/install/arm_driver/share/arm_driver/local_setup.bash
-- Up-to-date: /home/unitree/106a_final/install/arm_driver/share/arm_driver/local_setup.sh
-- Up-to-date: /home/unitree/106a_final/install/arm_driver/share/arm_driver/local_setup.zsh
-- Installing: /home/unitree/106a_final/install/arm_driver/share/arm_driver/local_setup.dsv
-- Installing: /home/unitree/106a_final/install/arm_driver/share/arm_driver/package.dsv
-- Up-to-date: /home/unitree/106a_final/install/arm_driver/share/ament_index/resource_index/packages/arm_driver
-- Up-to-date: /home/unitree/106a_final/install/arm_driver/share/arm_driver/cmake/arm_driverConfig.cmake
-- Up-to-date: /home/unitree/106a_final/install/arm_driver/share/arm_driver/cmake/arm_driverConfig-version.cmake
-- Up-to-date: /home/unitree/106a_final/install/arm_driver/share/arm_driver/package.xml
