[2.866s] Invoking command in '/home/unitree/106a_final/build/base_driver': CMAKE_PREFIX_PATH=${CMAKE_PREFIX_PATH}:/home/unitree/106a_final/install/navigation_node_three:/home/unitree/106a_final/install/navigatigation_node_three:/home/unitree/106a_final/install/vision_node:/home/unitree/106a_final/install/navigation_node_two:/home/unitree/106a_final/install/navigation_node:/home/unitree/106a_final/install/aruco_node:/home/unitree/106a_final/install/arm_control:/opt/ros/foxy /usr/bin/cmake --build /home/unitree/106a_final/build/base_driver -- -j4 -l4
[3.168s] [35m[1mScanning dependencies of target base_wrapper[0m
[3.242s] [ 25%] [32mBuilding CXX object CMakeFiles/base_wrapper.dir/src/BaseWrapper.cpp.o[0m
[9.408s] [ 50%] [32m[1mLinking CXX static library libbase_wrapper.a[0m
[9.507s] [ 50%] Built target base_wrapper
[9.539s] [35m[1mScanning dependencies of target base_driver[0m
[9.611s] [ 75%] [32mBuilding CXX object CMakeFiles/base_driver.dir/src/base_driver.cpp.o[0m
[31.960s] [100%] [32m[1mLinking CXX executable base_driver[0m
[34.735s] Built target base_driver
[34.777s] Invoked command in '/home/unitree/106a_final/build/base_driver' returned '0': CMAKE_PREFIX_PATH=${CMAKE_PREFIX_PATH}:/home/unitree/106a_final/install/navigation_node_three:/home/unitree/106a_final/install/navigatigation_node_three:/home/unitree/106a_final/install/vision_node:/home/unitree/106a_final/install/navigation_node_two:/home/unitree/106a_final/install/navigation_node:/home/unitree/106a_final/install/aruco_node:/home/unitree/106a_final/install/arm_control:/opt/ros/foxy /usr/bin/cmake --build /home/unitree/106a_final/build/base_driver -- -j4 -l4
[34.784s] Invoking command in '/home/unitree/106a_final/build/base_driver': CMAKE_PREFIX_PATH=${CMAKE_PREFIX_PATH}:/home/unitree/106a_final/install/navigation_node_three:/home/unitree/106a_final/install/navigatigation_node_three:/home/unitree/106a_final/install/vision_node:/home/unitree/106a_final/install/navigation_node_two:/home/unitree/106a_final/install/navigation_node:/home/unitree/106a_final/install/aruco_node:/home/unitree/106a_final/install/arm_control:/opt/ros/foxy /usr/bin/cmake --install /home/unitree/106a_final/build/base_driver
[34.822s] -- Install configuration: ""
[34.823s] -- Installing: /home/unitree/106a_final/install/base_driver/lib/base_driver/base_driver
[34.835s] -- Set runtime path of "/home/unitree/106a_final/install/base_driver/lib/base_driver/base_driver" to ""
[34.836s] -- Up-to-date: /home/unitree/106a_final/install/base_driver/share/ament_index/resource_index/package_run_dependencies/base_driver
[34.836s] -- Up-to-date: /home/unitree/106a_final/install/base_driver/share/ament_index/resource_index/parent_prefix_path/base_driver
[34.837s] -- Up-to-date: /home/unitree/106a_final/install/base_driver/share/base_driver/environment/ament_prefix_path.sh
[34.837s] -- Up-to-date: /home/unitree/106a_final/install/base_driver/share/base_driver/environment/ament_prefix_path.dsv
[34.837s] -- Up-to-date: /home/unitree/106a_final/install/base_driver/share/base_driver/environment/path.sh
[34.837s] -- Up-to-date: /home/unitree/106a_final/install/base_driver/share/base_driver/environment/path.dsv
[34.837s] -- Up-to-date: /home/unitree/106a_final/install/base_driver/share/base_driver/local_setup.bash
[34.837s] -- Up-to-date: /home/unitree/106a_final/install/base_driver/share/base_driver/local_setup.sh
[34.838s] -- Up-to-date: /home/unitree/106a_final/install/base_driver/share/base_driver/local_setup.zsh
[34.838s] -- Up-to-date: /home/unitree/106a_final/install/base_driver/share/base_driver/local_setup.dsv
[34.838s] -- Installing: /home/unitree/106a_final/install/base_driver/share/base_driver/package.dsv
[34.838s] -- Up-to-date: /home/unitree/106a_final/install/base_driver/share/ament_index/resource_index/packages/base_driver
[34.838s] -- Up-to-date: /home/unitree/106a_final/install/base_driver/share/base_driver/cmake/base_driverConfig.cmake
[34.838s] -- Up-to-date: /home/unitree/106a_final/install/base_driver/share/base_driver/cmake/base_driverConfig-version.cmake
[34.838s] -- Up-to-date: /home/unitree/106a_final/install/base_driver/share/base_driver/package.xml
[34.852s] Invoked command in '/home/unitree/106a_final/build/base_driver' returned '0': CMAKE_PREFIX_PATH=${CMAKE_PREFIX_PATH}:/home/unitree/106a_final/install/navigation_node_three:/home/unitree/106a_final/install/navigatigation_node_three:/home/unitree/106a_final/install/vision_node:/home/unitree/106a_final/install/navigation_node_two:/home/unitree/106a_final/install/navigation_node:/home/unitree/106a_final/install/aruco_node:/home/unitree/106a_final/install/arm_control:/opt/ros/foxy /usr/bin/cmake --install /home/unitree/106a_final/build/base_driver
