[6.250s] Invoking command in '/home/unitree/106a_final/src/navigation_node_three': PYTHONPATH=/home/unitree/106a_final/build/navigation_node_three/prefix_override:/home/unitree/106a_final/install/navigation_node_three/lib/python3.8/site-packages:${PYTHONPATH} /usr/bin/python3 setup.py egg_info --egg-base ../../build/navigation_node_three build --build-base /home/unitree/106a_final/build/navigation_node_three/build install --record /home/unitree/106a_final/build/navigation_node_three/install.log --install-scripts $base/lib/navigation_node_three --single-version-externally-managed
[7.211s] running egg_info
[7.213s] writing ../../build/navigation_node_three/navigation_node_three.egg-info/PKG-INFO
[7.225s] writing dependency_links to ../../build/navigation_node_three/navigation_node_three.egg-info/dependency_links.txt
[7.226s] writing entry points to ../../build/navigation_node_three/navigation_node_three.egg-info/entry_points.txt
[7.226s] writing requirements to ../../build/navigation_node_three/navigation_node_three.egg-info/requires.txt
[7.226s] writing top-level names to ../../build/navigation_node_three/navigation_node_three.egg-info/top_level.txt
[7.344s] reading manifest file '../../build/navigation_node_three/navigation_node_three.egg-info/SOURCES.txt'
[7.350s] writing manifest file '../../build/navigation_node_three/navigation_node_three.egg-info/SOURCES.txt'
[7.351s] running build
[7.351s] running build_py
[7.351s] running install
[7.355s] running install_lib
[7.359s] running install_data
[7.360s] running install_egg_info
[7.366s] removing '/home/unitree/106a_final/install/navigation_node_three/lib/python3.8/site-packages/navigation_node_three-0.0.0-py3.8.egg-info' (and everything under it)
[7.388s] Copying ../../build/navigation_node_three/navigation_node_three.egg-info to /home/unitree/106a_final/install/navigation_node_three/lib/python3.8/site-packages/navigation_node_three-0.0.0-py3.8.egg-info
[7.388s] running install_scripts
[7.466s] Installing navigator script to /home/unitree/106a_final/install/navigation_node_three/lib/navigation_node_three
[7.466s] writing list of installed files to '/home/unitree/106a_final/build/navigation_node_three/install.log'
[7.882s] Invoked command in '/home/unitree/106a_final/src/navigation_node_three' returned '0': PYTHONPATH=/home/unitree/106a_final/build/navigation_node_three/prefix_override:/home/unitree/106a_final/install/navigation_node_three/lib/python3.8/site-packages:${PYTHONPATH} /usr/bin/python3 setup.py egg_info --egg-base ../../build/navigation_node_three build --build-base /home/unitree/106a_final/build/navigation_node_three/build install --record /home/unitree/106a_final/build/navigation_node_three/install.log --install-scripts $base/lib/navigation_node_three --single-version-externally-managed
