[7.131s] Invoking command in '/home/unitree/106a_final/src/navigation_node_two': PYTHONPATH=/home/unitree/106a_final/build/navigation_node_two/prefix_override:/home/unitree/106a_final/install/navigation_node_two/lib/python3.8/site-packages:${PYTHONPATH} /usr/bin/python3 setup.py egg_info --egg-base ../../build/navigation_node_two build --build-base /home/unitree/106a_final/build/navigation_node_two/build install --record /home/unitree/106a_final/build/navigation_node_two/install.log --install-scripts $base/lib/navigation_node_two --single-version-externally-managed
[8.864s] running egg_info
[8.864s] writing ../../build/navigation_node_two/navigation_node_two.egg-info/PKG-INFO
[8.864s] writing dependency_links to ../../build/navigation_node_two/navigation_node_two.egg-info/dependency_links.txt
[8.864s] writing entry points to ../../build/navigation_node_two/navigation_node_two.egg-info/entry_points.txt
[8.864s] writing requirements to ../../build/navigation_node_two/navigation_node_two.egg-info/requires.txt
[8.864s] writing top-level names to ../../build/navigation_node_two/navigation_node_two.egg-info/top_level.txt
[9.061s] reading manifest file '../../build/navigation_node_two/navigation_node_two.egg-info/SOURCES.txt'
[9.061s] writing manifest file '../../build/navigation_node_two/navigation_node_two.egg-info/SOURCES.txt'
[9.061s] running build
[9.062s] running build_py
[9.062s] copying navigation_node_two/nav_to_bottle.py -> /home/unitree/106a_final/build/navigation_node_two/build/lib/navigation_node_two
[9.062s] running install
[9.107s] running install_lib
[9.108s] copying /home/unitree/106a_final/build/navigation_node_two/build/lib/navigation_node_two/nav_to_bottle.py -> /home/unitree/106a_final/install/navigation_node_two/lib/python3.8/site-packages/navigation_node_two
[9.108s] byte-compiling /home/unitree/106a_final/install/navigation_node_two/lib/python3.8/site-packages/navigation_node_two/nav_to_bottle.py to nav_to_bottle.cpython-38.pyc
[9.108s] running install_data
[9.109s] running install_egg_info
[9.112s] removing '/home/unitree/106a_final/install/navigation_node_two/lib/python3.8/site-packages/navigation_node_two-0.0.0-py3.8.egg-info' (and everything under it)
[9.112s] Copying ../../build/navigation_node_two/navigation_node_two.egg-info to /home/unitree/106a_final/install/navigation_node_two/lib/python3.8/site-packages/navigation_node_two-0.0.0-py3.8.egg-info
[9.114s] running install_scripts
[9.233s] Installing nav_to_bottle script to /home/unitree/106a_final/install/navigation_node_two/lib/navigation_node_two
[9.233s] writing list of installed files to '/home/unitree/106a_final/build/navigation_node_two/install.log'
[11.899s] Invoked command in '/home/unitree/106a_final/src/navigation_node_two' returned '0': PYTHONPATH=/home/unitree/106a_final/build/navigation_node_two/prefix_override:/home/unitree/106a_final/install/navigation_node_two/lib/python3.8/site-packages:${PYTHONPATH} /usr/bin/python3 setup.py egg_info --egg-base ../../build/navigation_node_two build --build-base /home/unitree/106a_final/build/navigation_node_two/build install --record /home/unitree/106a_final/build/navigation_node_two/install.log --install-scripts $base/lib/navigation_node_two --single-version-externally-managed
