[1.022s] Invoking command in '/home/unitree/106a_final/build/marm_code': /usr/bin/cmake --build /home/unitree/106a_final/build/marm_code -- -j4 -l4
[1.053s] make: Warning: File 'Makefile' has modification time 1764711432 s in the future
[1.100s] make[1]: Warning: File 'CMakeFiles/Makefile2' has modification time 1764711432 s in the future
[1.105s] make[2]: Warning: File 'CMakeFiles/get_arm_joint_angle.dir/flags.make' has modification time 1764711432 s in the future
[1.109s] make[2]: Warning: File 'CMakeFiles/arm_zero_control.dir/flags.make' has modification time 1764711432 s in the future
[1.115s] make[2]: Warning: File 'CMakeFiles/joint_enable_control.dir/flags.make' has modification time 1764711432 s in the future
[1.130s] make[2]: Warning: File 'CMakeFiles/multiple_joint_angle_control.dir/flags.make' has modification time 1764711432 s in the future
[1.155s] make[2]: warning:  Clock skew detected.  Your build may be incomplete.
[1.155s] make[2]: warning:  Clock skew detected.  Your build may be incomplete.
[1.156s] make[2]: warning:  Clock skew detected.  Your build may be incomplete.
[1.158s] make[2]: Warning: File 'CMakeFiles/get_arm_joint_angle.dir/flags.make' has modification time 1764711432 s in the future
[1.159s] make[2]: warning:  Clock skew detected.  Your build may be incomplete.
[1.159s] make[2]: warning:  Clock skew detected.  Your build may be incomplete.
[1.163s] make[2]: Warning: File 'CMakeFiles/arm_zero_control.dir/flags.make' has modification time 1764711432 s in the future
[1.163s] make[2]: Warning: File 'CMakeFiles/multiple_joint_angle_control.dir/flags.make' has modification time 1764711432 s in the future
[1.163s] make[2]: warning:  Clock skew detected.  Your build may be incomplete.
[1.163s] make[2]: warning:  Clock skew detected.  Your build may be incomplete.
[1.167s] make[2]: Warning: File 'CMakeFiles/joint_enable_control.dir/flags.make' has modification time 1764711432 s in the future
[1.168s] make[2]: warning:  Clock skew detected.  Your build may be incomplete.
[1.193s] [ 25%] Built target get_arm_joint_angle
[1.211s] [ 43%] Built target arm_zero_control
[1.213s] [ 62%] Built target multiple_joint_angle_control
[1.217s] make[2]: Warning: File 'CMakeFiles/joint_angle_control.dir/flags.make' has modification time 1764711432 s in the future
[1.226s] [ 81%] Built target joint_enable_control
[1.257s] make[2]: warning:  Clock skew detected.  Your build may be incomplete.
[1.275s] make[2]: Warning: File 'CMakeFiles/joint_angle_control.dir/flags.make' has modification time 1764711432 s in the future
[1.278s] make[2]: warning:  Clock skew detected.  Your build may be incomplete.
[1.324s] [100%] Built target joint_angle_control
[1.327s] make[1]: warning:  Clock skew detected.  Your build may be incomplete.
[1.364s] make: warning:  Clock skew detected.  Your build may be incomplete.
[1.775s] Invoked command in '/home/unitree/106a_final/build/marm_code' returned '0': /usr/bin/cmake --build /home/unitree/106a_final/build/marm_code -- -j4 -l4
