-- The C compiler identification is GNU 9.4.0
-- The CXX compiler identification is GNU 9.4.0
-- Check for working C compiler: /usr/bin/cc
-- Check for working C compiler: /usr/bin/cc -- works
-- Detecting C compiler ABI info
-- Detecting C compiler ABI info - done
-- Detecting C compile features
-- Detecting C compile features - done
-- Check for working CXX compiler: /usr/bin/c++
-- Check for working CXX compiler: /usr/bin/c++ -- works
-- Detecting CXX compiler ABI info
-- Detecting CXX compiler ABI info - done
-- Detecting CXX compile features
-- Detecting CXX compile features - done
-- Found PythonInterp: /usr/bin/python (found version "2.7.18") 
-- Found PythonLibs: /usr/lib/aarch64-linux-gnu/libpython2.7.so
-- Performing Test HAS_CPP14_FLAG
-- Performing Test HAS_CPP14_FLAG - Success
-- Performing Test HAS_FLTO
-- Performing Test HAS_FLTO - Success
-- LTO enabled
-- Configuring done
-- Generating done
-- Build files have been written to: /home/unitree/106a_final/src/build/z1_sdk
[35m[1mScanning dependencies of target lowcmd_multirobots[0m
[35m[1mScanning dependencies of target highcmd_development[0m
[35m[1mScanning dependencies of target lowcmd_development[0m
[35m[1mScanning dependencies of target unitree_arm_interface[0m
[ 10%] [32mBuilding CXX object CMakeFiles/lowcmd_multirobots.dir/examples/lowcmd_multirobots.cpp.o[0m
[ 20%] [32mBuilding CXX object CMakeFiles/highcmd_development.dir/examples/highcmd_development.cpp.o[0m
[ 30%] [32mBuilding CXX object CMakeFiles/lowcmd_development.dir/examples/lowcmd_development.cpp.o[0m
[ 40%] [32mBuilding CXX object CMakeFiles/unitree_arm_interface.dir/examples_py/arm_python_interface.cpp.o[0m
[ 50%] [32m[1mLinking CXX executable highcmd_development[0m
[ 50%] Built target highcmd_development
[35m[1mScanning dependencies of target highcmd_basic[0m
[ 60%] [32mBuilding CXX object CMakeFiles/highcmd_basic.dir/examples/highcmd_basic.cpp.o[0m
[ 70%] [32m[1mLinking CXX executable lowcmd_development[0m
[ 70%] Built target lowcmd_development
[ 80%] [32m[1mLinking CXX executable lowcmd_multirobots[0m
[ 80%] Built target lowcmd_multirobots
[ 90%] [32m[1mLinking CXX executable highcmd_basic[0m
[ 90%] Built target highcmd_basic
[100%] [32m[1mLinking CXX shared module /home/unitree/106a_final/src/z1_sdk/lib/unitree_arm_interface.so[0m
[100%] Built target unitree_arm_interface
