[0.809s] Invoking command in '/home/unitree/106a_final/src/build/z1_sdk': /usr/bin/cmake /home/unitree/106a_final/src/z1_sdk -DCMAKE_INSTALL_PREFIX=/home/unitree/106a_final/src/install/z1_sdk
[1.031s] -- The C compiler identification is GNU 9.4.0
[1.203s] -- The CXX compiler identification is GNU 9.4.0
[1.220s] -- Check for working C compiler: /usr/bin/cc
[1.362s] -- Check for working C compiler: /usr/bin/cc -- works
[1.364s] -- Detecting C compiler ABI info
[1.504s] -- Detecting C compiler ABI info - done
[1.527s] -- Detecting C compile features
[1.528s] -- Detecting C compile features - done
[1.537s] -- Check for working CXX compiler: /usr/bin/c++
[1.704s] -- Check for working CXX compiler: /usr/bin/c++ -- works
[1.708s] -- Detecting CXX compiler ABI info
[1.869s] -- Detecting CXX compiler ABI info - done
[1.892s] -- Detecting CXX compile features
[1.894s] -- Detecting CXX compile features - done
[1.946s] -- Found PythonInterp: /usr/bin/python (found version "2.7.18") 
[1.981s] -- Found PythonLibs: /usr/lib/aarch64-linux-gnu/libpython2.7.so
[1.991s] -- Performing Test HAS_CPP14_FLAG
[2.144s] -- Performing Test HAS_CPP14_FLAG - Success
[2.156s] -- Performing Test HAS_FLTO
[2.436s] -- Performing Test HAS_FLTO - Success
[2.436s] -- LTO enabled
[2.437s] -- Configuring done
[2.446s] -- Generating done
[2.450s] -- Build files have been written to: /home/unitree/106a_final/src/build/z1_sdk
[2.597s] Invoked command in '/home/unitree/106a_final/src/build/z1_sdk' returned '0': /usr/bin/cmake /home/unitree/106a_final/src/z1_sdk -DCMAKE_INSTALL_PREFIX=/home/unitree/106a_final/src/install/z1_sdk
[2.602s] Invoking command in '/home/unitree/106a_final/src/build/z1_sdk': /usr/bin/cmake --build /home/unitree/106a_final/src/build/z1_sdk -- -j4 -l4
[2.686s] [35m[1mScanning dependencies of target lowcmd_multirobots[0m
[2.686s] [35m[1mScanning dependencies of target highcmd_development[0m
[2.689s] [35m[1mScanning dependencies of target lowcmd_development[0m
[2.699s] [35m[1mScanning dependencies of target unitree_arm_interface[0m
[2.713s] [ 10%] [32mBuilding CXX object CMakeFiles/lowcmd_multirobots.dir/examples/lowcmd_multirobots.cpp.o[0m
[2.723s] [ 20%] [32mBuilding CXX object CMakeFiles/highcmd_development.dir/examples/highcmd_development.cpp.o[0m
[2.736s] [ 30%] [32mBuilding CXX object CMakeFiles/lowcmd_development.dir/examples/lowcmd_development.cpp.o[0m
[2.752s] [ 40%] [32mBuilding CXX object CMakeFiles/unitree_arm_interface.dir/examples_py/arm_python_interface.cpp.o[0m
[8.409s] [ 50%] [32m[1mLinking CXX executable highcmd_development[0m
[8.759s] [ 50%] Built target highcmd_development
[8.795s] [35m[1mScanning dependencies of target highcmd_basic[0m
[8.836s] [ 60%] [32mBuilding CXX object CMakeFiles/highcmd_basic.dir/examples/highcmd_basic.cpp.o[0m
[8.873s] [ 70%] [32m[1mLinking CXX executable lowcmd_development[0m
[9.215s] [ 70%] Built target lowcmd_development
[9.337s] [ 80%] [32m[1mLinking CXX executable lowcmd_multirobots[0m
[9.527s] [ 80%] Built target lowcmd_multirobots
[13.465s] [ 90%] [32m[1mLinking CXX executable highcmd_basic[0m
[13.630s] [ 90%] Built target highcmd_basic
[18.786s] [100%] [32m[1mLinking CXX shared module /home/unitree/106a_final/src/z1_sdk/lib/unitree_arm_interface.so[0m
[29.484s] [100%] Built target unitree_arm_interface
[29.511s] Invoked command in '/home/unitree/106a_final/src/build/z1_sdk' returned '0': /usr/bin/cmake --build /home/unitree/106a_final/src/build/z1_sdk -- -j4 -l4
