/home/unitree/106a_final/install/unitree_sdk2py/lib/python3.8/site-packages/unitree_sdk2py/__init__.py
/home/unitree/106a_final/install/unitree_sdk2py/lib/python3.8/site-packages/unitree_sdk2py/utils/joystick.py
/home/unitree/106a_final/install/unitree_sdk2py/lib/python3.8/site-packages/unitree_sdk2py/utils/future.py
/home/unitree/106a_final/install/unitree_sdk2py/lib/python3.8/site-packages/unitree_sdk2py/utils/crc.py
/home/unitree/106a_final/install/unitree_sdk2py/lib/python3.8/site-packages/unitree_sdk2py/utils/timerfd.py
/home/unitree/106a_final/install/unitree_sdk2py/lib/python3.8/site-packages/unitree_sdk2py/utils/thread.py
/home/unitree/106a_final/install/unitree_sdk2py/lib/python3.8/site-packages/unitree_sdk2py/utils/bqueue.py
/home/unitree/106a_final/install/unitree_sdk2py/lib/python3.8/site-packages/unitree_sdk2py/utils/hz_sample.py
/home/unitree/106a_final/install/unitree_sdk2py/lib/python3.8/site-packages/unitree_sdk2py/utils/__init__.py
/home/unitree/106a_final/install/unitree_sdk2py/lib/python3.8/site-packages/unitree_sdk2py/utils/singleton.py
/home/unitree/106a_final/install/unitree_sdk2py/lib/python3.8/site-packages/unitree_sdk2py/utils/clib_lookup.py
/home/unitree/106a_final/install/unitree_sdk2py/lib/python3.8/site-packages/unitree_sdk2py/core/channel_name.py
/home/unitree/106a_final/install/unitree_sdk2py/lib/python3.8/site-packages/unitree_sdk2py/core/__init__.py
/home/unitree/106a_final/install/unitree_sdk2py/lib/python3.8/site-packages/unitree_sdk2py/core/channel_config.py
/home/unitree/106a_final/install/unitree_sdk2py/lib/python3.8/site-packages/unitree_sdk2py/core/channel.py
/home/unitree/106a_final/install/unitree_sdk2py/lib/python3.8/site-packages/unitree_sdk2py/go2/__init__.py
/home/unitree/106a_final/install/unitree_sdk2py/lib/python3.8/site-packages/unitree_sdk2py/rpc/client_base.py
/home/unitree/106a_final/install/unitree_sdk2py/lib/python3.8/site-packages/unitree_sdk2py/rpc/client_stub.py
/home/unitree/106a_final/install/unitree_sdk2py/lib/python3.8/site-packages/unitree_sdk2py/rpc/request_future.py
/home/unitree/106a_final/install/unitree_sdk2py/lib/python3.8/site-packages/unitree_sdk2py/rpc/server.py
/home/unitree/106a_final/install/unitree_sdk2py/lib/python3.8/site-packages/unitree_sdk2py/rpc/lease_server.py
/home/unitree/106a_final/install/unitree_sdk2py/lib/python3.8/site-packages/unitree_sdk2py/rpc/internal.py
/home/unitree/106a_final/install/unitree_sdk2py/lib/python3.8/site-packages/unitree_sdk2py/rpc/__init__.py
/home/unitree/106a_final/install/unitree_sdk2py/lib/python3.8/site-packages/unitree_sdk2py/rpc/server_stub.py
/home/unitree/106a_final/install/unitree_sdk2py/lib/python3.8/site-packages/unitree_sdk2py/rpc/server_base.py
/home/unitree/106a_final/install/unitree_sdk2py/lib/python3.8/site-packages/unitree_sdk2py/rpc/lease_client.py
/home/unitree/106a_final/install/unitree_sdk2py/lib/python3.8/site-packages/unitree_sdk2py/rpc/client.py
/home/unitree/106a_final/install/unitree_sdk2py/lib/python3.8/site-packages/unitree_sdk2py/idl/default.py
/home/unitree/106a_final/install/unitree_sdk2py/lib/python3.8/site-packages/unitree_sdk2py/idl/__init__.py
/home/unitree/106a_final/install/unitree_sdk2py/lib/python3.8/site-packages/unitree_sdk2py/go2/obstacles_avoid/obstacles_avoid_api.py
/home/unitree/106a_final/install/unitree_sdk2py/lib/python3.8/site-packages/unitree_sdk2py/go2/obstacles_avoid/obstacles_avoid_client.py
/home/unitree/106a_final/install/unitree_sdk2py/lib/python3.8/site-packages/unitree_sdk2py/go2/obstacles_avoid/__init__.py
/home/unitree/106a_final/install/unitree_sdk2py/lib/python3.8/site-packages/unitree_sdk2py/go2/robot_state/__init__.py
/home/unitree/106a_final/install/unitree_sdk2py/lib/python3.8/site-packages/unitree_sdk2py/go2/robot_state/robot_state_client.py
/home/unitree/106a_final/install/unitree_sdk2py/lib/python3.8/site-packages/unitree_sdk2py/go2/robot_state/robot_state_api.py
/home/unitree/106a_final/install/unitree_sdk2py/lib/python3.8/site-packages/unitree_sdk2py/go2/vui/vui_client.py
/home/unitree/106a_final/install/unitree_sdk2py/lib/python3.8/site-packages/unitree_sdk2py/go2/vui/vui_api.py
/home/unitree/106a_final/install/unitree_sdk2py/lib/python3.8/site-packages/unitree_sdk2py/go2/vui/__init__.py
/home/unitree/106a_final/install/unitree_sdk2py/lib/python3.8/site-packages/unitree_sdk2py/go2/video/video_api.py
/home/unitree/106a_final/install/unitree_sdk2py/lib/python3.8/site-packages/unitree_sdk2py/go2/video/video_client.py
/home/unitree/106a_final/install/unitree_sdk2py/lib/python3.8/site-packages/unitree_sdk2py/go2/video/__init__.py
/home/unitree/106a_final/install/unitree_sdk2py/lib/python3.8/site-packages/unitree_sdk2py/go2/sport/sport_client.py
/home/unitree/106a_final/install/unitree_sdk2py/lib/python3.8/site-packages/unitree_sdk2py/go2/sport/__init__.py
/home/unitree/106a_final/install/unitree_sdk2py/lib/python3.8/site-packages/unitree_sdk2py/go2/sport/sport_api.py
/home/unitree/106a_final/install/unitree_sdk2py/lib/python3.8/site-packages/unitree_sdk2py/idl/builtin_interfaces/__init__.py
/home/unitree/106a_final/install/unitree_sdk2py/lib/python3.8/site-packages/unitree_sdk2py/idl/nav_msgs/__init__.py
/home/unitree/106a_final/install/unitree_sdk2py/lib/python3.8/site-packages/unitree_sdk2py/idl/unitree_go/__init__.py
/home/unitree/106a_final/install/unitree_sdk2py/lib/python3.8/site-packages/unitree_sdk2py/idl/sensor_msgs/__init__.py
/home/unitree/106a_final/install/unitree_sdk2py/lib/python3.8/site-packages/unitree_sdk2py/idl/std_msgs/__init__.py
/home/unitree/106a_final/install/unitree_sdk2py/lib/python3.8/site-packages/unitree_sdk2py/idl/unitree_api/__init__.py
/home/unitree/106a_final/install/unitree_sdk2py/lib/python3.8/site-packages/unitree_sdk2py/idl/unitree_hg/__init__.py
/home/unitree/106a_final/install/unitree_sdk2py/lib/python3.8/site-packages/unitree_sdk2py/idl/geometry_msgs/__init__.py
/home/unitree/106a_final/install/unitree_sdk2py/lib/python3.8/site-packages/unitree_sdk2py/idl/builtin_interfaces/msg/__init__.py
/home/unitree/106a_final/install/unitree_sdk2py/lib/python3.8/site-packages/unitree_sdk2py/idl/builtin_interfaces/msg/dds_/_Time_.py
/home/unitree/106a_final/install/unitree_sdk2py/lib/python3.8/site-packages/unitree_sdk2py/idl/builtin_interfaces/msg/dds_/__init__.py
/home/unitree/106a_final/install/unitree_sdk2py/lib/python3.8/site-packages/unitree_sdk2py/idl/nav_msgs/msg/__init__.py
/home/unitree/106a_final/install/unitree_sdk2py/lib/python3.8/site-packages/unitree_sdk2py/idl/nav_msgs/msg/dds_/_MapMetaData_.py
/home/unitree/106a_final/install/unitree_sdk2py/lib/python3.8/site-packages/unitree_sdk2py/idl/nav_msgs/msg/dds_/__init__.py
/home/unitree/106a_final/install/unitree_sdk2py/lib/python3.8/site-packages/unitree_sdk2py/idl/nav_msgs/msg/dds_/_OccupancyGrid_.py
/home/unitree/106a_final/install/unitree_sdk2py/lib/python3.8/site-packages/unitree_sdk2py/idl/nav_msgs/msg/dds_/_Odometry_.py
/home/unitree/106a_final/install/unitree_sdk2py/lib/python3.8/site-packages/unitree_sdk2py/idl/unitree_go/msg/__init__.py
/home/unitree/106a_final/install/unitree_sdk2py/lib/python3.8/site-packages/unitree_sdk2py/idl/unitree_go/msg/dds_/_BmsCmd_.py
/home/unitree/106a_final/install/unitree_sdk2py/lib/python3.8/site-packages/unitree_sdk2py/idl/unitree_go/msg/dds_/_MotorCmds_.py
/home/unitree/106a_final/install/unitree_sdk2py/lib/python3.8/site-packages/unitree_sdk2py/idl/unitree_go/msg/dds_/_WirelessController_.py
/home/unitree/106a_final/install/unitree_sdk2py/lib/python3.8/site-packages/unitree_sdk2py/idl/unitree_go/msg/dds_/_InterfaceConfig_.py
/home/unitree/106a_final/install/unitree_sdk2py/lib/python3.8/site-packages/unitree_sdk2py/idl/unitree_go/msg/dds_/_Error_.py
/home/unitree/106a_final/install/unitree_sdk2py/lib/python3.8/site-packages/unitree_sdk2py/idl/unitree_go/msg/dds_/_Go2FrontVideoData_.py
/home/unitree/106a_final/install/unitree_sdk2py/lib/python3.8/site-packages/unitree_sdk2py/idl/unitree_go/msg/dds_/_TimeSpec_.py
/home/unitree/106a_final/install/unitree_sdk2py/lib/python3.8/site-packages/unitree_sdk2py/idl/unitree_go/msg/dds_/_LowState_.py
/home/unitree/106a_final/install/unitree_sdk2py/lib/python3.8/site-packages/unitree_sdk2py/idl/unitree_go/msg/dds_/_AudioData_.py
/home/unitree/106a_final/install/unitree_sdk2py/lib/python3.8/site-packages/unitree_sdk2py/idl/unitree_go/msg/dds_/_BmsState_.py
/home/unitree/106a_final/install/unitree_sdk2py/lib/python3.8/site-packages/unitree_sdk2py/idl/unitree_go/msg/dds_/_LowCmd_.py
/home/unitree/106a_final/install/unitree_sdk2py/lib/python3.8/site-packages/unitree_sdk2py/idl/unitree_go/msg/dds_/_SportModeState_.py
/home/unitree/106a_final/install/unitree_sdk2py/lib/python3.8/site-packages/unitree_sdk2py/idl/unitree_go/msg/dds_/_LidarState_.py
/home/unitree/106a_final/install/unitree_sdk2py/lib/python3.8/site-packages/unitree_sdk2py/idl/unitree_go/msg/dds_/_MotorState_.py
/home/unitree/106a_final/install/unitree_sdk2py/lib/python3.8/site-packages/unitree_sdk2py/idl/unitree_go/msg/dds_/_MotorCmd_.py
/home/unitree/106a_final/install/unitree_sdk2py/lib/python3.8/site-packages/unitree_sdk2py/idl/unitree_go/msg/dds_/_UwbSwitch_.py
/home/unitree/106a_final/install/unitree_sdk2py/lib/python3.8/site-packages/unitree_sdk2py/idl/unitree_go/msg/dds_/__init__.py
/home/unitree/106a_final/install/unitree_sdk2py/lib/python3.8/site-packages/unitree_sdk2py/idl/unitree_go/msg/dds_/_UwbState_.py
/home/unitree/106a_final/install/unitree_sdk2py/lib/python3.8/site-packages/unitree_sdk2py/idl/unitree_go/msg/dds_/_Req_.py
/home/unitree/106a_final/install/unitree_sdk2py/lib/python3.8/site-packages/unitree_sdk2py/idl/unitree_go/msg/dds_/_HeightMap_.py
/home/unitree/106a_final/install/unitree_sdk2py/lib/python3.8/site-packages/unitree_sdk2py/idl/unitree_go/msg/dds_/_Res_.py
/home/unitree/106a_final/install/unitree_sdk2py/lib/python3.8/site-packages/unitree_sdk2py/idl/unitree_go/msg/dds_/_IMUState_.py
/home/unitree/106a_final/install/unitree_sdk2py/lib/python3.8/site-packages/unitree_sdk2py/idl/unitree_go/msg/dds_/_PathPoint_.py
/home/unitree/106a_final/install/unitree_sdk2py/lib/python3.8/site-packages/unitree_sdk2py/idl/unitree_go/msg/dds_/_MotorStates_.py
/home/unitree/106a_final/install/unitree_sdk2py/lib/python3.8/site-packages/unitree_sdk2py/idl/sensor_msgs/msg/__init__.py
/home/unitree/106a_final/install/unitree_sdk2py/lib/python3.8/site-packages/unitree_sdk2py/idl/sensor_msgs/msg/dds_/_PointCloud2_.py
/home/unitree/106a_final/install/unitree_sdk2py/lib/python3.8/site-packages/unitree_sdk2py/idl/sensor_msgs/msg/dds_/__init__.py
/home/unitree/106a_final/install/unitree_sdk2py/lib/python3.8/site-packages/unitree_sdk2py/idl/sensor_msgs/msg/dds_/_PointField_.py
/home/unitree/106a_final/install/unitree_sdk2py/lib/python3.8/site-packages/unitree_sdk2py/idl/sensor_msgs/msg/dds_/PointField_Constants/__init__.py
/home/unitree/106a_final/install/unitree_sdk2py/lib/python3.8/site-packages/unitree_sdk2py/idl/sensor_msgs/msg/dds_/PointField_Constants/_PointField_.py
/home/unitree/106a_final/install/unitree_sdk2py/lib/python3.8/site-packages/unitree_sdk2py/idl/std_msgs/msg/__init__.py
/home/unitree/106a_final/install/unitree_sdk2py/lib/python3.8/site-packages/unitree_sdk2py/idl/std_msgs/msg/dds_/_String_.py
/home/unitree/106a_final/install/unitree_sdk2py/lib/python3.8/site-packages/unitree_sdk2py/idl/std_msgs/msg/dds_/__init__.py
/home/unitree/106a_final/install/unitree_sdk2py/lib/python3.8/site-packages/unitree_sdk2py/idl/std_msgs/msg/dds_/_Header_.py
/home/unitree/106a_final/install/unitree_sdk2py/lib/python3.8/site-packages/unitree_sdk2py/idl/unitree_api/msg/__init__.py
/home/unitree/106a_final/install/unitree_sdk2py/lib/python3.8/site-packages/unitree_sdk2py/idl/unitree_api/msg/dds_/_ResponseStatus_.py
/home/unitree/106a_final/install/unitree_sdk2py/lib/python3.8/site-packages/unitree_sdk2py/idl/unitree_api/msg/dds_/_RequestPolicy_.py
/home/unitree/106a_final/install/unitree_sdk2py/lib/python3.8/site-packages/unitree_sdk2py/idl/unitree_api/msg/dds_/_Request_.py
/home/unitree/106a_final/install/unitree_sdk2py/lib/python3.8/site-packages/unitree_sdk2py/idl/unitree_api/msg/dds_/_RequestIdentity_.py
/home/unitree/106a_final/install/unitree_sdk2py/lib/python3.8/site-packages/unitree_sdk2py/idl/unitree_api/msg/dds_/_RequestLease_.py
/home/unitree/106a_final/install/unitree_sdk2py/lib/python3.8/site-packages/unitree_sdk2py/idl/unitree_api/msg/dds_/_RequestHeader_.py
/home/unitree/106a_final/install/unitree_sdk2py/lib/python3.8/site-packages/unitree_sdk2py/idl/unitree_api/msg/dds_/__init__.py
/home/unitree/106a_final/install/unitree_sdk2py/lib/python3.8/site-packages/unitree_sdk2py/idl/unitree_api/msg/dds_/_Response_.py
/home/unitree/106a_final/install/unitree_sdk2py/lib/python3.8/site-packages/unitree_sdk2py/idl/unitree_api/msg/dds_/_ResponseHeader_.py
/home/unitree/106a_final/install/unitree_sdk2py/lib/python3.8/site-packages/unitree_sdk2py/idl/unitree_hg/msg/__init__.py
/home/unitree/106a_final/install/unitree_sdk2py/lib/python3.8/site-packages/unitree_sdk2py/idl/unitree_hg/msg/dds_/_BmsCmd_.py
/home/unitree/106a_final/install/unitree_sdk2py/lib/python3.8/site-packages/unitree_sdk2py/idl/unitree_hg/msg/dds_/_HandCmd_.py
/home/unitree/106a_final/install/unitree_sdk2py/lib/python3.8/site-packages/unitree_sdk2py/idl/unitree_hg/msg/dds_/_LowState_.py
/home/unitree/106a_final/install/unitree_sdk2py/lib/python3.8/site-packages/unitree_sdk2py/idl/unitree_hg/msg/dds_/_PressSensorState_.py
/home/unitree/106a_final/install/unitree_sdk2py/lib/python3.8/site-packages/unitree_sdk2py/idl/unitree_hg/msg/dds_/_BmsState_.py
/home/unitree/106a_final/install/unitree_sdk2py/lib/python3.8/site-packages/unitree_sdk2py/idl/unitree_hg/msg/dds_/_MainBoardState_.py
/home/unitree/106a_final/install/unitree_sdk2py/lib/python3.8/site-packages/unitree_sdk2py/idl/unitree_hg/msg/dds_/_LowCmd_.py
/home/unitree/106a_final/install/unitree_sdk2py/lib/python3.8/site-packages/unitree_sdk2py/idl/unitree_hg/msg/dds_/_HandState_.py
/home/unitree/106a_final/install/unitree_sdk2py/lib/python3.8/site-packages/unitree_sdk2py/idl/unitree_hg/msg/dds_/_MotorState_.py
/home/unitree/106a_final/install/unitree_sdk2py/lib/python3.8/site-packages/unitree_sdk2py/idl/unitree_hg/msg/dds_/_MotorCmd_.py
/home/unitree/106a_final/install/unitree_sdk2py/lib/python3.8/site-packages/unitree_sdk2py/idl/unitree_hg/msg/dds_/__init__.py
/home/unitree/106a_final/install/unitree_sdk2py/lib/python3.8/site-packages/unitree_sdk2py/idl/unitree_hg/msg/dds_/_IMUState_.py
/home/unitree/106a_final/install/unitree_sdk2py/lib/python3.8/site-packages/unitree_sdk2py/idl/geometry_msgs/msg/__init__.py
/home/unitree/106a_final/install/unitree_sdk2py/lib/python3.8/site-packages/unitree_sdk2py/idl/geometry_msgs/msg/dds_/_TwistStamped_.py
/home/unitree/106a_final/install/unitree_sdk2py/lib/python3.8/site-packages/unitree_sdk2py/idl/geometry_msgs/msg/dds_/_Pose2D_.py
/home/unitree/106a_final/install/unitree_sdk2py/lib/python3.8/site-packages/unitree_sdk2py/idl/geometry_msgs/msg/dds_/_Vector3_.py
/home/unitree/106a_final/install/unitree_sdk2py/lib/python3.8/site-packages/unitree_sdk2py/idl/geometry_msgs/msg/dds_/_PoseWithCovarianceStamped_.py
/home/unitree/106a_final/install/unitree_sdk2py/lib/python3.8/site-packages/unitree_sdk2py/idl/geometry_msgs/msg/dds_/_Pose_.py
/home/unitree/106a_final/install/unitree_sdk2py/lib/python3.8/site-packages/unitree_sdk2py/idl/geometry_msgs/msg/dds_/_PointStamped_.py
/home/unitree/106a_final/install/unitree_sdk2py/lib/python3.8/site-packages/unitree_sdk2py/idl/geometry_msgs/msg/dds_/_PoseWithCovariance_.py
/home/unitree/106a_final/install/unitree_sdk2py/lib/python3.8/site-packages/unitree_sdk2py/idl/geometry_msgs/msg/dds_/_PoseStamped_.py
/home/unitree/106a_final/install/unitree_sdk2py/lib/python3.8/site-packages/unitree_sdk2py/idl/geometry_msgs/msg/dds_/_Point_.py
/home/unitree/106a_final/install/unitree_sdk2py/lib/python3.8/site-packages/unitree_sdk2py/idl/geometry_msgs/msg/dds_/_QuaternionStamped_.py
/home/unitree/106a_final/install/unitree_sdk2py/lib/python3.8/site-packages/unitree_sdk2py/idl/geometry_msgs/msg/dds_/__init__.py
/home/unitree/106a_final/install/unitree_sdk2py/lib/python3.8/site-packages/unitree_sdk2py/idl/geometry_msgs/msg/dds_/_TwistWithCovariance_.py
/home/unitree/106a_final/install/unitree_sdk2py/lib/python3.8/site-packages/unitree_sdk2py/idl/geometry_msgs/msg/dds_/_TwistWithCovarianceStamped_.py
/home/unitree/106a_final/install/unitree_sdk2py/lib/python3.8/site-packages/unitree_sdk2py/idl/geometry_msgs/msg/dds_/_Point32_.py
/home/unitree/106a_final/install/unitree_sdk2py/lib/python3.8/site-packages/unitree_sdk2py/idl/geometry_msgs/msg/dds_/_Twist_.py
/home/unitree/106a_final/install/unitree_sdk2py/lib/python3.8/site-packages/unitree_sdk2py/idl/geometry_msgs/msg/dds_/_Quaternion_.py
/home/unitree/106a_final/install/unitree_sdk2py/lib/python3.8/site-packages/unitree_sdk2py/__pycache__/__init__.cpython-38.pyc
/home/unitree/106a_final/install/unitree_sdk2py/lib/python3.8/site-packages/unitree_sdk2py/utils/__pycache__/joystick.cpython-38.pyc
/home/unitree/106a_final/install/unitree_sdk2py/lib/python3.8/site-packages/unitree_sdk2py/utils/__pycache__/future.cpython-38.pyc
/home/unitree/106a_final/install/unitree_sdk2py/lib/python3.8/site-packages/unitree_sdk2py/utils/__pycache__/crc.cpython-38.pyc
/home/unitree/106a_final/install/unitree_sdk2py/lib/python3.8/site-packages/unitree_sdk2py/utils/__pycache__/timerfd.cpython-38.pyc
/home/unitree/106a_final/install/unitree_sdk2py/lib/python3.8/site-packages/unitree_sdk2py/utils/__pycache__/thread.cpython-38.pyc
/home/unitree/106a_final/install/unitree_sdk2py/lib/python3.8/site-packages/unitree_sdk2py/utils/__pycache__/bqueue.cpython-38.pyc
/home/unitree/106a_final/install/unitree_sdk2py/lib/python3.8/site-packages/unitree_sdk2py/utils/__pycache__/hz_sample.cpython-38.pyc
/home/unitree/106a_final/install/unitree_sdk2py/lib/python3.8/site-packages/unitree_sdk2py/utils/__pycache__/__init__.cpython-38.pyc
/home/unitree/106a_final/install/unitree_sdk2py/lib/python3.8/site-packages/unitree_sdk2py/utils/__pycache__/singleton.cpython-38.pyc
/home/unitree/106a_final/install/unitree_sdk2py/lib/python3.8/site-packages/unitree_sdk2py/utils/__pycache__/clib_lookup.cpython-38.pyc
/home/unitree/106a_final/install/unitree_sdk2py/lib/python3.8/site-packages/unitree_sdk2py/core/__pycache__/channel_name.cpython-38.pyc
/home/unitree/106a_final/install/unitree_sdk2py/lib/python3.8/site-packages/unitree_sdk2py/core/__pycache__/__init__.cpython-38.pyc
/home/unitree/106a_final/install/unitree_sdk2py/lib/python3.8/site-packages/unitree_sdk2py/core/__pycache__/channel_config.cpython-38.pyc
/home/unitree/106a_final/install/unitree_sdk2py/lib/python3.8/site-packages/unitree_sdk2py/core/__pycache__/channel.cpython-38.pyc
/home/unitree/106a_final/install/unitree_sdk2py/lib/python3.8/site-packages/unitree_sdk2py/go2/__pycache__/__init__.cpython-38.pyc
/home/unitree/106a_final/install/unitree_sdk2py/lib/python3.8/site-packages/unitree_sdk2py/rpc/__pycache__/client_base.cpython-38.pyc
/home/unitree/106a_final/install/unitree_sdk2py/lib/python3.8/site-packages/unitree_sdk2py/rpc/__pycache__/client_stub.cpython-38.pyc
/home/unitree/106a_final/install/unitree_sdk2py/lib/python3.8/site-packages/unitree_sdk2py/rpc/__pycache__/request_future.cpython-38.pyc
/home/unitree/106a_final/install/unitree_sdk2py/lib/python3.8/site-packages/unitree_sdk2py/rpc/__pycache__/server.cpython-38.pyc
/home/unitree/106a_final/install/unitree_sdk2py/lib/python3.8/site-packages/unitree_sdk2py/rpc/__pycache__/lease_server.cpython-38.pyc
/home/unitree/106a_final/install/unitree_sdk2py/lib/python3.8/site-packages/unitree_sdk2py/rpc/__pycache__/internal.cpython-38.pyc
/home/unitree/106a_final/install/unitree_sdk2py/lib/python3.8/site-packages/unitree_sdk2py/rpc/__pycache__/__init__.cpython-38.pyc
/home/unitree/106a_final/install/unitree_sdk2py/lib/python3.8/site-packages/unitree_sdk2py/rpc/__pycache__/server_stub.cpython-38.pyc
/home/unitree/106a_final/install/unitree_sdk2py/lib/python3.8/site-packages/unitree_sdk2py/rpc/__pycache__/server_base.cpython-38.pyc
/home/unitree/106a_final/install/unitree_sdk2py/lib/python3.8/site-packages/unitree_sdk2py/rpc/__pycache__/lease_client.cpython-38.pyc
/home/unitree/106a_final/install/unitree_sdk2py/lib/python3.8/site-packages/unitree_sdk2py/rpc/__pycache__/client.cpython-38.pyc
/home/unitree/106a_final/install/unitree_sdk2py/lib/python3.8/site-packages/unitree_sdk2py/idl/__pycache__/default.cpython-38.pyc
/home/unitree/106a_final/install/unitree_sdk2py/lib/python3.8/site-packages/unitree_sdk2py/idl/__pycache__/__init__.cpython-38.pyc
/home/unitree/106a_final/install/unitree_sdk2py/lib/python3.8/site-packages/unitree_sdk2py/go2/obstacles_avoid/__pycache__/obstacles_avoid_api.cpython-38.pyc
/home/unitree/106a_final/install/unitree_sdk2py/lib/python3.8/site-packages/unitree_sdk2py/go2/obstacles_avoid/__pycache__/obstacles_avoid_client.cpython-38.pyc
/home/unitree/106a_final/install/unitree_sdk2py/lib/python3.8/site-packages/unitree_sdk2py/go2/obstacles_avoid/__pycache__/__init__.cpython-38.pyc
/home/unitree/106a_final/install/unitree_sdk2py/lib/python3.8/site-packages/unitree_sdk2py/go2/robot_state/__pycache__/__init__.cpython-38.pyc
/home/unitree/106a_final/install/unitree_sdk2py/lib/python3.8/site-packages/unitree_sdk2py/go2/robot_state/__pycache__/robot_state_client.cpython-38.pyc
/home/unitree/106a_final/install/unitree_sdk2py/lib/python3.8/site-packages/unitree_sdk2py/go2/robot_state/__pycache__/robot_state_api.cpython-38.pyc
/home/unitree/106a_final/install/unitree_sdk2py/lib/python3.8/site-packages/unitree_sdk2py/go2/vui/__pycache__/vui_client.cpython-38.pyc
/home/unitree/106a_final/install/unitree_sdk2py/lib/python3.8/site-packages/unitree_sdk2py/go2/vui/__pycache__/vui_api.cpython-38.pyc
/home/unitree/106a_final/install/unitree_sdk2py/lib/python3.8/site-packages/unitree_sdk2py/go2/vui/__pycache__/__init__.cpython-38.pyc
/home/unitree/106a_final/install/unitree_sdk2py/lib/python3.8/site-packages/unitree_sdk2py/go2/video/__pycache__/video_api.cpython-38.pyc
/home/unitree/106a_final/install/unitree_sdk2py/lib/python3.8/site-packages/unitree_sdk2py/go2/video/__pycache__/video_client.cpython-38.pyc
/home/unitree/106a_final/install/unitree_sdk2py/lib/python3.8/site-packages/unitree_sdk2py/go2/video/__pycache__/__init__.cpython-38.pyc
/home/unitree/106a_final/install/unitree_sdk2py/lib/python3.8/site-packages/unitree_sdk2py/go2/sport/__pycache__/sport_client.cpython-38.pyc
/home/unitree/106a_final/install/unitree_sdk2py/lib/python3.8/site-packages/unitree_sdk2py/go2/sport/__pycache__/__init__.cpython-38.pyc
/home/unitree/106a_final/install/unitree_sdk2py/lib/python3.8/site-packages/unitree_sdk2py/go2/sport/__pycache__/sport_api.cpython-38.pyc
/home/unitree/106a_final/install/unitree_sdk2py/lib/python3.8/site-packages/unitree_sdk2py/idl/builtin_interfaces/__pycache__/__init__.cpython-38.pyc
/home/unitree/106a_final/install/unitree_sdk2py/lib/python3.8/site-packages/unitree_sdk2py/idl/nav_msgs/__pycache__/__init__.cpython-38.pyc
/home/unitree/106a_final/install/unitree_sdk2py/lib/python3.8/site-packages/unitree_sdk2py/idl/unitree_go/__pycache__/__init__.cpython-38.pyc
/home/unitree/106a_final/install/unitree_sdk2py/lib/python3.8/site-packages/unitree_sdk2py/idl/sensor_msgs/__pycache__/__init__.cpython-38.pyc
/home/unitree/106a_final/install/unitree_sdk2py/lib/python3.8/site-packages/unitree_sdk2py/idl/std_msgs/__pycache__/__init__.cpython-38.pyc
/home/unitree/106a_final/install/unitree_sdk2py/lib/python3.8/site-packages/unitree_sdk2py/idl/unitree_api/__pycache__/__init__.cpython-38.pyc
/home/unitree/106a_final/install/unitree_sdk2py/lib/python3.8/site-packages/unitree_sdk2py/idl/unitree_hg/__pycache__/__init__.cpython-38.pyc
/home/unitree/106a_final/install/unitree_sdk2py/lib/python3.8/site-packages/unitree_sdk2py/idl/geometry_msgs/__pycache__/__init__.cpython-38.pyc
/home/unitree/106a_final/install/unitree_sdk2py/lib/python3.8/site-packages/unitree_sdk2py/idl/builtin_interfaces/msg/__pycache__/__init__.cpython-38.pyc
/home/unitree/106a_final/install/unitree_sdk2py/lib/python3.8/site-packages/unitree_sdk2py/idl/builtin_interfaces/msg/dds_/__pycache__/_Time_.cpython-38.pyc
/home/unitree/106a_final/install/unitree_sdk2py/lib/python3.8/site-packages/unitree_sdk2py/idl/builtin_interfaces/msg/dds_/__pycache__/__init__.cpython-38.pyc
/home/unitree/106a_final/install/unitree_sdk2py/lib/python3.8/site-packages/unitree_sdk2py/idl/nav_msgs/msg/__pycache__/__init__.cpython-38.pyc
/home/unitree/106a_final/install/unitree_sdk2py/lib/python3.8/site-packages/unitree_sdk2py/idl/nav_msgs/msg/dds_/__pycache__/_MapMetaData_.cpython-38.pyc
/home/unitree/106a_final/install/unitree_sdk2py/lib/python3.8/site-packages/unitree_sdk2py/idl/nav_msgs/msg/dds_/__pycache__/__init__.cpython-38.pyc
/home/unitree/106a_final/install/unitree_sdk2py/lib/python3.8/site-packages/unitree_sdk2py/idl/nav_msgs/msg/dds_/__pycache__/_OccupancyGrid_.cpython-38.pyc
/home/unitree/106a_final/install/unitree_sdk2py/lib/python3.8/site-packages/unitree_sdk2py/idl/nav_msgs/msg/dds_/__pycache__/_Odometry_.cpython-38.pyc
/home/unitree/106a_final/install/unitree_sdk2py/lib/python3.8/site-packages/unitree_sdk2py/idl/unitree_go/msg/__pycache__/__init__.cpython-38.pyc
/home/unitree/106a_final/install/unitree_sdk2py/lib/python3.8/site-packages/unitree_sdk2py/idl/unitree_go/msg/dds_/__pycache__/_BmsCmd_.cpython-38.pyc
/home/unitree/106a_final/install/unitree_sdk2py/lib/python3.8/site-packages/unitree_sdk2py/idl/unitree_go/msg/dds_/__pycache__/_MotorCmds_.cpython-38.pyc
/home/unitree/106a_final/install/unitree_sdk2py/lib/python3.8/site-packages/unitree_sdk2py/idl/unitree_go/msg/dds_/__pycache__/_WirelessController_.cpython-38.pyc
/home/unitree/106a_final/install/unitree_sdk2py/lib/python3.8/site-packages/unitree_sdk2py/idl/unitree_go/msg/dds_/__pycache__/_InterfaceConfig_.cpython-38.pyc
/home/unitree/106a_final/install/unitree_sdk2py/lib/python3.8/site-packages/unitree_sdk2py/idl/unitree_go/msg/dds_/__pycache__/_Error_.cpython-38.pyc
/home/unitree/106a_final/install/unitree_sdk2py/lib/python3.8/site-packages/unitree_sdk2py/idl/unitree_go/msg/dds_/__pycache__/_Go2FrontVideoData_.cpython-38.pyc
/home/unitree/106a_final/install/unitree_sdk2py/lib/python3.8/site-packages/unitree_sdk2py/idl/unitree_go/msg/dds_/__pycache__/_TimeSpec_.cpython-38.pyc
/home/unitree/106a_final/install/unitree_sdk2py/lib/python3.8/site-packages/unitree_sdk2py/idl/unitree_go/msg/dds_/__pycache__/_LowState_.cpython-38.pyc
/home/unitree/106a_final/install/unitree_sdk2py/lib/python3.8/site-packages/unitree_sdk2py/idl/unitree_go/msg/dds_/__pycache__/_AudioData_.cpython-38.pyc
/home/unitree/106a_final/install/unitree_sdk2py/lib/python3.8/site-packages/unitree_sdk2py/idl/unitree_go/msg/dds_/__pycache__/_BmsState_.cpython-38.pyc
/home/unitree/106a_final/install/unitree_sdk2py/lib/python3.8/site-packages/unitree_sdk2py/idl/unitree_go/msg/dds_/__pycache__/_LowCmd_.cpython-38.pyc
/home/unitree/106a_final/install/unitree_sdk2py/lib/python3.8/site-packages/unitree_sdk2py/idl/unitree_go/msg/dds_/__pycache__/_SportModeState_.cpython-38.pyc
/home/unitree/106a_final/install/unitree_sdk2py/lib/python3.8/site-packages/unitree_sdk2py/idl/unitree_go/msg/dds_/__pycache__/_LidarState_.cpython-38.pyc
/home/unitree/106a_final/install/unitree_sdk2py/lib/python3.8/site-packages/unitree_sdk2py/idl/unitree_go/msg/dds_/__pycache__/_MotorState_.cpython-38.pyc
/home/unitree/106a_final/install/unitree_sdk2py/lib/python3.8/site-packages/unitree_sdk2py/idl/unitree_go/msg/dds_/__pycache__/_MotorCmd_.cpython-38.pyc
/home/unitree/106a_final/install/unitree_sdk2py/lib/python3.8/site-packages/unitree_sdk2py/idl/unitree_go/msg/dds_/__pycache__/_UwbSwitch_.cpython-38.pyc
/home/unitree/106a_final/install/unitree_sdk2py/lib/python3.8/site-packages/unitree_sdk2py/idl/unitree_go/msg/dds_/__pycache__/__init__.cpython-38.pyc
/home/unitree/106a_final/install/unitree_sdk2py/lib/python3.8/site-packages/unitree_sdk2py/idl/unitree_go/msg/dds_/__pycache__/_UwbState_.cpython-38.pyc
/home/unitree/106a_final/install/unitree_sdk2py/lib/python3.8/site-packages/unitree_sdk2py/idl/unitree_go/msg/dds_/__pycache__/_Req_.cpython-38.pyc
/home/unitree/106a_final/install/unitree_sdk2py/lib/python3.8/site-packages/unitree_sdk2py/idl/unitree_go/msg/dds_/__pycache__/_HeightMap_.cpython-38.pyc
/home/unitree/106a_final/install/unitree_sdk2py/lib/python3.8/site-packages/unitree_sdk2py/idl/unitree_go/msg/dds_/__pycache__/_Res_.cpython-38.pyc
/home/unitree/106a_final/install/unitree_sdk2py/lib/python3.8/site-packages/unitree_sdk2py/idl/unitree_go/msg/dds_/__pycache__/_IMUState_.cpython-38.pyc
/home/unitree/106a_final/install/unitree_sdk2py/lib/python3.8/site-packages/unitree_sdk2py/idl/unitree_go/msg/dds_/__pycache__/_PathPoint_.cpython-38.pyc
/home/unitree/106a_final/install/unitree_sdk2py/lib/python3.8/site-packages/unitree_sdk2py/idl/unitree_go/msg/dds_/__pycache__/_MotorStates_.cpython-38.pyc
/home/unitree/106a_final/install/unitree_sdk2py/lib/python3.8/site-packages/unitree_sdk2py/idl/sensor_msgs/msg/__pycache__/__init__.cpython-38.pyc
/home/unitree/106a_final/install/unitree_sdk2py/lib/python3.8/site-packages/unitree_sdk2py/idl/sensor_msgs/msg/dds_/__pycache__/_PointCloud2_.cpython-38.pyc
/home/unitree/106a_final/install/unitree_sdk2py/lib/python3.8/site-packages/unitree_sdk2py/idl/sensor_msgs/msg/dds_/__pycache__/__init__.cpython-38.pyc
/home/unitree/106a_final/install/unitree_sdk2py/lib/python3.8/site-packages/unitree_sdk2py/idl/sensor_msgs/msg/dds_/__pycache__/_PointField_.cpython-38.pyc
/home/unitree/106a_final/install/unitree_sdk2py/lib/python3.8/site-packages/unitree_sdk2py/idl/sensor_msgs/msg/dds_/PointField_Constants/__pycache__/__init__.cpython-38.pyc
/home/unitree/106a_final/install/unitree_sdk2py/lib/python3.8/site-packages/unitree_sdk2py/idl/sensor_msgs/msg/dds_/PointField_Constants/__pycache__/_PointField_.cpython-38.pyc
/home/unitree/106a_final/install/unitree_sdk2py/lib/python3.8/site-packages/unitree_sdk2py/idl/std_msgs/msg/__pycache__/__init__.cpython-38.pyc
/home/unitree/106a_final/install/unitree_sdk2py/lib/python3.8/site-packages/unitree_sdk2py/idl/std_msgs/msg/dds_/__pycache__/_String_.cpython-38.pyc
/home/unitree/106a_final/install/unitree_sdk2py/lib/python3.8/site-packages/unitree_sdk2py/idl/std_msgs/msg/dds_/__pycache__/__init__.cpython-38.pyc
/home/unitree/106a_final/install/unitree_sdk2py/lib/python3.8/site-packages/unitree_sdk2py/idl/std_msgs/msg/dds_/__pycache__/_Header_.cpython-38.pyc
/home/unitree/106a_final/install/unitree_sdk2py/lib/python3.8/site-packages/unitree_sdk2py/idl/unitree_api/msg/__pycache__/__init__.cpython-38.pyc
/home/unitree/106a_final/install/unitree_sdk2py/lib/python3.8/site-packages/unitree_sdk2py/idl/unitree_api/msg/dds_/__pycache__/_ResponseStatus_.cpython-38.pyc
/home/unitree/106a_final/install/unitree_sdk2py/lib/python3.8/site-packages/unitree_sdk2py/idl/unitree_api/msg/dds_/__pycache__/_RequestPolicy_.cpython-38.pyc
/home/unitree/106a_final/install/unitree_sdk2py/lib/python3.8/site-packages/unitree_sdk2py/idl/unitree_api/msg/dds_/__pycache__/_Request_.cpython-38.pyc
/home/unitree/106a_final/install/unitree_sdk2py/lib/python3.8/site-packages/unitree_sdk2py/idl/unitree_api/msg/dds_/__pycache__/_RequestIdentity_.cpython-38.pyc
/home/unitree/106a_final/install/unitree_sdk2py/lib/python3.8/site-packages/unitree_sdk2py/idl/unitree_api/msg/dds_/__pycache__/_RequestLease_.cpython-38.pyc
/home/unitree/106a_final/install/unitree_sdk2py/lib/python3.8/site-packages/unitree_sdk2py/idl/unitree_api/msg/dds_/__pycache__/_RequestHeader_.cpython-38.pyc
/home/unitree/106a_final/install/unitree_sdk2py/lib/python3.8/site-packages/unitree_sdk2py/idl/unitree_api/msg/dds_/__pycache__/__init__.cpython-38.pyc
/home/unitree/106a_final/install/unitree_sdk2py/lib/python3.8/site-packages/unitree_sdk2py/idl/unitree_api/msg/dds_/__pycache__/_Response_.cpython-38.pyc
/home/unitree/106a_final/install/unitree_sdk2py/lib/python3.8/site-packages/unitree_sdk2py/idl/unitree_api/msg/dds_/__pycache__/_ResponseHeader_.cpython-38.pyc
/home/unitree/106a_final/install/unitree_sdk2py/lib/python3.8/site-packages/unitree_sdk2py/idl/unitree_hg/msg/__pycache__/__init__.cpython-38.pyc
/home/unitree/106a_final/install/unitree_sdk2py/lib/python3.8/site-packages/unitree_sdk2py/idl/unitree_hg/msg/dds_/__pycache__/_BmsCmd_.cpython-38.pyc
/home/unitree/106a_final/install/unitree_sdk2py/lib/python3.8/site-packages/unitree_sdk2py/idl/unitree_hg/msg/dds_/__pycache__/_HandCmd_.cpython-38.pyc
/home/unitree/106a_final/install/unitree_sdk2py/lib/python3.8/site-packages/unitree_sdk2py/idl/unitree_hg/msg/dds_/__pycache__/_LowState_.cpython-38.pyc
/home/unitree/106a_final/install/unitree_sdk2py/lib/python3.8/site-packages/unitree_sdk2py/idl/unitree_hg/msg/dds_/__pycache__/_PressSensorState_.cpython-38.pyc
/home/unitree/106a_final/install/unitree_sdk2py/lib/python3.8/site-packages/unitree_sdk2py/idl/unitree_hg/msg/dds_/__pycache__/_BmsState_.cpython-38.pyc
/home/unitree/106a_final/install/unitree_sdk2py/lib/python3.8/site-packages/unitree_sdk2py/idl/unitree_hg/msg/dds_/__pycache__/_MainBoardState_.cpython-38.pyc
/home/unitree/106a_final/install/unitree_sdk2py/lib/python3.8/site-packages/unitree_sdk2py/idl/unitree_hg/msg/dds_/__pycache__/_LowCmd_.cpython-38.pyc
/home/unitree/106a_final/install/unitree_sdk2py/lib/python3.8/site-packages/unitree_sdk2py/idl/unitree_hg/msg/dds_/__pycache__/_HandState_.cpython-38.pyc
/home/unitree/106a_final/install/unitree_sdk2py/lib/python3.8/site-packages/unitree_sdk2py/idl/unitree_hg/msg/dds_/__pycache__/_MotorState_.cpython-38.pyc
/home/unitree/106a_final/install/unitree_sdk2py/lib/python3.8/site-packages/unitree_sdk2py/idl/unitree_hg/msg/dds_/__pycache__/_MotorCmd_.cpython-38.pyc
/home/unitree/106a_final/install/unitree_sdk2py/lib/python3.8/site-packages/unitree_sdk2py/idl/unitree_hg/msg/dds_/__pycache__/__init__.cpython-38.pyc
/home/unitree/106a_final/install/unitree_sdk2py/lib/python3.8/site-packages/unitree_sdk2py/idl/unitree_hg/msg/dds_/__pycache__/_IMUState_.cpython-38.pyc
/home/unitree/106a_final/install/unitree_sdk2py/lib/python3.8/site-packages/unitree_sdk2py/idl/geometry_msgs/msg/__pycache__/__init__.cpython-38.pyc
/home/unitree/106a_final/install/unitree_sdk2py/lib/python3.8/site-packages/unitree_sdk2py/idl/geometry_msgs/msg/dds_/__pycache__/_TwistStamped_.cpython-38.pyc
/home/unitree/106a_final/install/unitree_sdk2py/lib/python3.8/site-packages/unitree_sdk2py/idl/geometry_msgs/msg/dds_/__pycache__/_Pose2D_.cpython-38.pyc
/home/unitree/106a_final/install/unitree_sdk2py/lib/python3.8/site-packages/unitree_sdk2py/idl/geometry_msgs/msg/dds_/__pycache__/_Vector3_.cpython-38.pyc
/home/unitree/106a_final/install/unitree_sdk2py/lib/python3.8/site-packages/unitree_sdk2py/idl/geometry_msgs/msg/dds_/__pycache__/_PoseWithCovarianceStamped_.cpython-38.pyc
/home/unitree/106a_final/install/unitree_sdk2py/lib/python3.8/site-packages/unitree_sdk2py/idl/geometry_msgs/msg/dds_/__pycache__/_Pose_.cpython-38.pyc
/home/unitree/106a_final/install/unitree_sdk2py/lib/python3.8/site-packages/unitree_sdk2py/idl/geometry_msgs/msg/dds_/__pycache__/_PointStamped_.cpython-38.pyc
/home/unitree/106a_final/install/unitree_sdk2py/lib/python3.8/site-packages/unitree_sdk2py/idl/geometry_msgs/msg/dds_/__pycache__/_PoseWithCovariance_.cpython-38.pyc
/home/unitree/106a_final/install/unitree_sdk2py/lib/python3.8/site-packages/unitree_sdk2py/idl/geometry_msgs/msg/dds_/__pycache__/_PoseStamped_.cpython-38.pyc
/home/unitree/106a_final/install/unitree_sdk2py/lib/python3.8/site-packages/unitree_sdk2py/idl/geometry_msgs/msg/dds_/__pycache__/_Point_.cpython-38.pyc
/home/unitree/106a_final/install/unitree_sdk2py/lib/python3.8/site-packages/unitree_sdk2py/idl/geometry_msgs/msg/dds_/__pycache__/_QuaternionStamped_.cpython-38.pyc
/home/unitree/106a_final/install/unitree_sdk2py/lib/python3.8/site-packages/unitree_sdk2py/idl/geometry_msgs/msg/dds_/__pycache__/__init__.cpython-38.pyc
/home/unitree/106a_final/install/unitree_sdk2py/lib/python3.8/site-packages/unitree_sdk2py/idl/geometry_msgs/msg/dds_/__pycache__/_TwistWithCovariance_.cpython-38.pyc
/home/unitree/106a_final/install/unitree_sdk2py/lib/python3.8/site-packages/unitree_sdk2py/idl/geometry_msgs/msg/dds_/__pycache__/_TwistWithCovarianceStamped_.cpython-38.pyc
/home/unitree/106a_final/install/unitree_sdk2py/lib/python3.8/site-packages/unitree_sdk2py/idl/geometry_msgs/msg/dds_/__pycache__/_Point32_.cpython-38.pyc
/home/unitree/106a_final/install/unitree_sdk2py/lib/python3.8/site-packages/unitree_sdk2py/idl/geometry_msgs/msg/dds_/__pycache__/_Twist_.cpython-38.pyc
/home/unitree/106a_final/install/unitree_sdk2py/lib/python3.8/site-packages/unitree_sdk2py/idl/geometry_msgs/msg/dds_/__pycache__/_Quaternion_.cpython-38.pyc
/home/unitree/106a_final/install/unitree_sdk2py/lib/python3.8/site-packages/unitree_sdk2py-1.0.1-py3.8.egg-info/dependency_links.txt
/home/unitree/106a_final/install/unitree_sdk2py/lib/python3.8/site-packages/unitree_sdk2py-1.0.1-py3.8.egg-info/top_level.txt
/home/unitree/106a_final/install/unitree_sdk2py/lib/python3.8/site-packages/unitree_sdk2py-1.0.1-py3.8.egg-info/requires.txt
/home/unitree/106a_final/install/unitree_sdk2py/lib/python3.8/site-packages/unitree_sdk2py-1.0.1-py3.8.egg-info/PKG-INFO
/home/unitree/106a_final/install/unitree_sdk2py/lib/python3.8/site-packages/unitree_sdk2py-1.0.1-py3.8.egg-info/SOURCES.txt
