[0.674s] Invoking command in '/home/unitree/106a_final/build/realsense2_camera': AMENT_PREFIX_PATH=/home/unitree/106a_final/install/realsense2_camera_msgs:${AMENT_PREFIX_PATH} CMAKE_PREFIX_PATH=/home/unitree/106a_final/install/realsense2_camera_msgs:/home/unitree/cyclonedds_ws/install/rmw_cyclonedds_cpp:/home/unitree/cyclonedds_ws/install/cyclonedds:/opt/ros/foxy LD_LIBRARY_PATH=/home/unitree/106a_final/install/realsense2_camera_msgs/lib:${LD_LIBRARY_PATH} PYTHONPATH=/home/unitree/106a_final/install/realsense2_camera_msgs/lib/python3.8/site-packages:${PYTHONPATH} /usr/bin/cmake --build /home/unitree/106a_final/build/realsense2_camera -- -j4 -l4
[0.808s] [ 25%] Built target realsense2_camera_node
[0.841s] [100%] Built target realsense2_camera
[1.492s] Invoked command in '/home/unitree/106a_final/build/realsense2_camera' returned '0': AMENT_PREFIX_PATH=/home/unitree/106a_final/install/realsense2_camera_msgs:${AMENT_PREFIX_PATH} CMAKE_PREFIX_PATH=/home/unitree/106a_final/install/realsense2_camera_msgs:/home/unitree/cyclonedds_ws/install/rmw_cyclonedds_cpp:/home/unitree/cyclonedds_ws/install/cyclonedds:/opt/ros/foxy LD_LIBRARY_PATH=/home/unitree/106a_final/install/realsense2_camera_msgs/lib:${LD_LIBRARY_PATH} PYTHONPATH=/home/unitree/106a_final/install/realsense2_camera_msgs/lib/python3.8/site-packages:${PYTHONPATH} /usr/bin/cmake --build /home/unitree/106a_final/build/realsense2_camera -- -j4 -l4
[1.496s] Invoking command in '/home/unitree/106a_final/build/realsense2_camera': AMENT_PREFIX_PATH=/home/unitree/106a_final/install/realsense2_camera_msgs:${AMENT_PREFIX_PATH} CMAKE_PREFIX_PATH=/home/unitree/106a_final/install/realsense2_camera_msgs:/home/unitree/cyclonedds_ws/install/rmw_cyclonedds_cpp:/home/unitree/cyclonedds_ws/install/cyclonedds:/opt/ros/foxy LD_LIBRARY_PATH=/home/unitree/106a_final/install/realsense2_camera_msgs/lib:${LD_LIBRARY_PATH} PYTHONPATH=/home/unitree/106a_final/install/realsense2_camera_msgs/lib/python3.8/site-packages:${PYTHONPATH} /usr/bin/cmake --install /home/unitree/106a_final/build/realsense2_camera
[1.756s] -- Install configuration: "Release"
[1.757s] -- Execute custom install script
[1.757s] -- Up-to-date symlink: /home/unitree/106a_final/install/realsense2_camera/lib/realsense2_camera/realsense2_camera_node
[1.757s] -- Up-to-date symlink: /home/unitree/106a_final/install/realsense2_camera/lib/librealsense2_camera.so
[1.757s] -- Up-to-date symlink: /home/unitree/106a_final/install/realsense2_camera/include/base_realsense_node.h
[1.757s] -- Up-to-date symlink: /home/unitree/106a_final/install/realsense2_camera/include/constants.h
[1.757s] -- Up-to-date symlink: /home/unitree/106a_final/install/realsense2_camera/include/dynamic_params.h
[1.758s] -- Up-to-date symlink: /home/unitree/106a_final/install/realsense2_camera/include/realsense_node_factory.h
[1.758s] -- Up-to-date symlink: /home/unitree/106a_final/install/realsense2_camera/include/ros_param_backend.h
[1.758s] -- Up-to-date symlink: /home/unitree/106a_final/install/realsense2_camera/include/t265_realsense_node.h
[1.758s] -- Up-to-date symlink: /home/unitree/106a_final/install/realsense2_camera/share/realsense2_camera/launch/default.rviz
[1.758s] -- Up-to-date symlink: /home/unitree/106a_final/install/realsense2_camera/share/realsense2_camera/launch/demo_pointcloud_launch.py
[1.758s] -- Up-to-date symlink: /home/unitree/106a_final/install/realsense2_camera/share/realsense2_camera/launch/demo_t265_launch.py
[1.759s] -- Up-to-date symlink: /home/unitree/106a_final/install/realsense2_camera/share/realsense2_camera/launch/rs_d400_and_t265_launch.py
[1.759s] -- Up-to-date symlink: /home/unitree/106a_final/install/realsense2_camera/share/realsense2_camera/launch/rs_launch.py
[1.759s] -- Up-to-date symlink: /home/unitree/106a_final/install/realsense2_camera/share/realsense2_camera/launch/rs_multi_camera_launch.py
[1.759s] -- Up-to-date symlink: /home/unitree/106a_final/install/realsense2_camera/share/realsense2_camera/launch/rs_t265_launch.py
[1.759s] -- Up-to-date symlink: /home/unitree/106a_final/install/realsense2_camera/share/realsense2_camera/config/d435i.yaml
[1.759s] -- Up-to-date symlink: /home/unitree/106a_final/install/realsense2_camera/share/realsense2_camera/rviz/pointcloud.rviz
[1.759s] -- Up-to-date symlink: /home/unitree/106a_final/install/realsense2_camera/share/realsense2_camera/rviz/t265.rviz
[1.760s] -- Up-to-date symlink: /home/unitree/106a_final/install/realsense2_camera/share/realsense2_camera/environment/library_path.sh
[1.760s] -- Up-to-date symlink: /home/unitree/106a_final/install/realsense2_camera/share/realsense2_camera/environment/library_path.dsv
[1.760s] -- Up-to-date symlink: /home/unitree/106a_final/install/realsense2_camera/share/ament_index/resource_index/package_run_dependencies/realsense2_camera
[1.760s] -- Up-to-date symlink: /home/unitree/106a_final/install/realsense2_camera/share/ament_index/resource_index/parent_prefix_path/realsense2_camera
[1.760s] -- Up-to-date symlink: /home/unitree/106a_final/install/realsense2_camera/share/realsense2_camera/environment/ament_prefix_path.sh
[1.760s] -- Up-to-date symlink: /home/unitree/106a_final/install/realsense2_camera/share/realsense2_camera/environment/ament_prefix_path.dsv
[1.761s] -- Up-to-date symlink: /home/unitree/106a_final/install/realsense2_camera/share/realsense2_camera/environment/path.sh
[1.761s] -- Up-to-date symlink: /home/unitree/106a_final/install/realsense2_camera/share/realsense2_camera/environment/path.dsv
[1.761s] -- Up-to-date symlink: /home/unitree/106a_final/install/realsense2_camera/share/realsense2_camera/local_setup.bash
[1.761s] -- Up-to-date symlink: /home/unitree/106a_final/install/realsense2_camera/share/realsense2_camera/local_setup.sh
[1.761s] -- Up-to-date symlink: /home/unitree/106a_final/install/realsense2_camera/share/realsense2_camera/local_setup.zsh
[1.761s] -- Up-to-date symlink: /home/unitree/106a_final/install/realsense2_camera/share/realsense2_camera/local_setup.dsv
[1.762s] -- Symlinking: /home/unitree/106a_final/install/realsense2_camera/share/realsense2_camera/package.dsv
[1.762s] -- Up-to-date symlink: /home/unitree/106a_final/install/realsense2_camera/share/ament_index/resource_index/packages/realsense2_camera
[1.762s] -- Up-to-date symlink: /home/unitree/106a_final/install/realsense2_camera/share/ament_index/resource_index/rclcpp_components/realsense2_camera
[1.762s] -- Up-to-date symlink: /home/unitree/106a_final/install/realsense2_camera/share/realsense2_camera/cmake/ament_cmake_export_include_directories-extras.cmake
[1.764s] -- Up-to-date symlink: /home/unitree/106a_final/install/realsense2_camera/share/realsense2_camera/cmake/ament_cmake_export_libraries-extras.cmake
[1.765s] -- Up-to-date symlink: /home/unitree/106a_final/install/realsense2_camera/share/realsense2_camera/cmake/ament_cmake_export_dependencies-extras.cmake
[1.765s] -- Up-to-date symlink: /home/unitree/106a_final/install/realsense2_camera/share/realsense2_camera/cmake/realsense2_cameraConfig.cmake
[1.765s] -- Up-to-date symlink: /home/unitree/106a_final/install/realsense2_camera/share/realsense2_camera/cmake/realsense2_cameraConfig-version.cmake
[1.765s] -- Up-to-date symlink: /home/unitree/106a_final/install/realsense2_camera/share/realsense2_camera/package.xml
[1.765s] Invoked command in '/home/unitree/106a_final/build/realsense2_camera' returned '0': AMENT_PREFIX_PATH=/home/unitree/106a_final/install/realsense2_camera_msgs:${AMENT_PREFIX_PATH} CMAKE_PREFIX_PATH=/home/unitree/106a_final/install/realsense2_camera_msgs:/home/unitree/cyclonedds_ws/install/rmw_cyclonedds_cpp:/home/unitree/cyclonedds_ws/install/cyclonedds:/opt/ros/foxy LD_LIBRARY_PATH=/home/unitree/106a_final/install/realsense2_camera_msgs/lib:${LD_LIBRARY_PATH} PYTHONPATH=/home/unitree/106a_final/install/realsense2_camera_msgs/lib/python3.8/site-packages:${PYTHONPATH} /usr/bin/cmake --install /home/unitree/106a_final/build/realsense2_camera
