[2.962s] Invoking command in '/home/unitree/106a_final/build/base_driver': CMAKE_PREFIX_PATH=${CMAKE_PREFIX_PATH}:/home/unitree/106a_final/install/navigation_node_three:/home/unitree/106a_final/install/navigatigation_node_three:/home/unitree/106a_final/install/vision_node:/home/unitree/106a_final/install/navigation_node_two:/home/unitree/106a_final/install/navigation_node:/home/unitree/106a_final/install/aruco_node:/home/unitree/106a_final/install/arm_control:/opt/ros/foxy /usr/bin/cmake --build /home/unitree/106a_final/build/base_driver -- -j4 -l4
[3.318s] [ 50%] Built target base_wrapper
[3.547s] [100%] Built target base_driver
[5.256s] Invoked command in '/home/unitree/106a_final/build/base_driver' returned '0': CMAKE_PREFIX_PATH=${CMAKE_PREFIX_PATH}:/home/unitree/106a_final/install/navigation_node_three:/home/unitree/106a_final/install/navigatigation_node_three:/home/unitree/106a_final/install/vision_node:/home/unitree/106a_final/install/navigation_node_two:/home/unitree/106a_final/install/navigation_node:/home/unitree/106a_final/install/aruco_node:/home/unitree/106a_final/install/arm_control:/opt/ros/foxy /usr/bin/cmake --build /home/unitree/106a_final/build/base_driver -- -j4 -l4
[5.259s] Invoking command in '/home/unitree/106a_final/build/base_driver': CMAKE_PREFIX_PATH=${CMAKE_PREFIX_PATH}:/home/unitree/106a_final/install/navigation_node_three:/home/unitree/106a_final/install/navigatigation_node_three:/home/unitree/106a_final/install/vision_node:/home/unitree/106a_final/install/navigation_node_two:/home/unitree/106a_final/install/navigation_node:/home/unitree/106a_final/install/aruco_node:/home/unitree/106a_final/install/arm_control:/opt/ros/foxy /usr/bin/cmake --install /home/unitree/106a_final/build/base_driver
[5.326s] -- Install configuration: ""
[5.326s] -- Up-to-date: /home/unitree/106a_final/install/base_driver/lib/base_driver/base_driver
[5.326s] -- Up-to-date: /home/unitree/106a_final/install/base_driver/share/ament_index/resource_index/package_run_dependencies/base_driver
[5.326s] -- Up-to-date: /home/unitree/106a_final/install/base_driver/share/ament_index/resource_index/parent_prefix_path/base_driver
[5.327s] -- Up-to-date: /home/unitree/106a_final/install/base_driver/share/base_driver/environment/ament_prefix_path.sh
[5.328s] -- Up-to-date: /home/unitree/106a_final/install/base_driver/share/base_driver/environment/ament_prefix_path.dsv
[5.328s] -- Up-to-date: /home/unitree/106a_final/install/base_driver/share/base_driver/environment/path.sh
[5.328s] -- Up-to-date: /home/unitree/106a_final/install/base_driver/share/base_driver/environment/path.dsv
[5.329s] -- Up-to-date: /home/unitree/106a_final/install/base_driver/share/base_driver/local_setup.bash
[5.329s] -- Up-to-date: /home/unitree/106a_final/install/base_driver/share/base_driver/local_setup.sh
[5.329s] -- Up-to-date: /home/unitree/106a_final/install/base_driver/share/base_driver/local_setup.zsh
[5.329s] -- Up-to-date: /home/unitree/106a_final/install/base_driver/share/base_driver/local_setup.dsv
[5.329s] -- Installing: /home/unitree/106a_final/install/base_driver/share/base_driver/package.dsv
[5.329s] -- Up-to-date: /home/unitree/106a_final/install/base_driver/share/ament_index/resource_index/packages/base_driver
[5.329s] -- Up-to-date: /home/unitree/106a_final/install/base_driver/share/base_driver/cmake/base_driverConfig.cmake
[5.330s] -- Up-to-date: /home/unitree/106a_final/install/base_driver/share/base_driver/cmake/base_driverConfig-version.cmake
[5.330s] -- Up-to-date: /home/unitree/106a_final/install/base_driver/share/base_driver/package.xml
[7.012s] Invoked command in '/home/unitree/106a_final/build/base_driver' returned '0': CMAKE_PREFIX_PATH=${CMAKE_PREFIX_PATH}:/home/unitree/106a_final/install/navigation_node_three:/home/unitree/106a_final/install/navigatigation_node_three:/home/unitree/106a_final/install/vision_node:/home/unitree/106a_final/install/navigation_node_two:/home/unitree/106a_final/install/navigation_node:/home/unitree/106a_final/install/aruco_node:/home/unitree/106a_final/install/arm_control:/opt/ros/foxy /usr/bin/cmake --install /home/unitree/106a_final/build/base_driver
