[3.923s] Invoking command in '/home/unitree/106a_final/src/vision_node': PYTHONPATH=/home/unitree/106a_final/build/vision_node/prefix_override:/home/unitree/106a_final/install/vision_node/lib/python3.8/site-packages:${PYTHONPATH} /usr/bin/python3 setup.py egg_info --egg-base ../../build/vision_node build --build-base /home/unitree/106a_final/build/vision_node/build install --record /home/unitree/106a_final/build/vision_node/install.log --install-scripts $base/lib/vision_node --single-version-externally-managed
[4.441s] running egg_info
[4.442s] writing ../../build/vision_node/vision_node.egg-info/PKG-INFO
[4.442s] writing dependency_links to ../../build/vision_node/vision_node.egg-info/dependency_links.txt
[4.443s] writing entry points to ../../build/vision_node/vision_node.egg-info/entry_points.txt
[4.443s] writing requirements to ../../build/vision_node/vision_node.egg-info/requires.txt
[4.444s] writing top-level names to ../../build/vision_node/vision_node.egg-info/top_level.txt
[4.510s] reading manifest file '../../build/vision_node/vision_node.egg-info/SOURCES.txt'
[4.512s] writing manifest file '../../build/vision_node/vision_node.egg-info/SOURCES.txt'
[4.515s] running build
[4.515s] running build_py
[4.515s] running install
[4.516s] running install_lib
[4.518s] running install_data
[4.520s] running install_egg_info
[4.523s] removing '/home/unitree/106a_final/install/vision_node/lib/python3.8/site-packages/vision_node-0.0.0-py3.8.egg-info' (and everything under it)
[4.527s] Copying ../../build/vision_node/vision_node.egg-info to /home/unitree/106a_final/install/vision_node/lib/python3.8/site-packages/vision_node-0.0.0-py3.8.egg-info
[4.529s] running install_scripts
[4.568s] Installing pingpong_node script to /home/unitree/106a_final/install/vision_node/lib/vision_node
[4.569s] writing list of installed files to '/home/unitree/106a_final/build/vision_node/install.log'
[4.933s] Invoked command in '/home/unitree/106a_final/src/vision_node' returned '0': PYTHONPATH=/home/unitree/106a_final/build/vision_node/prefix_override:/home/unitree/106a_final/install/vision_node/lib/python3.8/site-packages:${PYTHONPATH} /usr/bin/python3 setup.py egg_info --egg-base ../../build/vision_node build --build-base /home/unitree/106a_final/build/vision_node/build install --record /home/unitree/106a_final/build/vision_node/install.log --install-scripts $base/lib/vision_node --single-version-externally-managed
