[5.709s] Invoking command in '/home/unitree/106a_final/src/arm_control': PYTHONPATH=/home/unitree/106a_final/build/arm_control/prefix_override:/home/unitree/106a_final/install/arm_control/lib/python3.8/site-packages:${PYTHONPATH} /usr/bin/python3 setup.py egg_info --egg-base ../../build/arm_control build --build-base /home/unitree/106a_final/build/arm_control/build install --record /home/unitree/106a_final/build/arm_control/install.log --install-scripts $base/lib/arm_control --single-version-externally-managed
[6.372s] running egg_info
[6.380s] writing ../../build/arm_control/arm_control.egg-info/PKG-INFO
[6.380s] writing dependency_links to ../../build/arm_control/arm_control.egg-info/dependency_links.txt
[6.381s] writing entry points to ../../build/arm_control/arm_control.egg-info/entry_points.txt
[6.381s] writing requirements to ../../build/arm_control/arm_control.egg-info/requires.txt
[6.381s] writing top-level names to ../../build/arm_control/arm_control.egg-info/top_level.txt
[6.457s] reading manifest file '../../build/arm_control/arm_control.egg-info/SOURCES.txt'
[6.464s] writing manifest file '../../build/arm_control/arm_control.egg-info/SOURCES.txt'
[6.465s] running build
[6.465s] running build_py
[6.465s] running install
[6.465s] running install_lib
[6.481s] running install_data
[6.481s] running install_egg_info
[6.481s] removing '/home/unitree/106a_final/install/arm_control/lib/python3.8/site-packages/arm_control-0.0.0-py3.8.egg-info' (and everything under it)
[6.481s] Copying ../../build/arm_control/arm_control.egg-info to /home/unitree/106a_final/install/arm_control/lib/python3.8/site-packages/arm_control-0.0.0-py3.8.egg-info
[6.496s] running install_scripts
[6.535s] Installing arm_node script to /home/unitree/106a_final/install/arm_control/lib/arm_control
[6.536s] Installing servo_driver script to /home/unitree/106a_final/install/arm_control/lib/arm_control
[6.538s] writing list of installed files to '/home/unitree/106a_final/build/arm_control/install.log'
[7.156s] Invoked command in '/home/unitree/106a_final/src/arm_control' returned '0': PYTHONPATH=/home/unitree/106a_final/build/arm_control/prefix_override:/home/unitree/106a_final/install/arm_control/lib/python3.8/site-packages:${PYTHONPATH} /usr/bin/python3 setup.py egg_info --egg-base ../../build/arm_control build --build-base /home/unitree/106a_final/build/arm_control/build install --record /home/unitree/106a_final/build/arm_control/install.log --install-scripts $base/lib/arm_control --single-version-externally-managed
