[6.688s] Invoking command in '/home/unitree/106a_final/src/navigation_node': PYTHONPATH=/home/unitree/106a_final/build/navigation_node/prefix_override:/home/unitree/106a_final/install/navigation_node/lib/python3.8/site-packages:${PYTHONPATH} /usr/bin/python3 setup.py egg_info --egg-base ../../build/navigation_node build --build-base /home/unitree/106a_final/build/navigation_node/build install --record /home/unitree/106a_final/build/navigation_node/install.log --install-scripts $base/lib/navigation_node --single-version-externally-managed
[7.622s] running egg_info
[7.632s] writing ../../build/navigation_node/navigation_node.egg-info/PKG-INFO
[7.633s] writing dependency_links to ../../build/navigation_node/navigation_node.egg-info/dependency_links.txt
[7.634s] writing entry points to ../../build/navigation_node/navigation_node.egg-info/entry_points.txt
[7.634s] writing requirements to ../../build/navigation_node/navigation_node.egg-info/requires.txt
[7.634s] writing top-level names to ../../build/navigation_node/navigation_node.egg-info/top_level.txt
[7.729s] reading manifest file '../../build/navigation_node/navigation_node.egg-info/SOURCES.txt'
[7.733s] writing manifest file '../../build/navigation_node/navigation_node.egg-info/SOURCES.txt'
[7.734s] running build
[7.734s] running build_py
[7.736s] running install
[7.740s] running install_lib
[7.746s] running install_data
[7.749s] running install_egg_info
[7.759s] removing '/home/unitree/106a_final/install/navigation_node/lib/python3.8/site-packages/navigation_node-0.0.0-py3.8.egg-info' (and everything under it)
[7.760s] Copying ../../build/navigation_node/navigation_node.egg-info to /home/unitree/106a_final/install/navigation_node/lib/python3.8/site-packages/navigation_node-0.0.0-py3.8.egg-info
[7.763s] running install_scripts
[7.817s] Installing nav_node_go script to /home/unitree/106a_final/install/navigation_node/lib/navigation_node
[7.819s] writing list of installed files to '/home/unitree/106a_final/build/navigation_node/install.log'
[8.857s] Invoked command in '/home/unitree/106a_final/src/navigation_node' returned '0': PYTHONPATH=/home/unitree/106a_final/build/navigation_node/prefix_override:/home/unitree/106a_final/install/navigation_node/lib/python3.8/site-packages:${PYTHONPATH} /usr/bin/python3 setup.py egg_info --egg-base ../../build/navigation_node build --build-base /home/unitree/106a_final/build/navigation_node/build install --record /home/unitree/106a_final/build/navigation_node/install.log --install-scripts $base/lib/navigation_node --single-version-externally-managed
