running egg_info
creating ../build/unitree_sdk2py/unitree_sdk2py.egg-info
writing ../build/unitree_sdk2py/unitree_sdk2py.egg-info/PKG-INFO
writing dependency_links to ../build/unitree_sdk2py/unitree_sdk2py.egg-info/dependency_links.txt
writing requirements to ../build/unitree_sdk2py/unitree_sdk2py.egg-info/requires.txt
writing top-level names to ../build/unitree_sdk2py/unitree_sdk2py.egg-info/top_level.txt
writing manifest file '../build/unitree_sdk2py/unitree_sdk2py.egg-info/SOURCES.txt'
reading manifest file '../build/unitree_sdk2py/unitree_sdk2py.egg-info/SOURCES.txt'
writing manifest file '../build/unitree_sdk2py/unitree_sdk2py.egg-info/SOURCES.txt'
running build
running build_py
creating /home/unitree/106a_final/src/build/unitree_sdk2py/build
creating /home/unitree/106a_final/src/build/unitree_sdk2py/build/lib
creating /home/unitree/106a_final/src/build/unitree_sdk2py/build/lib/unitree_sdk2py
copying unitree_sdk2py/__init__.py -> /home/unitree/106a_final/src/build/unitree_sdk2py/build/lib/unitree_sdk2py
creating /home/unitree/106a_final/src/build/unitree_sdk2py/build/lib/unitree_sdk2py/utils
copying unitree_sdk2py/utils/joystick.py -> /home/unitree/106a_final/src/build/unitree_sdk2py/build/lib/unitree_sdk2py/utils
copying unitree_sdk2py/utils/future.py -> /home/unitree/106a_final/src/build/unitree_sdk2py/build/lib/unitree_sdk2py/utils
copying unitree_sdk2py/utils/crc.py -> /home/unitree/106a_final/src/build/unitree_sdk2py/build/lib/unitree_sdk2py/utils
copying unitree_sdk2py/utils/timerfd.py -> /home/unitree/106a_final/src/build/unitree_sdk2py/build/lib/unitree_sdk2py/utils
copying unitree_sdk2py/utils/thread.py -> /home/unitree/106a_final/src/build/unitree_sdk2py/build/lib/unitree_sdk2py/utils
copying unitree_sdk2py/utils/bqueue.py -> /home/unitree/106a_final/src/build/unitree_sdk2py/build/lib/unitree_sdk2py/utils
copying unitree_sdk2py/utils/hz_sample.py -> /home/unitree/106a_final/src/build/unitree_sdk2py/build/lib/unitree_sdk2py/utils
copying unitree_sdk2py/utils/__init__.py -> /home/unitree/106a_final/src/build/unitree_sdk2py/build/lib/unitree_sdk2py/utils
copying unitree_sdk2py/utils/singleton.py -> /home/unitree/106a_final/src/build/unitree_sdk2py/build/lib/unitree_sdk2py/utils
copying unitree_sdk2py/utils/clib_lookup.py -> /home/unitree/106a_final/src/build/unitree_sdk2py/build/lib/unitree_sdk2py/utils
creating /home/unitree/106a_final/src/build/unitree_sdk2py/build/lib/unitree_sdk2py/core
copying unitree_sdk2py/core/channel_name.py -> /home/unitree/106a_final/src/build/unitree_sdk2py/build/lib/unitree_sdk2py/core
copying unitree_sdk2py/core/__init__.py -> /home/unitree/106a_final/src/build/unitree_sdk2py/build/lib/unitree_sdk2py/core
copying unitree_sdk2py/core/channel_config.py -> /home/unitree/106a_final/src/build/unitree_sdk2py/build/lib/unitree_sdk2py/core
copying unitree_sdk2py/core/channel.py -> /home/unitree/106a_final/src/build/unitree_sdk2py/build/lib/unitree_sdk2py/core
creating /home/unitree/106a_final/src/build/unitree_sdk2py/build/lib/unitree_sdk2py/go2
copying unitree_sdk2py/go2/__init__.py -> /home/unitree/106a_final/src/build/unitree_sdk2py/build/lib/unitree_sdk2py/go2
creating /home/unitree/106a_final/src/build/unitree_sdk2py/build/lib/unitree_sdk2py/rpc
copying unitree_sdk2py/rpc/client_base.py -> /home/unitree/106a_final/src/build/unitree_sdk2py/build/lib/unitree_sdk2py/rpc
copying unitree_sdk2py/rpc/client_stub.py -> /home/unitree/106a_final/src/build/unitree_sdk2py/build/lib/unitree_sdk2py/rpc
copying unitree_sdk2py/rpc/request_future.py -> /home/unitree/106a_final/src/build/unitree_sdk2py/build/lib/unitree_sdk2py/rpc
copying unitree_sdk2py/rpc/server.py -> /home/unitree/106a_final/src/build/unitree_sdk2py/build/lib/unitree_sdk2py/rpc
copying unitree_sdk2py/rpc/lease_server.py -> /home/unitree/106a_final/src/build/unitree_sdk2py/build/lib/unitree_sdk2py/rpc
copying unitree_sdk2py/rpc/internal.py -> /home/unitree/106a_final/src/build/unitree_sdk2py/build/lib/unitree_sdk2py/rpc
copying unitree_sdk2py/rpc/__init__.py -> /home/unitree/106a_final/src/build/unitree_sdk2py/build/lib/unitree_sdk2py/rpc
copying unitree_sdk2py/rpc/server_stub.py -> /home/unitree/106a_final/src/build/unitree_sdk2py/build/lib/unitree_sdk2py/rpc
copying unitree_sdk2py/rpc/server_base.py -> /home/unitree/106a_final/src/build/unitree_sdk2py/build/lib/unitree_sdk2py/rpc
copying unitree_sdk2py/rpc/lease_client.py -> /home/unitree/106a_final/src/build/unitree_sdk2py/build/lib/unitree_sdk2py/rpc
copying unitree_sdk2py/rpc/client.py -> /home/unitree/106a_final/src/build/unitree_sdk2py/build/lib/unitree_sdk2py/rpc
creating /home/unitree/106a_final/src/build/unitree_sdk2py/build/lib/unitree_sdk2py/idl
copying unitree_sdk2py/idl/default.py -> /home/unitree/106a_final/src/build/unitree_sdk2py/build/lib/unitree_sdk2py/idl
copying unitree_sdk2py/idl/__init__.py -> /home/unitree/106a_final/src/build/unitree_sdk2py/build/lib/unitree_sdk2py/idl
creating /home/unitree/106a_final/src/build/unitree_sdk2py/build/lib/unitree_sdk2py/go2/obstacles_avoid
copying unitree_sdk2py/go2/obstacles_avoid/obstacles_avoid_api.py -> /home/unitree/106a_final/src/build/unitree_sdk2py/build/lib/unitree_sdk2py/go2/obstacles_avoid
copying unitree_sdk2py/go2/obstacles_avoid/obstacles_avoid_client.py -> /home/unitree/106a_final/src/build/unitree_sdk2py/build/lib/unitree_sdk2py/go2/obstacles_avoid
copying unitree_sdk2py/go2/obstacles_avoid/__init__.py -> /home/unitree/106a_final/src/build/unitree_sdk2py/build/lib/unitree_sdk2py/go2/obstacles_avoid
creating /home/unitree/106a_final/src/build/unitree_sdk2py/build/lib/unitree_sdk2py/go2/robot_state
copying unitree_sdk2py/go2/robot_state/__init__.py -> /home/unitree/106a_final/src/build/unitree_sdk2py/build/lib/unitree_sdk2py/go2/robot_state
copying unitree_sdk2py/go2/robot_state/robot_state_client.py -> /home/unitree/106a_final/src/build/unitree_sdk2py/build/lib/unitree_sdk2py/go2/robot_state
copying unitree_sdk2py/go2/robot_state/robot_state_api.py -> /home/unitree/106a_final/src/build/unitree_sdk2py/build/lib/unitree_sdk2py/go2/robot_state
creating /home/unitree/106a_final/src/build/unitree_sdk2py/build/lib/unitree_sdk2py/go2/vui
copying unitree_sdk2py/go2/vui/vui_client.py -> /home/unitree/106a_final/src/build/unitree_sdk2py/build/lib/unitree_sdk2py/go2/vui
copying unitree_sdk2py/go2/vui/vui_api.py -> /home/unitree/106a_final/src/build/unitree_sdk2py/build/lib/unitree_sdk2py/go2/vui
copying unitree_sdk2py/go2/vui/__init__.py -> /home/unitree/106a_final/src/build/unitree_sdk2py/build/lib/unitree_sdk2py/go2/vui
creating /home/unitree/106a_final/src/build/unitree_sdk2py/build/lib/unitree_sdk2py/go2/video
copying unitree_sdk2py/go2/video/video_api.py -> /home/unitree/106a_final/src/build/unitree_sdk2py/build/lib/unitree_sdk2py/go2/video
copying unitree_sdk2py/go2/video/video_client.py -> /home/unitree/106a_final/src/build/unitree_sdk2py/build/lib/unitree_sdk2py/go2/video
copying unitree_sdk2py/go2/video/__init__.py -> /home/unitree/106a_final/src/build/unitree_sdk2py/build/lib/unitree_sdk2py/go2/video
creating /home/unitree/106a_final/src/build/unitree_sdk2py/build/lib/unitree_sdk2py/go2/sport
copying unitree_sdk2py/go2/sport/sport_client.py -> /home/unitree/106a_final/src/build/unitree_sdk2py/build/lib/unitree_sdk2py/go2/sport
copying unitree_sdk2py/go2/sport/__init__.py -> /home/unitree/106a_final/src/build/unitree_sdk2py/build/lib/unitree_sdk2py/go2/sport
copying unitree_sdk2py/go2/sport/sport_api.py -> /home/unitree/106a_final/src/build/unitree_sdk2py/build/lib/unitree_sdk2py/go2/sport
creating /home/unitree/106a_final/src/build/unitree_sdk2py/build/lib/unitree_sdk2py/idl/builtin_interfaces
copying unitree_sdk2py/idl/builtin_interfaces/__init__.py -> /home/unitree/106a_final/src/build/unitree_sdk2py/build/lib/unitree_sdk2py/idl/builtin_interfaces
creating /home/unitree/106a_final/src/build/unitree_sdk2py/build/lib/unitree_sdk2py/idl/nav_msgs
copying unitree_sdk2py/idl/nav_msgs/__init__.py -> /home/unitree/106a_final/src/build/unitree_sdk2py/build/lib/unitree_sdk2py/idl/nav_msgs
creating /home/unitree/106a_final/src/build/unitree_sdk2py/build/lib/unitree_sdk2py/idl/unitree_go
copying unitree_sdk2py/idl/unitree_go/__init__.py -> /home/unitree/106a_final/src/build/unitree_sdk2py/build/lib/unitree_sdk2py/idl/unitree_go
creating /home/unitree/106a_final/src/build/unitree_sdk2py/build/lib/unitree_sdk2py/idl/sensor_msgs
copying unitree_sdk2py/idl/sensor_msgs/__init__.py -> /home/unitree/106a_final/src/build/unitree_sdk2py/build/lib/unitree_sdk2py/idl/sensor_msgs
creating /home/unitree/106a_final/src/build/unitree_sdk2py/build/lib/unitree_sdk2py/idl/std_msgs
copying unitree_sdk2py/idl/std_msgs/__init__.py -> /home/unitree/106a_final/src/build/unitree_sdk2py/build/lib/unitree_sdk2py/idl/std_msgs
creating /home/unitree/106a_final/src/build/unitree_sdk2py/build/lib/unitree_sdk2py/idl/unitree_api
copying unitree_sdk2py/idl/unitree_api/__init__.py -> /home/unitree/106a_final/src/build/unitree_sdk2py/build/lib/unitree_sdk2py/idl/unitree_api
creating /home/unitree/106a_final/src/build/unitree_sdk2py/build/lib/unitree_sdk2py/idl/unitree_hg
copying unitree_sdk2py/idl/unitree_hg/__init__.py -> /home/unitree/106a_final/src/build/unitree_sdk2py/build/lib/unitree_sdk2py/idl/unitree_hg
creating /home/unitree/106a_final/src/build/unitree_sdk2py/build/lib/unitree_sdk2py/idl/geometry_msgs
copying unitree_sdk2py/idl/geometry_msgs/__init__.py -> /home/unitree/106a_final/src/build/unitree_sdk2py/build/lib/unitree_sdk2py/idl/geometry_msgs
creating /home/unitree/106a_final/src/build/unitree_sdk2py/build/lib/unitree_sdk2py/idl/builtin_interfaces/msg
copying unitree_sdk2py/idl/builtin_interfaces/msg/__init__.py -> /home/unitree/106a_final/src/build/unitree_sdk2py/build/lib/unitree_sdk2py/idl/builtin_interfaces/msg
creating /home/unitree/106a_final/src/build/unitree_sdk2py/build/lib/unitree_sdk2py/idl/builtin_interfaces/msg/dds_
copying unitree_sdk2py/idl/builtin_interfaces/msg/dds_/_Time_.py -> /home/unitree/106a_final/src/build/unitree_sdk2py/build/lib/unitree_sdk2py/idl/builtin_interfaces/msg/dds_
copying unitree_sdk2py/idl/builtin_interfaces/msg/dds_/__init__.py -> /home/unitree/106a_final/src/build/unitree_sdk2py/build/lib/unitree_sdk2py/idl/builtin_interfaces/msg/dds_
creating /home/unitree/106a_final/src/build/unitree_sdk2py/build/lib/unitree_sdk2py/idl/nav_msgs/msg
copying unitree_sdk2py/idl/nav_msgs/msg/__init__.py -> /home/unitree/106a_final/src/build/unitree_sdk2py/build/lib/unitree_sdk2py/idl/nav_msgs/msg
creating /home/unitree/106a_final/src/build/unitree_sdk2py/build/lib/unitree_sdk2py/idl/nav_msgs/msg/dds_
copying unitree_sdk2py/idl/nav_msgs/msg/dds_/_MapMetaData_.py -> /home/unitree/106a_final/src/build/unitree_sdk2py/build/lib/unitree_sdk2py/idl/nav_msgs/msg/dds_
copying unitree_sdk2py/idl/nav_msgs/msg/dds_/__init__.py -> /home/unitree/106a_final/src/build/unitree_sdk2py/build/lib/unitree_sdk2py/idl/nav_msgs/msg/dds_
copying unitree_sdk2py/idl/nav_msgs/msg/dds_/_OccupancyGrid_.py -> /home/unitree/106a_final/src/build/unitree_sdk2py/build/lib/unitree_sdk2py/idl/nav_msgs/msg/dds_
copying unitree_sdk2py/idl/nav_msgs/msg/dds_/_Odometry_.py -> /home/unitree/106a_final/src/build/unitree_sdk2py/build/lib/unitree_sdk2py/idl/nav_msgs/msg/dds_
creating /home/unitree/106a_final/src/build/unitree_sdk2py/build/lib/unitree_sdk2py/idl/unitree_go/msg
copying unitree_sdk2py/idl/unitree_go/msg/__init__.py -> /home/unitree/106a_final/src/build/unitree_sdk2py/build/lib/unitree_sdk2py/idl/unitree_go/msg
creating /home/unitree/106a_final/src/build/unitree_sdk2py/build/lib/unitree_sdk2py/idl/unitree_go/msg/dds_
copying unitree_sdk2py/idl/unitree_go/msg/dds_/_BmsCmd_.py -> /home/unitree/106a_final/src/build/unitree_sdk2py/build/lib/unitree_sdk2py/idl/unitree_go/msg/dds_
copying unitree_sdk2py/idl/unitree_go/msg/dds_/_MotorCmds_.py -> /home/unitree/106a_final/src/build/unitree_sdk2py/build/lib/unitree_sdk2py/idl/unitree_go/msg/dds_
copying unitree_sdk2py/idl/unitree_go/msg/dds_/_WirelessController_.py -> /home/unitree/106a_final/src/build/unitree_sdk2py/build/lib/unitree_sdk2py/idl/unitree_go/msg/dds_
copying unitree_sdk2py/idl/unitree_go/msg/dds_/_InterfaceConfig_.py -> /home/unitree/106a_final/src/build/unitree_sdk2py/build/lib/unitree_sdk2py/idl/unitree_go/msg/dds_
copying unitree_sdk2py/idl/unitree_go/msg/dds_/_Error_.py -> /home/unitree/106a_final/src/build/unitree_sdk2py/build/lib/unitree_sdk2py/idl/unitree_go/msg/dds_
copying unitree_sdk2py/idl/unitree_go/msg/dds_/_Go2FrontVideoData_.py -> /home/unitree/106a_final/src/build/unitree_sdk2py/build/lib/unitree_sdk2py/idl/unitree_go/msg/dds_
copying unitree_sdk2py/idl/unitree_go/msg/dds_/_TimeSpec_.py -> /home/unitree/106a_final/src/build/unitree_sdk2py/build/lib/unitree_sdk2py/idl/unitree_go/msg/dds_
copying unitree_sdk2py/idl/unitree_go/msg/dds_/_LowState_.py -> /home/unitree/106a_final/src/build/unitree_sdk2py/build/lib/unitree_sdk2py/idl/unitree_go/msg/dds_
copying unitree_sdk2py/idl/unitree_go/msg/dds_/_AudioData_.py -> /home/unitree/106a_final/src/build/unitree_sdk2py/build/lib/unitree_sdk2py/idl/unitree_go/msg/dds_
copying unitree_sdk2py/idl/unitree_go/msg/dds_/_BmsState_.py -> /home/unitree/106a_final/src/build/unitree_sdk2py/build/lib/unitree_sdk2py/idl/unitree_go/msg/dds_
copying unitree_sdk2py/idl/unitree_go/msg/dds_/_LowCmd_.py -> /home/unitree/106a_final/src/build/unitree_sdk2py/build/lib/unitree_sdk2py/idl/unitree_go/msg/dds_
copying unitree_sdk2py/idl/unitree_go/msg/dds_/_SportModeState_.py -> /home/unitree/106a_final/src/build/unitree_sdk2py/build/lib/unitree_sdk2py/idl/unitree_go/msg/dds_
copying unitree_sdk2py/idl/unitree_go/msg/dds_/_LidarState_.py -> /home/unitree/106a_final/src/build/unitree_sdk2py/build/lib/unitree_sdk2py/idl/unitree_go/msg/dds_
copying unitree_sdk2py/idl/unitree_go/msg/dds_/_MotorState_.py -> /home/unitree/106a_final/src/build/unitree_sdk2py/build/lib/unitree_sdk2py/idl/unitree_go/msg/dds_
copying unitree_sdk2py/idl/unitree_go/msg/dds_/_MotorCmd_.py -> /home/unitree/106a_final/src/build/unitree_sdk2py/build/lib/unitree_sdk2py/idl/unitree_go/msg/dds_
copying unitree_sdk2py/idl/unitree_go/msg/dds_/_UwbSwitch_.py -> /home/unitree/106a_final/src/build/unitree_sdk2py/build/lib/unitree_sdk2py/idl/unitree_go/msg/dds_
copying unitree_sdk2py/idl/unitree_go/msg/dds_/__init__.py -> /home/unitree/106a_final/src/build/unitree_sdk2py/build/lib/unitree_sdk2py/idl/unitree_go/msg/dds_
copying unitree_sdk2py/idl/unitree_go/msg/dds_/_UwbState_.py -> /home/unitree/106a_final/src/build/unitree_sdk2py/build/lib/unitree_sdk2py/idl/unitree_go/msg/dds_
copying unitree_sdk2py/idl/unitree_go/msg/dds_/_Req_.py -> /home/unitree/106a_final/src/build/unitree_sdk2py/build/lib/unitree_sdk2py/idl/unitree_go/msg/dds_
copying unitree_sdk2py/idl/unitree_go/msg/dds_/_HeightMap_.py -> /home/unitree/106a_final/src/build/unitree_sdk2py/build/lib/unitree_sdk2py/idl/unitree_go/msg/dds_
copying unitree_sdk2py/idl/unitree_go/msg/dds_/_Res_.py -> /home/unitree/106a_final/src/build/unitree_sdk2py/build/lib/unitree_sdk2py/idl/unitree_go/msg/dds_
copying unitree_sdk2py/idl/unitree_go/msg/dds_/_IMUState_.py -> /home/unitree/106a_final/src/build/unitree_sdk2py/build/lib/unitree_sdk2py/idl/unitree_go/msg/dds_
copying unitree_sdk2py/idl/unitree_go/msg/dds_/_PathPoint_.py -> /home/unitree/106a_final/src/build/unitree_sdk2py/build/lib/unitree_sdk2py/idl/unitree_go/msg/dds_
copying unitree_sdk2py/idl/unitree_go/msg/dds_/_MotorStates_.py -> /home/unitree/106a_final/src/build/unitree_sdk2py/build/lib/unitree_sdk2py/idl/unitree_go/msg/dds_
creating /home/unitree/106a_final/src/build/unitree_sdk2py/build/lib/unitree_sdk2py/idl/sensor_msgs/msg
copying unitree_sdk2py/idl/sensor_msgs/msg/__init__.py -> /home/unitree/106a_final/src/build/unitree_sdk2py/build/lib/unitree_sdk2py/idl/sensor_msgs/msg
creating /home/unitree/106a_final/src/build/unitree_sdk2py/build/lib/unitree_sdk2py/idl/sensor_msgs/msg/dds_
copying unitree_sdk2py/idl/sensor_msgs/msg/dds_/_PointCloud2_.py -> /home/unitree/106a_final/src/build/unitree_sdk2py/build/lib/unitree_sdk2py/idl/sensor_msgs/msg/dds_
copying unitree_sdk2py/idl/sensor_msgs/msg/dds_/__init__.py -> /home/unitree/106a_final/src/build/unitree_sdk2py/build/lib/unitree_sdk2py/idl/sensor_msgs/msg/dds_
copying unitree_sdk2py/idl/sensor_msgs/msg/dds_/_PointField_.py -> /home/unitree/106a_final/src/build/unitree_sdk2py/build/lib/unitree_sdk2py/idl/sensor_msgs/msg/dds_
creating /home/unitree/106a_final/src/build/unitree_sdk2py/build/lib/unitree_sdk2py/idl/sensor_msgs/msg/dds_/PointField_Constants
copying unitree_sdk2py/idl/sensor_msgs/msg/dds_/PointField_Constants/__init__.py -> /home/unitree/106a_final/src/build/unitree_sdk2py/build/lib/unitree_sdk2py/idl/sensor_msgs/msg/dds_/PointField_Constants
copying unitree_sdk2py/idl/sensor_msgs/msg/dds_/PointField_Constants/_PointField_.py -> /home/unitree/106a_final/src/build/unitree_sdk2py/build/lib/unitree_sdk2py/idl/sensor_msgs/msg/dds_/PointField_Constants
creating /home/unitree/106a_final/src/build/unitree_sdk2py/build/lib/unitree_sdk2py/idl/std_msgs/msg
copying unitree_sdk2py/idl/std_msgs/msg/__init__.py -> /home/unitree/106a_final/src/build/unitree_sdk2py/build/lib/unitree_sdk2py/idl/std_msgs/msg
creating /home/unitree/106a_final/src/build/unitree_sdk2py/build/lib/unitree_sdk2py/idl/std_msgs/msg/dds_
copying unitree_sdk2py/idl/std_msgs/msg/dds_/_String_.py -> /home/unitree/106a_final/src/build/unitree_sdk2py/build/lib/unitree_sdk2py/idl/std_msgs/msg/dds_
copying unitree_sdk2py/idl/std_msgs/msg/dds_/__init__.py -> /home/unitree/106a_final/src/build/unitree_sdk2py/build/lib/unitree_sdk2py/idl/std_msgs/msg/dds_
copying unitree_sdk2py/idl/std_msgs/msg/dds_/_Header_.py -> /home/unitree/106a_final/src/build/unitree_sdk2py/build/lib/unitree_sdk2py/idl/std_msgs/msg/dds_
creating /home/unitree/106a_final/src/build/unitree_sdk2py/build/lib/unitree_sdk2py/idl/unitree_api/msg
copying unitree_sdk2py/idl/unitree_api/msg/__init__.py -> /home/unitree/106a_final/src/build/unitree_sdk2py/build/lib/unitree_sdk2py/idl/unitree_api/msg
creating /home/unitree/106a_final/src/build/unitree_sdk2py/build/lib/unitree_sdk2py/idl/unitree_api/msg/dds_
copying unitree_sdk2py/idl/unitree_api/msg/dds_/_ResponseStatus_.py -> /home/unitree/106a_final/src/build/unitree_sdk2py/build/lib/unitree_sdk2py/idl/unitree_api/msg/dds_
copying unitree_sdk2py/idl/unitree_api/msg/dds_/_RequestPolicy_.py -> /home/unitree/106a_final/src/build/unitree_sdk2py/build/lib/unitree_sdk2py/idl/unitree_api/msg/dds_
copying unitree_sdk2py/idl/unitree_api/msg/dds_/_Request_.py -> /home/unitree/106a_final/src/build/unitree_sdk2py/build/lib/unitree_sdk2py/idl/unitree_api/msg/dds_
copying unitree_sdk2py/idl/unitree_api/msg/dds_/_RequestIdentity_.py -> /home/unitree/106a_final/src/build/unitree_sdk2py/build/lib/unitree_sdk2py/idl/unitree_api/msg/dds_
copying unitree_sdk2py/idl/unitree_api/msg/dds_/_RequestLease_.py -> /home/unitree/106a_final/src/build/unitree_sdk2py/build/lib/unitree_sdk2py/idl/unitree_api/msg/dds_
copying unitree_sdk2py/idl/unitree_api/msg/dds_/_RequestHeader_.py -> /home/unitree/106a_final/src/build/unitree_sdk2py/build/lib/unitree_sdk2py/idl/unitree_api/msg/dds_
copying unitree_sdk2py/idl/unitree_api/msg/dds_/__init__.py -> /home/unitree/106a_final/src/build/unitree_sdk2py/build/lib/unitree_sdk2py/idl/unitree_api/msg/dds_
copying unitree_sdk2py/idl/unitree_api/msg/dds_/_Response_.py -> /home/unitree/106a_final/src/build/unitree_sdk2py/build/lib/unitree_sdk2py/idl/unitree_api/msg/dds_
copying unitree_sdk2py/idl/unitree_api/msg/dds_/_ResponseHeader_.py -> /home/unitree/106a_final/src/build/unitree_sdk2py/build/lib/unitree_sdk2py/idl/unitree_api/msg/dds_
creating /home/unitree/106a_final/src/build/unitree_sdk2py/build/lib/unitree_sdk2py/idl/unitree_hg/msg
copying unitree_sdk2py/idl/unitree_hg/msg/__init__.py -> /home/unitree/106a_final/src/build/unitree_sdk2py/build/lib/unitree_sdk2py/idl/unitree_hg/msg
creating /home/unitree/106a_final/src/build/unitree_sdk2py/build/lib/unitree_sdk2py/idl/unitree_hg/msg/dds_
copying unitree_sdk2py/idl/unitree_hg/msg/dds_/_BmsCmd_.py -> /home/unitree/106a_final/src/build/unitree_sdk2py/build/lib/unitree_sdk2py/idl/unitree_hg/msg/dds_
copying unitree_sdk2py/idl/unitree_hg/msg/dds_/_HandCmd_.py -> /home/unitree/106a_final/src/build/unitree_sdk2py/build/lib/unitree_sdk2py/idl/unitree_hg/msg/dds_
copying unitree_sdk2py/idl/unitree_hg/msg/dds_/_LowState_.py -> /home/unitree/106a_final/src/build/unitree_sdk2py/build/lib/unitree_sdk2py/idl/unitree_hg/msg/dds_
copying unitree_sdk2py/idl/unitree_hg/msg/dds_/_PressSensorState_.py -> /home/unitree/106a_final/src/build/unitree_sdk2py/build/lib/unitree_sdk2py/idl/unitree_hg/msg/dds_
copying unitree_sdk2py/idl/unitree_hg/msg/dds_/_BmsState_.py -> /home/unitree/106a_final/src/build/unitree_sdk2py/build/lib/unitree_sdk2py/idl/unitree_hg/msg/dds_
copying unitree_sdk2py/idl/unitree_hg/msg/dds_/_MainBoardState_.py -> /home/unitree/106a_final/src/build/unitree_sdk2py/build/lib/unitree_sdk2py/idl/unitree_hg/msg/dds_
copying unitree_sdk2py/idl/unitree_hg/msg/dds_/_LowCmd_.py -> /home/unitree/106a_final/src/build/unitree_sdk2py/build/lib/unitree_sdk2py/idl/unitree_hg/msg/dds_
copying unitree_sdk2py/idl/unitree_hg/msg/dds_/_HandState_.py -> /home/unitree/106a_final/src/build/unitree_sdk2py/build/lib/unitree_sdk2py/idl/unitree_hg/msg/dds_
copying unitree_sdk2py/idl/unitree_hg/msg/dds_/_MotorState_.py -> /home/unitree/106a_final/src/build/unitree_sdk2py/build/lib/unitree_sdk2py/idl/unitree_hg/msg/dds_
copying unitree_sdk2py/idl/unitree_hg/msg/dds_/_MotorCmd_.py -> /home/unitree/106a_final/src/build/unitree_sdk2py/build/lib/unitree_sdk2py/idl/unitree_hg/msg/dds_
copying unitree_sdk2py/idl/unitree_hg/msg/dds_/__init__.py -> /home/unitree/106a_final/src/build/unitree_sdk2py/build/lib/unitree_sdk2py/idl/unitree_hg/msg/dds_
copying unitree_sdk2py/idl/unitree_hg/msg/dds_/_IMUState_.py -> /home/unitree/106a_final/src/build/unitree_sdk2py/build/lib/unitree_sdk2py/idl/unitree_hg/msg/dds_
creating /home/unitree/106a_final/src/build/unitree_sdk2py/build/lib/unitree_sdk2py/idl/geometry_msgs/msg
copying unitree_sdk2py/idl/geometry_msgs/msg/__init__.py -> /home/unitree/106a_final/src/build/unitree_sdk2py/build/lib/unitree_sdk2py/idl/geometry_msgs/msg
creating /home/unitree/106a_final/src/build/unitree_sdk2py/build/lib/unitree_sdk2py/idl/geometry_msgs/msg/dds_
copying unitree_sdk2py/idl/geometry_msgs/msg/dds_/_TwistStamped_.py -> /home/unitree/106a_final/src/build/unitree_sdk2py/build/lib/unitree_sdk2py/idl/geometry_msgs/msg/dds_
copying unitree_sdk2py/idl/geometry_msgs/msg/dds_/_Pose2D_.py -> /home/unitree/106a_final/src/build/unitree_sdk2py/build/lib/unitree_sdk2py/idl/geometry_msgs/msg/dds_
copying unitree_sdk2py/idl/geometry_msgs/msg/dds_/_Vector3_.py -> /home/unitree/106a_final/src/build/unitree_sdk2py/build/lib/unitree_sdk2py/idl/geometry_msgs/msg/dds_
copying unitree_sdk2py/idl/geometry_msgs/msg/dds_/_PoseWithCovarianceStamped_.py -> /home/unitree/106a_final/src/build/unitree_sdk2py/build/lib/unitree_sdk2py/idl/geometry_msgs/msg/dds_
copying unitree_sdk2py/idl/geometry_msgs/msg/dds_/_Pose_.py -> /home/unitree/106a_final/src/build/unitree_sdk2py/build/lib/unitree_sdk2py/idl/geometry_msgs/msg/dds_
copying unitree_sdk2py/idl/geometry_msgs/msg/dds_/_PointStamped_.py -> /home/unitree/106a_final/src/build/unitree_sdk2py/build/lib/unitree_sdk2py/idl/geometry_msgs/msg/dds_
copying unitree_sdk2py/idl/geometry_msgs/msg/dds_/_PoseWithCovariance_.py -> /home/unitree/106a_final/src/build/unitree_sdk2py/build/lib/unitree_sdk2py/idl/geometry_msgs/msg/dds_
copying unitree_sdk2py/idl/geometry_msgs/msg/dds_/_PoseStamped_.py -> /home/unitree/106a_final/src/build/unitree_sdk2py/build/lib/unitree_sdk2py/idl/geometry_msgs/msg/dds_
copying unitree_sdk2py/idl/geometry_msgs/msg/dds_/_Point_.py -> /home/unitree/106a_final/src/build/unitree_sdk2py/build/lib/unitree_sdk2py/idl/geometry_msgs/msg/dds_
copying unitree_sdk2py/idl/geometry_msgs/msg/dds_/_QuaternionStamped_.py -> /home/unitree/106a_final/src/build/unitree_sdk2py/build/lib/unitree_sdk2py/idl/geometry_msgs/msg/dds_
copying unitree_sdk2py/idl/geometry_msgs/msg/dds_/__init__.py -> /home/unitree/106a_final/src/build/unitree_sdk2py/build/lib/unitree_sdk2py/idl/geometry_msgs/msg/dds_
copying unitree_sdk2py/idl/geometry_msgs/msg/dds_/_TwistWithCovariance_.py -> /home/unitree/106a_final/src/build/unitree_sdk2py/build/lib/unitree_sdk2py/idl/geometry_msgs/msg/dds_
copying unitree_sdk2py/idl/geometry_msgs/msg/dds_/_TwistWithCovarianceStamped_.py -> /home/unitree/106a_final/src/build/unitree_sdk2py/build/lib/unitree_sdk2py/idl/geometry_msgs/msg/dds_
copying unitree_sdk2py/idl/geometry_msgs/msg/dds_/_Point32_.py -> /home/unitree/106a_final/src/build/unitree_sdk2py/build/lib/unitree_sdk2py/idl/geometry_msgs/msg/dds_
copying unitree_sdk2py/idl/geometry_msgs/msg/dds_/_Twist_.py -> /home/unitree/106a_final/src/build/unitree_sdk2py/build/lib/unitree_sdk2py/idl/geometry_msgs/msg/dds_
copying unitree_sdk2py/idl/geometry_msgs/msg/dds_/_Quaternion_.py -> /home/unitree/106a_final/src/build/unitree_sdk2py/build/lib/unitree_sdk2py/idl/geometry_msgs/msg/dds_
running install
running install_lib
creating /home/unitree/106a_final/src/install/unitree_sdk2py/lib/python3.8/site-packages/unitree_sdk2py
creating /home/unitree/106a_final/src/install/unitree_sdk2py/lib/python3.8/site-packages/unitree_sdk2py/utils
copying /home/unitree/106a_final/src/build/unitree_sdk2py/build/lib/unitree_sdk2py/utils/joystick.py -> /home/unitree/106a_final/src/install/unitree_sdk2py/lib/python3.8/site-packages/unitree_sdk2py/utils
copying /home/unitree/106a_final/src/build/unitree_sdk2py/build/lib/unitree_sdk2py/utils/future.py -> /home/unitree/106a_final/src/install/unitree_sdk2py/lib/python3.8/site-packages/unitree_sdk2py/utils
copying /home/unitree/106a_final/src/build/unitree_sdk2py/build/lib/unitree_sdk2py/utils/crc.py -> /home/unitree/106a_final/src/install/unitree_sdk2py/lib/python3.8/site-packages/unitree_sdk2py/utils
copying /home/unitree/106a_final/src/build/unitree_sdk2py/build/lib/unitree_sdk2py/utils/timerfd.py -> /home/unitree/106a_final/src/install/unitree_sdk2py/lib/python3.8/site-packages/unitree_sdk2py/utils
copying /home/unitree/106a_final/src/build/unitree_sdk2py/build/lib/unitree_sdk2py/utils/thread.py -> /home/unitree/106a_final/src/install/unitree_sdk2py/lib/python3.8/site-packages/unitree_sdk2py/utils
copying /home/unitree/106a_final/src/build/unitree_sdk2py/build/lib/unitree_sdk2py/utils/bqueue.py -> /home/unitree/106a_final/src/install/unitree_sdk2py/lib/python3.8/site-packages/unitree_sdk2py/utils
copying /home/unitree/106a_final/src/build/unitree_sdk2py/build/lib/unitree_sdk2py/utils/hz_sample.py -> /home/unitree/106a_final/src/install/unitree_sdk2py/lib/python3.8/site-packages/unitree_sdk2py/utils
copying /home/unitree/106a_final/src/build/unitree_sdk2py/build/lib/unitree_sdk2py/utils/__init__.py -> /home/unitree/106a_final/src/install/unitree_sdk2py/lib/python3.8/site-packages/unitree_sdk2py/utils
copying /home/unitree/106a_final/src/build/unitree_sdk2py/build/lib/unitree_sdk2py/utils/singleton.py -> /home/unitree/106a_final/src/install/unitree_sdk2py/lib/python3.8/site-packages/unitree_sdk2py/utils
copying /home/unitree/106a_final/src/build/unitree_sdk2py/build/lib/unitree_sdk2py/utils/clib_lookup.py -> /home/unitree/106a_final/src/install/unitree_sdk2py/lib/python3.8/site-packages/unitree_sdk2py/utils
creating /home/unitree/106a_final/src/install/unitree_sdk2py/lib/python3.8/site-packages/unitree_sdk2py/core
copying /home/unitree/106a_final/src/build/unitree_sdk2py/build/lib/unitree_sdk2py/core/channel_name.py -> /home/unitree/106a_final/src/install/unitree_sdk2py/lib/python3.8/site-packages/unitree_sdk2py/core
copying /home/unitree/106a_final/src/build/unitree_sdk2py/build/lib/unitree_sdk2py/core/__init__.py -> /home/unitree/106a_final/src/install/unitree_sdk2py/lib/python3.8/site-packages/unitree_sdk2py/core
copying /home/unitree/106a_final/src/build/unitree_sdk2py/build/lib/unitree_sdk2py/core/channel_config.py -> /home/unitree/106a_final/src/install/unitree_sdk2py/lib/python3.8/site-packages/unitree_sdk2py/core
copying /home/unitree/106a_final/src/build/unitree_sdk2py/build/lib/unitree_sdk2py/core/channel.py -> /home/unitree/106a_final/src/install/unitree_sdk2py/lib/python3.8/site-packages/unitree_sdk2py/core
creating /home/unitree/106a_final/src/install/unitree_sdk2py/lib/python3.8/site-packages/unitree_sdk2py/go2
creating /home/unitree/106a_final/src/install/unitree_sdk2py/lib/python3.8/site-packages/unitree_sdk2py/go2/obstacles_avoid
copying /home/unitree/106a_final/src/build/unitree_sdk2py/build/lib/unitree_sdk2py/go2/obstacles_avoid/obstacles_avoid_api.py -> /home/unitree/106a_final/src/install/unitree_sdk2py/lib/python3.8/site-packages/unitree_sdk2py/go2/obstacles_avoid
copying /home/unitree/106a_final/src/build/unitree_sdk2py/build/lib/unitree_sdk2py/go2/obstacles_avoid/obstacles_avoid_client.py -> /home/unitree/106a_final/src/install/unitree_sdk2py/lib/python3.8/site-packages/unitree_sdk2py/go2/obstacles_avoid
copying /home/unitree/106a_final/src/build/unitree_sdk2py/build/lib/unitree_sdk2py/go2/obstacles_avoid/__init__.py -> /home/unitree/106a_final/src/install/unitree_sdk2py/lib/python3.8/site-packages/unitree_sdk2py/go2/obstacles_avoid
creating /home/unitree/106a_final/src/install/unitree_sdk2py/lib/python3.8/site-packages/unitree_sdk2py/go2/robot_state
copying /home/unitree/106a_final/src/build/unitree_sdk2py/build/lib/unitree_sdk2py/go2/robot_state/__init__.py -> /home/unitree/106a_final/src/install/unitree_sdk2py/lib/python3.8/site-packages/unitree_sdk2py/go2/robot_state
copying /home/unitree/106a_final/src/build/unitree_sdk2py/build/lib/unitree_sdk2py/go2/robot_state/robot_state_client.py -> /home/unitree/106a_final/src/install/unitree_sdk2py/lib/python3.8/site-packages/unitree_sdk2py/go2/robot_state
copying /home/unitree/106a_final/src/build/unitree_sdk2py/build/lib/unitree_sdk2py/go2/robot_state/robot_state_api.py -> /home/unitree/106a_final/src/install/unitree_sdk2py/lib/python3.8/site-packages/unitree_sdk2py/go2/robot_state
creating /home/unitree/106a_final/src/install/unitree_sdk2py/lib/python3.8/site-packages/unitree_sdk2py/go2/vui
copying /home/unitree/106a_final/src/build/unitree_sdk2py/build/lib/unitree_sdk2py/go2/vui/vui_client.py -> /home/unitree/106a_final/src/install/unitree_sdk2py/lib/python3.8/site-packages/unitree_sdk2py/go2/vui
copying /home/unitree/106a_final/src/build/unitree_sdk2py/build/lib/unitree_sdk2py/go2/vui/vui_api.py -> /home/unitree/106a_final/src/install/unitree_sdk2py/lib/python3.8/site-packages/unitree_sdk2py/go2/vui
copying /home/unitree/106a_final/src/build/unitree_sdk2py/build/lib/unitree_sdk2py/go2/vui/__init__.py -> /home/unitree/106a_final/src/install/unitree_sdk2py/lib/python3.8/site-packages/unitree_sdk2py/go2/vui
creating /home/unitree/106a_final/src/install/unitree_sdk2py/lib/python3.8/site-packages/unitree_sdk2py/go2/video
copying /home/unitree/106a_final/src/build/unitree_sdk2py/build/lib/unitree_sdk2py/go2/video/video_api.py -> /home/unitree/106a_final/src/install/unitree_sdk2py/lib/python3.8/site-packages/unitree_sdk2py/go2/video
copying /home/unitree/106a_final/src/build/unitree_sdk2py/build/lib/unitree_sdk2py/go2/video/video_client.py -> /home/unitree/106a_final/src/install/unitree_sdk2py/lib/python3.8/site-packages/unitree_sdk2py/go2/video
copying /home/unitree/106a_final/src/build/unitree_sdk2py/build/lib/unitree_sdk2py/go2/video/__init__.py -> /home/unitree/106a_final/src/install/unitree_sdk2py/lib/python3.8/site-packages/unitree_sdk2py/go2/video
creating /home/unitree/106a_final/src/install/unitree_sdk2py/lib/python3.8/site-packages/unitree_sdk2py/go2/sport
copying /home/unitree/106a_final/src/build/unitree_sdk2py/build/lib/unitree_sdk2py/go2/sport/sport_client.py -> /home/unitree/106a_final/src/install/unitree_sdk2py/lib/python3.8/site-packages/unitree_sdk2py/go2/sport
copying /home/unitree/106a_final/src/build/unitree_sdk2py/build/lib/unitree_sdk2py/go2/sport/__init__.py -> /home/unitree/106a_final/src/install/unitree_sdk2py/lib/python3.8/site-packages/unitree_sdk2py/go2/sport
copying /home/unitree/106a_final/src/build/unitree_sdk2py/build/lib/unitree_sdk2py/go2/sport/sport_api.py -> /home/unitree/106a_final/src/install/unitree_sdk2py/lib/python3.8/site-packages/unitree_sdk2py/go2/sport
copying /home/unitree/106a_final/src/build/unitree_sdk2py/build/lib/unitree_sdk2py/go2/__init__.py -> /home/unitree/106a_final/src/install/unitree_sdk2py/lib/python3.8/site-packages/unitree_sdk2py/go2
copying /home/unitree/106a_final/src/build/unitree_sdk2py/build/lib/unitree_sdk2py/__init__.py -> /home/unitree/106a_final/src/install/unitree_sdk2py/lib/python3.8/site-packages/unitree_sdk2py
creating /home/unitree/106a_final/src/install/unitree_sdk2py/lib/python3.8/site-packages/unitree_sdk2py/rpc
copying /home/unitree/106a_final/src/build/unitree_sdk2py/build/lib/unitree_sdk2py/rpc/client_base.py -> /home/unitree/106a_final/src/install/unitree_sdk2py/lib/python3.8/site-packages/unitree_sdk2py/rpc
copying /home/unitree/106a_final/src/build/unitree_sdk2py/build/lib/unitree_sdk2py/rpc/client_stub.py -> /home/unitree/106a_final/src/install/unitree_sdk2py/lib/python3.8/site-packages/unitree_sdk2py/rpc
copying /home/unitree/106a_final/src/build/unitree_sdk2py/build/lib/unitree_sdk2py/rpc/request_future.py -> /home/unitree/106a_final/src/install/unitree_sdk2py/lib/python3.8/site-packages/unitree_sdk2py/rpc
copying /home/unitree/106a_final/src/build/unitree_sdk2py/build/lib/unitree_sdk2py/rpc/server.py -> /home/unitree/106a_final/src/install/unitree_sdk2py/lib/python3.8/site-packages/unitree_sdk2py/rpc
copying /home/unitree/106a_final/src/build/unitree_sdk2py/build/lib/unitree_sdk2py/rpc/lease_server.py -> /home/unitree/106a_final/src/install/unitree_sdk2py/lib/python3.8/site-packages/unitree_sdk2py/rpc
copying /home/unitree/106a_final/src/build/unitree_sdk2py/build/lib/unitree_sdk2py/rpc/internal.py -> /home/unitree/106a_final/src/install/unitree_sdk2py/lib/python3.8/site-packages/unitree_sdk2py/rpc
copying /home/unitree/106a_final/src/build/unitree_sdk2py/build/lib/unitree_sdk2py/rpc/__init__.py -> /home/unitree/106a_final/src/install/unitree_sdk2py/lib/python3.8/site-packages/unitree_sdk2py/rpc
copying /home/unitree/106a_final/src/build/unitree_sdk2py/build/lib/unitree_sdk2py/rpc/server_stub.py -> /home/unitree/106a_final/src/install/unitree_sdk2py/lib/python3.8/site-packages/unitree_sdk2py/rpc
copying /home/unitree/106a_final/src/build/unitree_sdk2py/build/lib/unitree_sdk2py/rpc/server_base.py -> /home/unitree/106a_final/src/install/unitree_sdk2py/lib/python3.8/site-packages/unitree_sdk2py/rpc
copying /home/unitree/106a_final/src/build/unitree_sdk2py/build/lib/unitree_sdk2py/rpc/lease_client.py -> /home/unitree/106a_final/src/install/unitree_sdk2py/lib/python3.8/site-packages/unitree_sdk2py/rpc
copying /home/unitree/106a_final/src/build/unitree_sdk2py/build/lib/unitree_sdk2py/rpc/client.py -> /home/unitree/106a_final/src/install/unitree_sdk2py/lib/python3.8/site-packages/unitree_sdk2py/rpc
creating /home/unitree/106a_final/src/install/unitree_sdk2py/lib/python3.8/site-packages/unitree_sdk2py/idl
creating /home/unitree/106a_final/src/install/unitree_sdk2py/lib/python3.8/site-packages/unitree_sdk2py/idl/builtin_interfaces
copying /home/unitree/106a_final/src/build/unitree_sdk2py/build/lib/unitree_sdk2py/idl/builtin_interfaces/__init__.py -> /home/unitree/106a_final/src/install/unitree_sdk2py/lib/python3.8/site-packages/unitree_sdk2py/idl/builtin_interfaces
creating /home/unitree/106a_final/src/install/unitree_sdk2py/lib/python3.8/site-packages/unitree_sdk2py/idl/builtin_interfaces/msg
creating /home/unitree/106a_final/src/install/unitree_sdk2py/lib/python3.8/site-packages/unitree_sdk2py/idl/builtin_interfaces/msg/dds_
copying /home/unitree/106a_final/src/build/unitree_sdk2py/build/lib/unitree_sdk2py/idl/builtin_interfaces/msg/dds_/_Time_.py -> /home/unitree/106a_final/src/install/unitree_sdk2py/lib/python3.8/site-packages/unitree_sdk2py/idl/builtin_interfaces/msg/dds_
copying /home/unitree/106a_final/src/build/unitree_sdk2py/build/lib/unitree_sdk2py/idl/builtin_interfaces/msg/dds_/__init__.py -> /home/unitree/106a_final/src/install/unitree_sdk2py/lib/python3.8/site-packages/unitree_sdk2py/idl/builtin_interfaces/msg/dds_
copying /home/unitree/106a_final/src/build/unitree_sdk2py/build/lib/unitree_sdk2py/idl/builtin_interfaces/msg/__init__.py -> /home/unitree/106a_final/src/install/unitree_sdk2py/lib/python3.8/site-packages/unitree_sdk2py/idl/builtin_interfaces/msg
creating /home/unitree/106a_final/src/install/unitree_sdk2py/lib/python3.8/site-packages/unitree_sdk2py/idl/nav_msgs
copying /home/unitree/106a_final/src/build/unitree_sdk2py/build/lib/unitree_sdk2py/idl/nav_msgs/__init__.py -> /home/unitree/106a_final/src/install/unitree_sdk2py/lib/python3.8/site-packages/unitree_sdk2py/idl/nav_msgs
creating /home/unitree/106a_final/src/install/unitree_sdk2py/lib/python3.8/site-packages/unitree_sdk2py/idl/nav_msgs/msg
creating /home/unitree/106a_final/src/install/unitree_sdk2py/lib/python3.8/site-packages/unitree_sdk2py/idl/nav_msgs/msg/dds_
copying /home/unitree/106a_final/src/build/unitree_sdk2py/build/lib/unitree_sdk2py/idl/nav_msgs/msg/dds_/_MapMetaData_.py -> /home/unitree/106a_final/src/install/unitree_sdk2py/lib/python3.8/site-packages/unitree_sdk2py/idl/nav_msgs/msg/dds_
copying /home/unitree/106a_final/src/build/unitree_sdk2py/build/lib/unitree_sdk2py/idl/nav_msgs/msg/dds_/__init__.py -> /home/unitree/106a_final/src/install/unitree_sdk2py/lib/python3.8/site-packages/unitree_sdk2py/idl/nav_msgs/msg/dds_
copying /home/unitree/106a_final/src/build/unitree_sdk2py/build/lib/unitree_sdk2py/idl/nav_msgs/msg/dds_/_OccupancyGrid_.py -> /home/unitree/106a_final/src/install/unitree_sdk2py/lib/python3.8/site-packages/unitree_sdk2py/idl/nav_msgs/msg/dds_
copying /home/unitree/106a_final/src/build/unitree_sdk2py/build/lib/unitree_sdk2py/idl/nav_msgs/msg/dds_/_Odometry_.py -> /home/unitree/106a_final/src/install/unitree_sdk2py/lib/python3.8/site-packages/unitree_sdk2py/idl/nav_msgs/msg/dds_
copying /home/unitree/106a_final/src/build/unitree_sdk2py/build/lib/unitree_sdk2py/idl/nav_msgs/msg/__init__.py -> /home/unitree/106a_final/src/install/unitree_sdk2py/lib/python3.8/site-packages/unitree_sdk2py/idl/nav_msgs/msg
copying /home/unitree/106a_final/src/build/unitree_sdk2py/build/lib/unitree_sdk2py/idl/default.py -> /home/unitree/106a_final/src/install/unitree_sdk2py/lib/python3.8/site-packages/unitree_sdk2py/idl
creating /home/unitree/106a_final/src/install/unitree_sdk2py/lib/python3.8/site-packages/unitree_sdk2py/idl/unitree_go
copying /home/unitree/106a_final/src/build/unitree_sdk2py/build/lib/unitree_sdk2py/idl/unitree_go/__init__.py -> /home/unitree/106a_final/src/install/unitree_sdk2py/lib/python3.8/site-packages/unitree_sdk2py/idl/unitree_go
creating /home/unitree/106a_final/src/install/unitree_sdk2py/lib/python3.8/site-packages/unitree_sdk2py/idl/unitree_go/msg
creating /home/unitree/106a_final/src/install/unitree_sdk2py/lib/python3.8/site-packages/unitree_sdk2py/idl/unitree_go/msg/dds_
copying /home/unitree/106a_final/src/build/unitree_sdk2py/build/lib/unitree_sdk2py/idl/unitree_go/msg/dds_/_BmsCmd_.py -> /home/unitree/106a_final/src/install/unitree_sdk2py/lib/python3.8/site-packages/unitree_sdk2py/idl/unitree_go/msg/dds_
copying /home/unitree/106a_final/src/build/unitree_sdk2py/build/lib/unitree_sdk2py/idl/unitree_go/msg/dds_/_MotorCmds_.py -> /home/unitree/106a_final/src/install/unitree_sdk2py/lib/python3.8/site-packages/unitree_sdk2py/idl/unitree_go/msg/dds_
copying /home/unitree/106a_final/src/build/unitree_sdk2py/build/lib/unitree_sdk2py/idl/unitree_go/msg/dds_/_WirelessController_.py -> /home/unitree/106a_final/src/install/unitree_sdk2py/lib/python3.8/site-packages/unitree_sdk2py/idl/unitree_go/msg/dds_
copying /home/unitree/106a_final/src/build/unitree_sdk2py/build/lib/unitree_sdk2py/idl/unitree_go/msg/dds_/_InterfaceConfig_.py -> /home/unitree/106a_final/src/install/unitree_sdk2py/lib/python3.8/site-packages/unitree_sdk2py/idl/unitree_go/msg/dds_
copying /home/unitree/106a_final/src/build/unitree_sdk2py/build/lib/unitree_sdk2py/idl/unitree_go/msg/dds_/_Error_.py -> /home/unitree/106a_final/src/install/unitree_sdk2py/lib/python3.8/site-packages/unitree_sdk2py/idl/unitree_go/msg/dds_
copying /home/unitree/106a_final/src/build/unitree_sdk2py/build/lib/unitree_sdk2py/idl/unitree_go/msg/dds_/_Go2FrontVideoData_.py -> /home/unitree/106a_final/src/install/unitree_sdk2py/lib/python3.8/site-packages/unitree_sdk2py/idl/unitree_go/msg/dds_
copying /home/unitree/106a_final/src/build/unitree_sdk2py/build/lib/unitree_sdk2py/idl/unitree_go/msg/dds_/_TimeSpec_.py -> /home/unitree/106a_final/src/install/unitree_sdk2py/lib/python3.8/site-packages/unitree_sdk2py/idl/unitree_go/msg/dds_
copying /home/unitree/106a_final/src/build/unitree_sdk2py/build/lib/unitree_sdk2py/idl/unitree_go/msg/dds_/_LowState_.py -> /home/unitree/106a_final/src/install/unitree_sdk2py/lib/python3.8/site-packages/unitree_sdk2py/idl/unitree_go/msg/dds_
copying /home/unitree/106a_final/src/build/unitree_sdk2py/build/lib/unitree_sdk2py/idl/unitree_go/msg/dds_/_AudioData_.py -> /home/unitree/106a_final/src/install/unitree_sdk2py/lib/python3.8/site-packages/unitree_sdk2py/idl/unitree_go/msg/dds_
copying /home/unitree/106a_final/src/build/unitree_sdk2py/build/lib/unitree_sdk2py/idl/unitree_go/msg/dds_/_BmsState_.py -> /home/unitree/106a_final/src/install/unitree_sdk2py/lib/python3.8/site-packages/unitree_sdk2py/idl/unitree_go/msg/dds_
copying /home/unitree/106a_final/src/build/unitree_sdk2py/build/lib/unitree_sdk2py/idl/unitree_go/msg/dds_/_LowCmd_.py -> /home/unitree/106a_final/src/install/unitree_sdk2py/lib/python3.8/site-packages/unitree_sdk2py/idl/unitree_go/msg/dds_
copying /home/unitree/106a_final/src/build/unitree_sdk2py/build/lib/unitree_sdk2py/idl/unitree_go/msg/dds_/_SportModeState_.py -> /home/unitree/106a_final/src/install/unitree_sdk2py/lib/python3.8/site-packages/unitree_sdk2py/idl/unitree_go/msg/dds_
copying /home/unitree/106a_final/src/build/unitree_sdk2py/build/lib/unitree_sdk2py/idl/unitree_go/msg/dds_/_LidarState_.py -> /home/unitree/106a_final/src/install/unitree_sdk2py/lib/python3.8/site-packages/unitree_sdk2py/idl/unitree_go/msg/dds_
copying /home/unitree/106a_final/src/build/unitree_sdk2py/build/lib/unitree_sdk2py/idl/unitree_go/msg/dds_/_MotorState_.py -> /home/unitree/106a_final/src/install/unitree_sdk2py/lib/python3.8/site-packages/unitree_sdk2py/idl/unitree_go/msg/dds_
copying /home/unitree/106a_final/src/build/unitree_sdk2py/build/lib/unitree_sdk2py/idl/unitree_go/msg/dds_/_MotorCmd_.py -> /home/unitree/106a_final/src/install/unitree_sdk2py/lib/python3.8/site-packages/unitree_sdk2py/idl/unitree_go/msg/dds_
copying /home/unitree/106a_final/src/build/unitree_sdk2py/build/lib/unitree_sdk2py/idl/unitree_go/msg/dds_/_UwbSwitch_.py -> /home/unitree/106a_final/src/install/unitree_sdk2py/lib/python3.8/site-packages/unitree_sdk2py/idl/unitree_go/msg/dds_
copying /home/unitree/106a_final/src/build/unitree_sdk2py/build/lib/unitree_sdk2py/idl/unitree_go/msg/dds_/__init__.py -> /home/unitree/106a_final/src/install/unitree_sdk2py/lib/python3.8/site-packages/unitree_sdk2py/idl/unitree_go/msg/dds_
copying /home/unitree/106a_final/src/build/unitree_sdk2py/build/lib/unitree_sdk2py/idl/unitree_go/msg/dds_/_UwbState_.py -> /home/unitree/106a_final/src/install/unitree_sdk2py/lib/python3.8/site-packages/unitree_sdk2py/idl/unitree_go/msg/dds_
copying /home/unitree/106a_final/src/build/unitree_sdk2py/build/lib/unitree_sdk2py/idl/unitree_go/msg/dds_/_Req_.py -> /home/unitree/106a_final/src/install/unitree_sdk2py/lib/python3.8/site-packages/unitree_sdk2py/idl/unitree_go/msg/dds_
copying /home/unitree/106a_final/src/build/unitree_sdk2py/build/lib/unitree_sdk2py/idl/unitree_go/msg/dds_/_HeightMap_.py -> /home/unitree/106a_final/src/install/unitree_sdk2py/lib/python3.8/site-packages/unitree_sdk2py/idl/unitree_go/msg/dds_
copying /home/unitree/106a_final/src/build/unitree_sdk2py/build/lib/unitree_sdk2py/idl/unitree_go/msg/dds_/_Res_.py -> /home/unitree/106a_final/src/install/unitree_sdk2py/lib/python3.8/site-packages/unitree_sdk2py/idl/unitree_go/msg/dds_
copying /home/unitree/106a_final/src/build/unitree_sdk2py/build/lib/unitree_sdk2py/idl/unitree_go/msg/dds_/_IMUState_.py -> /home/unitree/106a_final/src/install/unitree_sdk2py/lib/python3.8/site-packages/unitree_sdk2py/idl/unitree_go/msg/dds_
copying /home/unitree/106a_final/src/build/unitree_sdk2py/build/lib/unitree_sdk2py/idl/unitree_go/msg/dds_/_PathPoint_.py -> /home/unitree/106a_final/src/install/unitree_sdk2py/lib/python3.8/site-packages/unitree_sdk2py/idl/unitree_go/msg/dds_
copying /home/unitree/106a_final/src/build/unitree_sdk2py/build/lib/unitree_sdk2py/idl/unitree_go/msg/dds_/_MotorStates_.py -> /home/unitree/106a_final/src/install/unitree_sdk2py/lib/python3.8/site-packages/unitree_sdk2py/idl/unitree_go/msg/dds_
copying /home/unitree/106a_final/src/build/unitree_sdk2py/build/lib/unitree_sdk2py/idl/unitree_go/msg/__init__.py -> /home/unitree/106a_final/src/install/unitree_sdk2py/lib/python3.8/site-packages/unitree_sdk2py/idl/unitree_go/msg
creating /home/unitree/106a_final/src/install/unitree_sdk2py/lib/python3.8/site-packages/unitree_sdk2py/idl/sensor_msgs
copying /home/unitree/106a_final/src/build/unitree_sdk2py/build/lib/unitree_sdk2py/idl/sensor_msgs/__init__.py -> /home/unitree/106a_final/src/install/unitree_sdk2py/lib/python3.8/site-packages/unitree_sdk2py/idl/sensor_msgs
creating /home/unitree/106a_final/src/install/unitree_sdk2py/lib/python3.8/site-packages/unitree_sdk2py/idl/sensor_msgs/msg
creating /home/unitree/106a_final/src/install/unitree_sdk2py/lib/python3.8/site-packages/unitree_sdk2py/idl/sensor_msgs/msg/dds_
copying /home/unitree/106a_final/src/build/unitree_sdk2py/build/lib/unitree_sdk2py/idl/sensor_msgs/msg/dds_/_PointCloud2_.py -> /home/unitree/106a_final/src/install/unitree_sdk2py/lib/python3.8/site-packages/unitree_sdk2py/idl/sensor_msgs/msg/dds_
copying /home/unitree/106a_final/src/build/unitree_sdk2py/build/lib/unitree_sdk2py/idl/sensor_msgs/msg/dds_/__init__.py -> /home/unitree/106a_final/src/install/unitree_sdk2py/lib/python3.8/site-packages/unitree_sdk2py/idl/sensor_msgs/msg/dds_
creating /home/unitree/106a_final/src/install/unitree_sdk2py/lib/python3.8/site-packages/unitree_sdk2py/idl/sensor_msgs/msg/dds_/PointField_Constants
copying /home/unitree/106a_final/src/build/unitree_sdk2py/build/lib/unitree_sdk2py/idl/sensor_msgs/msg/dds_/PointField_Constants/__init__.py -> /home/unitree/106a_final/src/install/unitree_sdk2py/lib/python3.8/site-packages/unitree_sdk2py/idl/sensor_msgs/msg/dds_/PointField_Constants
copying /home/unitree/106a_final/src/build/unitree_sdk2py/build/lib/unitree_sdk2py/idl/sensor_msgs/msg/dds_/PointField_Constants/_PointField_.py -> /home/unitree/106a_final/src/install/unitree_sdk2py/lib/python3.8/site-packages/unitree_sdk2py/idl/sensor_msgs/msg/dds_/PointField_Constants
copying /home/unitree/106a_final/src/build/unitree_sdk2py/build/lib/unitree_sdk2py/idl/sensor_msgs/msg/dds_/_PointField_.py -> /home/unitree/106a_final/src/install/unitree_sdk2py/lib/python3.8/site-packages/unitree_sdk2py/idl/sensor_msgs/msg/dds_
copying /home/unitree/106a_final/src/build/unitree_sdk2py/build/lib/unitree_sdk2py/idl/sensor_msgs/msg/__init__.py -> /home/unitree/106a_final/src/install/unitree_sdk2py/lib/python3.8/site-packages/unitree_sdk2py/idl/sensor_msgs/msg
copying /home/unitree/106a_final/src/build/unitree_sdk2py/build/lib/unitree_sdk2py/idl/__init__.py -> /home/unitree/106a_final/src/install/unitree_sdk2py/lib/python3.8/site-packages/unitree_sdk2py/idl
creating /home/unitree/106a_final/src/install/unitree_sdk2py/lib/python3.8/site-packages/unitree_sdk2py/idl/std_msgs
copying /home/unitree/106a_final/src/build/unitree_sdk2py/build/lib/unitree_sdk2py/idl/std_msgs/__init__.py -> /home/unitree/106a_final/src/install/unitree_sdk2py/lib/python3.8/site-packages/unitree_sdk2py/idl/std_msgs
creating /home/unitree/106a_final/src/install/unitree_sdk2py/lib/python3.8/site-packages/unitree_sdk2py/idl/std_msgs/msg
creating /home/unitree/106a_final/src/install/unitree_sdk2py/lib/python3.8/site-packages/unitree_sdk2py/idl/std_msgs/msg/dds_
copying /home/unitree/106a_final/src/build/unitree_sdk2py/build/lib/unitree_sdk2py/idl/std_msgs/msg/dds_/_String_.py -> /home/unitree/106a_final/src/install/unitree_sdk2py/lib/python3.8/site-packages/unitree_sdk2py/idl/std_msgs/msg/dds_
copying /home/unitree/106a_final/src/build/unitree_sdk2py/build/lib/unitree_sdk2py/idl/std_msgs/msg/dds_/__init__.py -> /home/unitree/106a_final/src/install/unitree_sdk2py/lib/python3.8/site-packages/unitree_sdk2py/idl/std_msgs/msg/dds_
copying /home/unitree/106a_final/src/build/unitree_sdk2py/build/lib/unitree_sdk2py/idl/std_msgs/msg/dds_/_Header_.py -> /home/unitree/106a_final/src/install/unitree_sdk2py/lib/python3.8/site-packages/unitree_sdk2py/idl/std_msgs/msg/dds_
copying /home/unitree/106a_final/src/build/unitree_sdk2py/build/lib/unitree_sdk2py/idl/std_msgs/msg/__init__.py -> /home/unitree/106a_final/src/install/unitree_sdk2py/lib/python3.8/site-packages/unitree_sdk2py/idl/std_msgs/msg
creating /home/unitree/106a_final/src/install/unitree_sdk2py/lib/python3.8/site-packages/unitree_sdk2py/idl/unitree_api
copying /home/unitree/106a_final/src/build/unitree_sdk2py/build/lib/unitree_sdk2py/idl/unitree_api/__init__.py -> /home/unitree/106a_final/src/install/unitree_sdk2py/lib/python3.8/site-packages/unitree_sdk2py/idl/unitree_api
creating /home/unitree/106a_final/src/install/unitree_sdk2py/lib/python3.8/site-packages/unitree_sdk2py/idl/unitree_api/msg
creating /home/unitree/106a_final/src/install/unitree_sdk2py/lib/python3.8/site-packages/unitree_sdk2py/idl/unitree_api/msg/dds_
copying /home/unitree/106a_final/src/build/unitree_sdk2py/build/lib/unitree_sdk2py/idl/unitree_api/msg/dds_/_ResponseStatus_.py -> /home/unitree/106a_final/src/install/unitree_sdk2py/lib/python3.8/site-packages/unitree_sdk2py/idl/unitree_api/msg/dds_
copying /home/unitree/106a_final/src/build/unitree_sdk2py/build/lib/unitree_sdk2py/idl/unitree_api/msg/dds_/_RequestPolicy_.py -> /home/unitree/106a_final/src/install/unitree_sdk2py/lib/python3.8/site-packages/unitree_sdk2py/idl/unitree_api/msg/dds_
copying /home/unitree/106a_final/src/build/unitree_sdk2py/build/lib/unitree_sdk2py/idl/unitree_api/msg/dds_/_Request_.py -> /home/unitree/106a_final/src/install/unitree_sdk2py/lib/python3.8/site-packages/unitree_sdk2py/idl/unitree_api/msg/dds_
copying /home/unitree/106a_final/src/build/unitree_sdk2py/build/lib/unitree_sdk2py/idl/unitree_api/msg/dds_/_RequestIdentity_.py -> /home/unitree/106a_final/src/install/unitree_sdk2py/lib/python3.8/site-packages/unitree_sdk2py/idl/unitree_api/msg/dds_
copying /home/unitree/106a_final/src/build/unitree_sdk2py/build/lib/unitree_sdk2py/idl/unitree_api/msg/dds_/_RequestLease_.py -> /home/unitree/106a_final/src/install/unitree_sdk2py/lib/python3.8/site-packages/unitree_sdk2py/idl/unitree_api/msg/dds_
copying /home/unitree/106a_final/src/build/unitree_sdk2py/build/lib/unitree_sdk2py/idl/unitree_api/msg/dds_/_RequestHeader_.py -> /home/unitree/106a_final/src/install/unitree_sdk2py/lib/python3.8/site-packages/unitree_sdk2py/idl/unitree_api/msg/dds_
copying /home/unitree/106a_final/src/build/unitree_sdk2py/build/lib/unitree_sdk2py/idl/unitree_api/msg/dds_/__init__.py -> /home/unitree/106a_final/src/install/unitree_sdk2py/lib/python3.8/site-packages/unitree_sdk2py/idl/unitree_api/msg/dds_
copying /home/unitree/106a_final/src/build/unitree_sdk2py/build/lib/unitree_sdk2py/idl/unitree_api/msg/dds_/_Response_.py -> /home/unitree/106a_final/src/install/unitree_sdk2py/lib/python3.8/site-packages/unitree_sdk2py/idl/unitree_api/msg/dds_
copying /home/unitree/106a_final/src/build/unitree_sdk2py/build/lib/unitree_sdk2py/idl/unitree_api/msg/dds_/_ResponseHeader_.py -> /home/unitree/106a_final/src/install/unitree_sdk2py/lib/python3.8/site-packages/unitree_sdk2py/idl/unitree_api/msg/dds_
copying /home/unitree/106a_final/src/build/unitree_sdk2py/build/lib/unitree_sdk2py/idl/unitree_api/msg/__init__.py -> /home/unitree/106a_final/src/install/unitree_sdk2py/lib/python3.8/site-packages/unitree_sdk2py/idl/unitree_api/msg
creating /home/unitree/106a_final/src/install/unitree_sdk2py/lib/python3.8/site-packages/unitree_sdk2py/idl/unitree_hg
copying /home/unitree/106a_final/src/build/unitree_sdk2py/build/lib/unitree_sdk2py/idl/unitree_hg/__init__.py -> /home/unitree/106a_final/src/install/unitree_sdk2py/lib/python3.8/site-packages/unitree_sdk2py/idl/unitree_hg
creating /home/unitree/106a_final/src/install/unitree_sdk2py/lib/python3.8/site-packages/unitree_sdk2py/idl/unitree_hg/msg
creating /home/unitree/106a_final/src/install/unitree_sdk2py/lib/python3.8/site-packages/unitree_sdk2py/idl/unitree_hg/msg/dds_
copying /home/unitree/106a_final/src/build/unitree_sdk2py/build/lib/unitree_sdk2py/idl/unitree_hg/msg/dds_/_BmsCmd_.py -> /home/unitree/106a_final/src/install/unitree_sdk2py/lib/python3.8/site-packages/unitree_sdk2py/idl/unitree_hg/msg/dds_
copying /home/unitree/106a_final/src/build/unitree_sdk2py/build/lib/unitree_sdk2py/idl/unitree_hg/msg/dds_/_HandCmd_.py -> /home/unitree/106a_final/src/install/unitree_sdk2py/lib/python3.8/site-packages/unitree_sdk2py/idl/unitree_hg/msg/dds_
copying /home/unitree/106a_final/src/build/unitree_sdk2py/build/lib/unitree_sdk2py/idl/unitree_hg/msg/dds_/_LowState_.py -> /home/unitree/106a_final/src/install/unitree_sdk2py/lib/python3.8/site-packages/unitree_sdk2py/idl/unitree_hg/msg/dds_
copying /home/unitree/106a_final/src/build/unitree_sdk2py/build/lib/unitree_sdk2py/idl/unitree_hg/msg/dds_/_PressSensorState_.py -> /home/unitree/106a_final/src/install/unitree_sdk2py/lib/python3.8/site-packages/unitree_sdk2py/idl/unitree_hg/msg/dds_
copying /home/unitree/106a_final/src/build/unitree_sdk2py/build/lib/unitree_sdk2py/idl/unitree_hg/msg/dds_/_BmsState_.py -> /home/unitree/106a_final/src/install/unitree_sdk2py/lib/python3.8/site-packages/unitree_sdk2py/idl/unitree_hg/msg/dds_
copying /home/unitree/106a_final/src/build/unitree_sdk2py/build/lib/unitree_sdk2py/idl/unitree_hg/msg/dds_/_MainBoardState_.py -> /home/unitree/106a_final/src/install/unitree_sdk2py/lib/python3.8/site-packages/unitree_sdk2py/idl/unitree_hg/msg/dds_
copying /home/unitree/106a_final/src/build/unitree_sdk2py/build/lib/unitree_sdk2py/idl/unitree_hg/msg/dds_/_LowCmd_.py -> /home/unitree/106a_final/src/install/unitree_sdk2py/lib/python3.8/site-packages/unitree_sdk2py/idl/unitree_hg/msg/dds_
copying /home/unitree/106a_final/src/build/unitree_sdk2py/build/lib/unitree_sdk2py/idl/unitree_hg/msg/dds_/_HandState_.py -> /home/unitree/106a_final/src/install/unitree_sdk2py/lib/python3.8/site-packages/unitree_sdk2py/idl/unitree_hg/msg/dds_
copying /home/unitree/106a_final/src/build/unitree_sdk2py/build/lib/unitree_sdk2py/idl/unitree_hg/msg/dds_/_MotorState_.py -> /home/unitree/106a_final/src/install/unitree_sdk2py/lib/python3.8/site-packages/unitree_sdk2py/idl/unitree_hg/msg/dds_
copying /home/unitree/106a_final/src/build/unitree_sdk2py/build/lib/unitree_sdk2py/idl/unitree_hg/msg/dds_/_MotorCmd_.py -> /home/unitree/106a_final/src/install/unitree_sdk2py/lib/python3.8/site-packages/unitree_sdk2py/idl/unitree_hg/msg/dds_
copying /home/unitree/106a_final/src/build/unitree_sdk2py/build/lib/unitree_sdk2py/idl/unitree_hg/msg/dds_/__init__.py -> /home/unitree/106a_final/src/install/unitree_sdk2py/lib/python3.8/site-packages/unitree_sdk2py/idl/unitree_hg/msg/dds_
copying /home/unitree/106a_final/src/build/unitree_sdk2py/build/lib/unitree_sdk2py/idl/unitree_hg/msg/dds_/_IMUState_.py -> /home/unitree/106a_final/src/install/unitree_sdk2py/lib/python3.8/site-packages/unitree_sdk2py/idl/unitree_hg/msg/dds_
copying /home/unitree/106a_final/src/build/unitree_sdk2py/build/lib/unitree_sdk2py/idl/unitree_hg/msg/__init__.py -> /home/unitree/106a_final/src/install/unitree_sdk2py/lib/python3.8/site-packages/unitree_sdk2py/idl/unitree_hg/msg
creating /home/unitree/106a_final/src/install/unitree_sdk2py/lib/python3.8/site-packages/unitree_sdk2py/idl/geometry_msgs
copying /home/unitree/106a_final/src/build/unitree_sdk2py/build/lib/unitree_sdk2py/idl/geometry_msgs/__init__.py -> /home/unitree/106a_final/src/install/unitree_sdk2py/lib/python3.8/site-packages/unitree_sdk2py/idl/geometry_msgs
creating /home/unitree/106a_final/src/install/unitree_sdk2py/lib/python3.8/site-packages/unitree_sdk2py/idl/geometry_msgs/msg
creating /home/unitree/106a_final/src/install/unitree_sdk2py/lib/python3.8/site-packages/unitree_sdk2py/idl/geometry_msgs/msg/dds_
copying /home/unitree/106a_final/src/build/unitree_sdk2py/build/lib/unitree_sdk2py/idl/geometry_msgs/msg/dds_/_TwistStamped_.py -> /home/unitree/106a_final/src/install/unitree_sdk2py/lib/python3.8/site-packages/unitree_sdk2py/idl/geometry_msgs/msg/dds_
copying /home/unitree/106a_final/src/build/unitree_sdk2py/build/lib/unitree_sdk2py/idl/geometry_msgs/msg/dds_/_Pose2D_.py -> /home/unitree/106a_final/src/install/unitree_sdk2py/lib/python3.8/site-packages/unitree_sdk2py/idl/geometry_msgs/msg/dds_
copying /home/unitree/106a_final/src/build/unitree_sdk2py/build/lib/unitree_sdk2py/idl/geometry_msgs/msg/dds_/_Vector3_.py -> /home/unitree/106a_final/src/install/unitree_sdk2py/lib/python3.8/site-packages/unitree_sdk2py/idl/geometry_msgs/msg/dds_
copying /home/unitree/106a_final/src/build/unitree_sdk2py/build/lib/unitree_sdk2py/idl/geometry_msgs/msg/dds_/_PoseWithCovarianceStamped_.py -> /home/unitree/106a_final/src/install/unitree_sdk2py/lib/python3.8/site-packages/unitree_sdk2py/idl/geometry_msgs/msg/dds_
copying /home/unitree/106a_final/src/build/unitree_sdk2py/build/lib/unitree_sdk2py/idl/geometry_msgs/msg/dds_/_Pose_.py -> /home/unitree/106a_final/src/install/unitree_sdk2py/lib/python3.8/site-packages/unitree_sdk2py/idl/geometry_msgs/msg/dds_
copying /home/unitree/106a_final/src/build/unitree_sdk2py/build/lib/unitree_sdk2py/idl/geometry_msgs/msg/dds_/_PointStamped_.py -> /home/unitree/106a_final/src/install/unitree_sdk2py/lib/python3.8/site-packages/unitree_sdk2py/idl/geometry_msgs/msg/dds_
copying /home/unitree/106a_final/src/build/unitree_sdk2py/build/lib/unitree_sdk2py/idl/geometry_msgs/msg/dds_/_PoseWithCovariance_.py -> /home/unitree/106a_final/src/install/unitree_sdk2py/lib/python3.8/site-packages/unitree_sdk2py/idl/geometry_msgs/msg/dds_
copying /home/unitree/106a_final/src/build/unitree_sdk2py/build/lib/unitree_sdk2py/idl/geometry_msgs/msg/dds_/_PoseStamped_.py -> /home/unitree/106a_final/src/install/unitree_sdk2py/lib/python3.8/site-packages/unitree_sdk2py/idl/geometry_msgs/msg/dds_
copying /home/unitree/106a_final/src/build/unitree_sdk2py/build/lib/unitree_sdk2py/idl/geometry_msgs/msg/dds_/_Point_.py -> /home/unitree/106a_final/src/install/unitree_sdk2py/lib/python3.8/site-packages/unitree_sdk2py/idl/geometry_msgs/msg/dds_
copying /home/unitree/106a_final/src/build/unitree_sdk2py/build/lib/unitree_sdk2py/idl/geometry_msgs/msg/dds_/_QuaternionStamped_.py -> /home/unitree/106a_final/src/install/unitree_sdk2py/lib/python3.8/site-packages/unitree_sdk2py/idl/geometry_msgs/msg/dds_
copying /home/unitree/106a_final/src/build/unitree_sdk2py/build/lib/unitree_sdk2py/idl/geometry_msgs/msg/dds_/__init__.py -> /home/unitree/106a_final/src/install/unitree_sdk2py/lib/python3.8/site-packages/unitree_sdk2py/idl/geometry_msgs/msg/dds_
copying /home/unitree/106a_final/src/build/unitree_sdk2py/build/lib/unitree_sdk2py/idl/geometry_msgs/msg/dds_/_TwistWithCovariance_.py -> /home/unitree/106a_final/src/install/unitree_sdk2py/lib/python3.8/site-packages/unitree_sdk2py/idl/geometry_msgs/msg/dds_
copying /home/unitree/106a_final/src/build/unitree_sdk2py/build/lib/unitree_sdk2py/idl/geometry_msgs/msg/dds_/_TwistWithCovarianceStamped_.py -> /home/unitree/106a_final/src/install/unitree_sdk2py/lib/python3.8/site-packages/unitree_sdk2py/idl/geometry_msgs/msg/dds_
copying /home/unitree/106a_final/src/build/unitree_sdk2py/build/lib/unitree_sdk2py/idl/geometry_msgs/msg/dds_/_Point32_.py -> /home/unitree/106a_final/src/install/unitree_sdk2py/lib/python3.8/site-packages/unitree_sdk2py/idl/geometry_msgs/msg/dds_
copying /home/unitree/106a_final/src/build/unitree_sdk2py/build/lib/unitree_sdk2py/idl/geometry_msgs/msg/dds_/_Twist_.py -> /home/unitree/106a_final/src/install/unitree_sdk2py/lib/python3.8/site-packages/unitree_sdk2py/idl/geometry_msgs/msg/dds_
copying /home/unitree/106a_final/src/build/unitree_sdk2py/build/lib/unitree_sdk2py/idl/geometry_msgs/msg/dds_/_Quaternion_.py -> /home/unitree/106a_final/src/install/unitree_sdk2py/lib/python3.8/site-packages/unitree_sdk2py/idl/geometry_msgs/msg/dds_
copying /home/unitree/106a_final/src/build/unitree_sdk2py/build/lib/unitree_sdk2py/idl/geometry_msgs/msg/__init__.py -> /home/unitree/106a_final/src/install/unitree_sdk2py/lib/python3.8/site-packages/unitree_sdk2py/idl/geometry_msgs/msg
byte-compiling /home/unitree/106a_final/src/install/unitree_sdk2py/lib/python3.8/site-packages/unitree_sdk2py/utils/joystick.py to joystick.cpython-38.pyc
byte-compiling /home/unitree/106a_final/src/install/unitree_sdk2py/lib/python3.8/site-packages/unitree_sdk2py/utils/future.py to future.cpython-38.pyc
byte-compiling /home/unitree/106a_final/src/install/unitree_sdk2py/lib/python3.8/site-packages/unitree_sdk2py/utils/crc.py to crc.cpython-38.pyc
byte-compiling /home/unitree/106a_final/src/install/unitree_sdk2py/lib/python3.8/site-packages/unitree_sdk2py/utils/timerfd.py to timerfd.cpython-38.pyc
byte-compiling /home/unitree/106a_final/src/install/unitree_sdk2py/lib/python3.8/site-packages/unitree_sdk2py/utils/thread.py to thread.cpython-38.pyc
byte-compiling /home/unitree/106a_final/src/install/unitree_sdk2py/lib/python3.8/site-packages/unitree_sdk2py/utils/bqueue.py to bqueue.cpython-38.pyc
byte-compiling /home/unitree/106a_final/src/install/unitree_sdk2py/lib/python3.8/site-packages/unitree_sdk2py/utils/hz_sample.py to hz_sample.cpython-38.pyc
byte-compiling /home/unitree/106a_final/src/install/unitree_sdk2py/lib/python3.8/site-packages/unitree_sdk2py/utils/__init__.py to __init__.cpython-38.pyc
byte-compiling /home/unitree/106a_final/src/install/unitree_sdk2py/lib/python3.8/site-packages/unitree_sdk2py/utils/singleton.py to singleton.cpython-38.pyc
byte-compiling /home/unitree/106a_final/src/install/unitree_sdk2py/lib/python3.8/site-packages/unitree_sdk2py/utils/clib_lookup.py to clib_lookup.cpython-38.pyc
byte-compiling /home/unitree/106a_final/src/install/unitree_sdk2py/lib/python3.8/site-packages/unitree_sdk2py/core/channel_name.py to channel_name.cpython-38.pyc
byte-compiling /home/unitree/106a_final/src/install/unitree_sdk2py/lib/python3.8/site-packages/unitree_sdk2py/core/__init__.py to __init__.cpython-38.pyc
byte-compiling /home/unitree/106a_final/src/install/unitree_sdk2py/lib/python3.8/site-packages/unitree_sdk2py/core/channel_config.py to channel_config.cpython-38.pyc
byte-compiling /home/unitree/106a_final/src/install/unitree_sdk2py/lib/python3.8/site-packages/unitree_sdk2py/core/channel.py to channel.cpython-38.pyc
byte-compiling /home/unitree/106a_final/src/install/unitree_sdk2py/lib/python3.8/site-packages/unitree_sdk2py/go2/obstacles_avoid/obstacles_avoid_api.py to obstacles_avoid_api.cpython-38.pyc
byte-compiling /home/unitree/106a_final/src/install/unitree_sdk2py/lib/python3.8/site-packages/unitree_sdk2py/go2/obstacles_avoid/obstacles_avoid_client.py to obstacles_avoid_client.cpython-38.pyc
byte-compiling /home/unitree/106a_final/src/install/unitree_sdk2py/lib/python3.8/site-packages/unitree_sdk2py/go2/obstacles_avoid/__init__.py to __init__.cpython-38.pyc
byte-compiling /home/unitree/106a_final/src/install/unitree_sdk2py/lib/python3.8/site-packages/unitree_sdk2py/go2/robot_state/__init__.py to __init__.cpython-38.pyc
byte-compiling /home/unitree/106a_final/src/install/unitree_sdk2py/lib/python3.8/site-packages/unitree_sdk2py/go2/robot_state/robot_state_client.py to robot_state_client.cpython-38.pyc
byte-compiling /home/unitree/106a_final/src/install/unitree_sdk2py/lib/python3.8/site-packages/unitree_sdk2py/go2/robot_state/robot_state_api.py to robot_state_api.cpython-38.pyc
byte-compiling /home/unitree/106a_final/src/install/unitree_sdk2py/lib/python3.8/site-packages/unitree_sdk2py/go2/vui/vui_client.py to vui_client.cpython-38.pyc
byte-compiling /home/unitree/106a_final/src/install/unitree_sdk2py/lib/python3.8/site-packages/unitree_sdk2py/go2/vui/vui_api.py to vui_api.cpython-38.pyc
byte-compiling /home/unitree/106a_final/src/install/unitree_sdk2py/lib/python3.8/site-packages/unitree_sdk2py/go2/vui/__init__.py to __init__.cpython-38.pyc
byte-compiling /home/unitree/106a_final/src/install/unitree_sdk2py/lib/python3.8/site-packages/unitree_sdk2py/go2/video/video_api.py to video_api.cpython-38.pyc
byte-compiling /home/unitree/106a_final/src/install/unitree_sdk2py/lib/python3.8/site-packages/unitree_sdk2py/go2/video/video_client.py to video_client.cpython-38.pyc
byte-compiling /home/unitree/106a_final/src/install/unitree_sdk2py/lib/python3.8/site-packages/unitree_sdk2py/go2/video/__init__.py to __init__.cpython-38.pyc
byte-compiling /home/unitree/106a_final/src/install/unitree_sdk2py/lib/python3.8/site-packages/unitree_sdk2py/go2/sport/sport_client.py to sport_client.cpython-38.pyc
byte-compiling /home/unitree/106a_final/src/install/unitree_sdk2py/lib/python3.8/site-packages/unitree_sdk2py/go2/sport/__init__.py to __init__.cpython-38.pyc
byte-compiling /home/unitree/106a_final/src/install/unitree_sdk2py/lib/python3.8/site-packages/unitree_sdk2py/go2/sport/sport_api.py to sport_api.cpython-38.pyc
byte-compiling /home/unitree/106a_final/src/install/unitree_sdk2py/lib/python3.8/site-packages/unitree_sdk2py/go2/__init__.py to __init__.cpython-38.pyc
byte-compiling /home/unitree/106a_final/src/install/unitree_sdk2py/lib/python3.8/site-packages/unitree_sdk2py/__init__.py to __init__.cpython-38.pyc
byte-compiling /home/unitree/106a_final/src/install/unitree_sdk2py/lib/python3.8/site-packages/unitree_sdk2py/rpc/client_base.py to client_base.cpython-38.pyc
byte-compiling /home/unitree/106a_final/src/install/unitree_sdk2py/lib/python3.8/site-packages/unitree_sdk2py/rpc/client_stub.py to client_stub.cpython-38.pyc
byte-compiling /home/unitree/106a_final/src/install/unitree_sdk2py/lib/python3.8/site-packages/unitree_sdk2py/rpc/request_future.py to request_future.cpython-38.pyc
byte-compiling /home/unitree/106a_final/src/install/unitree_sdk2py/lib/python3.8/site-packages/unitree_sdk2py/rpc/server.py to server.cpython-38.pyc
byte-compiling /home/unitree/106a_final/src/install/unitree_sdk2py/lib/python3.8/site-packages/unitree_sdk2py/rpc/lease_server.py to lease_server.cpython-38.pyc
byte-compiling /home/unitree/106a_final/src/install/unitree_sdk2py/lib/python3.8/site-packages/unitree_sdk2py/rpc/internal.py to internal.cpython-38.pyc
byte-compiling /home/unitree/106a_final/src/install/unitree_sdk2py/lib/python3.8/site-packages/unitree_sdk2py/rpc/__init__.py to __init__.cpython-38.pyc
byte-compiling /home/unitree/106a_final/src/install/unitree_sdk2py/lib/python3.8/site-packages/unitree_sdk2py/rpc/server_stub.py to server_stub.cpython-38.pyc
byte-compiling /home/unitree/106a_final/src/install/unitree_sdk2py/lib/python3.8/site-packages/unitree_sdk2py/rpc/server_base.py to server_base.cpython-38.pyc
byte-compiling /home/unitree/106a_final/src/install/unitree_sdk2py/lib/python3.8/site-packages/unitree_sdk2py/rpc/lease_client.py to lease_client.cpython-38.pyc
byte-compiling /home/unitree/106a_final/src/install/unitree_sdk2py/lib/python3.8/site-packages/unitree_sdk2py/rpc/client.py to client.cpython-38.pyc
byte-compiling /home/unitree/106a_final/src/install/unitree_sdk2py/lib/python3.8/site-packages/unitree_sdk2py/idl/builtin_interfaces/__init__.py to __init__.cpython-38.pyc
byte-compiling /home/unitree/106a_final/src/install/unitree_sdk2py/lib/python3.8/site-packages/unitree_sdk2py/idl/builtin_interfaces/msg/dds_/_Time_.py to _Time_.cpython-38.pyc
byte-compiling /home/unitree/106a_final/src/install/unitree_sdk2py/lib/python3.8/site-packages/unitree_sdk2py/idl/builtin_interfaces/msg/dds_/__init__.py to __init__.cpython-38.pyc
byte-compiling /home/unitree/106a_final/src/install/unitree_sdk2py/lib/python3.8/site-packages/unitree_sdk2py/idl/builtin_interfaces/msg/__init__.py to __init__.cpython-38.pyc
byte-compiling /home/unitree/106a_final/src/install/unitree_sdk2py/lib/python3.8/site-packages/unitree_sdk2py/idl/nav_msgs/__init__.py to __init__.cpython-38.pyc
byte-compiling /home/unitree/106a_final/src/install/unitree_sdk2py/lib/python3.8/site-packages/unitree_sdk2py/idl/nav_msgs/msg/dds_/_MapMetaData_.py to _MapMetaData_.cpython-38.pyc
byte-compiling /home/unitree/106a_final/src/install/unitree_sdk2py/lib/python3.8/site-packages/unitree_sdk2py/idl/nav_msgs/msg/dds_/__init__.py to __init__.cpython-38.pyc
byte-compiling /home/unitree/106a_final/src/install/unitree_sdk2py/lib/python3.8/site-packages/unitree_sdk2py/idl/nav_msgs/msg/dds_/_OccupancyGrid_.py to _OccupancyGrid_.cpython-38.pyc
byte-compiling /home/unitree/106a_final/src/install/unitree_sdk2py/lib/python3.8/site-packages/unitree_sdk2py/idl/nav_msgs/msg/dds_/_Odometry_.py to _Odometry_.cpython-38.pyc
byte-compiling /home/unitree/106a_final/src/install/unitree_sdk2py/lib/python3.8/site-packages/unitree_sdk2py/idl/nav_msgs/msg/__init__.py to __init__.cpython-38.pyc
byte-compiling /home/unitree/106a_final/src/install/unitree_sdk2py/lib/python3.8/site-packages/unitree_sdk2py/idl/default.py to default.cpython-38.pyc
byte-compiling /home/unitree/106a_final/src/install/unitree_sdk2py/lib/python3.8/site-packages/unitree_sdk2py/idl/unitree_go/__init__.py to __init__.cpython-38.pyc
byte-compiling /home/unitree/106a_final/src/install/unitree_sdk2py/lib/python3.8/site-packages/unitree_sdk2py/idl/unitree_go/msg/dds_/_BmsCmd_.py to _BmsCmd_.cpython-38.pyc
byte-compiling /home/unitree/106a_final/src/install/unitree_sdk2py/lib/python3.8/site-packages/unitree_sdk2py/idl/unitree_go/msg/dds_/_MotorCmds_.py to _MotorCmds_.cpython-38.pyc
byte-compiling /home/unitree/106a_final/src/install/unitree_sdk2py/lib/python3.8/site-packages/unitree_sdk2py/idl/unitree_go/msg/dds_/_WirelessController_.py to _WirelessController_.cpython-38.pyc
byte-compiling /home/unitree/106a_final/src/install/unitree_sdk2py/lib/python3.8/site-packages/unitree_sdk2py/idl/unitree_go/msg/dds_/_InterfaceConfig_.py to _InterfaceConfig_.cpython-38.pyc
byte-compiling /home/unitree/106a_final/src/install/unitree_sdk2py/lib/python3.8/site-packages/unitree_sdk2py/idl/unitree_go/msg/dds_/_Error_.py to _Error_.cpython-38.pyc
byte-compiling /home/unitree/106a_final/src/install/unitree_sdk2py/lib/python3.8/site-packages/unitree_sdk2py/idl/unitree_go/msg/dds_/_Go2FrontVideoData_.py to _Go2FrontVideoData_.cpython-38.pyc
byte-compiling /home/unitree/106a_final/src/install/unitree_sdk2py/lib/python3.8/site-packages/unitree_sdk2py/idl/unitree_go/msg/dds_/_TimeSpec_.py to _TimeSpec_.cpython-38.pyc
byte-compiling /home/unitree/106a_final/src/install/unitree_sdk2py/lib/python3.8/site-packages/unitree_sdk2py/idl/unitree_go/msg/dds_/_LowState_.py to _LowState_.cpython-38.pyc
byte-compiling /home/unitree/106a_final/src/install/unitree_sdk2py/lib/python3.8/site-packages/unitree_sdk2py/idl/unitree_go/msg/dds_/_AudioData_.py to _AudioData_.cpython-38.pyc
byte-compiling /home/unitree/106a_final/src/install/unitree_sdk2py/lib/python3.8/site-packages/unitree_sdk2py/idl/unitree_go/msg/dds_/_BmsState_.py to _BmsState_.cpython-38.pyc
byte-compiling /home/unitree/106a_final/src/install/unitree_sdk2py/lib/python3.8/site-packages/unitree_sdk2py/idl/unitree_go/msg/dds_/_LowCmd_.py to _LowCmd_.cpython-38.pyc
byte-compiling /home/unitree/106a_final/src/install/unitree_sdk2py/lib/python3.8/site-packages/unitree_sdk2py/idl/unitree_go/msg/dds_/_SportModeState_.py to _SportModeState_.cpython-38.pyc
byte-compiling /home/unitree/106a_final/src/install/unitree_sdk2py/lib/python3.8/site-packages/unitree_sdk2py/idl/unitree_go/msg/dds_/_LidarState_.py to _LidarState_.cpython-38.pyc
byte-compiling /home/unitree/106a_final/src/install/unitree_sdk2py/lib/python3.8/site-packages/unitree_sdk2py/idl/unitree_go/msg/dds_/_MotorState_.py to _MotorState_.cpython-38.pyc
byte-compiling /home/unitree/106a_final/src/install/unitree_sdk2py/lib/python3.8/site-packages/unitree_sdk2py/idl/unitree_go/msg/dds_/_MotorCmd_.py to _MotorCmd_.cpython-38.pyc
byte-compiling /home/unitree/106a_final/src/install/unitree_sdk2py/lib/python3.8/site-packages/unitree_sdk2py/idl/unitree_go/msg/dds_/_UwbSwitch_.py to _UwbSwitch_.cpython-38.pyc
byte-compiling /home/unitree/106a_final/src/install/unitree_sdk2py/lib/python3.8/site-packages/unitree_sdk2py/idl/unitree_go/msg/dds_/__init__.py to __init__.cpython-38.pyc
byte-compiling /home/unitree/106a_final/src/install/unitree_sdk2py/lib/python3.8/site-packages/unitree_sdk2py/idl/unitree_go/msg/dds_/_UwbState_.py to _UwbState_.cpython-38.pyc
byte-compiling /home/unitree/106a_final/src/install/unitree_sdk2py/lib/python3.8/site-packages/unitree_sdk2py/idl/unitree_go/msg/dds_/_Req_.py to _Req_.cpython-38.pyc
byte-compiling /home/unitree/106a_final/src/install/unitree_sdk2py/lib/python3.8/site-packages/unitree_sdk2py/idl/unitree_go/msg/dds_/_HeightMap_.py to _HeightMap_.cpython-38.pyc
byte-compiling /home/unitree/106a_final/src/install/unitree_sdk2py/lib/python3.8/site-packages/unitree_sdk2py/idl/unitree_go/msg/dds_/_Res_.py to _Res_.cpython-38.pyc
byte-compiling /home/unitree/106a_final/src/install/unitree_sdk2py/lib/python3.8/site-packages/unitree_sdk2py/idl/unitree_go/msg/dds_/_IMUState_.py to _IMUState_.cpython-38.pyc
byte-compiling /home/unitree/106a_final/src/install/unitree_sdk2py/lib/python3.8/site-packages/unitree_sdk2py/idl/unitree_go/msg/dds_/_PathPoint_.py to _PathPoint_.cpython-38.pyc
byte-compiling /home/unitree/106a_final/src/install/unitree_sdk2py/lib/python3.8/site-packages/unitree_sdk2py/idl/unitree_go/msg/dds_/_MotorStates_.py to _MotorStates_.cpython-38.pyc
byte-compiling /home/unitree/106a_final/src/install/unitree_sdk2py/lib/python3.8/site-packages/unitree_sdk2py/idl/unitree_go/msg/__init__.py to __init__.cpython-38.pyc
byte-compiling /home/unitree/106a_final/src/install/unitree_sdk2py/lib/python3.8/site-packages/unitree_sdk2py/idl/sensor_msgs/__init__.py to __init__.cpython-38.pyc
byte-compiling /home/unitree/106a_final/src/install/unitree_sdk2py/lib/python3.8/site-packages/unitree_sdk2py/idl/sensor_msgs/msg/dds_/_PointCloud2_.py to _PointCloud2_.cpython-38.pyc
byte-compiling /home/unitree/106a_final/src/install/unitree_sdk2py/lib/python3.8/site-packages/unitree_sdk2py/idl/sensor_msgs/msg/dds_/__init__.py to __init__.cpython-38.pyc
byte-compiling /home/unitree/106a_final/src/install/unitree_sdk2py/lib/python3.8/site-packages/unitree_sdk2py/idl/sensor_msgs/msg/dds_/PointField_Constants/__init__.py to __init__.cpython-38.pyc
byte-compiling /home/unitree/106a_final/src/install/unitree_sdk2py/lib/python3.8/site-packages/unitree_sdk2py/idl/sensor_msgs/msg/dds_/PointField_Constants/_PointField_.py to _PointField_.cpython-38.pyc
byte-compiling /home/unitree/106a_final/src/install/unitree_sdk2py/lib/python3.8/site-packages/unitree_sdk2py/idl/sensor_msgs/msg/dds_/_PointField_.py to _PointField_.cpython-38.pyc
byte-compiling /home/unitree/106a_final/src/install/unitree_sdk2py/lib/python3.8/site-packages/unitree_sdk2py/idl/sensor_msgs/msg/__init__.py to __init__.cpython-38.pyc
byte-compiling /home/unitree/106a_final/src/install/unitree_sdk2py/lib/python3.8/site-packages/unitree_sdk2py/idl/__init__.py to __init__.cpython-38.pyc
byte-compiling /home/unitree/106a_final/src/install/unitree_sdk2py/lib/python3.8/site-packages/unitree_sdk2py/idl/std_msgs/__init__.py to __init__.cpython-38.pyc
byte-compiling /home/unitree/106a_final/src/install/unitree_sdk2py/lib/python3.8/site-packages/unitree_sdk2py/idl/std_msgs/msg/dds_/_String_.py to _String_.cpython-38.pyc
byte-compiling /home/unitree/106a_final/src/install/unitree_sdk2py/lib/python3.8/site-packages/unitree_sdk2py/idl/std_msgs/msg/dds_/__init__.py to __init__.cpython-38.pyc
byte-compiling /home/unitree/106a_final/src/install/unitree_sdk2py/lib/python3.8/site-packages/unitree_sdk2py/idl/std_msgs/msg/dds_/_Header_.py to _Header_.cpython-38.pyc
byte-compiling /home/unitree/106a_final/src/install/unitree_sdk2py/lib/python3.8/site-packages/unitree_sdk2py/idl/std_msgs/msg/__init__.py to __init__.cpython-38.pyc
byte-compiling /home/unitree/106a_final/src/install/unitree_sdk2py/lib/python3.8/site-packages/unitree_sdk2py/idl/unitree_api/__init__.py to __init__.cpython-38.pyc
byte-compiling /home/unitree/106a_final/src/install/unitree_sdk2py/lib/python3.8/site-packages/unitree_sdk2py/idl/unitree_api/msg/dds_/_ResponseStatus_.py to _ResponseStatus_.cpython-38.pyc
byte-compiling /home/unitree/106a_final/src/install/unitree_sdk2py/lib/python3.8/site-packages/unitree_sdk2py/idl/unitree_api/msg/dds_/_RequestPolicy_.py to _RequestPolicy_.cpython-38.pyc
byte-compiling /home/unitree/106a_final/src/install/unitree_sdk2py/lib/python3.8/site-packages/unitree_sdk2py/idl/unitree_api/msg/dds_/_Request_.py to _Request_.cpython-38.pyc
byte-compiling /home/unitree/106a_final/src/install/unitree_sdk2py/lib/python3.8/site-packages/unitree_sdk2py/idl/unitree_api/msg/dds_/_RequestIdentity_.py to _RequestIdentity_.cpython-38.pyc
byte-compiling /home/unitree/106a_final/src/install/unitree_sdk2py/lib/python3.8/site-packages/unitree_sdk2py/idl/unitree_api/msg/dds_/_RequestLease_.py to _RequestLease_.cpython-38.pyc
byte-compiling /home/unitree/106a_final/src/install/unitree_sdk2py/lib/python3.8/site-packages/unitree_sdk2py/idl/unitree_api/msg/dds_/_RequestHeader_.py to _RequestHeader_.cpython-38.pyc
byte-compiling /home/unitree/106a_final/src/install/unitree_sdk2py/lib/python3.8/site-packages/unitree_sdk2py/idl/unitree_api/msg/dds_/__init__.py to __init__.cpython-38.pyc
byte-compiling /home/unitree/106a_final/src/install/unitree_sdk2py/lib/python3.8/site-packages/unitree_sdk2py/idl/unitree_api/msg/dds_/_Response_.py to _Response_.cpython-38.pyc
byte-compiling /home/unitree/106a_final/src/install/unitree_sdk2py/lib/python3.8/site-packages/unitree_sdk2py/idl/unitree_api/msg/dds_/_ResponseHeader_.py to _ResponseHeader_.cpython-38.pyc
byte-compiling /home/unitree/106a_final/src/install/unitree_sdk2py/lib/python3.8/site-packages/unitree_sdk2py/idl/unitree_api/msg/__init__.py to __init__.cpython-38.pyc
byte-compiling /home/unitree/106a_final/src/install/unitree_sdk2py/lib/python3.8/site-packages/unitree_sdk2py/idl/unitree_hg/__init__.py to __init__.cpython-38.pyc
byte-compiling /home/unitree/106a_final/src/install/unitree_sdk2py/lib/python3.8/site-packages/unitree_sdk2py/idl/unitree_hg/msg/dds_/_BmsCmd_.py to _BmsCmd_.cpython-38.pyc
byte-compiling /home/unitree/106a_final/src/install/unitree_sdk2py/lib/python3.8/site-packages/unitree_sdk2py/idl/unitree_hg/msg/dds_/_HandCmd_.py to _HandCmd_.cpython-38.pyc
byte-compiling /home/unitree/106a_final/src/install/unitree_sdk2py/lib/python3.8/site-packages/unitree_sdk2py/idl/unitree_hg/msg/dds_/_LowState_.py to _LowState_.cpython-38.pyc
byte-compiling /home/unitree/106a_final/src/install/unitree_sdk2py/lib/python3.8/site-packages/unitree_sdk2py/idl/unitree_hg/msg/dds_/_PressSensorState_.py to _PressSensorState_.cpython-38.pyc
byte-compiling /home/unitree/106a_final/src/install/unitree_sdk2py/lib/python3.8/site-packages/unitree_sdk2py/idl/unitree_hg/msg/dds_/_BmsState_.py to _BmsState_.cpython-38.pyc
byte-compiling /home/unitree/106a_final/src/install/unitree_sdk2py/lib/python3.8/site-packages/unitree_sdk2py/idl/unitree_hg/msg/dds_/_MainBoardState_.py to _MainBoardState_.cpython-38.pyc
byte-compiling /home/unitree/106a_final/src/install/unitree_sdk2py/lib/python3.8/site-packages/unitree_sdk2py/idl/unitree_hg/msg/dds_/_LowCmd_.py to _LowCmd_.cpython-38.pyc
byte-compiling /home/unitree/106a_final/src/install/unitree_sdk2py/lib/python3.8/site-packages/unitree_sdk2py/idl/unitree_hg/msg/dds_/_HandState_.py to _HandState_.cpython-38.pyc
byte-compiling /home/unitree/106a_final/src/install/unitree_sdk2py/lib/python3.8/site-packages/unitree_sdk2py/idl/unitree_hg/msg/dds_/_MotorState_.py to _MotorState_.cpython-38.pyc
byte-compiling /home/unitree/106a_final/src/install/unitree_sdk2py/lib/python3.8/site-packages/unitree_sdk2py/idl/unitree_hg/msg/dds_/_MotorCmd_.py to _MotorCmd_.cpython-38.pyc
byte-compiling /home/unitree/106a_final/src/install/unitree_sdk2py/lib/python3.8/site-packages/unitree_sdk2py/idl/unitree_hg/msg/dds_/__init__.py to __init__.cpython-38.pyc
byte-compiling /home/unitree/106a_final/src/install/unitree_sdk2py/lib/python3.8/site-packages/unitree_sdk2py/idl/unitree_hg/msg/dds_/_IMUState_.py to _IMUState_.cpython-38.pyc
byte-compiling /home/unitree/106a_final/src/install/unitree_sdk2py/lib/python3.8/site-packages/unitree_sdk2py/idl/unitree_hg/msg/__init__.py to __init__.cpython-38.pyc
byte-compiling /home/unitree/106a_final/src/install/unitree_sdk2py/lib/python3.8/site-packages/unitree_sdk2py/idl/geometry_msgs/__init__.py to __init__.cpython-38.pyc
byte-compiling /home/unitree/106a_final/src/install/unitree_sdk2py/lib/python3.8/site-packages/unitree_sdk2py/idl/geometry_msgs/msg/dds_/_TwistStamped_.py to _TwistStamped_.cpython-38.pyc
byte-compiling /home/unitree/106a_final/src/install/unitree_sdk2py/lib/python3.8/site-packages/unitree_sdk2py/idl/geometry_msgs/msg/dds_/_Pose2D_.py to _Pose2D_.cpython-38.pyc
byte-compiling /home/unitree/106a_final/src/install/unitree_sdk2py/lib/python3.8/site-packages/unitree_sdk2py/idl/geometry_msgs/msg/dds_/_Vector3_.py to _Vector3_.cpython-38.pyc
byte-compiling /home/unitree/106a_final/src/install/unitree_sdk2py/lib/python3.8/site-packages/unitree_sdk2py/idl/geometry_msgs/msg/dds_/_PoseWithCovarianceStamped_.py to _PoseWithCovarianceStamped_.cpython-38.pyc
byte-compiling /home/unitree/106a_final/src/install/unitree_sdk2py/lib/python3.8/site-packages/unitree_sdk2py/idl/geometry_msgs/msg/dds_/_Pose_.py to _Pose_.cpython-38.pyc
byte-compiling /home/unitree/106a_final/src/install/unitree_sdk2py/lib/python3.8/site-packages/unitree_sdk2py/idl/geometry_msgs/msg/dds_/_PointStamped_.py to _PointStamped_.cpython-38.pyc
byte-compiling /home/unitree/106a_final/src/install/unitree_sdk2py/lib/python3.8/site-packages/unitree_sdk2py/idl/geometry_msgs/msg/dds_/_PoseWithCovariance_.py to _PoseWithCovariance_.cpython-38.pyc
byte-compiling /home/unitree/106a_final/src/install/unitree_sdk2py/lib/python3.8/site-packages/unitree_sdk2py/idl/geometry_msgs/msg/dds_/_PoseStamped_.py to _PoseStamped_.cpython-38.pyc
byte-compiling /home/unitree/106a_final/src/install/unitree_sdk2py/lib/python3.8/site-packages/unitree_sdk2py/idl/geometry_msgs/msg/dds_/_Point_.py to _Point_.cpython-38.pyc
byte-compiling /home/unitree/106a_final/src/install/unitree_sdk2py/lib/python3.8/site-packages/unitree_sdk2py/idl/geometry_msgs/msg/dds_/_QuaternionStamped_.py to _QuaternionStamped_.cpython-38.pyc
byte-compiling /home/unitree/106a_final/src/install/unitree_sdk2py/lib/python3.8/site-packages/unitree_sdk2py/idl/geometry_msgs/msg/dds_/__init__.py to __init__.cpython-38.pyc
byte-compiling /home/unitree/106a_final/src/install/unitree_sdk2py/lib/python3.8/site-packages/unitree_sdk2py/idl/geometry_msgs/msg/dds_/_TwistWithCovariance_.py to _TwistWithCovariance_.cpython-38.pyc
byte-compiling /home/unitree/106a_final/src/install/unitree_sdk2py/lib/python3.8/site-packages/unitree_sdk2py/idl/geometry_msgs/msg/dds_/_TwistWithCovarianceStamped_.py to _TwistWithCovarianceStamped_.cpython-38.pyc
byte-compiling /home/unitree/106a_final/src/install/unitree_sdk2py/lib/python3.8/site-packages/unitree_sdk2py/idl/geometry_msgs/msg/dds_/_Point32_.py to _Point32_.cpython-38.pyc
byte-compiling /home/unitree/106a_final/src/install/unitree_sdk2py/lib/python3.8/site-packages/unitree_sdk2py/idl/geometry_msgs/msg/dds_/_Twist_.py to _Twist_.cpython-38.pyc
byte-compiling /home/unitree/106a_final/src/install/unitree_sdk2py/lib/python3.8/site-packages/unitree_sdk2py/idl/geometry_msgs/msg/dds_/_Quaternion_.py to _Quaternion_.cpython-38.pyc
byte-compiling /home/unitree/106a_final/src/install/unitree_sdk2py/lib/python3.8/site-packages/unitree_sdk2py/idl/geometry_msgs/msg/__init__.py to __init__.cpython-38.pyc
running install_egg_info
Copying ../build/unitree_sdk2py/unitree_sdk2py.egg-info to /home/unitree/106a_final/src/install/unitree_sdk2py/lib/python3.8/site-packages/unitree_sdk2py-1.0.1-py3.8.egg-info
running install_scripts
writing list of installed files to '/home/unitree/106a_final/src/build/unitree_sdk2py/install.log'
