[1.660s] Invoking command in '/home/unitree/106a_final/src/unitree_sdk2_python': PYTHONPATH=/home/unitree/106a_final/src/build/unitree_sdk2py/prefix_override:/home/unitree/106a_final/src/install/unitree_sdk2py/lib/python3.8/site-packages:${PYTHONPATH} /usr/bin/python3 setup.py egg_info --egg-base ../build/unitree_sdk2py build --build-base /home/unitree/106a_final/src/build/unitree_sdk2py/build install --record /home/unitree/106a_final/src/build/unitree_sdk2py/install.log --single-version-externally-managed
[2.108s] running egg_info
[2.109s] creating ../build/unitree_sdk2py/unitree_sdk2py.egg-info
[2.109s] writing ../build/unitree_sdk2py/unitree_sdk2py.egg-info/PKG-INFO
[2.110s] writing dependency_links to ../build/unitree_sdk2py/unitree_sdk2py.egg-info/dependency_links.txt
[2.110s] writing requirements to ../build/unitree_sdk2py/unitree_sdk2py.egg-info/requires.txt
[2.110s] writing top-level names to ../build/unitree_sdk2py/unitree_sdk2py.egg-info/top_level.txt
[2.115s] writing manifest file '../build/unitree_sdk2py/unitree_sdk2py.egg-info/SOURCES.txt'
[2.177s] reading manifest file '../build/unitree_sdk2py/unitree_sdk2py.egg-info/SOURCES.txt'
[2.179s] writing manifest file '../build/unitree_sdk2py/unitree_sdk2py.egg-info/SOURCES.txt'
[2.180s] running build
[2.180s] running build_py
[2.180s] creating /home/unitree/106a_final/src/build/unitree_sdk2py/build
[2.180s] creating /home/unitree/106a_final/src/build/unitree_sdk2py/build/lib
[2.180s] creating /home/unitree/106a_final/src/build/unitree_sdk2py/build/lib/unitree_sdk2py
[2.180s] copying unitree_sdk2py/__init__.py -> /home/unitree/106a_final/src/build/unitree_sdk2py/build/lib/unitree_sdk2py
[2.181s] creating /home/unitree/106a_final/src/build/unitree_sdk2py/build/lib/unitree_sdk2py/utils
[2.181s] copying unitree_sdk2py/utils/joystick.py -> /home/unitree/106a_final/src/build/unitree_sdk2py/build/lib/unitree_sdk2py/utils
[2.181s] copying unitree_sdk2py/utils/future.py -> /home/unitree/106a_final/src/build/unitree_sdk2py/build/lib/unitree_sdk2py/utils
[2.181s] copying unitree_sdk2py/utils/crc.py -> /home/unitree/106a_final/src/build/unitree_sdk2py/build/lib/unitree_sdk2py/utils
[2.182s] copying unitree_sdk2py/utils/timerfd.py -> /home/unitree/106a_final/src/build/unitree_sdk2py/build/lib/unitree_sdk2py/utils
[2.182s] copying unitree_sdk2py/utils/thread.py -> /home/unitree/106a_final/src/build/unitree_sdk2py/build/lib/unitree_sdk2py/utils
[2.182s] copying unitree_sdk2py/utils/bqueue.py -> /home/unitree/106a_final/src/build/unitree_sdk2py/build/lib/unitree_sdk2py/utils
[2.182s] copying unitree_sdk2py/utils/hz_sample.py -> /home/unitree/106a_final/src/build/unitree_sdk2py/build/lib/unitree_sdk2py/utils
[2.182s] copying unitree_sdk2py/utils/__init__.py -> /home/unitree/106a_final/src/build/unitree_sdk2py/build/lib/unitree_sdk2py/utils
[2.183s] copying unitree_sdk2py/utils/singleton.py -> /home/unitree/106a_final/src/build/unitree_sdk2py/build/lib/unitree_sdk2py/utils
[2.183s] copying unitree_sdk2py/utils/clib_lookup.py -> /home/unitree/106a_final/src/build/unitree_sdk2py/build/lib/unitree_sdk2py/utils
[2.183s] creating /home/unitree/106a_final/src/build/unitree_sdk2py/build/lib/unitree_sdk2py/core
[2.184s] copying unitree_sdk2py/core/channel_name.py -> /home/unitree/106a_final/src/build/unitree_sdk2py/build/lib/unitree_sdk2py/core
[2.184s] copying unitree_sdk2py/core/__init__.py -> /home/unitree/106a_final/src/build/unitree_sdk2py/build/lib/unitree_sdk2py/core
[2.184s] copying unitree_sdk2py/core/channel_config.py -> /home/unitree/106a_final/src/build/unitree_sdk2py/build/lib/unitree_sdk2py/core
[2.184s] copying unitree_sdk2py/core/channel.py -> /home/unitree/106a_final/src/build/unitree_sdk2py/build/lib/unitree_sdk2py/core
[2.184s] creating /home/unitree/106a_final/src/build/unitree_sdk2py/build/lib/unitree_sdk2py/go2
[2.185s] copying unitree_sdk2py/go2/__init__.py -> /home/unitree/106a_final/src/build/unitree_sdk2py/build/lib/unitree_sdk2py/go2
[2.185s] creating /home/unitree/106a_final/src/build/unitree_sdk2py/build/lib/unitree_sdk2py/rpc
[2.185s] copying unitree_sdk2py/rpc/client_base.py -> /home/unitree/106a_final/src/build/unitree_sdk2py/build/lib/unitree_sdk2py/rpc
[2.185s] copying unitree_sdk2py/rpc/client_stub.py -> /home/unitree/106a_final/src/build/unitree_sdk2py/build/lib/unitree_sdk2py/rpc
[2.186s] copying unitree_sdk2py/rpc/request_future.py -> /home/unitree/106a_final/src/build/unitree_sdk2py/build/lib/unitree_sdk2py/rpc
[2.186s] copying unitree_sdk2py/rpc/server.py -> /home/unitree/106a_final/src/build/unitree_sdk2py/build/lib/unitree_sdk2py/rpc
[2.186s] copying unitree_sdk2py/rpc/lease_server.py -> /home/unitree/106a_final/src/build/unitree_sdk2py/build/lib/unitree_sdk2py/rpc
[2.186s] copying unitree_sdk2py/rpc/internal.py -> /home/unitree/106a_final/src/build/unitree_sdk2py/build/lib/unitree_sdk2py/rpc
[2.187s] copying unitree_sdk2py/rpc/__init__.py -> /home/unitree/106a_final/src/build/unitree_sdk2py/build/lib/unitree_sdk2py/rpc
[2.187s] copying unitree_sdk2py/rpc/server_stub.py -> /home/unitree/106a_final/src/build/unitree_sdk2py/build/lib/unitree_sdk2py/rpc
[2.187s] copying unitree_sdk2py/rpc/server_base.py -> /home/unitree/106a_final/src/build/unitree_sdk2py/build/lib/unitree_sdk2py/rpc
[2.187s] copying unitree_sdk2py/rpc/lease_client.py -> /home/unitree/106a_final/src/build/unitree_sdk2py/build/lib/unitree_sdk2py/rpc
[2.187s] copying unitree_sdk2py/rpc/client.py -> /home/unitree/106a_final/src/build/unitree_sdk2py/build/lib/unitree_sdk2py/rpc
[2.188s] creating /home/unitree/106a_final/src/build/unitree_sdk2py/build/lib/unitree_sdk2py/idl
[2.188s] copying unitree_sdk2py/idl/default.py -> /home/unitree/106a_final/src/build/unitree_sdk2py/build/lib/unitree_sdk2py/idl
[2.188s] copying unitree_sdk2py/idl/__init__.py -> /home/unitree/106a_final/src/build/unitree_sdk2py/build/lib/unitree_sdk2py/idl
[2.189s] creating /home/unitree/106a_final/src/build/unitree_sdk2py/build/lib/unitree_sdk2py/go2/obstacles_avoid
[2.189s] copying unitree_sdk2py/go2/obstacles_avoid/obstacles_avoid_api.py -> /home/unitree/106a_final/src/build/unitree_sdk2py/build/lib/unitree_sdk2py/go2/obstacles_avoid
[2.189s] copying unitree_sdk2py/go2/obstacles_avoid/obstacles_avoid_client.py -> /home/unitree/106a_final/src/build/unitree_sdk2py/build/lib/unitree_sdk2py/go2/obstacles_avoid
[2.189s] copying unitree_sdk2py/go2/obstacles_avoid/__init__.py -> /home/unitree/106a_final/src/build/unitree_sdk2py/build/lib/unitree_sdk2py/go2/obstacles_avoid
[2.190s] creating /home/unitree/106a_final/src/build/unitree_sdk2py/build/lib/unitree_sdk2py/go2/robot_state
[2.190s] copying unitree_sdk2py/go2/robot_state/__init__.py -> /home/unitree/106a_final/src/build/unitree_sdk2py/build/lib/unitree_sdk2py/go2/robot_state
[2.190s] copying unitree_sdk2py/go2/robot_state/robot_state_client.py -> /home/unitree/106a_final/src/build/unitree_sdk2py/build/lib/unitree_sdk2py/go2/robot_state
[2.190s] copying unitree_sdk2py/go2/robot_state/robot_state_api.py -> /home/unitree/106a_final/src/build/unitree_sdk2py/build/lib/unitree_sdk2py/go2/robot_state
[2.191s] creating /home/unitree/106a_final/src/build/unitree_sdk2py/build/lib/unitree_sdk2py/go2/vui
[2.191s] copying unitree_sdk2py/go2/vui/vui_client.py -> /home/unitree/106a_final/src/build/unitree_sdk2py/build/lib/unitree_sdk2py/go2/vui
[2.191s] copying unitree_sdk2py/go2/vui/vui_api.py -> /home/unitree/106a_final/src/build/unitree_sdk2py/build/lib/unitree_sdk2py/go2/vui
[2.191s] copying unitree_sdk2py/go2/vui/__init__.py -> /home/unitree/106a_final/src/build/unitree_sdk2py/build/lib/unitree_sdk2py/go2/vui
[2.191s] creating /home/unitree/106a_final/src/build/unitree_sdk2py/build/lib/unitree_sdk2py/go2/video
[2.192s] copying unitree_sdk2py/go2/video/video_api.py -> /home/unitree/106a_final/src/build/unitree_sdk2py/build/lib/unitree_sdk2py/go2/video
[2.192s] copying unitree_sdk2py/go2/video/video_client.py -> /home/unitree/106a_final/src/build/unitree_sdk2py/build/lib/unitree_sdk2py/go2/video
[2.192s] copying unitree_sdk2py/go2/video/__init__.py -> /home/unitree/106a_final/src/build/unitree_sdk2py/build/lib/unitree_sdk2py/go2/video
[2.192s] creating /home/unitree/106a_final/src/build/unitree_sdk2py/build/lib/unitree_sdk2py/go2/sport
[2.192s] copying unitree_sdk2py/go2/sport/sport_client.py -> /home/unitree/106a_final/src/build/unitree_sdk2py/build/lib/unitree_sdk2py/go2/sport
[2.193s] copying unitree_sdk2py/go2/sport/__init__.py -> /home/unitree/106a_final/src/build/unitree_sdk2py/build/lib/unitree_sdk2py/go2/sport
[2.193s] copying unitree_sdk2py/go2/sport/sport_api.py -> /home/unitree/106a_final/src/build/unitree_sdk2py/build/lib/unitree_sdk2py/go2/sport
[2.193s] creating /home/unitree/106a_final/src/build/unitree_sdk2py/build/lib/unitree_sdk2py/idl/builtin_interfaces
[2.193s] copying unitree_sdk2py/idl/builtin_interfaces/__init__.py -> /home/unitree/106a_final/src/build/unitree_sdk2py/build/lib/unitree_sdk2py/idl/builtin_interfaces
[2.194s] creating /home/unitree/106a_final/src/build/unitree_sdk2py/build/lib/unitree_sdk2py/idl/nav_msgs
[2.194s] copying unitree_sdk2py/idl/nav_msgs/__init__.py -> /home/unitree/106a_final/src/build/unitree_sdk2py/build/lib/unitree_sdk2py/idl/nav_msgs
[2.195s] creating /home/unitree/106a_final/src/build/unitree_sdk2py/build/lib/unitree_sdk2py/idl/unitree_go
[2.195s] copying unitree_sdk2py/idl/unitree_go/__init__.py -> /home/unitree/106a_final/src/build/unitree_sdk2py/build/lib/unitree_sdk2py/idl/unitree_go
[2.195s] creating /home/unitree/106a_final/src/build/unitree_sdk2py/build/lib/unitree_sdk2py/idl/sensor_msgs
[2.195s] copying unitree_sdk2py/idl/sensor_msgs/__init__.py -> /home/unitree/106a_final/src/build/unitree_sdk2py/build/lib/unitree_sdk2py/idl/sensor_msgs
[2.195s] creating /home/unitree/106a_final/src/build/unitree_sdk2py/build/lib/unitree_sdk2py/idl/std_msgs
[2.195s] copying unitree_sdk2py/idl/std_msgs/__init__.py -> /home/unitree/106a_final/src/build/unitree_sdk2py/build/lib/unitree_sdk2py/idl/std_msgs
[2.196s] creating /home/unitree/106a_final/src/build/unitree_sdk2py/build/lib/unitree_sdk2py/idl/unitree_api
[2.196s] copying unitree_sdk2py/idl/unitree_api/__init__.py -> /home/unitree/106a_final/src/build/unitree_sdk2py/build/lib/unitree_sdk2py/idl/unitree_api
[2.196s] creating /home/unitree/106a_final/src/build/unitree_sdk2py/build/lib/unitree_sdk2py/idl/unitree_hg
[2.196s] copying unitree_sdk2py/idl/unitree_hg/__init__.py -> /home/unitree/106a_final/src/build/unitree_sdk2py/build/lib/unitree_sdk2py/idl/unitree_hg
[2.196s] creating /home/unitree/106a_final/src/build/unitree_sdk2py/build/lib/unitree_sdk2py/idl/geometry_msgs
[2.196s] copying unitree_sdk2py/idl/geometry_msgs/__init__.py -> /home/unitree/106a_final/src/build/unitree_sdk2py/build/lib/unitree_sdk2py/idl/geometry_msgs
[2.197s] creating /home/unitree/106a_final/src/build/unitree_sdk2py/build/lib/unitree_sdk2py/idl/builtin_interfaces/msg
[2.197s] copying unitree_sdk2py/idl/builtin_interfaces/msg/__init__.py -> /home/unitree/106a_final/src/build/unitree_sdk2py/build/lib/unitree_sdk2py/idl/builtin_interfaces/msg
[2.197s] creating /home/unitree/106a_final/src/build/unitree_sdk2py/build/lib/unitree_sdk2py/idl/builtin_interfaces/msg/dds_
[2.197s] copying unitree_sdk2py/idl/builtin_interfaces/msg/dds_/_Time_.py -> /home/unitree/106a_final/src/build/unitree_sdk2py/build/lib/unitree_sdk2py/idl/builtin_interfaces/msg/dds_
[2.198s] copying unitree_sdk2py/idl/builtin_interfaces/msg/dds_/__init__.py -> /home/unitree/106a_final/src/build/unitree_sdk2py/build/lib/unitree_sdk2py/idl/builtin_interfaces/msg/dds_
[2.198s] creating /home/unitree/106a_final/src/build/unitree_sdk2py/build/lib/unitree_sdk2py/idl/nav_msgs/msg
[2.198s] copying unitree_sdk2py/idl/nav_msgs/msg/__init__.py -> /home/unitree/106a_final/src/build/unitree_sdk2py/build/lib/unitree_sdk2py/idl/nav_msgs/msg
[2.198s] creating /home/unitree/106a_final/src/build/unitree_sdk2py/build/lib/unitree_sdk2py/idl/nav_msgs/msg/dds_
[2.199s] copying unitree_sdk2py/idl/nav_msgs/msg/dds_/_MapMetaData_.py -> /home/unitree/106a_final/src/build/unitree_sdk2py/build/lib/unitree_sdk2py/idl/nav_msgs/msg/dds_
[2.199s] copying unitree_sdk2py/idl/nav_msgs/msg/dds_/__init__.py -> /home/unitree/106a_final/src/build/unitree_sdk2py/build/lib/unitree_sdk2py/idl/nav_msgs/msg/dds_
[2.199s] copying unitree_sdk2py/idl/nav_msgs/msg/dds_/_OccupancyGrid_.py -> /home/unitree/106a_final/src/build/unitree_sdk2py/build/lib/unitree_sdk2py/idl/nav_msgs/msg/dds_
[2.199s] copying unitree_sdk2py/idl/nav_msgs/msg/dds_/_Odometry_.py -> /home/unitree/106a_final/src/build/unitree_sdk2py/build/lib/unitree_sdk2py/idl/nav_msgs/msg/dds_
[2.200s] creating /home/unitree/106a_final/src/build/unitree_sdk2py/build/lib/unitree_sdk2py/idl/unitree_go/msg
[2.200s] copying unitree_sdk2py/idl/unitree_go/msg/__init__.py -> /home/unitree/106a_final/src/build/unitree_sdk2py/build/lib/unitree_sdk2py/idl/unitree_go/msg
[2.200s] creating /home/unitree/106a_final/src/build/unitree_sdk2py/build/lib/unitree_sdk2py/idl/unitree_go/msg/dds_
[2.200s] copying unitree_sdk2py/idl/unitree_go/msg/dds_/_BmsCmd_.py -> /home/unitree/106a_final/src/build/unitree_sdk2py/build/lib/unitree_sdk2py/idl/unitree_go/msg/dds_
[2.201s] copying unitree_sdk2py/idl/unitree_go/msg/dds_/_MotorCmds_.py -> /home/unitree/106a_final/src/build/unitree_sdk2py/build/lib/unitree_sdk2py/idl/unitree_go/msg/dds_
[2.201s] copying unitree_sdk2py/idl/unitree_go/msg/dds_/_WirelessController_.py -> /home/unitree/106a_final/src/build/unitree_sdk2py/build/lib/unitree_sdk2py/idl/unitree_go/msg/dds_
[2.201s] copying unitree_sdk2py/idl/unitree_go/msg/dds_/_InterfaceConfig_.py -> /home/unitree/106a_final/src/build/unitree_sdk2py/build/lib/unitree_sdk2py/idl/unitree_go/msg/dds_
[2.201s] copying unitree_sdk2py/idl/unitree_go/msg/dds_/_Error_.py -> /home/unitree/106a_final/src/build/unitree_sdk2py/build/lib/unitree_sdk2py/idl/unitree_go/msg/dds_
[2.202s] copying unitree_sdk2py/idl/unitree_go/msg/dds_/_Go2FrontVideoData_.py -> /home/unitree/106a_final/src/build/unitree_sdk2py/build/lib/unitree_sdk2py/idl/unitree_go/msg/dds_
[2.202s] copying unitree_sdk2py/idl/unitree_go/msg/dds_/_TimeSpec_.py -> /home/unitree/106a_final/src/build/unitree_sdk2py/build/lib/unitree_sdk2py/idl/unitree_go/msg/dds_
[2.202s] copying unitree_sdk2py/idl/unitree_go/msg/dds_/_LowState_.py -> /home/unitree/106a_final/src/build/unitree_sdk2py/build/lib/unitree_sdk2py/idl/unitree_go/msg/dds_
[2.202s] copying unitree_sdk2py/idl/unitree_go/msg/dds_/_AudioData_.py -> /home/unitree/106a_final/src/build/unitree_sdk2py/build/lib/unitree_sdk2py/idl/unitree_go/msg/dds_
[2.203s] copying unitree_sdk2py/idl/unitree_go/msg/dds_/_BmsState_.py -> /home/unitree/106a_final/src/build/unitree_sdk2py/build/lib/unitree_sdk2py/idl/unitree_go/msg/dds_
[2.203s] copying unitree_sdk2py/idl/unitree_go/msg/dds_/_LowCmd_.py -> /home/unitree/106a_final/src/build/unitree_sdk2py/build/lib/unitree_sdk2py/idl/unitree_go/msg/dds_
[2.203s] copying unitree_sdk2py/idl/unitree_go/msg/dds_/_SportModeState_.py -> /home/unitree/106a_final/src/build/unitree_sdk2py/build/lib/unitree_sdk2py/idl/unitree_go/msg/dds_
[2.203s] copying unitree_sdk2py/idl/unitree_go/msg/dds_/_LidarState_.py -> /home/unitree/106a_final/src/build/unitree_sdk2py/build/lib/unitree_sdk2py/idl/unitree_go/msg/dds_
[2.203s] copying unitree_sdk2py/idl/unitree_go/msg/dds_/_MotorState_.py -> /home/unitree/106a_final/src/build/unitree_sdk2py/build/lib/unitree_sdk2py/idl/unitree_go/msg/dds_
[2.204s] copying unitree_sdk2py/idl/unitree_go/msg/dds_/_MotorCmd_.py -> /home/unitree/106a_final/src/build/unitree_sdk2py/build/lib/unitree_sdk2py/idl/unitree_go/msg/dds_
[2.204s] copying unitree_sdk2py/idl/unitree_go/msg/dds_/_UwbSwitch_.py -> /home/unitree/106a_final/src/build/unitree_sdk2py/build/lib/unitree_sdk2py/idl/unitree_go/msg/dds_
[2.204s] copying unitree_sdk2py/idl/unitree_go/msg/dds_/__init__.py -> /home/unitree/106a_final/src/build/unitree_sdk2py/build/lib/unitree_sdk2py/idl/unitree_go/msg/dds_
[2.204s] copying unitree_sdk2py/idl/unitree_go/msg/dds_/_UwbState_.py -> /home/unitree/106a_final/src/build/unitree_sdk2py/build/lib/unitree_sdk2py/idl/unitree_go/msg/dds_
[2.205s] copying unitree_sdk2py/idl/unitree_go/msg/dds_/_Req_.py -> /home/unitree/106a_final/src/build/unitree_sdk2py/build/lib/unitree_sdk2py/idl/unitree_go/msg/dds_
[2.206s] copying unitree_sdk2py/idl/unitree_go/msg/dds_/_HeightMap_.py -> /home/unitree/106a_final/src/build/unitree_sdk2py/build/lib/unitree_sdk2py/idl/unitree_go/msg/dds_
[2.206s] copying unitree_sdk2py/idl/unitree_go/msg/dds_/_Res_.py -> /home/unitree/106a_final/src/build/unitree_sdk2py/build/lib/unitree_sdk2py/idl/unitree_go/msg/dds_
[2.206s] copying unitree_sdk2py/idl/unitree_go/msg/dds_/_IMUState_.py -> /home/unitree/106a_final/src/build/unitree_sdk2py/build/lib/unitree_sdk2py/idl/unitree_go/msg/dds_
[2.206s] copying unitree_sdk2py/idl/unitree_go/msg/dds_/_PathPoint_.py -> /home/unitree/106a_final/src/build/unitree_sdk2py/build/lib/unitree_sdk2py/idl/unitree_go/msg/dds_
[2.207s] copying unitree_sdk2py/idl/unitree_go/msg/dds_/_MotorStates_.py -> /home/unitree/106a_final/src/build/unitree_sdk2py/build/lib/unitree_sdk2py/idl/unitree_go/msg/dds_
[2.207s] creating /home/unitree/106a_final/src/build/unitree_sdk2py/build/lib/unitree_sdk2py/idl/sensor_msgs/msg
[2.207s] copying unitree_sdk2py/idl/sensor_msgs/msg/__init__.py -> /home/unitree/106a_final/src/build/unitree_sdk2py/build/lib/unitree_sdk2py/idl/sensor_msgs/msg
[2.207s] creating /home/unitree/106a_final/src/build/unitree_sdk2py/build/lib/unitree_sdk2py/idl/sensor_msgs/msg/dds_
[2.207s] copying unitree_sdk2py/idl/sensor_msgs/msg/dds_/_PointCloud2_.py -> /home/unitree/106a_final/src/build/unitree_sdk2py/build/lib/unitree_sdk2py/idl/sensor_msgs/msg/dds_
[2.207s] copying unitree_sdk2py/idl/sensor_msgs/msg/dds_/__init__.py -> /home/unitree/106a_final/src/build/unitree_sdk2py/build/lib/unitree_sdk2py/idl/sensor_msgs/msg/dds_
[2.207s] copying unitree_sdk2py/idl/sensor_msgs/msg/dds_/_PointField_.py -> /home/unitree/106a_final/src/build/unitree_sdk2py/build/lib/unitree_sdk2py/idl/sensor_msgs/msg/dds_
[2.208s] creating /home/unitree/106a_final/src/build/unitree_sdk2py/build/lib/unitree_sdk2py/idl/sensor_msgs/msg/dds_/PointField_Constants
[2.208s] copying unitree_sdk2py/idl/sensor_msgs/msg/dds_/PointField_Constants/__init__.py -> /home/unitree/106a_final/src/build/unitree_sdk2py/build/lib/unitree_sdk2py/idl/sensor_msgs/msg/dds_/PointField_Constants
[2.208s] copying unitree_sdk2py/idl/sensor_msgs/msg/dds_/PointField_Constants/_PointField_.py -> /home/unitree/106a_final/src/build/unitree_sdk2py/build/lib/unitree_sdk2py/idl/sensor_msgs/msg/dds_/PointField_Constants
[2.208s] creating /home/unitree/106a_final/src/build/unitree_sdk2py/build/lib/unitree_sdk2py/idl/std_msgs/msg
[2.208s] copying unitree_sdk2py/idl/std_msgs/msg/__init__.py -> /home/unitree/106a_final/src/build/unitree_sdk2py/build/lib/unitree_sdk2py/idl/std_msgs/msg
[2.209s] creating /home/unitree/106a_final/src/build/unitree_sdk2py/build/lib/unitree_sdk2py/idl/std_msgs/msg/dds_
[2.209s] copying unitree_sdk2py/idl/std_msgs/msg/dds_/_String_.py -> /home/unitree/106a_final/src/build/unitree_sdk2py/build/lib/unitree_sdk2py/idl/std_msgs/msg/dds_
[2.209s] copying unitree_sdk2py/idl/std_msgs/msg/dds_/__init__.py -> /home/unitree/106a_final/src/build/unitree_sdk2py/build/lib/unitree_sdk2py/idl/std_msgs/msg/dds_
[2.209s] copying unitree_sdk2py/idl/std_msgs/msg/dds_/_Header_.py -> /home/unitree/106a_final/src/build/unitree_sdk2py/build/lib/unitree_sdk2py/idl/std_msgs/msg/dds_
[2.209s] creating /home/unitree/106a_final/src/build/unitree_sdk2py/build/lib/unitree_sdk2py/idl/unitree_api/msg
[2.210s] copying unitree_sdk2py/idl/unitree_api/msg/__init__.py -> /home/unitree/106a_final/src/build/unitree_sdk2py/build/lib/unitree_sdk2py/idl/unitree_api/msg
[2.210s] creating /home/unitree/106a_final/src/build/unitree_sdk2py/build/lib/unitree_sdk2py/idl/unitree_api/msg/dds_
[2.210s] copying unitree_sdk2py/idl/unitree_api/msg/dds_/_ResponseStatus_.py -> /home/unitree/106a_final/src/build/unitree_sdk2py/build/lib/unitree_sdk2py/idl/unitree_api/msg/dds_
[2.211s] copying unitree_sdk2py/idl/unitree_api/msg/dds_/_RequestPolicy_.py -> /home/unitree/106a_final/src/build/unitree_sdk2py/build/lib/unitree_sdk2py/idl/unitree_api/msg/dds_
[2.212s] copying unitree_sdk2py/idl/unitree_api/msg/dds_/_Request_.py -> /home/unitree/106a_final/src/build/unitree_sdk2py/build/lib/unitree_sdk2py/idl/unitree_api/msg/dds_
[2.213s] copying unitree_sdk2py/idl/unitree_api/msg/dds_/_RequestIdentity_.py -> /home/unitree/106a_final/src/build/unitree_sdk2py/build/lib/unitree_sdk2py/idl/unitree_api/msg/dds_
[2.213s] copying unitree_sdk2py/idl/unitree_api/msg/dds_/_RequestLease_.py -> /home/unitree/106a_final/src/build/unitree_sdk2py/build/lib/unitree_sdk2py/idl/unitree_api/msg/dds_
[2.213s] copying unitree_sdk2py/idl/unitree_api/msg/dds_/_RequestHeader_.py -> /home/unitree/106a_final/src/build/unitree_sdk2py/build/lib/unitree_sdk2py/idl/unitree_api/msg/dds_
[2.213s] copying unitree_sdk2py/idl/unitree_api/msg/dds_/__init__.py -> /home/unitree/106a_final/src/build/unitree_sdk2py/build/lib/unitree_sdk2py/idl/unitree_api/msg/dds_
[2.213s] copying unitree_sdk2py/idl/unitree_api/msg/dds_/_Response_.py -> /home/unitree/106a_final/src/build/unitree_sdk2py/build/lib/unitree_sdk2py/idl/unitree_api/msg/dds_
[2.213s] copying unitree_sdk2py/idl/unitree_api/msg/dds_/_ResponseHeader_.py -> /home/unitree/106a_final/src/build/unitree_sdk2py/build/lib/unitree_sdk2py/idl/unitree_api/msg/dds_
[2.213s] creating /home/unitree/106a_final/src/build/unitree_sdk2py/build/lib/unitree_sdk2py/idl/unitree_hg/msg
[2.214s] copying unitree_sdk2py/idl/unitree_hg/msg/__init__.py -> /home/unitree/106a_final/src/build/unitree_sdk2py/build/lib/unitree_sdk2py/idl/unitree_hg/msg
[2.214s] creating /home/unitree/106a_final/src/build/unitree_sdk2py/build/lib/unitree_sdk2py/idl/unitree_hg/msg/dds_
[2.214s] copying unitree_sdk2py/idl/unitree_hg/msg/dds_/_BmsCmd_.py -> /home/unitree/106a_final/src/build/unitree_sdk2py/build/lib/unitree_sdk2py/idl/unitree_hg/msg/dds_
[2.214s] copying unitree_sdk2py/idl/unitree_hg/msg/dds_/_HandCmd_.py -> /home/unitree/106a_final/src/build/unitree_sdk2py/build/lib/unitree_sdk2py/idl/unitree_hg/msg/dds_
[2.214s] copying unitree_sdk2py/idl/unitree_hg/msg/dds_/_LowState_.py -> /home/unitree/106a_final/src/build/unitree_sdk2py/build/lib/unitree_sdk2py/idl/unitree_hg/msg/dds_
[2.214s] copying unitree_sdk2py/idl/unitree_hg/msg/dds_/_PressSensorState_.py -> /home/unitree/106a_final/src/build/unitree_sdk2py/build/lib/unitree_sdk2py/idl/unitree_hg/msg/dds_
[2.214s] copying unitree_sdk2py/idl/unitree_hg/msg/dds_/_BmsState_.py -> /home/unitree/106a_final/src/build/unitree_sdk2py/build/lib/unitree_sdk2py/idl/unitree_hg/msg/dds_
[2.215s] copying unitree_sdk2py/idl/unitree_hg/msg/dds_/_MainBoardState_.py -> /home/unitree/106a_final/src/build/unitree_sdk2py/build/lib/unitree_sdk2py/idl/unitree_hg/msg/dds_
[2.215s] copying unitree_sdk2py/idl/unitree_hg/msg/dds_/_LowCmd_.py -> /home/unitree/106a_final/src/build/unitree_sdk2py/build/lib/unitree_sdk2py/idl/unitree_hg/msg/dds_
[2.215s] copying unitree_sdk2py/idl/unitree_hg/msg/dds_/_HandState_.py -> /home/unitree/106a_final/src/build/unitree_sdk2py/build/lib/unitree_sdk2py/idl/unitree_hg/msg/dds_
[2.215s] copying unitree_sdk2py/idl/unitree_hg/msg/dds_/_MotorState_.py -> /home/unitree/106a_final/src/build/unitree_sdk2py/build/lib/unitree_sdk2py/idl/unitree_hg/msg/dds_
[2.215s] copying unitree_sdk2py/idl/unitree_hg/msg/dds_/_MotorCmd_.py -> /home/unitree/106a_final/src/build/unitree_sdk2py/build/lib/unitree_sdk2py/idl/unitree_hg/msg/dds_
[2.215s] copying unitree_sdk2py/idl/unitree_hg/msg/dds_/__init__.py -> /home/unitree/106a_final/src/build/unitree_sdk2py/build/lib/unitree_sdk2py/idl/unitree_hg/msg/dds_
[2.215s] copying unitree_sdk2py/idl/unitree_hg/msg/dds_/_IMUState_.py -> /home/unitree/106a_final/src/build/unitree_sdk2py/build/lib/unitree_sdk2py/idl/unitree_hg/msg/dds_
[2.216s] creating /home/unitree/106a_final/src/build/unitree_sdk2py/build/lib/unitree_sdk2py/idl/geometry_msgs/msg
[2.216s] copying unitree_sdk2py/idl/geometry_msgs/msg/__init__.py -> /home/unitree/106a_final/src/build/unitree_sdk2py/build/lib/unitree_sdk2py/idl/geometry_msgs/msg
[2.216s] creating /home/unitree/106a_final/src/build/unitree_sdk2py/build/lib/unitree_sdk2py/idl/geometry_msgs/msg/dds_
[2.217s] copying unitree_sdk2py/idl/geometry_msgs/msg/dds_/_TwistStamped_.py -> /home/unitree/106a_final/src/build/unitree_sdk2py/build/lib/unitree_sdk2py/idl/geometry_msgs/msg/dds_
[2.217s] copying unitree_sdk2py/idl/geometry_msgs/msg/dds_/_Pose2D_.py -> /home/unitree/106a_final/src/build/unitree_sdk2py/build/lib/unitree_sdk2py/idl/geometry_msgs/msg/dds_
[2.217s] copying unitree_sdk2py/idl/geometry_msgs/msg/dds_/_Vector3_.py -> /home/unitree/106a_final/src/build/unitree_sdk2py/build/lib/unitree_sdk2py/idl/geometry_msgs/msg/dds_
[2.217s] copying unitree_sdk2py/idl/geometry_msgs/msg/dds_/_PoseWithCovarianceStamped_.py -> /home/unitree/106a_final/src/build/unitree_sdk2py/build/lib/unitree_sdk2py/idl/geometry_msgs/msg/dds_
[2.217s] copying unitree_sdk2py/idl/geometry_msgs/msg/dds_/_Pose_.py -> /home/unitree/106a_final/src/build/unitree_sdk2py/build/lib/unitree_sdk2py/idl/geometry_msgs/msg/dds_
[2.218s] copying unitree_sdk2py/idl/geometry_msgs/msg/dds_/_PointStamped_.py -> /home/unitree/106a_final/src/build/unitree_sdk2py/build/lib/unitree_sdk2py/idl/geometry_msgs/msg/dds_
[2.218s] copying unitree_sdk2py/idl/geometry_msgs/msg/dds_/_PoseWithCovariance_.py -> /home/unitree/106a_final/src/build/unitree_sdk2py/build/lib/unitree_sdk2py/idl/geometry_msgs/msg/dds_
[2.218s] copying unitree_sdk2py/idl/geometry_msgs/msg/dds_/_PoseStamped_.py -> /home/unitree/106a_final/src/build/unitree_sdk2py/build/lib/unitree_sdk2py/idl/geometry_msgs/msg/dds_
[2.218s] copying unitree_sdk2py/idl/geometry_msgs/msg/dds_/_Point_.py -> /home/unitree/106a_final/src/build/unitree_sdk2py/build/lib/unitree_sdk2py/idl/geometry_msgs/msg/dds_
[2.219s] copying unitree_sdk2py/idl/geometry_msgs/msg/dds_/_QuaternionStamped_.py -> /home/unitree/106a_final/src/build/unitree_sdk2py/build/lib/unitree_sdk2py/idl/geometry_msgs/msg/dds_
[2.219s] copying unitree_sdk2py/idl/geometry_msgs/msg/dds_/__init__.py -> /home/unitree/106a_final/src/build/unitree_sdk2py/build/lib/unitree_sdk2py/idl/geometry_msgs/msg/dds_
[2.219s] copying unitree_sdk2py/idl/geometry_msgs/msg/dds_/_TwistWithCovariance_.py -> /home/unitree/106a_final/src/build/unitree_sdk2py/build/lib/unitree_sdk2py/idl/geometry_msgs/msg/dds_
[2.219s] copying unitree_sdk2py/idl/geometry_msgs/msg/dds_/_TwistWithCovarianceStamped_.py -> /home/unitree/106a_final/src/build/unitree_sdk2py/build/lib/unitree_sdk2py/idl/geometry_msgs/msg/dds_
[2.219s] copying unitree_sdk2py/idl/geometry_msgs/msg/dds_/_Point32_.py -> /home/unitree/106a_final/src/build/unitree_sdk2py/build/lib/unitree_sdk2py/idl/geometry_msgs/msg/dds_
[2.220s] copying unitree_sdk2py/idl/geometry_msgs/msg/dds_/_Twist_.py -> /home/unitree/106a_final/src/build/unitree_sdk2py/build/lib/unitree_sdk2py/idl/geometry_msgs/msg/dds_
[2.220s] copying unitree_sdk2py/idl/geometry_msgs/msg/dds_/_Quaternion_.py -> /home/unitree/106a_final/src/build/unitree_sdk2py/build/lib/unitree_sdk2py/idl/geometry_msgs/msg/dds_
[2.225s] running install
[2.227s] running install_lib
[2.229s] creating /home/unitree/106a_final/src/install/unitree_sdk2py/lib/python3.8/site-packages/unitree_sdk2py
[2.229s] creating /home/unitree/106a_final/src/install/unitree_sdk2py/lib/python3.8/site-packages/unitree_sdk2py/utils
[2.229s] copying /home/unitree/106a_final/src/build/unitree_sdk2py/build/lib/unitree_sdk2py/utils/joystick.py -> /home/unitree/106a_final/src/install/unitree_sdk2py/lib/python3.8/site-packages/unitree_sdk2py/utils
[2.229s] copying /home/unitree/106a_final/src/build/unitree_sdk2py/build/lib/unitree_sdk2py/utils/future.py -> /home/unitree/106a_final/src/install/unitree_sdk2py/lib/python3.8/site-packages/unitree_sdk2py/utils
[2.229s] copying /home/unitree/106a_final/src/build/unitree_sdk2py/build/lib/unitree_sdk2py/utils/crc.py -> /home/unitree/106a_final/src/install/unitree_sdk2py/lib/python3.8/site-packages/unitree_sdk2py/utils
[2.230s] copying /home/unitree/106a_final/src/build/unitree_sdk2py/build/lib/unitree_sdk2py/utils/timerfd.py -> /home/unitree/106a_final/src/install/unitree_sdk2py/lib/python3.8/site-packages/unitree_sdk2py/utils
[2.230s] copying /home/unitree/106a_final/src/build/unitree_sdk2py/build/lib/unitree_sdk2py/utils/thread.py -> /home/unitree/106a_final/src/install/unitree_sdk2py/lib/python3.8/site-packages/unitree_sdk2py/utils
[2.230s] copying /home/unitree/106a_final/src/build/unitree_sdk2py/build/lib/unitree_sdk2py/utils/bqueue.py -> /home/unitree/106a_final/src/install/unitree_sdk2py/lib/python3.8/site-packages/unitree_sdk2py/utils
[2.230s] copying /home/unitree/106a_final/src/build/unitree_sdk2py/build/lib/unitree_sdk2py/utils/hz_sample.py -> /home/unitree/106a_final/src/install/unitree_sdk2py/lib/python3.8/site-packages/unitree_sdk2py/utils
[2.231s] copying /home/unitree/106a_final/src/build/unitree_sdk2py/build/lib/unitree_sdk2py/utils/__init__.py -> /home/unitree/106a_final/src/install/unitree_sdk2py/lib/python3.8/site-packages/unitree_sdk2py/utils
[2.231s] copying /home/unitree/106a_final/src/build/unitree_sdk2py/build/lib/unitree_sdk2py/utils/singleton.py -> /home/unitree/106a_final/src/install/unitree_sdk2py/lib/python3.8/site-packages/unitree_sdk2py/utils
[2.231s] copying /home/unitree/106a_final/src/build/unitree_sdk2py/build/lib/unitree_sdk2py/utils/clib_lookup.py -> /home/unitree/106a_final/src/install/unitree_sdk2py/lib/python3.8/site-packages/unitree_sdk2py/utils
[2.231s] creating /home/unitree/106a_final/src/install/unitree_sdk2py/lib/python3.8/site-packages/unitree_sdk2py/core
[2.231s] copying /home/unitree/106a_final/src/build/unitree_sdk2py/build/lib/unitree_sdk2py/core/channel_name.py -> /home/unitree/106a_final/src/install/unitree_sdk2py/lib/python3.8/site-packages/unitree_sdk2py/core
[2.231s] copying /home/unitree/106a_final/src/build/unitree_sdk2py/build/lib/unitree_sdk2py/core/__init__.py -> /home/unitree/106a_final/src/install/unitree_sdk2py/lib/python3.8/site-packages/unitree_sdk2py/core
[2.232s] copying /home/unitree/106a_final/src/build/unitree_sdk2py/build/lib/unitree_sdk2py/core/channel_config.py -> /home/unitree/106a_final/src/install/unitree_sdk2py/lib/python3.8/site-packages/unitree_sdk2py/core
[2.232s] copying /home/unitree/106a_final/src/build/unitree_sdk2py/build/lib/unitree_sdk2py/core/channel.py -> /home/unitree/106a_final/src/install/unitree_sdk2py/lib/python3.8/site-packages/unitree_sdk2py/core
[2.232s] creating /home/unitree/106a_final/src/install/unitree_sdk2py/lib/python3.8/site-packages/unitree_sdk2py/go2
[2.232s] creating /home/unitree/106a_final/src/install/unitree_sdk2py/lib/python3.8/site-packages/unitree_sdk2py/go2/obstacles_avoid
[2.232s] copying /home/unitree/106a_final/src/build/unitree_sdk2py/build/lib/unitree_sdk2py/go2/obstacles_avoid/obstacles_avoid_api.py -> /home/unitree/106a_final/src/install/unitree_sdk2py/lib/python3.8/site-packages/unitree_sdk2py/go2/obstacles_avoid
[2.233s] copying /home/unitree/106a_final/src/build/unitree_sdk2py/build/lib/unitree_sdk2py/go2/obstacles_avoid/obstacles_avoid_client.py -> /home/unitree/106a_final/src/install/unitree_sdk2py/lib/python3.8/site-packages/unitree_sdk2py/go2/obstacles_avoid
[2.233s] copying /home/unitree/106a_final/src/build/unitree_sdk2py/build/lib/unitree_sdk2py/go2/obstacles_avoid/__init__.py -> /home/unitree/106a_final/src/install/unitree_sdk2py/lib/python3.8/site-packages/unitree_sdk2py/go2/obstacles_avoid
[2.233s] creating /home/unitree/106a_final/src/install/unitree_sdk2py/lib/python3.8/site-packages/unitree_sdk2py/go2/robot_state
[2.233s] copying /home/unitree/106a_final/src/build/unitree_sdk2py/build/lib/unitree_sdk2py/go2/robot_state/__init__.py -> /home/unitree/106a_final/src/install/unitree_sdk2py/lib/python3.8/site-packages/unitree_sdk2py/go2/robot_state
[2.234s] copying /home/unitree/106a_final/src/build/unitree_sdk2py/build/lib/unitree_sdk2py/go2/robot_state/robot_state_client.py -> /home/unitree/106a_final/src/install/unitree_sdk2py/lib/python3.8/site-packages/unitree_sdk2py/go2/robot_state
[2.234s] copying /home/unitree/106a_final/src/build/unitree_sdk2py/build/lib/unitree_sdk2py/go2/robot_state/robot_state_api.py -> /home/unitree/106a_final/src/install/unitree_sdk2py/lib/python3.8/site-packages/unitree_sdk2py/go2/robot_state
[2.234s] creating /home/unitree/106a_final/src/install/unitree_sdk2py/lib/python3.8/site-packages/unitree_sdk2py/go2/vui
[2.234s] copying /home/unitree/106a_final/src/build/unitree_sdk2py/build/lib/unitree_sdk2py/go2/vui/vui_client.py -> /home/unitree/106a_final/src/install/unitree_sdk2py/lib/python3.8/site-packages/unitree_sdk2py/go2/vui
[2.234s] copying /home/unitree/106a_final/src/build/unitree_sdk2py/build/lib/unitree_sdk2py/go2/vui/vui_api.py -> /home/unitree/106a_final/src/install/unitree_sdk2py/lib/python3.8/site-packages/unitree_sdk2py/go2/vui
[2.235s] copying /home/unitree/106a_final/src/build/unitree_sdk2py/build/lib/unitree_sdk2py/go2/vui/__init__.py -> /home/unitree/106a_final/src/install/unitree_sdk2py/lib/python3.8/site-packages/unitree_sdk2py/go2/vui
[2.235s] creating /home/unitree/106a_final/src/install/unitree_sdk2py/lib/python3.8/site-packages/unitree_sdk2py/go2/video
[2.235s] copying /home/unitree/106a_final/src/build/unitree_sdk2py/build/lib/unitree_sdk2py/go2/video/video_api.py -> /home/unitree/106a_final/src/install/unitree_sdk2py/lib/python3.8/site-packages/unitree_sdk2py/go2/video
[2.235s] copying /home/unitree/106a_final/src/build/unitree_sdk2py/build/lib/unitree_sdk2py/go2/video/video_client.py -> /home/unitree/106a_final/src/install/unitree_sdk2py/lib/python3.8/site-packages/unitree_sdk2py/go2/video
[2.235s] copying /home/unitree/106a_final/src/build/unitree_sdk2py/build/lib/unitree_sdk2py/go2/video/__init__.py -> /home/unitree/106a_final/src/install/unitree_sdk2py/lib/python3.8/site-packages/unitree_sdk2py/go2/video
[2.235s] creating /home/unitree/106a_final/src/install/unitree_sdk2py/lib/python3.8/site-packages/unitree_sdk2py/go2/sport
[2.236s] copying /home/unitree/106a_final/src/build/unitree_sdk2py/build/lib/unitree_sdk2py/go2/sport/sport_client.py -> /home/unitree/106a_final/src/install/unitree_sdk2py/lib/python3.8/site-packages/unitree_sdk2py/go2/sport
[2.236s] copying /home/unitree/106a_final/src/build/unitree_sdk2py/build/lib/unitree_sdk2py/go2/sport/__init__.py -> /home/unitree/106a_final/src/install/unitree_sdk2py/lib/python3.8/site-packages/unitree_sdk2py/go2/sport
[2.236s] copying /home/unitree/106a_final/src/build/unitree_sdk2py/build/lib/unitree_sdk2py/go2/sport/sport_api.py -> /home/unitree/106a_final/src/install/unitree_sdk2py/lib/python3.8/site-packages/unitree_sdk2py/go2/sport
[2.236s] copying /home/unitree/106a_final/src/build/unitree_sdk2py/build/lib/unitree_sdk2py/go2/__init__.py -> /home/unitree/106a_final/src/install/unitree_sdk2py/lib/python3.8/site-packages/unitree_sdk2py/go2
[2.236s] copying /home/unitree/106a_final/src/build/unitree_sdk2py/build/lib/unitree_sdk2py/__init__.py -> /home/unitree/106a_final/src/install/unitree_sdk2py/lib/python3.8/site-packages/unitree_sdk2py
[2.237s] creating /home/unitree/106a_final/src/install/unitree_sdk2py/lib/python3.8/site-packages/unitree_sdk2py/rpc
[2.237s] copying /home/unitree/106a_final/src/build/unitree_sdk2py/build/lib/unitree_sdk2py/rpc/client_base.py -> /home/unitree/106a_final/src/install/unitree_sdk2py/lib/python3.8/site-packages/unitree_sdk2py/rpc
[2.238s] copying /home/unitree/106a_final/src/build/unitree_sdk2py/build/lib/unitree_sdk2py/rpc/client_stub.py -> /home/unitree/106a_final/src/install/unitree_sdk2py/lib/python3.8/site-packages/unitree_sdk2py/rpc
[2.238s] copying /home/unitree/106a_final/src/build/unitree_sdk2py/build/lib/unitree_sdk2py/rpc/request_future.py -> /home/unitree/106a_final/src/install/unitree_sdk2py/lib/python3.8/site-packages/unitree_sdk2py/rpc
[2.238s] copying /home/unitree/106a_final/src/build/unitree_sdk2py/build/lib/unitree_sdk2py/rpc/server.py -> /home/unitree/106a_final/src/install/unitree_sdk2py/lib/python3.8/site-packages/unitree_sdk2py/rpc
[2.239s] copying /home/unitree/106a_final/src/build/unitree_sdk2py/build/lib/unitree_sdk2py/rpc/lease_server.py -> /home/unitree/106a_final/src/install/unitree_sdk2py/lib/python3.8/site-packages/unitree_sdk2py/rpc
[2.239s] copying /home/unitree/106a_final/src/build/unitree_sdk2py/build/lib/unitree_sdk2py/rpc/internal.py -> /home/unitree/106a_final/src/install/unitree_sdk2py/lib/python3.8/site-packages/unitree_sdk2py/rpc
[2.239s] copying /home/unitree/106a_final/src/build/unitree_sdk2py/build/lib/unitree_sdk2py/rpc/__init__.py -> /home/unitree/106a_final/src/install/unitree_sdk2py/lib/python3.8/site-packages/unitree_sdk2py/rpc
[2.239s] copying /home/unitree/106a_final/src/build/unitree_sdk2py/build/lib/unitree_sdk2py/rpc/server_stub.py -> /home/unitree/106a_final/src/install/unitree_sdk2py/lib/python3.8/site-packages/unitree_sdk2py/rpc
[2.240s] copying /home/unitree/106a_final/src/build/unitree_sdk2py/build/lib/unitree_sdk2py/rpc/server_base.py -> /home/unitree/106a_final/src/install/unitree_sdk2py/lib/python3.8/site-packages/unitree_sdk2py/rpc
[2.240s] copying /home/unitree/106a_final/src/build/unitree_sdk2py/build/lib/unitree_sdk2py/rpc/lease_client.py -> /home/unitree/106a_final/src/install/unitree_sdk2py/lib/python3.8/site-packages/unitree_sdk2py/rpc
[2.240s] copying /home/unitree/106a_final/src/build/unitree_sdk2py/build/lib/unitree_sdk2py/rpc/client.py -> /home/unitree/106a_final/src/install/unitree_sdk2py/lib/python3.8/site-packages/unitree_sdk2py/rpc
[2.240s] creating /home/unitree/106a_final/src/install/unitree_sdk2py/lib/python3.8/site-packages/unitree_sdk2py/idl
[2.240s] creating /home/unitree/106a_final/src/install/unitree_sdk2py/lib/python3.8/site-packages/unitree_sdk2py/idl/builtin_interfaces
[2.240s] copying /home/unitree/106a_final/src/build/unitree_sdk2py/build/lib/unitree_sdk2py/idl/builtin_interfaces/__init__.py -> /home/unitree/106a_final/src/install/unitree_sdk2py/lib/python3.8/site-packages/unitree_sdk2py/idl/builtin_interfaces
[2.241s] creating /home/unitree/106a_final/src/install/unitree_sdk2py/lib/python3.8/site-packages/unitree_sdk2py/idl/builtin_interfaces/msg
[2.241s] creating /home/unitree/106a_final/src/install/unitree_sdk2py/lib/python3.8/site-packages/unitree_sdk2py/idl/builtin_interfaces/msg/dds_
[2.241s] copying /home/unitree/106a_final/src/build/unitree_sdk2py/build/lib/unitree_sdk2py/idl/builtin_interfaces/msg/dds_/_Time_.py -> /home/unitree/106a_final/src/install/unitree_sdk2py/lib/python3.8/site-packages/unitree_sdk2py/idl/builtin_interfaces/msg/dds_
[2.242s] copying /home/unitree/106a_final/src/build/unitree_sdk2py/build/lib/unitree_sdk2py/idl/builtin_interfaces/msg/dds_/__init__.py -> /home/unitree/106a_final/src/install/unitree_sdk2py/lib/python3.8/site-packages/unitree_sdk2py/idl/builtin_interfaces/msg/dds_
[2.242s] copying /home/unitree/106a_final/src/build/unitree_sdk2py/build/lib/unitree_sdk2py/idl/builtin_interfaces/msg/__init__.py -> /home/unitree/106a_final/src/install/unitree_sdk2py/lib/python3.8/site-packages/unitree_sdk2py/idl/builtin_interfaces/msg
[2.242s] creating /home/unitree/106a_final/src/install/unitree_sdk2py/lib/python3.8/site-packages/unitree_sdk2py/idl/nav_msgs
[2.242s] copying /home/unitree/106a_final/src/build/unitree_sdk2py/build/lib/unitree_sdk2py/idl/nav_msgs/__init__.py -> /home/unitree/106a_final/src/install/unitree_sdk2py/lib/python3.8/site-packages/unitree_sdk2py/idl/nav_msgs
[2.242s] creating /home/unitree/106a_final/src/install/unitree_sdk2py/lib/python3.8/site-packages/unitree_sdk2py/idl/nav_msgs/msg
[2.242s] creating /home/unitree/106a_final/src/install/unitree_sdk2py/lib/python3.8/site-packages/unitree_sdk2py/idl/nav_msgs/msg/dds_
[2.242s] copying /home/unitree/106a_final/src/build/unitree_sdk2py/build/lib/unitree_sdk2py/idl/nav_msgs/msg/dds_/_MapMetaData_.py -> /home/unitree/106a_final/src/install/unitree_sdk2py/lib/python3.8/site-packages/unitree_sdk2py/idl/nav_msgs/msg/dds_
[2.243s] copying /home/unitree/106a_final/src/build/unitree_sdk2py/build/lib/unitree_sdk2py/idl/nav_msgs/msg/dds_/__init__.py -> /home/unitree/106a_final/src/install/unitree_sdk2py/lib/python3.8/site-packages/unitree_sdk2py/idl/nav_msgs/msg/dds_
[2.243s] copying /home/unitree/106a_final/src/build/unitree_sdk2py/build/lib/unitree_sdk2py/idl/nav_msgs/msg/dds_/_OccupancyGrid_.py -> /home/unitree/106a_final/src/install/unitree_sdk2py/lib/python3.8/site-packages/unitree_sdk2py/idl/nav_msgs/msg/dds_
[2.243s] copying /home/unitree/106a_final/src/build/unitree_sdk2py/build/lib/unitree_sdk2py/idl/nav_msgs/msg/dds_/_Odometry_.py -> /home/unitree/106a_final/src/install/unitree_sdk2py/lib/python3.8/site-packages/unitree_sdk2py/idl/nav_msgs/msg/dds_
[2.243s] copying /home/unitree/106a_final/src/build/unitree_sdk2py/build/lib/unitree_sdk2py/idl/nav_msgs/msg/__init__.py -> /home/unitree/106a_final/src/install/unitree_sdk2py/lib/python3.8/site-packages/unitree_sdk2py/idl/nav_msgs/msg
[2.243s] copying /home/unitree/106a_final/src/build/unitree_sdk2py/build/lib/unitree_sdk2py/idl/default.py -> /home/unitree/106a_final/src/install/unitree_sdk2py/lib/python3.8/site-packages/unitree_sdk2py/idl
[2.243s] creating /home/unitree/106a_final/src/install/unitree_sdk2py/lib/python3.8/site-packages/unitree_sdk2py/idl/unitree_go
[2.243s] copying /home/unitree/106a_final/src/build/unitree_sdk2py/build/lib/unitree_sdk2py/idl/unitree_go/__init__.py -> /home/unitree/106a_final/src/install/unitree_sdk2py/lib/python3.8/site-packages/unitree_sdk2py/idl/unitree_go
[2.244s] creating /home/unitree/106a_final/src/install/unitree_sdk2py/lib/python3.8/site-packages/unitree_sdk2py/idl/unitree_go/msg
[2.244s] creating /home/unitree/106a_final/src/install/unitree_sdk2py/lib/python3.8/site-packages/unitree_sdk2py/idl/unitree_go/msg/dds_
[2.244s] copying /home/unitree/106a_final/src/build/unitree_sdk2py/build/lib/unitree_sdk2py/idl/unitree_go/msg/dds_/_BmsCmd_.py -> /home/unitree/106a_final/src/install/unitree_sdk2py/lib/python3.8/site-packages/unitree_sdk2py/idl/unitree_go/msg/dds_
[2.244s] copying /home/unitree/106a_final/src/build/unitree_sdk2py/build/lib/unitree_sdk2py/idl/unitree_go/msg/dds_/_MotorCmds_.py -> /home/unitree/106a_final/src/install/unitree_sdk2py/lib/python3.8/site-packages/unitree_sdk2py/idl/unitree_go/msg/dds_
[2.245s] copying /home/unitree/106a_final/src/build/unitree_sdk2py/build/lib/unitree_sdk2py/idl/unitree_go/msg/dds_/_WirelessController_.py -> /home/unitree/106a_final/src/install/unitree_sdk2py/lib/python3.8/site-packages/unitree_sdk2py/idl/unitree_go/msg/dds_
[2.245s] copying /home/unitree/106a_final/src/build/unitree_sdk2py/build/lib/unitree_sdk2py/idl/unitree_go/msg/dds_/_InterfaceConfig_.py -> /home/unitree/106a_final/src/install/unitree_sdk2py/lib/python3.8/site-packages/unitree_sdk2py/idl/unitree_go/msg/dds_
[2.246s] copying /home/unitree/106a_final/src/build/unitree_sdk2py/build/lib/unitree_sdk2py/idl/unitree_go/msg/dds_/_Error_.py -> /home/unitree/106a_final/src/install/unitree_sdk2py/lib/python3.8/site-packages/unitree_sdk2py/idl/unitree_go/msg/dds_
[2.246s] copying /home/unitree/106a_final/src/build/unitree_sdk2py/build/lib/unitree_sdk2py/idl/unitree_go/msg/dds_/_Go2FrontVideoData_.py -> /home/unitree/106a_final/src/install/unitree_sdk2py/lib/python3.8/site-packages/unitree_sdk2py/idl/unitree_go/msg/dds_
[2.246s] copying /home/unitree/106a_final/src/build/unitree_sdk2py/build/lib/unitree_sdk2py/idl/unitree_go/msg/dds_/_TimeSpec_.py -> /home/unitree/106a_final/src/install/unitree_sdk2py/lib/python3.8/site-packages/unitree_sdk2py/idl/unitree_go/msg/dds_
[2.246s] copying /home/unitree/106a_final/src/build/unitree_sdk2py/build/lib/unitree_sdk2py/idl/unitree_go/msg/dds_/_LowState_.py -> /home/unitree/106a_final/src/install/unitree_sdk2py/lib/python3.8/site-packages/unitree_sdk2py/idl/unitree_go/msg/dds_
[2.246s] copying /home/unitree/106a_final/src/build/unitree_sdk2py/build/lib/unitree_sdk2py/idl/unitree_go/msg/dds_/_AudioData_.py -> /home/unitree/106a_final/src/install/unitree_sdk2py/lib/python3.8/site-packages/unitree_sdk2py/idl/unitree_go/msg/dds_
[2.246s] copying /home/unitree/106a_final/src/build/unitree_sdk2py/build/lib/unitree_sdk2py/idl/unitree_go/msg/dds_/_BmsState_.py -> /home/unitree/106a_final/src/install/unitree_sdk2py/lib/python3.8/site-packages/unitree_sdk2py/idl/unitree_go/msg/dds_
[2.247s] copying /home/unitree/106a_final/src/build/unitree_sdk2py/build/lib/unitree_sdk2py/idl/unitree_go/msg/dds_/_LowCmd_.py -> /home/unitree/106a_final/src/install/unitree_sdk2py/lib/python3.8/site-packages/unitree_sdk2py/idl/unitree_go/msg/dds_
[2.247s] copying /home/unitree/106a_final/src/build/unitree_sdk2py/build/lib/unitree_sdk2py/idl/unitree_go/msg/dds_/_SportModeState_.py -> /home/unitree/106a_final/src/install/unitree_sdk2py/lib/python3.8/site-packages/unitree_sdk2py/idl/unitree_go/msg/dds_
[2.247s] copying /home/unitree/106a_final/src/build/unitree_sdk2py/build/lib/unitree_sdk2py/idl/unitree_go/msg/dds_/_LidarState_.py -> /home/unitree/106a_final/src/install/unitree_sdk2py/lib/python3.8/site-packages/unitree_sdk2py/idl/unitree_go/msg/dds_
[2.247s] copying /home/unitree/106a_final/src/build/unitree_sdk2py/build/lib/unitree_sdk2py/idl/unitree_go/msg/dds_/_MotorState_.py -> /home/unitree/106a_final/src/install/unitree_sdk2py/lib/python3.8/site-packages/unitree_sdk2py/idl/unitree_go/msg/dds_
[2.247s] copying /home/unitree/106a_final/src/build/unitree_sdk2py/build/lib/unitree_sdk2py/idl/unitree_go/msg/dds_/_MotorCmd_.py -> /home/unitree/106a_final/src/install/unitree_sdk2py/lib/python3.8/site-packages/unitree_sdk2py/idl/unitree_go/msg/dds_
[2.247s] copying /home/unitree/106a_final/src/build/unitree_sdk2py/build/lib/unitree_sdk2py/idl/unitree_go/msg/dds_/_UwbSwitch_.py -> /home/unitree/106a_final/src/install/unitree_sdk2py/lib/python3.8/site-packages/unitree_sdk2py/idl/unitree_go/msg/dds_
[2.247s] copying /home/unitree/106a_final/src/build/unitree_sdk2py/build/lib/unitree_sdk2py/idl/unitree_go/msg/dds_/__init__.py -> /home/unitree/106a_final/src/install/unitree_sdk2py/lib/python3.8/site-packages/unitree_sdk2py/idl/unitree_go/msg/dds_
[2.248s] copying /home/unitree/106a_final/src/build/unitree_sdk2py/build/lib/unitree_sdk2py/idl/unitree_go/msg/dds_/_UwbState_.py -> /home/unitree/106a_final/src/install/unitree_sdk2py/lib/python3.8/site-packages/unitree_sdk2py/idl/unitree_go/msg/dds_
[2.248s] copying /home/unitree/106a_final/src/build/unitree_sdk2py/build/lib/unitree_sdk2py/idl/unitree_go/msg/dds_/_Req_.py -> /home/unitree/106a_final/src/install/unitree_sdk2py/lib/python3.8/site-packages/unitree_sdk2py/idl/unitree_go/msg/dds_
[2.248s] copying /home/unitree/106a_final/src/build/unitree_sdk2py/build/lib/unitree_sdk2py/idl/unitree_go/msg/dds_/_HeightMap_.py -> /home/unitree/106a_final/src/install/unitree_sdk2py/lib/python3.8/site-packages/unitree_sdk2py/idl/unitree_go/msg/dds_
[2.248s] copying /home/unitree/106a_final/src/build/unitree_sdk2py/build/lib/unitree_sdk2py/idl/unitree_go/msg/dds_/_Res_.py -> /home/unitree/106a_final/src/install/unitree_sdk2py/lib/python3.8/site-packages/unitree_sdk2py/idl/unitree_go/msg/dds_
[2.248s] copying /home/unitree/106a_final/src/build/unitree_sdk2py/build/lib/unitree_sdk2py/idl/unitree_go/msg/dds_/_IMUState_.py -> /home/unitree/106a_final/src/install/unitree_sdk2py/lib/python3.8/site-packages/unitree_sdk2py/idl/unitree_go/msg/dds_
[2.248s] copying /home/unitree/106a_final/src/build/unitree_sdk2py/build/lib/unitree_sdk2py/idl/unitree_go/msg/dds_/_PathPoint_.py -> /home/unitree/106a_final/src/install/unitree_sdk2py/lib/python3.8/site-packages/unitree_sdk2py/idl/unitree_go/msg/dds_
[2.248s] copying /home/unitree/106a_final/src/build/unitree_sdk2py/build/lib/unitree_sdk2py/idl/unitree_go/msg/dds_/_MotorStates_.py -> /home/unitree/106a_final/src/install/unitree_sdk2py/lib/python3.8/site-packages/unitree_sdk2py/idl/unitree_go/msg/dds_
[2.249s] copying /home/unitree/106a_final/src/build/unitree_sdk2py/build/lib/unitree_sdk2py/idl/unitree_go/msg/__init__.py -> /home/unitree/106a_final/src/install/unitree_sdk2py/lib/python3.8/site-packages/unitree_sdk2py/idl/unitree_go/msg
[2.249s] creating /home/unitree/106a_final/src/install/unitree_sdk2py/lib/python3.8/site-packages/unitree_sdk2py/idl/sensor_msgs
[2.249s] copying /home/unitree/106a_final/src/build/unitree_sdk2py/build/lib/unitree_sdk2py/idl/sensor_msgs/__init__.py -> /home/unitree/106a_final/src/install/unitree_sdk2py/lib/python3.8/site-packages/unitree_sdk2py/idl/sensor_msgs
[2.249s] creating /home/unitree/106a_final/src/install/unitree_sdk2py/lib/python3.8/site-packages/unitree_sdk2py/idl/sensor_msgs/msg
[2.249s] creating /home/unitree/106a_final/src/install/unitree_sdk2py/lib/python3.8/site-packages/unitree_sdk2py/idl/sensor_msgs/msg/dds_
[2.249s] copying /home/unitree/106a_final/src/build/unitree_sdk2py/build/lib/unitree_sdk2py/idl/sensor_msgs/msg/dds_/_PointCloud2_.py -> /home/unitree/106a_final/src/install/unitree_sdk2py/lib/python3.8/site-packages/unitree_sdk2py/idl/sensor_msgs/msg/dds_
[2.249s] copying /home/unitree/106a_final/src/build/unitree_sdk2py/build/lib/unitree_sdk2py/idl/sensor_msgs/msg/dds_/__init__.py -> /home/unitree/106a_final/src/install/unitree_sdk2py/lib/python3.8/site-packages/unitree_sdk2py/idl/sensor_msgs/msg/dds_
[2.250s] creating /home/unitree/106a_final/src/install/unitree_sdk2py/lib/python3.8/site-packages/unitree_sdk2py/idl/sensor_msgs/msg/dds_/PointField_Constants
[2.250s] copying /home/unitree/106a_final/src/build/unitree_sdk2py/build/lib/unitree_sdk2py/idl/sensor_msgs/msg/dds_/PointField_Constants/__init__.py -> /home/unitree/106a_final/src/install/unitree_sdk2py/lib/python3.8/site-packages/unitree_sdk2py/idl/sensor_msgs/msg/dds_/PointField_Constants
[2.250s] copying /home/unitree/106a_final/src/build/unitree_sdk2py/build/lib/unitree_sdk2py/idl/sensor_msgs/msg/dds_/PointField_Constants/_PointField_.py -> /home/unitree/106a_final/src/install/unitree_sdk2py/lib/python3.8/site-packages/unitree_sdk2py/idl/sensor_msgs/msg/dds_/PointField_Constants
[2.250s] copying /home/unitree/106a_final/src/build/unitree_sdk2py/build/lib/unitree_sdk2py/idl/sensor_msgs/msg/dds_/_PointField_.py -> /home/unitree/106a_final/src/install/unitree_sdk2py/lib/python3.8/site-packages/unitree_sdk2py/idl/sensor_msgs/msg/dds_
[2.250s] copying /home/unitree/106a_final/src/build/unitree_sdk2py/build/lib/unitree_sdk2py/idl/sensor_msgs/msg/__init__.py -> /home/unitree/106a_final/src/install/unitree_sdk2py/lib/python3.8/site-packages/unitree_sdk2py/idl/sensor_msgs/msg
[2.251s] copying /home/unitree/106a_final/src/build/unitree_sdk2py/build/lib/unitree_sdk2py/idl/__init__.py -> /home/unitree/106a_final/src/install/unitree_sdk2py/lib/python3.8/site-packages/unitree_sdk2py/idl
[2.251s] creating /home/unitree/106a_final/src/install/unitree_sdk2py/lib/python3.8/site-packages/unitree_sdk2py/idl/std_msgs
[2.251s] copying /home/unitree/106a_final/src/build/unitree_sdk2py/build/lib/unitree_sdk2py/idl/std_msgs/__init__.py -> /home/unitree/106a_final/src/install/unitree_sdk2py/lib/python3.8/site-packages/unitree_sdk2py/idl/std_msgs
[2.251s] creating /home/unitree/106a_final/src/install/unitree_sdk2py/lib/python3.8/site-packages/unitree_sdk2py/idl/std_msgs/msg
[2.251s] creating /home/unitree/106a_final/src/install/unitree_sdk2py/lib/python3.8/site-packages/unitree_sdk2py/idl/std_msgs/msg/dds_
[2.251s] copying /home/unitree/106a_final/src/build/unitree_sdk2py/build/lib/unitree_sdk2py/idl/std_msgs/msg/dds_/_String_.py -> /home/unitree/106a_final/src/install/unitree_sdk2py/lib/python3.8/site-packages/unitree_sdk2py/idl/std_msgs/msg/dds_
[2.252s] copying /home/unitree/106a_final/src/build/unitree_sdk2py/build/lib/unitree_sdk2py/idl/std_msgs/msg/dds_/__init__.py -> /home/unitree/106a_final/src/install/unitree_sdk2py/lib/python3.8/site-packages/unitree_sdk2py/idl/std_msgs/msg/dds_
[2.252s] copying /home/unitree/106a_final/src/build/unitree_sdk2py/build/lib/unitree_sdk2py/idl/std_msgs/msg/dds_/_Header_.py -> /home/unitree/106a_final/src/install/unitree_sdk2py/lib/python3.8/site-packages/unitree_sdk2py/idl/std_msgs/msg/dds_
[2.252s] copying /home/unitree/106a_final/src/build/unitree_sdk2py/build/lib/unitree_sdk2py/idl/std_msgs/msg/__init__.py -> /home/unitree/106a_final/src/install/unitree_sdk2py/lib/python3.8/site-packages/unitree_sdk2py/idl/std_msgs/msg
[2.252s] creating /home/unitree/106a_final/src/install/unitree_sdk2py/lib/python3.8/site-packages/unitree_sdk2py/idl/unitree_api
[2.252s] copying /home/unitree/106a_final/src/build/unitree_sdk2py/build/lib/unitree_sdk2py/idl/unitree_api/__init__.py -> /home/unitree/106a_final/src/install/unitree_sdk2py/lib/python3.8/site-packages/unitree_sdk2py/idl/unitree_api
[2.253s] creating /home/unitree/106a_final/src/install/unitree_sdk2py/lib/python3.8/site-packages/unitree_sdk2py/idl/unitree_api/msg
[2.253s] creating /home/unitree/106a_final/src/install/unitree_sdk2py/lib/python3.8/site-packages/unitree_sdk2py/idl/unitree_api/msg/dds_
[2.253s] copying /home/unitree/106a_final/src/build/unitree_sdk2py/build/lib/unitree_sdk2py/idl/unitree_api/msg/dds_/_ResponseStatus_.py -> /home/unitree/106a_final/src/install/unitree_sdk2py/lib/python3.8/site-packages/unitree_sdk2py/idl/unitree_api/msg/dds_
[2.253s] copying /home/unitree/106a_final/src/build/unitree_sdk2py/build/lib/unitree_sdk2py/idl/unitree_api/msg/dds_/_RequestPolicy_.py -> /home/unitree/106a_final/src/install/unitree_sdk2py/lib/python3.8/site-packages/unitree_sdk2py/idl/unitree_api/msg/dds_
[2.253s] copying /home/unitree/106a_final/src/build/unitree_sdk2py/build/lib/unitree_sdk2py/idl/unitree_api/msg/dds_/_Request_.py -> /home/unitree/106a_final/src/install/unitree_sdk2py/lib/python3.8/site-packages/unitree_sdk2py/idl/unitree_api/msg/dds_
[2.254s] copying /home/unitree/106a_final/src/build/unitree_sdk2py/build/lib/unitree_sdk2py/idl/unitree_api/msg/dds_/_RequestIdentity_.py -> /home/unitree/106a_final/src/install/unitree_sdk2py/lib/python3.8/site-packages/unitree_sdk2py/idl/unitree_api/msg/dds_
[2.254s] copying /home/unitree/106a_final/src/build/unitree_sdk2py/build/lib/unitree_sdk2py/idl/unitree_api/msg/dds_/_RequestLease_.py -> /home/unitree/106a_final/src/install/unitree_sdk2py/lib/python3.8/site-packages/unitree_sdk2py/idl/unitree_api/msg/dds_
[2.254s] copying /home/unitree/106a_final/src/build/unitree_sdk2py/build/lib/unitree_sdk2py/idl/unitree_api/msg/dds_/_RequestHeader_.py -> /home/unitree/106a_final/src/install/unitree_sdk2py/lib/python3.8/site-packages/unitree_sdk2py/idl/unitree_api/msg/dds_
[2.254s] copying /home/unitree/106a_final/src/build/unitree_sdk2py/build/lib/unitree_sdk2py/idl/unitree_api/msg/dds_/__init__.py -> /home/unitree/106a_final/src/install/unitree_sdk2py/lib/python3.8/site-packages/unitree_sdk2py/idl/unitree_api/msg/dds_
[2.254s] copying /home/unitree/106a_final/src/build/unitree_sdk2py/build/lib/unitree_sdk2py/idl/unitree_api/msg/dds_/_Response_.py -> /home/unitree/106a_final/src/install/unitree_sdk2py/lib/python3.8/site-packages/unitree_sdk2py/idl/unitree_api/msg/dds_
[2.255s] copying /home/unitree/106a_final/src/build/unitree_sdk2py/build/lib/unitree_sdk2py/idl/unitree_api/msg/dds_/_ResponseHeader_.py -> /home/unitree/106a_final/src/install/unitree_sdk2py/lib/python3.8/site-packages/unitree_sdk2py/idl/unitree_api/msg/dds_
[2.255s] copying /home/unitree/106a_final/src/build/unitree_sdk2py/build/lib/unitree_sdk2py/idl/unitree_api/msg/__init__.py -> /home/unitree/106a_final/src/install/unitree_sdk2py/lib/python3.8/site-packages/unitree_sdk2py/idl/unitree_api/msg
[2.255s] creating /home/unitree/106a_final/src/install/unitree_sdk2py/lib/python3.8/site-packages/unitree_sdk2py/idl/unitree_hg
[2.255s] copying /home/unitree/106a_final/src/build/unitree_sdk2py/build/lib/unitree_sdk2py/idl/unitree_hg/__init__.py -> /home/unitree/106a_final/src/install/unitree_sdk2py/lib/python3.8/site-packages/unitree_sdk2py/idl/unitree_hg
[2.255s] creating /home/unitree/106a_final/src/install/unitree_sdk2py/lib/python3.8/site-packages/unitree_sdk2py/idl/unitree_hg/msg
[2.256s] creating /home/unitree/106a_final/src/install/unitree_sdk2py/lib/python3.8/site-packages/unitree_sdk2py/idl/unitree_hg/msg/dds_
[2.256s] copying /home/unitree/106a_final/src/build/unitree_sdk2py/build/lib/unitree_sdk2py/idl/unitree_hg/msg/dds_/_BmsCmd_.py -> /home/unitree/106a_final/src/install/unitree_sdk2py/lib/python3.8/site-packages/unitree_sdk2py/idl/unitree_hg/msg/dds_
[2.256s] copying /home/unitree/106a_final/src/build/unitree_sdk2py/build/lib/unitree_sdk2py/idl/unitree_hg/msg/dds_/_HandCmd_.py -> /home/unitree/106a_final/src/install/unitree_sdk2py/lib/python3.8/site-packages/unitree_sdk2py/idl/unitree_hg/msg/dds_
[2.256s] copying /home/unitree/106a_final/src/build/unitree_sdk2py/build/lib/unitree_sdk2py/idl/unitree_hg/msg/dds_/_LowState_.py -> /home/unitree/106a_final/src/install/unitree_sdk2py/lib/python3.8/site-packages/unitree_sdk2py/idl/unitree_hg/msg/dds_
[2.256s] copying /home/unitree/106a_final/src/build/unitree_sdk2py/build/lib/unitree_sdk2py/idl/unitree_hg/msg/dds_/_PressSensorState_.py -> /home/unitree/106a_final/src/install/unitree_sdk2py/lib/python3.8/site-packages/unitree_sdk2py/idl/unitree_hg/msg/dds_
[2.257s] copying /home/unitree/106a_final/src/build/unitree_sdk2py/build/lib/unitree_sdk2py/idl/unitree_hg/msg/dds_/_BmsState_.py -> /home/unitree/106a_final/src/install/unitree_sdk2py/lib/python3.8/site-packages/unitree_sdk2py/idl/unitree_hg/msg/dds_
[2.257s] copying /home/unitree/106a_final/src/build/unitree_sdk2py/build/lib/unitree_sdk2py/idl/unitree_hg/msg/dds_/_MainBoardState_.py -> /home/unitree/106a_final/src/install/unitree_sdk2py/lib/python3.8/site-packages/unitree_sdk2py/idl/unitree_hg/msg/dds_
[2.257s] copying /home/unitree/106a_final/src/build/unitree_sdk2py/build/lib/unitree_sdk2py/idl/unitree_hg/msg/dds_/_LowCmd_.py -> /home/unitree/106a_final/src/install/unitree_sdk2py/lib/python3.8/site-packages/unitree_sdk2py/idl/unitree_hg/msg/dds_
[2.257s] copying /home/unitree/106a_final/src/build/unitree_sdk2py/build/lib/unitree_sdk2py/idl/unitree_hg/msg/dds_/_HandState_.py -> /home/unitree/106a_final/src/install/unitree_sdk2py/lib/python3.8/site-packages/unitree_sdk2py/idl/unitree_hg/msg/dds_
[2.257s] copying /home/unitree/106a_final/src/build/unitree_sdk2py/build/lib/unitree_sdk2py/idl/unitree_hg/msg/dds_/_MotorState_.py -> /home/unitree/106a_final/src/install/unitree_sdk2py/lib/python3.8/site-packages/unitree_sdk2py/idl/unitree_hg/msg/dds_
[2.259s] copying /home/unitree/106a_final/src/build/unitree_sdk2py/build/lib/unitree_sdk2py/idl/unitree_hg/msg/dds_/_MotorCmd_.py -> /home/unitree/106a_final/src/install/unitree_sdk2py/lib/python3.8/site-packages/unitree_sdk2py/idl/unitree_hg/msg/dds_
[2.259s] copying /home/unitree/106a_final/src/build/unitree_sdk2py/build/lib/unitree_sdk2py/idl/unitree_hg/msg/dds_/__init__.py -> /home/unitree/106a_final/src/install/unitree_sdk2py/lib/python3.8/site-packages/unitree_sdk2py/idl/unitree_hg/msg/dds_
[2.259s] copying /home/unitree/106a_final/src/build/unitree_sdk2py/build/lib/unitree_sdk2py/idl/unitree_hg/msg/dds_/_IMUState_.py -> /home/unitree/106a_final/src/install/unitree_sdk2py/lib/python3.8/site-packages/unitree_sdk2py/idl/unitree_hg/msg/dds_
[2.259s] copying /home/unitree/106a_final/src/build/unitree_sdk2py/build/lib/unitree_sdk2py/idl/unitree_hg/msg/__init__.py -> /home/unitree/106a_final/src/install/unitree_sdk2py/lib/python3.8/site-packages/unitree_sdk2py/idl/unitree_hg/msg
[2.259s] creating /home/unitree/106a_final/src/install/unitree_sdk2py/lib/python3.8/site-packages/unitree_sdk2py/idl/geometry_msgs
[2.259s] copying /home/unitree/106a_final/src/build/unitree_sdk2py/build/lib/unitree_sdk2py/idl/geometry_msgs/__init__.py -> /home/unitree/106a_final/src/install/unitree_sdk2py/lib/python3.8/site-packages/unitree_sdk2py/idl/geometry_msgs
[2.260s] creating /home/unitree/106a_final/src/install/unitree_sdk2py/lib/python3.8/site-packages/unitree_sdk2py/idl/geometry_msgs/msg
[2.260s] creating /home/unitree/106a_final/src/install/unitree_sdk2py/lib/python3.8/site-packages/unitree_sdk2py/idl/geometry_msgs/msg/dds_
[2.260s] copying /home/unitree/106a_final/src/build/unitree_sdk2py/build/lib/unitree_sdk2py/idl/geometry_msgs/msg/dds_/_TwistStamped_.py -> /home/unitree/106a_final/src/install/unitree_sdk2py/lib/python3.8/site-packages/unitree_sdk2py/idl/geometry_msgs/msg/dds_
[2.260s] copying /home/unitree/106a_final/src/build/unitree_sdk2py/build/lib/unitree_sdk2py/idl/geometry_msgs/msg/dds_/_Pose2D_.py -> /home/unitree/106a_final/src/install/unitree_sdk2py/lib/python3.8/site-packages/unitree_sdk2py/idl/geometry_msgs/msg/dds_
[2.260s] copying /home/unitree/106a_final/src/build/unitree_sdk2py/build/lib/unitree_sdk2py/idl/geometry_msgs/msg/dds_/_Vector3_.py -> /home/unitree/106a_final/src/install/unitree_sdk2py/lib/python3.8/site-packages/unitree_sdk2py/idl/geometry_msgs/msg/dds_
[2.260s] copying /home/unitree/106a_final/src/build/unitree_sdk2py/build/lib/unitree_sdk2py/idl/geometry_msgs/msg/dds_/_PoseWithCovarianceStamped_.py -> /home/unitree/106a_final/src/install/unitree_sdk2py/lib/python3.8/site-packages/unitree_sdk2py/idl/geometry_msgs/msg/dds_
[2.260s] copying /home/unitree/106a_final/src/build/unitree_sdk2py/build/lib/unitree_sdk2py/idl/geometry_msgs/msg/dds_/_Pose_.py -> /home/unitree/106a_final/src/install/unitree_sdk2py/lib/python3.8/site-packages/unitree_sdk2py/idl/geometry_msgs/msg/dds_
[2.261s] copying /home/unitree/106a_final/src/build/unitree_sdk2py/build/lib/unitree_sdk2py/idl/geometry_msgs/msg/dds_/_PointStamped_.py -> /home/unitree/106a_final/src/install/unitree_sdk2py/lib/python3.8/site-packages/unitree_sdk2py/idl/geometry_msgs/msg/dds_
[2.261s] copying /home/unitree/106a_final/src/build/unitree_sdk2py/build/lib/unitree_sdk2py/idl/geometry_msgs/msg/dds_/_PoseWithCovariance_.py -> /home/unitree/106a_final/src/install/unitree_sdk2py/lib/python3.8/site-packages/unitree_sdk2py/idl/geometry_msgs/msg/dds_
[2.261s] copying /home/unitree/106a_final/src/build/unitree_sdk2py/build/lib/unitree_sdk2py/idl/geometry_msgs/msg/dds_/_PoseStamped_.py -> /home/unitree/106a_final/src/install/unitree_sdk2py/lib/python3.8/site-packages/unitree_sdk2py/idl/geometry_msgs/msg/dds_
[2.261s] copying /home/unitree/106a_final/src/build/unitree_sdk2py/build/lib/unitree_sdk2py/idl/geometry_msgs/msg/dds_/_Point_.py -> /home/unitree/106a_final/src/install/unitree_sdk2py/lib/python3.8/site-packages/unitree_sdk2py/idl/geometry_msgs/msg/dds_
[2.262s] copying /home/unitree/106a_final/src/build/unitree_sdk2py/build/lib/unitree_sdk2py/idl/geometry_msgs/msg/dds_/_QuaternionStamped_.py -> /home/unitree/106a_final/src/install/unitree_sdk2py/lib/python3.8/site-packages/unitree_sdk2py/idl/geometry_msgs/msg/dds_
[2.262s] copying /home/unitree/106a_final/src/build/unitree_sdk2py/build/lib/unitree_sdk2py/idl/geometry_msgs/msg/dds_/__init__.py -> /home/unitree/106a_final/src/install/unitree_sdk2py/lib/python3.8/site-packages/unitree_sdk2py/idl/geometry_msgs/msg/dds_
[2.262s] copying /home/unitree/106a_final/src/build/unitree_sdk2py/build/lib/unitree_sdk2py/idl/geometry_msgs/msg/dds_/_TwistWithCovariance_.py -> /home/unitree/106a_final/src/install/unitree_sdk2py/lib/python3.8/site-packages/unitree_sdk2py/idl/geometry_msgs/msg/dds_
[2.262s] copying /home/unitree/106a_final/src/build/unitree_sdk2py/build/lib/unitree_sdk2py/idl/geometry_msgs/msg/dds_/_TwistWithCovarianceStamped_.py -> /home/unitree/106a_final/src/install/unitree_sdk2py/lib/python3.8/site-packages/unitree_sdk2py/idl/geometry_msgs/msg/dds_
[2.262s] copying /home/unitree/106a_final/src/build/unitree_sdk2py/build/lib/unitree_sdk2py/idl/geometry_msgs/msg/dds_/_Point32_.py -> /home/unitree/106a_final/src/install/unitree_sdk2py/lib/python3.8/site-packages/unitree_sdk2py/idl/geometry_msgs/msg/dds_
[2.262s] copying /home/unitree/106a_final/src/build/unitree_sdk2py/build/lib/unitree_sdk2py/idl/geometry_msgs/msg/dds_/_Twist_.py -> /home/unitree/106a_final/src/install/unitree_sdk2py/lib/python3.8/site-packages/unitree_sdk2py/idl/geometry_msgs/msg/dds_
[2.262s] copying /home/unitree/106a_final/src/build/unitree_sdk2py/build/lib/unitree_sdk2py/idl/geometry_msgs/msg/dds_/_Quaternion_.py -> /home/unitree/106a_final/src/install/unitree_sdk2py/lib/python3.8/site-packages/unitree_sdk2py/idl/geometry_msgs/msg/dds_
[2.263s] copying /home/unitree/106a_final/src/build/unitree_sdk2py/build/lib/unitree_sdk2py/idl/geometry_msgs/msg/__init__.py -> /home/unitree/106a_final/src/install/unitree_sdk2py/lib/python3.8/site-packages/unitree_sdk2py/idl/geometry_msgs/msg
[2.263s] byte-compiling /home/unitree/106a_final/src/install/unitree_sdk2py/lib/python3.8/site-packages/unitree_sdk2py/utils/joystick.py to joystick.cpython-38.pyc
[2.268s] byte-compiling /home/unitree/106a_final/src/install/unitree_sdk2py/lib/python3.8/site-packages/unitree_sdk2py/utils/future.py to future.cpython-38.pyc
[2.270s] byte-compiling /home/unitree/106a_final/src/install/unitree_sdk2py/lib/python3.8/site-packages/unitree_sdk2py/utils/crc.py to crc.cpython-38.pyc
[2.273s] byte-compiling /home/unitree/106a_final/src/install/unitree_sdk2py/lib/python3.8/site-packages/unitree_sdk2py/utils/timerfd.py to timerfd.cpython-38.pyc
[2.273s] byte-compiling /home/unitree/106a_final/src/install/unitree_sdk2py/lib/python3.8/site-packages/unitree_sdk2py/utils/thread.py to thread.cpython-38.pyc
[2.275s] byte-compiling /home/unitree/106a_final/src/install/unitree_sdk2py/lib/python3.8/site-packages/unitree_sdk2py/utils/bqueue.py to bqueue.cpython-38.pyc
[2.276s] byte-compiling /home/unitree/106a_final/src/install/unitree_sdk2py/lib/python3.8/site-packages/unitree_sdk2py/utils/hz_sample.py to hz_sample.cpython-38.pyc
[2.276s] byte-compiling /home/unitree/106a_final/src/install/unitree_sdk2py/lib/python3.8/site-packages/unitree_sdk2py/utils/__init__.py to __init__.cpython-38.pyc
[2.276s] byte-compiling /home/unitree/106a_final/src/install/unitree_sdk2py/lib/python3.8/site-packages/unitree_sdk2py/utils/singleton.py to singleton.cpython-38.pyc
[2.277s] byte-compiling /home/unitree/106a_final/src/install/unitree_sdk2py/lib/python3.8/site-packages/unitree_sdk2py/utils/clib_lookup.py to clib_lookup.cpython-38.pyc
[2.278s] byte-compiling /home/unitree/106a_final/src/install/unitree_sdk2py/lib/python3.8/site-packages/unitree_sdk2py/core/channel_name.py to channel_name.cpython-38.pyc
[2.278s] byte-compiling /home/unitree/106a_final/src/install/unitree_sdk2py/lib/python3.8/site-packages/unitree_sdk2py/core/__init__.py to __init__.cpython-38.pyc
[2.279s] byte-compiling /home/unitree/106a_final/src/install/unitree_sdk2py/lib/python3.8/site-packages/unitree_sdk2py/core/channel_config.py to channel_config.cpython-38.pyc
[2.280s] byte-compiling /home/unitree/106a_final/src/install/unitree_sdk2py/lib/python3.8/site-packages/unitree_sdk2py/core/channel.py to channel.cpython-38.pyc
[2.282s] byte-compiling /home/unitree/106a_final/src/install/unitree_sdk2py/lib/python3.8/site-packages/unitree_sdk2py/go2/obstacles_avoid/obstacles_avoid_api.py to obstacles_avoid_api.cpython-38.pyc
[2.282s] byte-compiling /home/unitree/106a_final/src/install/unitree_sdk2py/lib/python3.8/site-packages/unitree_sdk2py/go2/obstacles_avoid/obstacles_avoid_client.py to obstacles_avoid_client.cpython-38.pyc
[2.283s] byte-compiling /home/unitree/106a_final/src/install/unitree_sdk2py/lib/python3.8/site-packages/unitree_sdk2py/go2/obstacles_avoid/__init__.py to __init__.cpython-38.pyc
[2.283s] byte-compiling /home/unitree/106a_final/src/install/unitree_sdk2py/lib/python3.8/site-packages/unitree_sdk2py/go2/robot_state/__init__.py to __init__.cpython-38.pyc
[2.284s] byte-compiling /home/unitree/106a_final/src/install/unitree_sdk2py/lib/python3.8/site-packages/unitree_sdk2py/go2/robot_state/robot_state_client.py to robot_state_client.cpython-38.pyc
[2.285s] byte-compiling /home/unitree/106a_final/src/install/unitree_sdk2py/lib/python3.8/site-packages/unitree_sdk2py/go2/robot_state/robot_state_api.py to robot_state_api.cpython-38.pyc
[2.285s] byte-compiling /home/unitree/106a_final/src/install/unitree_sdk2py/lib/python3.8/site-packages/unitree_sdk2py/go2/vui/vui_client.py to vui_client.cpython-38.pyc
[2.286s] byte-compiling /home/unitree/106a_final/src/install/unitree_sdk2py/lib/python3.8/site-packages/unitree_sdk2py/go2/vui/vui_api.py to vui_api.cpython-38.pyc
[2.287s] byte-compiling /home/unitree/106a_final/src/install/unitree_sdk2py/lib/python3.8/site-packages/unitree_sdk2py/go2/vui/__init__.py to __init__.cpython-38.pyc
[2.287s] byte-compiling /home/unitree/106a_final/src/install/unitree_sdk2py/lib/python3.8/site-packages/unitree_sdk2py/go2/video/video_api.py to video_api.cpython-38.pyc
[2.287s] byte-compiling /home/unitree/106a_final/src/install/unitree_sdk2py/lib/python3.8/site-packages/unitree_sdk2py/go2/video/video_client.py to video_client.cpython-38.pyc
[2.288s] byte-compiling /home/unitree/106a_final/src/install/unitree_sdk2py/lib/python3.8/site-packages/unitree_sdk2py/go2/video/__init__.py to __init__.cpython-38.pyc
[2.288s] byte-compiling /home/unitree/106a_final/src/install/unitree_sdk2py/lib/python3.8/site-packages/unitree_sdk2py/go2/sport/sport_client.py to sport_client.cpython-38.pyc
[2.292s] byte-compiling /home/unitree/106a_final/src/install/unitree_sdk2py/lib/python3.8/site-packages/unitree_sdk2py/go2/sport/__init__.py to __init__.cpython-38.pyc
[2.292s] byte-compiling /home/unitree/106a_final/src/install/unitree_sdk2py/lib/python3.8/site-packages/unitree_sdk2py/go2/sport/sport_api.py to sport_api.cpython-38.pyc
[2.292s] byte-compiling /home/unitree/106a_final/src/install/unitree_sdk2py/lib/python3.8/site-packages/unitree_sdk2py/go2/__init__.py to __init__.cpython-38.pyc
[2.293s] byte-compiling /home/unitree/106a_final/src/install/unitree_sdk2py/lib/python3.8/site-packages/unitree_sdk2py/__init__.py to __init__.cpython-38.pyc
[2.293s] byte-compiling /home/unitree/106a_final/src/install/unitree_sdk2py/lib/python3.8/site-packages/unitree_sdk2py/rpc/client_base.py to client_base.cpython-38.pyc
[2.295s] byte-compiling /home/unitree/106a_final/src/install/unitree_sdk2py/lib/python3.8/site-packages/unitree_sdk2py/rpc/client_stub.py to client_stub.cpython-38.pyc
[2.296s] byte-compiling /home/unitree/106a_final/src/install/unitree_sdk2py/lib/python3.8/site-packages/unitree_sdk2py/rpc/request_future.py to request_future.cpython-38.pyc
[2.297s] byte-compiling /home/unitree/106a_final/src/install/unitree_sdk2py/lib/python3.8/site-packages/unitree_sdk2py/rpc/server.py to server.cpython-38.pyc
[2.298s] byte-compiling /home/unitree/106a_final/src/install/unitree_sdk2py/lib/python3.8/site-packages/unitree_sdk2py/rpc/lease_server.py to lease_server.cpython-38.pyc
[2.299s] byte-compiling /home/unitree/106a_final/src/install/unitree_sdk2py/lib/python3.8/site-packages/unitree_sdk2py/rpc/internal.py to internal.cpython-38.pyc
[2.300s] byte-compiling /home/unitree/106a_final/src/install/unitree_sdk2py/lib/python3.8/site-packages/unitree_sdk2py/rpc/__init__.py to __init__.cpython-38.pyc
[2.300s] byte-compiling /home/unitree/106a_final/src/install/unitree_sdk2py/lib/python3.8/site-packages/unitree_sdk2py/rpc/server_stub.py to server_stub.cpython-38.pyc
[2.301s] byte-compiling /home/unitree/106a_final/src/install/unitree_sdk2py/lib/python3.8/site-packages/unitree_sdk2py/rpc/server_base.py to server_base.cpython-38.pyc
[2.302s] byte-compiling /home/unitree/106a_final/src/install/unitree_sdk2py/lib/python3.8/site-packages/unitree_sdk2py/rpc/lease_client.py to lease_client.cpython-38.pyc
[2.303s] byte-compiling /home/unitree/106a_final/src/install/unitree_sdk2py/lib/python3.8/site-packages/unitree_sdk2py/rpc/client.py to client.cpython-38.pyc
[2.304s] byte-compiling /home/unitree/106a_final/src/install/unitree_sdk2py/lib/python3.8/site-packages/unitree_sdk2py/idl/builtin_interfaces/__init__.py to __init__.cpython-38.pyc
[2.305s] byte-compiling /home/unitree/106a_final/src/install/unitree_sdk2py/lib/python3.8/site-packages/unitree_sdk2py/idl/builtin_interfaces/msg/dds_/_Time_.py to _Time_.cpython-38.pyc
[2.305s] byte-compiling /home/unitree/106a_final/src/install/unitree_sdk2py/lib/python3.8/site-packages/unitree_sdk2py/idl/builtin_interfaces/msg/dds_/__init__.py to __init__.cpython-38.pyc
[2.306s] byte-compiling /home/unitree/106a_final/src/install/unitree_sdk2py/lib/python3.8/site-packages/unitree_sdk2py/idl/builtin_interfaces/msg/__init__.py to __init__.cpython-38.pyc
[2.306s] byte-compiling /home/unitree/106a_final/src/install/unitree_sdk2py/lib/python3.8/site-packages/unitree_sdk2py/idl/nav_msgs/__init__.py to __init__.cpython-38.pyc
[2.307s] byte-compiling /home/unitree/106a_final/src/install/unitree_sdk2py/lib/python3.8/site-packages/unitree_sdk2py/idl/nav_msgs/msg/dds_/_MapMetaData_.py to _MapMetaData_.cpython-38.pyc
[2.307s] byte-compiling /home/unitree/106a_final/src/install/unitree_sdk2py/lib/python3.8/site-packages/unitree_sdk2py/idl/nav_msgs/msg/dds_/__init__.py to __init__.cpython-38.pyc
[2.307s] byte-compiling /home/unitree/106a_final/src/install/unitree_sdk2py/lib/python3.8/site-packages/unitree_sdk2py/idl/nav_msgs/msg/dds_/_OccupancyGrid_.py to _OccupancyGrid_.cpython-38.pyc
[2.308s] byte-compiling /home/unitree/106a_final/src/install/unitree_sdk2py/lib/python3.8/site-packages/unitree_sdk2py/idl/nav_msgs/msg/dds_/_Odometry_.py to _Odometry_.cpython-38.pyc
[2.308s] byte-compiling /home/unitree/106a_final/src/install/unitree_sdk2py/lib/python3.8/site-packages/unitree_sdk2py/idl/nav_msgs/msg/__init__.py to __init__.cpython-38.pyc
[2.309s] byte-compiling /home/unitree/106a_final/src/install/unitree_sdk2py/lib/python3.8/site-packages/unitree_sdk2py/idl/default.py to default.cpython-38.pyc
[2.313s] byte-compiling /home/unitree/106a_final/src/install/unitree_sdk2py/lib/python3.8/site-packages/unitree_sdk2py/idl/unitree_go/__init__.py to __init__.cpython-38.pyc
[2.313s] byte-compiling /home/unitree/106a_final/src/install/unitree_sdk2py/lib/python3.8/site-packages/unitree_sdk2py/idl/unitree_go/msg/dds_/_BmsCmd_.py to _BmsCmd_.cpython-38.pyc
[2.313s] byte-compiling /home/unitree/106a_final/src/install/unitree_sdk2py/lib/python3.8/site-packages/unitree_sdk2py/idl/unitree_go/msg/dds_/_MotorCmds_.py to _MotorCmds_.cpython-38.pyc
[2.314s] byte-compiling /home/unitree/106a_final/src/install/unitree_sdk2py/lib/python3.8/site-packages/unitree_sdk2py/idl/unitree_go/msg/dds_/_WirelessController_.py to _WirelessController_.cpython-38.pyc
[2.314s] byte-compiling /home/unitree/106a_final/src/install/unitree_sdk2py/lib/python3.8/site-packages/unitree_sdk2py/idl/unitree_go/msg/dds_/_InterfaceConfig_.py to _InterfaceConfig_.cpython-38.pyc
[2.315s] byte-compiling /home/unitree/106a_final/src/install/unitree_sdk2py/lib/python3.8/site-packages/unitree_sdk2py/idl/unitree_go/msg/dds_/_Error_.py to _Error_.cpython-38.pyc
[2.315s] byte-compiling /home/unitree/106a_final/src/install/unitree_sdk2py/lib/python3.8/site-packages/unitree_sdk2py/idl/unitree_go/msg/dds_/_Go2FrontVideoData_.py to _Go2FrontVideoData_.cpython-38.pyc
[2.316s] byte-compiling /home/unitree/106a_final/src/install/unitree_sdk2py/lib/python3.8/site-packages/unitree_sdk2py/idl/unitree_go/msg/dds_/_TimeSpec_.py to _TimeSpec_.cpython-38.pyc
[2.316s] byte-compiling /home/unitree/106a_final/src/install/unitree_sdk2py/lib/python3.8/site-packages/unitree_sdk2py/idl/unitree_go/msg/dds_/_LowState_.py to _LowState_.cpython-38.pyc
[2.317s] byte-compiling /home/unitree/106a_final/src/install/unitree_sdk2py/lib/python3.8/site-packages/unitree_sdk2py/idl/unitree_go/msg/dds_/_AudioData_.py to _AudioData_.cpython-38.pyc
[2.317s] byte-compiling /home/unitree/106a_final/src/install/unitree_sdk2py/lib/python3.8/site-packages/unitree_sdk2py/idl/unitree_go/msg/dds_/_BmsState_.py to _BmsState_.cpython-38.pyc
[2.318s] byte-compiling /home/unitree/106a_final/src/install/unitree_sdk2py/lib/python3.8/site-packages/unitree_sdk2py/idl/unitree_go/msg/dds_/_LowCmd_.py to _LowCmd_.cpython-38.pyc
[2.319s] byte-compiling /home/unitree/106a_final/src/install/unitree_sdk2py/lib/python3.8/site-packages/unitree_sdk2py/idl/unitree_go/msg/dds_/_SportModeState_.py to _SportModeState_.cpython-38.pyc
[2.319s] byte-compiling /home/unitree/106a_final/src/install/unitree_sdk2py/lib/python3.8/site-packages/unitree_sdk2py/idl/unitree_go/msg/dds_/_LidarState_.py to _LidarState_.cpython-38.pyc
[2.320s] byte-compiling /home/unitree/106a_final/src/install/unitree_sdk2py/lib/python3.8/site-packages/unitree_sdk2py/idl/unitree_go/msg/dds_/_MotorState_.py to _MotorState_.cpython-38.pyc
[2.320s] byte-compiling /home/unitree/106a_final/src/install/unitree_sdk2py/lib/python3.8/site-packages/unitree_sdk2py/idl/unitree_go/msg/dds_/_MotorCmd_.py to _MotorCmd_.cpython-38.pyc
[2.321s] byte-compiling /home/unitree/106a_final/src/install/unitree_sdk2py/lib/python3.8/site-packages/unitree_sdk2py/idl/unitree_go/msg/dds_/_UwbSwitch_.py to _UwbSwitch_.cpython-38.pyc
[2.321s] byte-compiling /home/unitree/106a_final/src/install/unitree_sdk2py/lib/python3.8/site-packages/unitree_sdk2py/idl/unitree_go/msg/dds_/__init__.py to __init__.cpython-38.pyc
[2.322s] byte-compiling /home/unitree/106a_final/src/install/unitree_sdk2py/lib/python3.8/site-packages/unitree_sdk2py/idl/unitree_go/msg/dds_/_UwbState_.py to _UwbState_.cpython-38.pyc
[2.322s] byte-compiling /home/unitree/106a_final/src/install/unitree_sdk2py/lib/python3.8/site-packages/unitree_sdk2py/idl/unitree_go/msg/dds_/_Req_.py to _Req_.cpython-38.pyc
[2.323s] byte-compiling /home/unitree/106a_final/src/install/unitree_sdk2py/lib/python3.8/site-packages/unitree_sdk2py/idl/unitree_go/msg/dds_/_HeightMap_.py to _HeightMap_.cpython-38.pyc
[2.323s] byte-compiling /home/unitree/106a_final/src/install/unitree_sdk2py/lib/python3.8/site-packages/unitree_sdk2py/idl/unitree_go/msg/dds_/_Res_.py to _Res_.cpython-38.pyc
[2.324s] byte-compiling /home/unitree/106a_final/src/install/unitree_sdk2py/lib/python3.8/site-packages/unitree_sdk2py/idl/unitree_go/msg/dds_/_IMUState_.py to _IMUState_.cpython-38.pyc
[2.325s] byte-compiling /home/unitree/106a_final/src/install/unitree_sdk2py/lib/python3.8/site-packages/unitree_sdk2py/idl/unitree_go/msg/dds_/_PathPoint_.py to _PathPoint_.cpython-38.pyc
[2.325s] byte-compiling /home/unitree/106a_final/src/install/unitree_sdk2py/lib/python3.8/site-packages/unitree_sdk2py/idl/unitree_go/msg/dds_/_MotorStates_.py to _MotorStates_.cpython-38.pyc
[2.325s] byte-compiling /home/unitree/106a_final/src/install/unitree_sdk2py/lib/python3.8/site-packages/unitree_sdk2py/idl/unitree_go/msg/__init__.py to __init__.cpython-38.pyc
[2.326s] byte-compiling /home/unitree/106a_final/src/install/unitree_sdk2py/lib/python3.8/site-packages/unitree_sdk2py/idl/sensor_msgs/__init__.py to __init__.cpython-38.pyc
[2.326s] byte-compiling /home/unitree/106a_final/src/install/unitree_sdk2py/lib/python3.8/site-packages/unitree_sdk2py/idl/sensor_msgs/msg/dds_/_PointCloud2_.py to _PointCloud2_.cpython-38.pyc
[2.327s] byte-compiling /home/unitree/106a_final/src/install/unitree_sdk2py/lib/python3.8/site-packages/unitree_sdk2py/idl/sensor_msgs/msg/dds_/__init__.py to __init__.cpython-38.pyc
[2.327s] byte-compiling /home/unitree/106a_final/src/install/unitree_sdk2py/lib/python3.8/site-packages/unitree_sdk2py/idl/sensor_msgs/msg/dds_/PointField_Constants/__init__.py to __init__.cpython-38.pyc
[2.328s] byte-compiling /home/unitree/106a_final/src/install/unitree_sdk2py/lib/python3.8/site-packages/unitree_sdk2py/idl/sensor_msgs/msg/dds_/PointField_Constants/_PointField_.py to _PointField_.cpython-38.pyc
[2.328s] byte-compiling /home/unitree/106a_final/src/install/unitree_sdk2py/lib/python3.8/site-packages/unitree_sdk2py/idl/sensor_msgs/msg/dds_/_PointField_.py to _PointField_.cpython-38.pyc
[2.328s] byte-compiling /home/unitree/106a_final/src/install/unitree_sdk2py/lib/python3.8/site-packages/unitree_sdk2py/idl/sensor_msgs/msg/__init__.py to __init__.cpython-38.pyc
[2.329s] byte-compiling /home/unitree/106a_final/src/install/unitree_sdk2py/lib/python3.8/site-packages/unitree_sdk2py/idl/__init__.py to __init__.cpython-38.pyc
[2.329s] byte-compiling /home/unitree/106a_final/src/install/unitree_sdk2py/lib/python3.8/site-packages/unitree_sdk2py/idl/std_msgs/__init__.py to __init__.cpython-38.pyc
[2.330s] byte-compiling /home/unitree/106a_final/src/install/unitree_sdk2py/lib/python3.8/site-packages/unitree_sdk2py/idl/std_msgs/msg/dds_/_String_.py to _String_.cpython-38.pyc
[2.330s] byte-compiling /home/unitree/106a_final/src/install/unitree_sdk2py/lib/python3.8/site-packages/unitree_sdk2py/idl/std_msgs/msg/dds_/__init__.py to __init__.cpython-38.pyc
[2.330s] byte-compiling /home/unitree/106a_final/src/install/unitree_sdk2py/lib/python3.8/site-packages/unitree_sdk2py/idl/std_msgs/msg/dds_/_Header_.py to _Header_.cpython-38.pyc
[2.331s] byte-compiling /home/unitree/106a_final/src/install/unitree_sdk2py/lib/python3.8/site-packages/unitree_sdk2py/idl/std_msgs/msg/__init__.py to __init__.cpython-38.pyc
[2.331s] byte-compiling /home/unitree/106a_final/src/install/unitree_sdk2py/lib/python3.8/site-packages/unitree_sdk2py/idl/unitree_api/__init__.py to __init__.cpython-38.pyc
[2.332s] byte-compiling /home/unitree/106a_final/src/install/unitree_sdk2py/lib/python3.8/site-packages/unitree_sdk2py/idl/unitree_api/msg/dds_/_ResponseStatus_.py to _ResponseStatus_.cpython-38.pyc
[2.332s] byte-compiling /home/unitree/106a_final/src/install/unitree_sdk2py/lib/python3.8/site-packages/unitree_sdk2py/idl/unitree_api/msg/dds_/_RequestPolicy_.py to _RequestPolicy_.cpython-38.pyc
[2.332s] byte-compiling /home/unitree/106a_final/src/install/unitree_sdk2py/lib/python3.8/site-packages/unitree_sdk2py/idl/unitree_api/msg/dds_/_Request_.py to _Request_.cpython-38.pyc
[2.333s] byte-compiling /home/unitree/106a_final/src/install/unitree_sdk2py/lib/python3.8/site-packages/unitree_sdk2py/idl/unitree_api/msg/dds_/_RequestIdentity_.py to _RequestIdentity_.cpython-38.pyc
[2.333s] byte-compiling /home/unitree/106a_final/src/install/unitree_sdk2py/lib/python3.8/site-packages/unitree_sdk2py/idl/unitree_api/msg/dds_/_RequestLease_.py to _RequestLease_.cpython-38.pyc
[2.334s] byte-compiling /home/unitree/106a_final/src/install/unitree_sdk2py/lib/python3.8/site-packages/unitree_sdk2py/idl/unitree_api/msg/dds_/_RequestHeader_.py to _RequestHeader_.cpython-38.pyc
[2.334s] byte-compiling /home/unitree/106a_final/src/install/unitree_sdk2py/lib/python3.8/site-packages/unitree_sdk2py/idl/unitree_api/msg/dds_/__init__.py to __init__.cpython-38.pyc
[2.335s] byte-compiling /home/unitree/106a_final/src/install/unitree_sdk2py/lib/python3.8/site-packages/unitree_sdk2py/idl/unitree_api/msg/dds_/_Response_.py to _Response_.cpython-38.pyc
[2.335s] byte-compiling /home/unitree/106a_final/src/install/unitree_sdk2py/lib/python3.8/site-packages/unitree_sdk2py/idl/unitree_api/msg/dds_/_ResponseHeader_.py to _ResponseHeader_.cpython-38.pyc
[2.336s] byte-compiling /home/unitree/106a_final/src/install/unitree_sdk2py/lib/python3.8/site-packages/unitree_sdk2py/idl/unitree_api/msg/__init__.py to __init__.cpython-38.pyc
[2.336s] byte-compiling /home/unitree/106a_final/src/install/unitree_sdk2py/lib/python3.8/site-packages/unitree_sdk2py/idl/unitree_hg/__init__.py to __init__.cpython-38.pyc
[2.336s] byte-compiling /home/unitree/106a_final/src/install/unitree_sdk2py/lib/python3.8/site-packages/unitree_sdk2py/idl/unitree_hg/msg/dds_/_BmsCmd_.py to _BmsCmd_.cpython-38.pyc
[2.337s] byte-compiling /home/unitree/106a_final/src/install/unitree_sdk2py/lib/python3.8/site-packages/unitree_sdk2py/idl/unitree_hg/msg/dds_/_HandCmd_.py to _HandCmd_.cpython-38.pyc
[2.337s] byte-compiling /home/unitree/106a_final/src/install/unitree_sdk2py/lib/python3.8/site-packages/unitree_sdk2py/idl/unitree_hg/msg/dds_/_LowState_.py to _LowState_.cpython-38.pyc
[2.338s] byte-compiling /home/unitree/106a_final/src/install/unitree_sdk2py/lib/python3.8/site-packages/unitree_sdk2py/idl/unitree_hg/msg/dds_/_PressSensorState_.py to _PressSensorState_.cpython-38.pyc
[2.339s] byte-compiling /home/unitree/106a_final/src/install/unitree_sdk2py/lib/python3.8/site-packages/unitree_sdk2py/idl/unitree_hg/msg/dds_/_BmsState_.py to _BmsState_.cpython-38.pyc
[2.339s] byte-compiling /home/unitree/106a_final/src/install/unitree_sdk2py/lib/python3.8/site-packages/unitree_sdk2py/idl/unitree_hg/msg/dds_/_MainBoardState_.py to _MainBoardState_.cpython-38.pyc
[2.340s] byte-compiling /home/unitree/106a_final/src/install/unitree_sdk2py/lib/python3.8/site-packages/unitree_sdk2py/idl/unitree_hg/msg/dds_/_LowCmd_.py to _LowCmd_.cpython-38.pyc
[2.340s] byte-compiling /home/unitree/106a_final/src/install/unitree_sdk2py/lib/python3.8/site-packages/unitree_sdk2py/idl/unitree_hg/msg/dds_/_HandState_.py to _HandState_.cpython-38.pyc
[2.341s] byte-compiling /home/unitree/106a_final/src/install/unitree_sdk2py/lib/python3.8/site-packages/unitree_sdk2py/idl/unitree_hg/msg/dds_/_MotorState_.py to _MotorState_.cpython-38.pyc
[2.341s] byte-compiling /home/unitree/106a_final/src/install/unitree_sdk2py/lib/python3.8/site-packages/unitree_sdk2py/idl/unitree_hg/msg/dds_/_MotorCmd_.py to _MotorCmd_.cpython-38.pyc
[2.342s] byte-compiling /home/unitree/106a_final/src/install/unitree_sdk2py/lib/python3.8/site-packages/unitree_sdk2py/idl/unitree_hg/msg/dds_/__init__.py to __init__.cpython-38.pyc
[2.342s] byte-compiling /home/unitree/106a_final/src/install/unitree_sdk2py/lib/python3.8/site-packages/unitree_sdk2py/idl/unitree_hg/msg/dds_/_IMUState_.py to _IMUState_.cpython-38.pyc
[2.342s] byte-compiling /home/unitree/106a_final/src/install/unitree_sdk2py/lib/python3.8/site-packages/unitree_sdk2py/idl/unitree_hg/msg/__init__.py to __init__.cpython-38.pyc
[2.343s] byte-compiling /home/unitree/106a_final/src/install/unitree_sdk2py/lib/python3.8/site-packages/unitree_sdk2py/idl/geometry_msgs/__init__.py to __init__.cpython-38.pyc
[2.343s] byte-compiling /home/unitree/106a_final/src/install/unitree_sdk2py/lib/python3.8/site-packages/unitree_sdk2py/idl/geometry_msgs/msg/dds_/_TwistStamped_.py to _TwistStamped_.cpython-38.pyc
[2.345s] byte-compiling /home/unitree/106a_final/src/install/unitree_sdk2py/lib/python3.8/site-packages/unitree_sdk2py/idl/geometry_msgs/msg/dds_/_Pose2D_.py to _Pose2D_.cpython-38.pyc
[2.345s] byte-compiling /home/unitree/106a_final/src/install/unitree_sdk2py/lib/python3.8/site-packages/unitree_sdk2py/idl/geometry_msgs/msg/dds_/_Vector3_.py to _Vector3_.cpython-38.pyc
[2.345s] byte-compiling /home/unitree/106a_final/src/install/unitree_sdk2py/lib/python3.8/site-packages/unitree_sdk2py/idl/geometry_msgs/msg/dds_/_PoseWithCovarianceStamped_.py to _PoseWithCovarianceStamped_.cpython-38.pyc
[2.346s] byte-compiling /home/unitree/106a_final/src/install/unitree_sdk2py/lib/python3.8/site-packages/unitree_sdk2py/idl/geometry_msgs/msg/dds_/_Pose_.py to _Pose_.cpython-38.pyc
[2.346s] byte-compiling /home/unitree/106a_final/src/install/unitree_sdk2py/lib/python3.8/site-packages/unitree_sdk2py/idl/geometry_msgs/msg/dds_/_PointStamped_.py to _PointStamped_.cpython-38.pyc
[2.346s] byte-compiling /home/unitree/106a_final/src/install/unitree_sdk2py/lib/python3.8/site-packages/unitree_sdk2py/idl/geometry_msgs/msg/dds_/_PoseWithCovariance_.py to _PoseWithCovariance_.cpython-38.pyc
[2.347s] byte-compiling /home/unitree/106a_final/src/install/unitree_sdk2py/lib/python3.8/site-packages/unitree_sdk2py/idl/geometry_msgs/msg/dds_/_PoseStamped_.py to _PoseStamped_.cpython-38.pyc
[2.347s] byte-compiling /home/unitree/106a_final/src/install/unitree_sdk2py/lib/python3.8/site-packages/unitree_sdk2py/idl/geometry_msgs/msg/dds_/_Point_.py to _Point_.cpython-38.pyc
[2.347s] byte-compiling /home/unitree/106a_final/src/install/unitree_sdk2py/lib/python3.8/site-packages/unitree_sdk2py/idl/geometry_msgs/msg/dds_/_QuaternionStamped_.py to _QuaternionStamped_.cpython-38.pyc
[2.348s] byte-compiling /home/unitree/106a_final/src/install/unitree_sdk2py/lib/python3.8/site-packages/unitree_sdk2py/idl/geometry_msgs/msg/dds_/__init__.py to __init__.cpython-38.pyc
[2.348s] byte-compiling /home/unitree/106a_final/src/install/unitree_sdk2py/lib/python3.8/site-packages/unitree_sdk2py/idl/geometry_msgs/msg/dds_/_TwistWithCovariance_.py to _TwistWithCovariance_.cpython-38.pyc
[2.349s] byte-compiling /home/unitree/106a_final/src/install/unitree_sdk2py/lib/python3.8/site-packages/unitree_sdk2py/idl/geometry_msgs/msg/dds_/_TwistWithCovarianceStamped_.py to _TwistWithCovarianceStamped_.cpython-38.pyc
[2.349s] byte-compiling /home/unitree/106a_final/src/install/unitree_sdk2py/lib/python3.8/site-packages/unitree_sdk2py/idl/geometry_msgs/msg/dds_/_Point32_.py to _Point32_.cpython-38.pyc
[2.350s] byte-compiling /home/unitree/106a_final/src/install/unitree_sdk2py/lib/python3.8/site-packages/unitree_sdk2py/idl/geometry_msgs/msg/dds_/_Twist_.py to _Twist_.cpython-38.pyc
[2.350s] byte-compiling /home/unitree/106a_final/src/install/unitree_sdk2py/lib/python3.8/site-packages/unitree_sdk2py/idl/geometry_msgs/msg/dds_/_Quaternion_.py to _Quaternion_.cpython-38.pyc
[2.350s] byte-compiling /home/unitree/106a_final/src/install/unitree_sdk2py/lib/python3.8/site-packages/unitree_sdk2py/idl/geometry_msgs/msg/__init__.py to __init__.cpython-38.pyc
[2.351s] running install_egg_info
[2.354s] Copying ../build/unitree_sdk2py/unitree_sdk2py.egg-info to /home/unitree/106a_final/src/install/unitree_sdk2py/lib/python3.8/site-packages/unitree_sdk2py-1.0.1-py3.8.egg-info
[2.356s] running install_scripts
[2.398s] writing list of installed files to '/home/unitree/106a_final/src/build/unitree_sdk2py/install.log'
[2.458s] Invoked command in '/home/unitree/106a_final/src/unitree_sdk2_python' returned '0': PYTHONPATH=/home/unitree/106a_final/src/build/unitree_sdk2py/prefix_override:/home/unitree/106a_final/src/install/unitree_sdk2py/lib/python3.8/site-packages:${PYTHONPATH} /usr/bin/python3 setup.py egg_info --egg-base ../build/unitree_sdk2py build --build-base /home/unitree/106a_final/src/build/unitree_sdk2py/build install --record /home/unitree/106a_final/src/build/unitree_sdk2py/install.log --single-version-externally-managed
