[3.864s] Invoking command in '/home/unitree/106a_final/src/vision_node': PYTHONPATH=/home/unitree/106a_final/build/vision_node/prefix_override:/home/unitree/106a_final/install/vision_node/lib/python3.8/site-packages:${PYTHONPATH} /usr/bin/python3 setup.py egg_info --egg-base ../../build/vision_node build --build-base /home/unitree/106a_final/build/vision_node/build install --record /home/unitree/106a_final/build/vision_node/install.log --install-scripts $base/lib/vision_node --single-version-externally-managed
[4.368s] running egg_info
[4.371s] writing ../../build/vision_node/vision_node.egg-info/PKG-INFO
[4.373s] writing dependency_links to ../../build/vision_node/vision_node.egg-info/dependency_links.txt
[4.374s] writing entry points to ../../build/vision_node/vision_node.egg-info/entry_points.txt
[4.375s] writing requirements to ../../build/vision_node/vision_node.egg-info/requires.txt
[4.375s] writing top-level names to ../../build/vision_node/vision_node.egg-info/top_level.txt
[4.438s] reading manifest file '../../build/vision_node/vision_node.egg-info/SOURCES.txt'
[4.439s] writing manifest file '../../build/vision_node/vision_node.egg-info/SOURCES.txt'
[4.440s] running build
[4.440s] running build_py
[4.441s] copying vision_node/pingpong.py -> /home/unitree/106a_final/build/vision_node/build/lib/vision_node
[4.441s] running install
[4.442s] running install_lib
[4.445s] copying /home/unitree/106a_final/build/vision_node/build/lib/vision_node/pingpong.py -> /home/unitree/106a_final/install/vision_node/lib/python3.8/site-packages/vision_node
[4.447s] byte-compiling /home/unitree/106a_final/install/vision_node/lib/python3.8/site-packages/vision_node/pingpong.py to pingpong.cpython-38.pyc
[4.451s] running install_data
[4.451s] running install_egg_info
[4.455s] removing '/home/unitree/106a_final/install/vision_node/lib/python3.8/site-packages/vision_node-0.0.0-py3.8.egg-info' (and everything under it)
[4.456s] Copying ../../build/vision_node/vision_node.egg-info to /home/unitree/106a_final/install/vision_node/lib/python3.8/site-packages/vision_node-0.0.0-py3.8.egg-info
[4.458s] running install_scripts
[4.497s] Installing pingpong_node script to /home/unitree/106a_final/install/vision_node/lib/vision_node
[4.498s] writing list of installed files to '/home/unitree/106a_final/build/vision_node/install.log'
[5.785s] Invoked command in '/home/unitree/106a_final/src/vision_node' returned '0': PYTHONPATH=/home/unitree/106a_final/build/vision_node/prefix_override:/home/unitree/106a_final/install/vision_node/lib/python3.8/site-packages:${PYTHONPATH} /usr/bin/python3 setup.py egg_info --egg-base ../../build/vision_node build --build-base /home/unitree/106a_final/build/vision_node/build install --record /home/unitree/106a_final/build/vision_node/install.log --install-scripts $base/lib/vision_node --single-version-externally-managed
