[11.283s] Invoking command in '/home/unitree/106a_final/src/navigation_node': PYTHONPATH=/home/unitree/106a_final/build/navigation_node/prefix_override:/home/unitree/106a_final/install/navigation_node/lib/python3.8/site-packages:${PYTHONPATH} /usr/bin/python3 setup.py egg_info --egg-base ../../build/navigation_node build --build-base /home/unitree/106a_final/build/navigation_node/build install --record /home/unitree/106a_final/build/navigation_node/install.log --install-scripts $base/lib/navigation_node --single-version-externally-managed
[12.895s] running egg_info
[12.900s] writing ../../build/navigation_node/navigation_node.egg-info/PKG-INFO
[12.901s] writing dependency_links to ../../build/navigation_node/navigation_node.egg-info/dependency_links.txt
[12.932s] writing entry points to ../../build/navigation_node/navigation_node.egg-info/entry_points.txt
[12.933s] writing requirements to ../../build/navigation_node/navigation_node.egg-info/requires.txt
[12.934s] writing top-level names to ../../build/navigation_node/navigation_node.egg-info/top_level.txt
[13.355s] reading manifest file '../../build/navigation_node/navigation_node.egg-info/SOURCES.txt'
[13.358s] writing manifest file '../../build/navigation_node/navigation_node.egg-info/SOURCES.txt'
[13.359s] running build
[13.360s] running build_py
[13.361s] copying navigation_node/nav_node_go.py -> /home/unitree/106a_final/build/navigation_node/build/lib/navigation_node
[13.364s] running install
[13.377s] running install_lib
[13.398s] copying /home/unitree/106a_final/build/navigation_node/build/lib/navigation_node/nav_node_go.py -> /home/unitree/106a_final/install/navigation_node/lib/python3.8/site-packages/navigation_node
[13.401s] byte-compiling /home/unitree/106a_final/install/navigation_node/lib/python3.8/site-packages/navigation_node/nav_node_go.py to nav_node_go.cpython-38.pyc
[13.408s] running install_data
[13.410s] running install_egg_info
[13.421s] removing '/home/unitree/106a_final/install/navigation_node/lib/python3.8/site-packages/navigation_node-0.0.0-py3.8.egg-info' (and everything under it)
[13.422s] Copying ../../build/navigation_node/navigation_node.egg-info to /home/unitree/106a_final/install/navigation_node/lib/python3.8/site-packages/navigation_node-0.0.0-py3.8.egg-info
[13.424s] running install_scripts
[13.516s] Installing nav_node_go script to /home/unitree/106a_final/install/navigation_node/lib/navigation_node
[13.521s] writing list of installed files to '/home/unitree/106a_final/build/navigation_node/install.log'
[17.798s] Invoked command in '/home/unitree/106a_final/src/navigation_node' returned '0': PYTHONPATH=/home/unitree/106a_final/build/navigation_node/prefix_override:/home/unitree/106a_final/install/navigation_node/lib/python3.8/site-packages:${PYTHONPATH} /usr/bin/python3 setup.py egg_info --egg-base ../../build/navigation_node build --build-base /home/unitree/106a_final/build/navigation_node/build install --record /home/unitree/106a_final/build/navigation_node/install.log --install-scripts $base/lib/navigation_node --single-version-externally-managed
