[6.482s] Invoking command in '/home/unitree/106a_final/src/navigation_node_two': PYTHONPATH=/home/unitree/106a_final/build/navigation_node_two/prefix_override:/home/unitree/106a_final/install/navigation_node_two/lib/python3.8/site-packages:${PYTHONPATH} /usr/bin/python3 setup.py egg_info --egg-base ../../build/navigation_node_two build --build-base /home/unitree/106a_final/build/navigation_node_two/build install --record /home/unitree/106a_final/build/navigation_node_two/install.log --install-scripts $base/lib/navigation_node_two --single-version-externally-managed
[7.031s] running egg_info
[7.033s] writing ../../build/navigation_node_two/navigation_node_two.egg-info/PKG-INFO
[7.033s] writing dependency_links to ../../build/navigation_node_two/navigation_node_two.egg-info/dependency_links.txt
[7.034s] writing entry points to ../../build/navigation_node_two/navigation_node_two.egg-info/entry_points.txt
[7.034s] writing requirements to ../../build/navigation_node_two/navigation_node_two.egg-info/requires.txt
[7.035s] writing top-level names to ../../build/navigation_node_two/navigation_node_two.egg-info/top_level.txt
[7.119s] reading manifest file '../../build/navigation_node_two/navigation_node_two.egg-info/SOURCES.txt'
[7.120s] writing manifest file '../../build/navigation_node_two/navigation_node_two.egg-info/SOURCES.txt'
[7.120s] running build
[7.120s] running build_py
[7.121s] running install
[7.123s] running install_lib
[7.136s] running install_data
[7.137s] running install_egg_info
[7.144s] removing '/home/unitree/106a_final/install/navigation_node_two/lib/python3.8/site-packages/navigation_node_two-0.0.0-py3.8.egg-info' (and everything under it)
[7.144s] Copying ../../build/navigation_node_two/navigation_node_two.egg-info to /home/unitree/106a_final/install/navigation_node_two/lib/python3.8/site-packages/navigation_node_two-0.0.0-py3.8.egg-info
[7.147s] running install_scripts
[7.211s] Installing nav_to_bottle script to /home/unitree/106a_final/install/navigation_node_two/lib/navigation_node_two
[7.212s] Installing pose_bridge_node script to /home/unitree/106a_final/install/navigation_node_two/lib/navigation_node_two
[7.212s] writing list of installed files to '/home/unitree/106a_final/build/navigation_node_two/install.log'
[7.329s] Invoked command in '/home/unitree/106a_final/src/navigation_node_two' returned '0': PYTHONPATH=/home/unitree/106a_final/build/navigation_node_two/prefix_override:/home/unitree/106a_final/install/navigation_node_two/lib/python3.8/site-packages:${PYTHONPATH} /usr/bin/python3 setup.py egg_info --egg-base ../../build/navigation_node_two build --build-base /home/unitree/106a_final/build/navigation_node_two/build install --record /home/unitree/106a_final/build/navigation_node_two/install.log --install-scripts $base/lib/navigation_node_two --single-version-externally-managed
