[5.668s] Invoking command in '/home/unitree/106a_final/src/vision_node': PYTHONPATH=/home/unitree/106a_final/build/vision_node/prefix_override:/home/unitree/106a_final/install/vision_node/lib/python3.8/site-packages:${PYTHONPATH} /usr/bin/python3 setup.py egg_info --egg-base ../../build/vision_node build --build-base /home/unitree/106a_final/build/vision_node/build install --record /home/unitree/106a_final/build/vision_node/install.log --install-scripts $base/lib/vision_node --single-version-externally-managed
[6.804s] running egg_info
[6.805s] writing ../../build/vision_node/vision_node.egg-info/PKG-INFO
[6.805s] writing dependency_links to ../../build/vision_node/vision_node.egg-info/dependency_links.txt
[6.806s] writing entry points to ../../build/vision_node/vision_node.egg-info/entry_points.txt
[6.806s] writing requirements to ../../build/vision_node/vision_node.egg-info/requires.txt
[6.806s] writing top-level names to ../../build/vision_node/vision_node.egg-info/top_level.txt
[6.892s] reading manifest file '../../build/vision_node/vision_node.egg-info/SOURCES.txt'
[6.894s] writing manifest file '../../build/vision_node/vision_node.egg-info/SOURCES.txt'
[6.894s] running build
[6.894s] running build_py
[6.895s] running install
[6.898s] running install_lib
[6.901s] running install_data
[6.902s] running install_egg_info
[6.907s] removing '/home/unitree/106a_final/install/vision_node/lib/python3.8/site-packages/vision_node-0.0.0-py3.8.egg-info' (and everything under it)
[6.907s] Copying ../../build/vision_node/vision_node.egg-info to /home/unitree/106a_final/install/vision_node/lib/python3.8/site-packages/vision_node-0.0.0-py3.8.egg-info
[6.909s] running install_scripts
[6.970s] Installing pingpong_node script to /home/unitree/106a_final/install/vision_node/lib/vision_node
[6.970s] writing list of installed files to '/home/unitree/106a_final/build/vision_node/install.log'
[7.132s] Invoked command in '/home/unitree/106a_final/src/vision_node' returned '0': PYTHONPATH=/home/unitree/106a_final/build/vision_node/prefix_override:/home/unitree/106a_final/install/vision_node/lib/python3.8/site-packages:${PYTHONPATH} /usr/bin/python3 setup.py egg_info --egg-base ../../build/vision_node build --build-base /home/unitree/106a_final/build/vision_node/build install --record /home/unitree/106a_final/build/vision_node/install.log --install-scripts $base/lib/vision_node --single-version-externally-managed
