[1.022s] Invoking command in '/home/unitree/106a_final/build/marm_code': /usr/bin/cmake /home/unitree/106a_final/src/d1_sdk -DCMAKE_INSTALL_PREFIX=/home/unitree/106a_final/install/marm_code
[1.292s] -- The C compiler identification is GNU 9.4.0
[1.501s] -- The CXX compiler identification is GNU 9.4.0
[1.515s] -- Check for working C compiler: /usr/bin/cc
[1.708s] -- Check for working C compiler: /usr/bin/cc -- works
[1.710s] -- Detecting C compiler ABI info
[1.890s] -- Detecting C compiler ABI info - done
[1.929s] -- Detecting C compile features
[1.929s] -- Detecting C compile features - done
[1.942s] -- Check for working CXX compiler: /usr/bin/c++
[2.164s] -- Check for working CXX compiler: /usr/bin/c++ -- works
[2.166s] -- Detecting CXX compiler ABI info
[2.363s] -- Detecting CXX compiler ABI info - done
[2.397s] -- Detecting CXX compile features
[2.399s] -- Detecting CXX compile features - done
[2.403s] -- Configuring done
[2.425s] -- Generating done
[2.430s] -- Build files have been written to: /home/unitree/106a_final/build/marm_code
[2.442s] Invoked command in '/home/unitree/106a_final/build/marm_code' returned '0': /usr/bin/cmake /home/unitree/106a_final/src/d1_sdk -DCMAKE_INSTALL_PREFIX=/home/unitree/106a_final/install/marm_code
[2.449s] Invoking command in '/home/unitree/106a_final/build/marm_code': /usr/bin/cmake --build /home/unitree/106a_final/build/marm_code -- -j4 -l4
[2.549s] [35m[1mScanning dependencies of target get_arm_joint_angle[0m
[2.550s] [35m[1mScanning dependencies of target joint_enable_control[0m
[2.611s] [35m[1mScanning dependencies of target arm_zero_control[0m
[2.611s] [  6%] [32mBuilding CXX object CMakeFiles/joint_enable_control.dir/src/joint_enable_control.cpp.o[0m
[2.614s] [35m[1mScanning dependencies of target multiple_joint_angle_control[0m
[2.645s] [ 12%] [32mBuilding CXX object CMakeFiles/get_arm_joint_angle.dir/src/get_arm_joint_angle.cpp.o[0m
[2.651s] [ 18%] [32mBuilding CXX object CMakeFiles/arm_zero_control.dir/src/arm_zero_control.cpp.o[0m
[2.679s] [ 25%] [32mBuilding CXX object CMakeFiles/multiple_joint_angle_control.dir/src/multiple_joint_angle_control.cpp.o[0m
[15.396s] [ 31%] [32mBuilding CXX object CMakeFiles/joint_enable_control.dir/src/msg/ArmString_.cpp.o[0m
[15.821s] [ 37%] [32mBuilding CXX object CMakeFiles/arm_zero_control.dir/src/msg/ArmString_.cpp.o[0m
[15.946s] [ 43%] [32mBuilding CXX object CMakeFiles/multiple_joint_angle_control.dir/src/msg/ArmString_.cpp.o[0m
[19.466s] [ 50%] [32m[1mLinking CXX executable joint_enable_control[0m
[19.668s] [ 56%] [32m[1mLinking CXX executable arm_zero_control[0m
[19.860s] [ 62%] [32m[1mLinking CXX executable multiple_joint_angle_control[0m
[21.580s] [ 62%] Built target joint_enable_control
[21.732s] [35m[1mScanning dependencies of target joint_angle_control[0m
[21.826s] [ 62%] Built target arm_zero_control
[21.861s] [ 68%] [32mBuilding CXX object CMakeFiles/joint_angle_control.dir/src/joint_angle_control.cpp.o[0m
[21.917s] [ 75%] [32mBuilding CXX object CMakeFiles/joint_angle_control.dir/src/msg/ArmString_.cpp.o[0m
[21.951s] [ 75%] Built target multiple_joint_angle_control
[23.144s] [ 81%] [32mBuilding CXX object CMakeFiles/get_arm_joint_angle.dir/src/msg/ArmString_.cpp.o[0m
[26.625s] [ 87%] [32mBuilding CXX object CMakeFiles/get_arm_joint_angle.dir/src/msg/PubServoInfo_.cpp.o[0m
[28.975s] [ 93%] [32m[1mLinking CXX executable get_arm_joint_angle[0m
[30.489s] [ 93%] Built target get_arm_joint_angle
[31.635s] [100%] [32m[1mLinking CXX executable joint_angle_control[0m
[32.443s] [100%] Built target joint_angle_control
[32.477s] Invoked command in '/home/unitree/106a_final/build/marm_code' returned '0': /usr/bin/cmake --build /home/unitree/106a_final/build/marm_code -- -j4 -l4
