[1.969s] Invoking command in '/home/unitree/106a_final/build/arm_driver': CMAKE_PREFIX_PATH=${CMAKE_PREFIX_PATH}:/opt/ros/foxy /usr/bin/cmake --build /home/unitree/106a_final/build/arm_driver -- -j4 -l4
[2.803s] [ 66%] Built target d1_wrapper
[2.803s] [100%] Built target servo_driver
[2.806s] Invoked command in '/home/unitree/106a_final/build/arm_driver' returned '0': CMAKE_PREFIX_PATH=${CMAKE_PREFIX_PATH}:/opt/ros/foxy /usr/bin/cmake --build /home/unitree/106a_final/build/arm_driver -- -j4 -l4
[2.840s] Invoking command in '/home/unitree/106a_final/build/arm_driver': CMAKE_PREFIX_PATH=${CMAKE_PREFIX_PATH}:/opt/ros/foxy /usr/bin/cmake --install /home/unitree/106a_final/build/arm_driver
[2.865s] -- Install configuration: ""
[2.865s] -- Up-to-date: /home/unitree/106a_final/install/arm_driver/lib/arm_driver/servo_driver
[2.865s] -- Up-to-date: /home/unitree/106a_final/install/arm_driver/share/arm_driver/launch
[2.866s] -- Up-to-date: /home/unitree/106a_final/install/arm_driver/share/arm_driver/launch/arm_driver.launch.py
[2.866s] -- Up-to-date: /home/unitree/106a_final/install/arm_driver/share/ament_index/resource_index/package_run_dependencies/arm_driver
[2.866s] -- Up-to-date: /home/unitree/106a_final/install/arm_driver/share/ament_index/resource_index/parent_prefix_path/arm_driver
[2.866s] -- Up-to-date: /home/unitree/106a_final/install/arm_driver/share/arm_driver/environment/ament_prefix_path.sh
[2.867s] -- Up-to-date: /home/unitree/106a_final/install/arm_driver/share/arm_driver/environment/ament_prefix_path.dsv
[2.867s] -- Up-to-date: /home/unitree/106a_final/install/arm_driver/share/arm_driver/environment/path.sh
[2.867s] -- Up-to-date: /home/unitree/106a_final/install/arm_driver/share/arm_driver/environment/path.dsv
[2.867s] -- Up-to-date: /home/unitree/106a_final/install/arm_driver/share/arm_driver/local_setup.bash
[2.867s] -- Up-to-date: /home/unitree/106a_final/install/arm_driver/share/arm_driver/local_setup.sh
[2.867s] -- Up-to-date: /home/unitree/106a_final/install/arm_driver/share/arm_driver/local_setup.zsh
[2.868s] -- Up-to-date: /home/unitree/106a_final/install/arm_driver/share/arm_driver/local_setup.dsv
[2.868s] -- Installing: /home/unitree/106a_final/install/arm_driver/share/arm_driver/package.dsv
[2.868s] -- Up-to-date: /home/unitree/106a_final/install/arm_driver/share/ament_index/resource_index/packages/arm_driver
[2.868s] -- Up-to-date: /home/unitree/106a_final/install/arm_driver/share/arm_driver/cmake/arm_driverConfig.cmake
[2.868s] -- Up-to-date: /home/unitree/106a_final/install/arm_driver/share/arm_driver/cmake/arm_driverConfig-version.cmake
[2.868s] -- Up-to-date: /home/unitree/106a_final/install/arm_driver/share/arm_driver/package.xml
[2.891s] Invoked command in '/home/unitree/106a_final/build/arm_driver' returned '0': CMAKE_PREFIX_PATH=${CMAKE_PREFIX_PATH}:/opt/ros/foxy /usr/bin/cmake --install /home/unitree/106a_final/build/arm_driver
