make: Warning: File 'Makefile' has modification time 1764711433 s in the future
make[1]: Warning: File 'CMakeFiles/Makefile2' has modification time 1764711433 s in the future
make[2]: Warning: File 'example/wireless_controller/CMakeFiles/advanced_gamepad.dir/flags.make' has modification time 1764711433 s in the future
make[2]: Warning: File 'example/helloworld/CMakeFiles/test_publisher.dir/flags.make' has modification time 1764711433 s in the future
make[2]: Warning: File 'example/helloworld/CMakeFiles/test_subscriber.dir/flags.make' has modification time 1764711433 s in the future
make[2]: Warning: File 'example/jsonize/CMakeFiles/test_jsonize.dir/flags.make' has modification time 1764711433 s in the future
make[2]: warning:  Clock skew detected.  Your build may be incomplete.
make[2]: Warning: File 'example/jsonize/CMakeFiles/test_jsonize.dir/flags.make' has modification time 1764711433 s in the future
make[2]: warning:  Clock skew detected.  Your build may be incomplete.
make[2]: warning:  Clock skew detected.  Your build may be incomplete.
make[2]: warning:  Clock skew detected.  Your build may be incomplete.
make[2]: warning:  Clock skew detected.  Your build may be incomplete.
make[2]: Warning: File 'example/state_machine/CMakeFiles/state_machine_example.dir/flags.make' has modification time 1764711433 s in the future
make[2]: Warning: File 'example/helloworld/CMakeFiles/test_publisher.dir/flags.make' has modification time 1764711433 s in the future
make[2]: Warning: File 'example/helloworld/CMakeFiles/test_subscriber.dir/flags.make' has modification time 1764711433 s in the future
make[2]: warning:  Clock skew detected.  Your build may be incomplete.
make[2]: Warning: File 'example/wireless_controller/CMakeFiles/advanced_gamepad.dir/flags.make' has modification time 1764711433 s in the future
make[2]: warning:  Clock skew detected.  Your build may be incomplete.
make[2]: warning:  Clock skew detected.  Your build may be incomplete.
make[2]: warning:  Clock skew detected.  Your build may be incomplete.
make[2]: Warning: File 'example/state_machine/CMakeFiles/state_machine_example.dir/flags.make' has modification time 1764711433 s in the future
make[2]: warning:  Clock skew detected.  Your build may be incomplete.
make[2]: Warning: File 'example/go2/CMakeFiles/go2_video_client.dir/flags.make' has modification time 1764711433 s in the future
make[2]: Warning: File 'example/go2/CMakeFiles/go2_robot_state_client.dir/flags.make' has modification time 1764711433 s in the future
make[2]: Warning: File 'example/go2/CMakeFiles/go2_stand_example.dir/flags.make' has modification time 1764711433 s in the future
make[2]: warning:  Clock skew detected.  Your build may be incomplete.
make[2]: warning:  Clock skew detected.  Your build may be incomplete.
make[2]: Warning: File 'example/go2/CMakeFiles/go2_video_client.dir/flags.make' has modification time 1764711433 s in the future
make[2]: warning:  Clock skew detected.  Your build may be incomplete.
make[2]: Warning: File 'example/go2/CMakeFiles/go2_low_level.dir/flags.make' has modification time 1764711433 s in the future
make[2]: Warning: File 'example/go2/CMakeFiles/go2_robot_state_client.dir/flags.make' has modification time 1764711433 s in the future
make[2]: warning:  Clock skew detected.  Your build may be incomplete.
make[2]: warning:  Clock skew detected.  Your build may be incomplete.
make[2]: Warning: File 'example/go2/CMakeFiles/go2_stand_example.dir/flags.make' has modification time 1764711433 s in the future
make[2]: warning:  Clock skew detected.  Your build may be incomplete.
make[2]: Warning: File 'example/go2/CMakeFiles/go2_vui_client.dir/flags.make' has modification time 1764711433 s in the future
make[2]: warning:  Clock skew detected.  Your build may be incomplete.
make[2]: Warning: File 'example/go2/CMakeFiles/go2_low_level.dir/flags.make' has modification time 1764711433 s in the future
make[2]: Warning: File 'example/go2/CMakeFiles/go2_sport_client.dir/flags.make' has modification time 1764711433 s in the future
make[2]: warning:  Clock skew detected.  Your build may be incomplete.
make[2]: warning:  Clock skew detected.  Your build may be incomplete.
make[2]: Warning: File 'example/go2/CMakeFiles/go2_vui_client.dir/flags.make' has modification time 1764711433 s in the future
make[2]: warning:  Clock skew detected.  Your build may be incomplete.
make[2]: warning:  Clock skew detected.  Your build may be incomplete.
make[2]: Warning: File 'example/b2/CMakeFiles/b2_stand_example.dir/flags.make' has modification time 1764711433 s in the future
make[2]: Warning: File 'example/go2/CMakeFiles/go2_sport_client.dir/flags.make' has modification time 1764711433 s in the future
make[2]: Warning: File 'example/b2/CMakeFiles/b2_sport_client.dir/flags.make' has modification time 1764711433 s in the future
make[2]: warning:  Clock skew detected.  Your build may be incomplete.
make[2]: warning:  Clock skew detected.  Your build may be incomplete.
make[2]: Warning: File 'example/h1/CMakeFiles/h1_2_arm_sdk_dds_example.dir/flags.make' has modification time 1764711433 s in the future
make[2]: Warning: File 'example/b2/CMakeFiles/b2_stand_example.dir/flags.make' has modification time 1764711433 s in the future
make[2]: warning:  Clock skew detected.  Your build may be incomplete.
make[2]: Warning: File 'example/b2/CMakeFiles/b2_sport_client.dir/flags.make' has modification time 1764711433 s in the future
make[2]: warning:  Clock skew detected.  Your build may be incomplete.
make[2]: warning:  Clock skew detected.  Your build may be incomplete.
make[2]: Warning: File 'example/h1/CMakeFiles/h1_arm_sdk_dds_example.dir/flags.make' has modification time 1764711433 s in the future
make[2]: warning:  Clock skew detected.  Your build may be incomplete.
make[2]: Warning: File 'example/h1/CMakeFiles/h1_2_arm_sdk_dds_example.dir/flags.make' has modification time 1764711433 s in the future
make[2]: warning:  Clock skew detected.  Your build may be incomplete.
make[2]: Warning: File 'example/h1/CMakeFiles/h1_2_ankle_track.dir/flags.make' has modification time 1764711433 s in the future
make[2]: warning:  Clock skew detected.  Your build may be incomplete.
make[2]: Warning: File 'example/h1/CMakeFiles/h1_arm_sdk_dds_example.dir/flags.make' has modification time 1764711433 s in the future
make[2]: warning:  Clock skew detected.  Your build may be incomplete.
make[2]: warning:  Clock skew detected.  Your build may be incomplete.
make[2]: Warning: File 'example/h1/CMakeFiles/h1_27dof_example.dir/flags.make' has modification time 1764711433 s in the future
make[2]: Warning: File 'example/h1/CMakeFiles/h1_2_ankle_track.dir/flags.make' has modification time 1764711433 s in the future
make[2]: warning:  Clock skew detected.  Your build may be incomplete.
make[2]: Warning: File 'example/h1/CMakeFiles/h1_low_level_example.dir/flags.make' has modification time 1764711433 s in the future
make[2]: warning:  Clock skew detected.  Your build may be incomplete.
make[2]: Warning: File 'example/h1/CMakeFiles/h1_27dof_example.dir/flags.make' has modification time 1764711433 s in the future
make[2]: warning:  Clock skew detected.  Your build may be incomplete.
make[2]: warning:  Clock skew detected.  Your build may be incomplete.
make[2]: Warning: File 'example/h1/CMakeFiles/h1_loco_client.dir/flags.make' has modification time 1764711433 s in the future
make[2]: Warning: File 'example/h1/CMakeFiles/h1_low_level_example.dir/flags.make' has modification time 1764711433 s in the future
make[2]: warning:  Clock skew detected.  Your build may be incomplete.
make[2]: Warning: File 'example/g1/CMakeFiles/g1_arm7_sdk_dds_example.dir/flags.make' has modification time 1764711433 s in the future
make[2]: warning:  Clock skew detected.  Your build may be incomplete.
make[2]: Warning: File 'example/h1/CMakeFiles/h1_loco_client.dir/flags.make' has modification time 1764711433 s in the future
make[2]: Warning: File 'example/g1/CMakeFiles/g1_loco_client.dir/flags.make' has modification time 1764711433 s in the future
make[2]: Warning: File 'example/g1/CMakeFiles/g1_arm5_sdk_dds_example.dir/flags.make' has modification time 1764711433 s in the future
make[2]: warning:  Clock skew detected.  Your build may be incomplete.
make[2]: warning:  Clock skew detected.  Your build may be incomplete.
make[2]: Warning: File 'example/g1/CMakeFiles/g1_arm7_sdk_dds_example.dir/flags.make' has modification time 1764711433 s in the future
make[2]: warning:  Clock skew detected.  Your build may be incomplete.
make[2]: warning:  Clock skew detected.  Your build may be incomplete.
make[2]: Warning: File 'example/g1/CMakeFiles/g1_loco_client.dir/flags.make' has modification time 1764711433 s in the future
make[2]: warning:  Clock skew detected.  Your build may be incomplete.
make[2]: warning:  Clock skew detected.  Your build may be incomplete.
make[2]: Warning: File 'example/g1/CMakeFiles/g1_arm5_sdk_dds_example.dir/flags.make' has modification time 1764711433 s in the future
make[2]: warning:  Clock skew detected.  Your build may be incomplete.
make[2]: Warning: File 'example/g1/CMakeFiles/g1_ankle_swing_example.dir/flags.make' has modification time 1764711433 s in the future
make[2]: Warning: File 'example/g1/CMakeFiles/g1_dex3_example.dir/flags.make' has modification time 1764711432 s in the future
make[2]: Warning: File 'example/g1/CMakeFiles/g1_agv_client_example.dir/flags.make' has modification time 1764711432 s in the future
make[2]: Warning: File 'example/g1/CMakeFiles/g1_audio_client_example.dir/flags.make' has modification time 1764711432 s in the future
make[2]: warning:  Clock skew detected.  Your build may be incomplete.
make[2]: Warning: File 'example/g1/CMakeFiles/g1_ankle_swing_example.dir/flags.make' has modification time 1764711432 s in the future
make[2]: warning:  Clock skew detected.  Your build may be incomplete.
make[2]: warning:  Clock skew detected.  Your build may be incomplete.
make[2]: warning:  Clock skew detected.  Your build may be incomplete.
make[2]: warning:  Clock skew detected.  Your build may be incomplete.
make[2]: Warning: File 'example/g1/CMakeFiles/g1_audio_client_example.dir/flags.make' has modification time 1764711432 s in the future
make[2]: Warning: File 'example/g1/CMakeFiles/g1_dex3_example.dir/flags.make' has modification time 1764711432 s in the future
make[2]: Warning: File 'example/g1/CMakeFiles/g1_agv_client_example.dir/flags.make' has modification time 1764711432 s in the future
make[2]: warning:  Clock skew detected.  Your build may be incomplete.
make[2]: warning:  Clock skew detected.  Your build may be incomplete.
make[2]: warning:  Clock skew detected.  Your build may be incomplete.
make[2]: Warning: File 'example/g1/CMakeFiles/g1_termination.dir/flags.make' has modification time 1764711432 s in the future
make[2]: Warning: File 'example/g1/CMakeFiles/g1_arm_action_example.dir/flags.make' has modification time 1764711432 s in the future
make[2]: Warning: File 'example/g1/CMakeFiles/g1_dual_arm_example.dir/flags.make' has modification time 1764711432 s in the future
make[2]: warning:  Clock skew detected.  Your build may be incomplete.
make[2]: Warning: File 'example/go2w/CMakeFiles/go2w_stand_example.dir/flags.make' has modification time 1764711432 s in the future
make[2]: Warning: File 'example/g1/CMakeFiles/g1_termination.dir/flags.make' has modification time 1764711432 s in the future
make[2]: warning:  Clock skew detected.  Your build may be incomplete.
make[2]: warning:  Clock skew detected.  Your build may be incomplete.
make[2]: Warning: File 'example/g1/CMakeFiles/g1_arm_action_example.dir/flags.make' has modification time 1764711432 s in the future
make[2]: warning:  Clock skew detected.  Your build may be incomplete.
make[2]: warning:  Clock skew detected.  Your build may be incomplete.
make[2]: Warning: File 'example/g1/CMakeFiles/g1_dual_arm_example.dir/flags.make' has modification time 1764711432 s in the future
make[2]: warning:  Clock skew detected.  Your build may be incomplete.
make[2]: Warning: File 'example/go2w/CMakeFiles/go2w_sport_client.dir/flags.make' has modification time 1764711432 s in the future
make[2]: warning:  Clock skew detected.  Your build may be incomplete.
make[2]: Warning: File 'example/go2w/CMakeFiles/go2w_stand_example.dir/flags.make' has modification time 1764711432 s in the future
make[2]: warning:  Clock skew detected.  Your build may be incomplete.
make[2]: warning:  Clock skew detected.  Your build may be incomplete.
make[2]: Warning: File 'example/go2w/CMakeFiles/go2w_sport_client.dir/flags.make' has modification time 1764711432 s in the future
make[2]: warning:  Clock skew detected.  Your build may be incomplete.
make[2]: Warning: File 'example/b2w/CMakeFiles/b2w_sport_client.dir/flags.make' has modification time 1764711432 s in the future
make[2]: Warning: File 'example/b2w/CMakeFiles/b2w_stand_example.dir/flags.make' has modification time 1764711432 s in the future
make[2]: Warning: File 'example/a2/CMakeFiles/a2_sport_state.dir/flags.make' has modification time 1764711432 s in the future
make[2]: warning:  Clock skew detected.  Your build may be incomplete.
make[2]: Warning: File 'example/a2/CMakeFiles/a2_sport_state.dir/flags.make' has modification time 1764711432 s in the future
make[2]: Warning: File 'example/a2/CMakeFiles/a2_sport_client.dir/flags.make' has modification time 1764711432 s in the future
make[2]: warning:  Clock skew detected.  Your build may be incomplete.
make[2]: warning:  Clock skew detected.  Your build may be incomplete.
make[2]: warning:  Clock skew detected.  Your build may be incomplete.
make[2]: Warning: File 'example/b2w/CMakeFiles/b2w_sport_client.dir/flags.make' has modification time 1764711432 s in the future
make[2]: warning:  Clock skew detected.  Your build may be incomplete.
make[2]: Warning: File 'example/b2w/CMakeFiles/b2w_stand_example.dir/flags.make' has modification time 1764711432 s in the future
make[2]: warning:  Clock skew detected.  Your build may be incomplete.
make[2]: warning:  Clock skew detected.  Your build may be incomplete.
make[2]: Warning: File 'example/a2/CMakeFiles/a2_sport_client.dir/flags.make' has modification time 1764711432 s in the future
make[2]: warning:  Clock skew detected.  Your build may be incomplete.
make[1]: warning:  Clock skew detected.  Your build may be incomplete.
make: warning:  Clock skew detected.  Your build may be incomplete.
