[8.017s] Invoking command in '/home/unitree/106a_final/src/aruco_node': PYTHONPATH=/home/unitree/106a_final/build/aruco_node/prefix_override:/home/unitree/106a_final/install/aruco_node/lib/python3.8/site-packages:${PYTHONPATH} /usr/bin/python3 setup.py egg_info --egg-base ../../build/aruco_node build --build-base /home/unitree/106a_final/build/aruco_node/build install --record /home/unitree/106a_final/build/aruco_node/install.log --single-version-externally-managed
[8.995s] running egg_info
[9.001s] writing ../../build/aruco_node/aruco_node.egg-info/PKG-INFO
[9.011s] writing dependency_links to ../../build/aruco_node/aruco_node.egg-info/dependency_links.txt
[9.012s] writing entry points to ../../build/aruco_node/aruco_node.egg-info/entry_points.txt
[9.012s] writing requirements to ../../build/aruco_node/aruco_node.egg-info/requires.txt
[9.012s] writing top-level names to ../../build/aruco_node/aruco_node.egg-info/top_level.txt
[9.204s] reading manifest file '../../build/aruco_node/aruco_node.egg-info/SOURCES.txt'
[9.218s] writing manifest file '../../build/aruco_node/aruco_node.egg-info/SOURCES.txt'
[9.219s] running build
[9.219s] running build_py
[9.220s] running install
[9.221s] running install_lib
[9.224s] running install_data
[9.225s] running install_egg_info
[9.241s] removing '/home/unitree/106a_final/install/aruco_node/lib/python3.8/site-packages/aruco_node-0.0.0-py3.8.egg-info' (and everything under it)
[9.244s] Copying ../../build/aruco_node/aruco_node.egg-info to /home/unitree/106a_final/install/aruco_node/lib/python3.8/site-packages/aruco_node-0.0.0-py3.8.egg-info
[9.250s] running install_scripts
[9.402s] Installing aruco script to /home/unitree/106a_final/install/aruco_node/lib/aruco_node
[9.406s] writing list of installed files to '/home/unitree/106a_final/build/aruco_node/install.log'
[10.052s] Invoked command in '/home/unitree/106a_final/src/aruco_node' returned '0': PYTHONPATH=/home/unitree/106a_final/build/aruco_node/prefix_override:/home/unitree/106a_final/install/aruco_node/lib/python3.8/site-packages:${PYTHONPATH} /usr/bin/python3 setup.py egg_info --egg-base ../../build/aruco_node build --build-base /home/unitree/106a_final/build/aruco_node/build install --record /home/unitree/106a_final/build/aruco_node/install.log --single-version-externally-managed
