[5.238s] Invoking command in '/home/unitree/106a_final/src/arm_control': PYTHONPATH=/home/unitree/106a_final/build/arm_control/prefix_override:/home/unitree/106a_final/install/arm_control/lib/python3.8/site-packages:${PYTHONPATH} /usr/bin/python3 setup.py egg_info --egg-base ../../build/arm_control build --build-base /home/unitree/106a_final/build/arm_control/build install --record /home/unitree/106a_final/build/arm_control/install.log --install-scripts $base/lib/arm_control --single-version-externally-managed
[5.705s] running egg_info
[5.707s] writing ../../build/arm_control/arm_control.egg-info/PKG-INFO
[5.707s] writing dependency_links to ../../build/arm_control/arm_control.egg-info/dependency_links.txt
[5.708s] writing entry points to ../../build/arm_control/arm_control.egg-info/entry_points.txt
[5.708s] writing requirements to ../../build/arm_control/arm_control.egg-info/requires.txt
[5.709s] writing top-level names to ../../build/arm_control/arm_control.egg-info/top_level.txt
[5.776s] reading manifest file '../../build/arm_control/arm_control.egg-info/SOURCES.txt'
[5.778s] writing manifest file '../../build/arm_control/arm_control.egg-info/SOURCES.txt'
[5.778s] running build
[5.779s] running build_py
[5.779s] running install
[5.781s] running install_lib
[5.785s] running install_data
[5.788s] running install_egg_info
[5.792s] removing '/home/unitree/106a_final/install/arm_control/lib/python3.8/site-packages/arm_control-0.0.0-py3.8.egg-info' (and everything under it)
[5.792s] Copying ../../build/arm_control/arm_control.egg-info to /home/unitree/106a_final/install/arm_control/lib/python3.8/site-packages/arm_control-0.0.0-py3.8.egg-info
[5.795s] running install_scripts
[5.837s] Installing arm_node script to /home/unitree/106a_final/install/arm_control/lib/arm_control
[5.838s] Installing servo_driver script to /home/unitree/106a_final/install/arm_control/lib/arm_control
[5.839s] writing list of installed files to '/home/unitree/106a_final/build/arm_control/install.log'
[6.645s] Invoked command in '/home/unitree/106a_final/src/arm_control' returned '0': PYTHONPATH=/home/unitree/106a_final/build/arm_control/prefix_override:/home/unitree/106a_final/install/arm_control/lib/python3.8/site-packages:${PYTHONPATH} /usr/bin/python3 setup.py egg_info --egg-base ../../build/arm_control build --build-base /home/unitree/106a_final/build/arm_control/build install --record /home/unitree/106a_final/build/arm_control/install.log --install-scripts $base/lib/arm_control --single-version-externally-managed
