[6.216s] Invoking command in '/home/unitree/106a_final/src/aruco_node': PYTHONPATH=/home/unitree/106a_final/build/aruco_node/prefix_override:/home/unitree/106a_final/install/aruco_node/lib/python3.8/site-packages:${PYTHONPATH} /usr/bin/python3 setup.py egg_info --egg-base ../../build/aruco_node build --build-base /home/unitree/106a_final/build/aruco_node/build install --record /home/unitree/106a_final/build/aruco_node/install.log --single-version-externally-managed
[6.915s] running egg_info
[6.918s] writing ../../build/aruco_node/aruco_node.egg-info/PKG-INFO
[6.920s] writing dependency_links to ../../build/aruco_node/aruco_node.egg-info/dependency_links.txt
[6.921s] writing entry points to ../../build/aruco_node/aruco_node.egg-info/entry_points.txt
[6.922s] writing requirements to ../../build/aruco_node/aruco_node.egg-info/requires.txt
[6.922s] writing top-level names to ../../build/aruco_node/aruco_node.egg-info/top_level.txt
[6.997s] reading manifest file '../../build/aruco_node/aruco_node.egg-info/SOURCES.txt'
[7.000s] writing manifest file '../../build/aruco_node/aruco_node.egg-info/SOURCES.txt'
[7.001s] running build
[7.002s] running build_py
[7.003s] running install
[7.006s] running install_lib
[7.011s] running install_data
[7.013s] running install_egg_info
[7.018s] removing '/home/unitree/106a_final/install/aruco_node/lib/python3.8/site-packages/aruco_node-0.0.0-py3.8.egg-info' (and everything under it)
[7.019s] Copying ../../build/aruco_node/aruco_node.egg-info to /home/unitree/106a_final/install/aruco_node/lib/python3.8/site-packages/aruco_node-0.0.0-py3.8.egg-info
[7.022s] running install_scripts
[7.099s] Installing aruco script to /home/unitree/106a_final/install/aruco_node/lib/aruco_node
[7.101s] writing list of installed files to '/home/unitree/106a_final/build/aruco_node/install.log'
[8.369s] Invoked command in '/home/unitree/106a_final/src/aruco_node' returned '0': PYTHONPATH=/home/unitree/106a_final/build/aruco_node/prefix_override:/home/unitree/106a_final/install/aruco_node/lib/python3.8/site-packages:${PYTHONPATH} /usr/bin/python3 setup.py egg_info --egg-base ../../build/aruco_node build --build-base /home/unitree/106a_final/build/aruco_node/build install --record /home/unitree/106a_final/build/aruco_node/install.log --single-version-externally-managed
