running egg_info
creating ../../build/navigation_node_three/navigation_node_three.egg-info
writing ../../build/navigation_node_three/navigation_node_three.egg-info/PKG-INFO
writing dependency_links to ../../build/navigation_node_three/navigation_node_three.egg-info/dependency_links.txt
writing entry points to ../../build/navigation_node_three/navigation_node_three.egg-info/entry_points.txt
writing requirements to ../../build/navigation_node_three/navigation_node_three.egg-info/requires.txt
writing top-level names to ../../build/navigation_node_three/navigation_node_three.egg-info/top_level.txt
writing manifest file '../../build/navigation_node_three/navigation_node_three.egg-info/SOURCES.txt'
reading manifest file '../../build/navigation_node_three/navigation_node_three.egg-info/SOURCES.txt'
writing manifest file '../../build/navigation_node_three/navigation_node_three.egg-info/SOURCES.txt'
running build
running build_py
creating /home/unitree/106a_final/build/navigation_node_three/build
creating /home/unitree/106a_final/build/navigation_node_three/build/lib
creating /home/unitree/106a_final/build/navigation_node_three/build/lib/navigation_node_three
copying navigation_node_three/__init__.py -> /home/unitree/106a_final/build/navigation_node_three/build/lib/navigation_node_three
running install
running install_lib
creating /home/unitree/106a_final/install/navigation_node_three/lib/python3.8/site-packages/navigation_node_three
copying /home/unitree/106a_final/build/navigation_node_three/build/lib/navigation_node_three/__init__.py -> /home/unitree/106a_final/install/navigation_node_three/lib/python3.8/site-packages/navigation_node_three
byte-compiling /home/unitree/106a_final/install/navigation_node_three/lib/python3.8/site-packages/navigation_node_three/__init__.py to __init__.cpython-38.pyc
running install_data
creating /home/unitree/106a_final/install/navigation_node_three/share/ament_index
creating /home/unitree/106a_final/install/navigation_node_three/share/ament_index/resource_index
creating /home/unitree/106a_final/install/navigation_node_three/share/ament_index/resource_index/packages
copying resource/navigation_node_three -> /home/unitree/106a_final/install/navigation_node_three/share/ament_index/resource_index/packages
copying package.xml -> /home/unitree/106a_final/install/navigation_node_three/share/navigation_node_three
running install_egg_info
Copying ../../build/navigation_node_three/navigation_node_three.egg-info to /home/unitree/106a_final/install/navigation_node_three/lib/python3.8/site-packages/navigation_node_three-0.0.0-py3.8.egg-info
running install_scripts
Installing navigator script to /home/unitree/106a_final/install/navigation_node_three/lib/navigation_node_three
writing list of installed files to '/home/unitree/106a_final/build/navigation_node_three/install.log'
