[10.461s] Invoking command in '/home/unitree/106a_final/src/arm_control': PYTHONPATH=/home/unitree/106a_final/build/arm_control/prefix_override:/home/unitree/106a_final/install/arm_control/lib/python3.8/site-packages:${PYTHONPATH} /usr/bin/python3 setup.py egg_info --egg-base ../../build/arm_control build --build-base /home/unitree/106a_final/build/arm_control/build install --record /home/unitree/106a_final/build/arm_control/install.log --install-scripts $base/lib/arm_control --single-version-externally-managed
[11.965s] running egg_info
[11.966s] writing ../../build/arm_control/arm_control.egg-info/PKG-INFO
[11.966s] writing dependency_links to ../../build/arm_control/arm_control.egg-info/dependency_links.txt
[11.966s] writing entry points to ../../build/arm_control/arm_control.egg-info/entry_points.txt
[11.966s] writing requirements to ../../build/arm_control/arm_control.egg-info/requires.txt
[11.966s] writing top-level names to ../../build/arm_control/arm_control.egg-info/top_level.txt
[11.967s] reading manifest file '../../build/arm_control/arm_control.egg-info/SOURCES.txt'
[11.967s] writing manifest file '../../build/arm_control/arm_control.egg-info/SOURCES.txt'
[11.967s] running build
[11.967s] running build_py
[11.967s] copying arm_control/arm_node.py -> /home/unitree/106a_final/build/arm_control/build/lib/arm_control
[11.967s] running install
[11.967s] running install_lib
[11.968s] copying /home/unitree/106a_final/build/arm_control/build/lib/arm_control/arm_node.py -> /home/unitree/106a_final/install/arm_control/lib/python3.8/site-packages/arm_control
[11.968s] byte-compiling /home/unitree/106a_final/install/arm_control/lib/python3.8/site-packages/arm_control/arm_node.py to arm_node.cpython-38.pyc
[11.968s] running install_data
[11.968s] running install_egg_info
[11.968s] removing '/home/unitree/106a_final/install/arm_control/lib/python3.8/site-packages/arm_control-0.0.0-py3.8.egg-info' (and everything under it)
[11.968s] Copying ../../build/arm_control/arm_control.egg-info to /home/unitree/106a_final/install/arm_control/lib/python3.8/site-packages/arm_control-0.0.0-py3.8.egg-info
[11.968s] running install_scripts
[11.968s] Installing arm_node script to /home/unitree/106a_final/install/arm_control/lib/arm_control
[11.968s] Installing servo_driver script to /home/unitree/106a_final/install/arm_control/lib/arm_control
[11.969s] writing list of installed files to '/home/unitree/106a_final/build/arm_control/install.log'
[13.796s] Invoked command in '/home/unitree/106a_final/src/arm_control' returned '0': PYTHONPATH=/home/unitree/106a_final/build/arm_control/prefix_override:/home/unitree/106a_final/install/arm_control/lib/python3.8/site-packages:${PYTHONPATH} /usr/bin/python3 setup.py egg_info --egg-base ../../build/arm_control build --build-base /home/unitree/106a_final/build/arm_control/build install --record /home/unitree/106a_final/build/arm_control/install.log --install-scripts $base/lib/arm_control --single-version-externally-managed
