[8.410s] Invoking command in '/home/unitree/106a_final/src/arm_control': PYTHONPATH=/home/unitree/106a_final/build/arm_control/prefix_override:/home/unitree/106a_final/install/arm_control/lib/python3.8/site-packages:${PYTHONPATH} /usr/bin/python3 setup.py egg_info --egg-base ../../build/arm_control build --build-base /home/unitree/106a_final/build/arm_control/build install --record /home/unitree/106a_final/build/arm_control/install.log --install-scripts $base/lib/arm_control --single-version-externally-managed
[9.313s] running egg_info
[9.314s] writing ../../build/arm_control/arm_control.egg-info/PKG-INFO
[9.315s] writing dependency_links to ../../build/arm_control/arm_control.egg-info/dependency_links.txt
[9.315s] writing entry points to ../../build/arm_control/arm_control.egg-info/entry_points.txt
[9.316s] writing requirements to ../../build/arm_control/arm_control.egg-info/requires.txt
[9.316s] writing top-level names to ../../build/arm_control/arm_control.egg-info/top_level.txt
[9.389s] reading manifest file '../../build/arm_control/arm_control.egg-info/SOURCES.txt'
[9.390s] writing manifest file '../../build/arm_control/arm_control.egg-info/SOURCES.txt'
[9.390s] running build
[9.391s] running build_py
[9.391s] running install
[9.393s] running install_lib
[9.396s] running install_data
[9.397s] running install_egg_info
[9.401s] removing '/home/unitree/106a_final/install/arm_control/lib/python3.8/site-packages/arm_control-0.0.0-py3.8.egg-info' (and everything under it)
[9.402s] Copying ../../build/arm_control/arm_control.egg-info to /home/unitree/106a_final/install/arm_control/lib/python3.8/site-packages/arm_control-0.0.0-py3.8.egg-info
[9.404s] running install_scripts
[9.448s] Installing arm_node script to /home/unitree/106a_final/install/arm_control/lib/arm_control
[9.448s] Installing servo_driver script to /home/unitree/106a_final/install/arm_control/lib/arm_control
[9.449s] writing list of installed files to '/home/unitree/106a_final/build/arm_control/install.log'
[10.277s] Invoked command in '/home/unitree/106a_final/src/arm_control' returned '0': PYTHONPATH=/home/unitree/106a_final/build/arm_control/prefix_override:/home/unitree/106a_final/install/arm_control/lib/python3.8/site-packages:${PYTHONPATH} /usr/bin/python3 setup.py egg_info --egg-base ../../build/arm_control build --build-base /home/unitree/106a_final/build/arm_control/build install --record /home/unitree/106a_final/build/arm_control/install.log --install-scripts $base/lib/arm_control --single-version-externally-managed
