[2.596s] Invoking command in '/home/unitree/106a_final/build/realsense2_camera': AMENT_PREFIX_PATH=/home/unitree/106a_final/install/realsense2_camera_msgs:${AMENT_PREFIX_PATH} CMAKE_PREFIX_PATH=/home/unitree/106a_final/install/realsense2_camera_msgs:/home/unitree/cyclonedds_ws/install/rmw_cyclonedds_cpp:/home/unitree/cyclonedds_ws/install/cyclonedds:/opt/ros/foxy LD_LIBRARY_PATH=/home/unitree/106a_final/install/realsense2_camera_msgs/lib:${LD_LIBRARY_PATH} PYTHONPATH=/home/unitree/106a_final/install/realsense2_camera_msgs/lib/python3.8/site-packages:${PYTHONPATH} /usr/bin/cmake --build /home/unitree/106a_final/build/realsense2_camera -- -j4 -l4
[2.975s] [ 25%] Built target realsense2_camera_node
[3.095s] [100%] Built target realsense2_camera
[3.613s] Invoked command in '/home/unitree/106a_final/build/realsense2_camera' returned '0': AMENT_PREFIX_PATH=/home/unitree/106a_final/install/realsense2_camera_msgs:${AMENT_PREFIX_PATH} CMAKE_PREFIX_PATH=/home/unitree/106a_final/install/realsense2_camera_msgs:/home/unitree/cyclonedds_ws/install/rmw_cyclonedds_cpp:/home/unitree/cyclonedds_ws/install/cyclonedds:/opt/ros/foxy LD_LIBRARY_PATH=/home/unitree/106a_final/install/realsense2_camera_msgs/lib:${LD_LIBRARY_PATH} PYTHONPATH=/home/unitree/106a_final/install/realsense2_camera_msgs/lib/python3.8/site-packages:${PYTHONPATH} /usr/bin/cmake --build /home/unitree/106a_final/build/realsense2_camera -- -j4 -l4
[3.623s] Invoking command in '/home/unitree/106a_final/build/realsense2_camera': AMENT_PREFIX_PATH=/home/unitree/106a_final/install/realsense2_camera_msgs:${AMENT_PREFIX_PATH} CMAKE_PREFIX_PATH=/home/unitree/106a_final/install/realsense2_camera_msgs:/home/unitree/cyclonedds_ws/install/rmw_cyclonedds_cpp:/home/unitree/cyclonedds_ws/install/cyclonedds:/opt/ros/foxy LD_LIBRARY_PATH=/home/unitree/106a_final/install/realsense2_camera_msgs/lib:${LD_LIBRARY_PATH} PYTHONPATH=/home/unitree/106a_final/install/realsense2_camera_msgs/lib/python3.8/site-packages:${PYTHONPATH} /usr/bin/cmake --install /home/unitree/106a_final/build/realsense2_camera
[3.710s] -- Install configuration: "Release"
[3.712s] -- Up-to-date: /home/unitree/106a_final/install/realsense2_camera/lib/realsense2_camera/realsense2_camera_node
[3.715s] -- Up-to-date: /home/unitree/106a_final/install/realsense2_camera/lib/librealsense2_camera.so
[3.716s] -- Up-to-date: /home/unitree/106a_final/install/realsense2_camera/include
[3.717s] -- Up-to-date: /home/unitree/106a_final/install/realsense2_camera/include/constants.h
[3.717s] -- Up-to-date: /home/unitree/106a_final/install/realsense2_camera/include/realsense_node_factory.h
[3.718s] -- Up-to-date: /home/unitree/106a_final/install/realsense2_camera/include/t265_realsense_node.h
[3.718s] -- Up-to-date: /home/unitree/106a_final/install/realsense2_camera/include/ros_param_backend.h
[3.719s] -- Up-to-date: /home/unitree/106a_final/install/realsense2_camera/include/base_realsense_node.h
[3.719s] -- Up-to-date: /home/unitree/106a_final/install/realsense2_camera/include/dynamic_params.h
[3.720s] -- Up-to-date: /home/unitree/106a_final/install/realsense2_camera/share/realsense2_camera/launch
[3.722s] -- Up-to-date: /home/unitree/106a_final/install/realsense2_camera/share/realsense2_camera/launch/rs_multi_camera_launch.py
[3.723s] -- Up-to-date: /home/unitree/106a_final/install/realsense2_camera/share/realsense2_camera/launch/rs_t265_launch.py
[3.724s] -- Up-to-date: /home/unitree/106a_final/install/realsense2_camera/share/realsense2_camera/launch/rs_launch.py
[3.724s] -- Up-to-date: /home/unitree/106a_final/install/realsense2_camera/share/realsense2_camera/launch/default.rviz
[3.725s] -- Up-to-date: /home/unitree/106a_final/install/realsense2_camera/share/realsense2_camera/launch/rs_d400_and_t265_launch.py
[3.725s] -- Up-to-date: /home/unitree/106a_final/install/realsense2_camera/share/realsense2_camera/launch/demo_t265_launch.py
[3.727s] -- Up-to-date: /home/unitree/106a_final/install/realsense2_camera/share/realsense2_camera/launch/demo_pointcloud_launch.py
[3.727s] -- Up-to-date: /home/unitree/106a_final/install/realsense2_camera/share/realsense2_camera/config
[3.728s] -- Up-to-date: /home/unitree/106a_final/install/realsense2_camera/share/realsense2_camera/config/d435i.yaml
[3.732s] -- Up-to-date: /home/unitree/106a_final/install/realsense2_camera/share/realsense2_camera/rviz
[3.733s] -- Up-to-date: /home/unitree/106a_final/install/realsense2_camera/share/realsense2_camera/rviz/pointcloud.rviz
[3.733s] -- Up-to-date: /home/unitree/106a_final/install/realsense2_camera/share/realsense2_camera/rviz/t265.rviz
[3.734s] -- Up-to-date: /home/unitree/106a_final/install/realsense2_camera/share/realsense2_camera/environment/library_path.sh
[3.735s] -- Up-to-date: /home/unitree/106a_final/install/realsense2_camera/share/realsense2_camera/environment/library_path.dsv
[3.735s] -- Up-to-date: /home/unitree/106a_final/install/realsense2_camera/share/ament_index/resource_index/package_run_dependencies/realsense2_camera
[3.736s] -- Up-to-date: /home/unitree/106a_final/install/realsense2_camera/share/ament_index/resource_index/parent_prefix_path/realsense2_camera
[3.737s] -- Up-to-date: /home/unitree/106a_final/install/realsense2_camera/share/realsense2_camera/environment/ament_prefix_path.sh
[3.738s] -- Up-to-date: /home/unitree/106a_final/install/realsense2_camera/share/realsense2_camera/environment/ament_prefix_path.dsv
[3.740s] -- Up-to-date: /home/unitree/106a_final/install/realsense2_camera/share/realsense2_camera/environment/path.sh
[3.741s] -- Up-to-date: /home/unitree/106a_final/install/realsense2_camera/share/realsense2_camera/environment/path.dsv
[3.744s] -- Up-to-date: /home/unitree/106a_final/install/realsense2_camera/share/realsense2_camera/local_setup.bash
[3.745s] -- Up-to-date: /home/unitree/106a_final/install/realsense2_camera/share/realsense2_camera/local_setup.sh
[3.745s] -- Up-to-date: /home/unitree/106a_final/install/realsense2_camera/share/realsense2_camera/local_setup.zsh
[3.746s] -- Up-to-date: /home/unitree/106a_final/install/realsense2_camera/share/realsense2_camera/local_setup.dsv
[3.747s] -- Installing: /home/unitree/106a_final/install/realsense2_camera/share/realsense2_camera/package.dsv
[3.749s] -- Up-to-date: /home/unitree/106a_final/install/realsense2_camera/share/ament_index/resource_index/packages/realsense2_camera
[3.750s] -- Up-to-date: /home/unitree/106a_final/install/realsense2_camera/share/ament_index/resource_index/rclcpp_components/realsense2_camera
[3.751s] -- Up-to-date: /home/unitree/106a_final/install/realsense2_camera/share/realsense2_camera/cmake/ament_cmake_export_include_directories-extras.cmake
[3.752s] -- Up-to-date: /home/unitree/106a_final/install/realsense2_camera/share/realsense2_camera/cmake/ament_cmake_export_libraries-extras.cmake
[3.752s] -- Up-to-date: /home/unitree/106a_final/install/realsense2_camera/share/realsense2_camera/cmake/ament_cmake_export_dependencies-extras.cmake
[3.754s] -- Up-to-date: /home/unitree/106a_final/install/realsense2_camera/share/realsense2_camera/cmake/realsense2_cameraConfig.cmake
[3.755s] -- Up-to-date: /home/unitree/106a_final/install/realsense2_camera/share/realsense2_camera/cmake/realsense2_cameraConfig-version.cmake
[3.756s] -- Up-to-date: /home/unitree/106a_final/install/realsense2_camera/share/realsense2_camera/package.xml
[3.762s] Invoked command in '/home/unitree/106a_final/build/realsense2_camera' returned '0': AMENT_PREFIX_PATH=/home/unitree/106a_final/install/realsense2_camera_msgs:${AMENT_PREFIX_PATH} CMAKE_PREFIX_PATH=/home/unitree/106a_final/install/realsense2_camera_msgs:/home/unitree/cyclonedds_ws/install/rmw_cyclonedds_cpp:/home/unitree/cyclonedds_ws/install/cyclonedds:/opt/ros/foxy LD_LIBRARY_PATH=/home/unitree/106a_final/install/realsense2_camera_msgs/lib:${LD_LIBRARY_PATH} PYTHONPATH=/home/unitree/106a_final/install/realsense2_camera_msgs/lib/python3.8/site-packages:${PYTHONPATH} /usr/bin/cmake --install /home/unitree/106a_final/build/realsense2_camera
