[6.553s] Invoking command in '/home/unitree/106a_final/src/vision_node': PYTHONPATH=/home/unitree/106a_final/build/vision_node/prefix_override:/home/unitree/106a_final/install/vision_node/lib/python3.8/site-packages:${PYTHONPATH} /usr/bin/python3 setup.py egg_info --egg-base ../../build/vision_node build --build-base /home/unitree/106a_final/build/vision_node/build install --record /home/unitree/106a_final/build/vision_node/install.log --install-scripts $base/lib/vision_node --single-version-externally-managed
[7.176s] running egg_info
[7.185s] writing ../../build/vision_node/vision_node.egg-info/PKG-INFO
[7.187s] writing dependency_links to ../../build/vision_node/vision_node.egg-info/dependency_links.txt
[7.189s] writing entry points to ../../build/vision_node/vision_node.egg-info/entry_points.txt
[7.191s] writing requirements to ../../build/vision_node/vision_node.egg-info/requires.txt
[7.193s] writing top-level names to ../../build/vision_node/vision_node.egg-info/top_level.txt
[7.268s] reading manifest file '../../build/vision_node/vision_node.egg-info/SOURCES.txt'
[7.281s] writing manifest file '../../build/vision_node/vision_node.egg-info/SOURCES.txt'
[7.282s] running build
[7.282s] running build_py
[7.283s] running install
[7.285s] running install_lib
[7.288s] running install_data
[7.289s] running install_egg_info
[7.305s] removing '/home/unitree/106a_final/install/vision_node/lib/python3.8/site-packages/vision_node-0.0.0-py3.8.egg-info' (and everything under it)
[7.305s] Copying ../../build/vision_node/vision_node.egg-info to /home/unitree/106a_final/install/vision_node/lib/python3.8/site-packages/vision_node-0.0.0-py3.8.egg-info
[7.307s] running install_scripts
[7.351s] Installing pingpong_node script to /home/unitree/106a_final/install/vision_node/lib/vision_node
[7.352s] writing list of installed files to '/home/unitree/106a_final/build/vision_node/install.log'
[7.447s] Invoked command in '/home/unitree/106a_final/src/vision_node' returned '0': PYTHONPATH=/home/unitree/106a_final/build/vision_node/prefix_override:/home/unitree/106a_final/install/vision_node/lib/python3.8/site-packages:${PYTHONPATH} /usr/bin/python3 setup.py egg_info --egg-base ../../build/vision_node build --build-base /home/unitree/106a_final/build/vision_node/build install --record /home/unitree/106a_final/build/vision_node/install.log --install-scripts $base/lib/vision_node --single-version-externally-managed
