[4.157s] Invoking command in '/home/unitree/106a_final/src/aruco_node': PYTHONPATH=/home/unitree/106a_final/build/aruco_node/prefix_override:/home/unitree/106a_final/install/aruco_node/lib/python3.8/site-packages:${PYTHONPATH} /usr/bin/python3 setup.py egg_info --egg-base ../../build/aruco_node build --build-base /home/unitree/106a_final/build/aruco_node/build install --record /home/unitree/106a_final/build/aruco_node/install.log --single-version-externally-managed
[4.651s] running egg_info
[4.652s] writing ../../build/aruco_node/aruco_node.egg-info/PKG-INFO
[4.654s] writing dependency_links to ../../build/aruco_node/aruco_node.egg-info/dependency_links.txt
[4.654s] writing entry points to ../../build/aruco_node/aruco_node.egg-info/entry_points.txt
[4.654s] writing requirements to ../../build/aruco_node/aruco_node.egg-info/requires.txt
[4.654s] writing top-level names to ../../build/aruco_node/aruco_node.egg-info/top_level.txt
[4.718s] reading manifest file '../../build/aruco_node/aruco_node.egg-info/SOURCES.txt'
[4.719s] writing manifest file '../../build/aruco_node/aruco_node.egg-info/SOURCES.txt'
[4.720s] running build
[4.720s] running build_py
[4.720s] running install
[4.722s] running install_lib
[4.725s] running install_data
[4.727s] running install_egg_info
[4.730s] removing '/home/unitree/106a_final/install/aruco_node/lib/python3.8/site-packages/aruco_node-0.0.0-py3.8.egg-info' (and everything under it)
[4.731s] Copying ../../build/aruco_node/aruco_node.egg-info to /home/unitree/106a_final/install/aruco_node/lib/python3.8/site-packages/aruco_node-0.0.0-py3.8.egg-info
[4.733s] running install_scripts
[4.772s] Installing aruco script to /home/unitree/106a_final/install/aruco_node/lib/aruco_node
[4.774s] writing list of installed files to '/home/unitree/106a_final/build/aruco_node/install.log'
[6.027s] Invoked command in '/home/unitree/106a_final/src/aruco_node' returned '0': PYTHONPATH=/home/unitree/106a_final/build/aruco_node/prefix_override:/home/unitree/106a_final/install/aruco_node/lib/python3.8/site-packages:${PYTHONPATH} /usr/bin/python3 setup.py egg_info --egg-base ../../build/aruco_node build --build-base /home/unitree/106a_final/build/aruco_node/build install --record /home/unitree/106a_final/build/aruco_node/install.log --single-version-externally-managed
