[5.279s] Invoking command in '/home/unitree/106a_final/src/navigation_node_two': PYTHONPATH=/home/unitree/106a_final/build/navigation_node_two/prefix_override:/home/unitree/106a_final/install/navigation_node_two/lib/python3.8/site-packages:${PYTHONPATH} /usr/bin/python3 setup.py egg_info --egg-base ../../build/navigation_node_two build --build-base /home/unitree/106a_final/build/navigation_node_two/build install --record /home/unitree/106a_final/build/navigation_node_two/install.log --install-scripts $base/lib/navigation_node_two --single-version-externally-managed
[5.922s] running egg_info
[5.924s] writing ../../build/navigation_node_two/navigation_node_two.egg-info/PKG-INFO
[5.926s] writing dependency_links to ../../build/navigation_node_two/navigation_node_two.egg-info/dependency_links.txt
[5.927s] writing entry points to ../../build/navigation_node_two/navigation_node_two.egg-info/entry_points.txt
[5.933s] writing requirements to ../../build/navigation_node_two/navigation_node_two.egg-info/requires.txt
[5.936s] writing top-level names to ../../build/navigation_node_two/navigation_node_two.egg-info/top_level.txt
[6.015s] reading manifest file '../../build/navigation_node_two/navigation_node_two.egg-info/SOURCES.txt'
[6.018s] writing manifest file '../../build/navigation_node_two/navigation_node_two.egg-info/SOURCES.txt'
[6.020s] running build
[6.020s] running build_py
[6.021s] copying navigation_node_two/nav_to_bottle.py -> /home/unitree/106a_final/build/navigation_node_two/build/lib/navigation_node_two
[6.024s] running install
[6.028s] running install_lib
[6.032s] copying /home/unitree/106a_final/build/navigation_node_two/build/lib/navigation_node_two/nav_to_bottle.py -> /home/unitree/106a_final/install/navigation_node_two/lib/python3.8/site-packages/navigation_node_two
[6.035s] byte-compiling /home/unitree/106a_final/install/navigation_node_two/lib/python3.8/site-packages/navigation_node_two/nav_to_bottle.py to nav_to_bottle.cpython-38.pyc
[6.043s] running install_data
[6.048s] running install_egg_info
[6.054s] removing '/home/unitree/106a_final/install/navigation_node_two/lib/python3.8/site-packages/navigation_node_two-0.0.0-py3.8.egg-info' (and everything under it)
[6.058s] Copying ../../build/navigation_node_two/navigation_node_two.egg-info to /home/unitree/106a_final/install/navigation_node_two/lib/python3.8/site-packages/navigation_node_two-0.0.0-py3.8.egg-info
[6.058s] running install_scripts
[6.124s] Installing nav_to_bottle script to /home/unitree/106a_final/install/navigation_node_two/lib/navigation_node_two
[6.126s] Installing pose_bridge_node script to /home/unitree/106a_final/install/navigation_node_two/lib/navigation_node_two
[6.126s] writing list of installed files to '/home/unitree/106a_final/build/navigation_node_two/install.log'
[6.249s] Invoked command in '/home/unitree/106a_final/src/navigation_node_two' returned '0': PYTHONPATH=/home/unitree/106a_final/build/navigation_node_two/prefix_override:/home/unitree/106a_final/install/navigation_node_two/lib/python3.8/site-packages:${PYTHONPATH} /usr/bin/python3 setup.py egg_info --egg-base ../../build/navigation_node_two build --build-base /home/unitree/106a_final/build/navigation_node_two/build install --record /home/unitree/106a_final/build/navigation_node_two/install.log --install-scripts $base/lib/navigation_node_two --single-version-externally-managed
