[13.242s] Invoking command in '/home/unitree/106a_final/src/navigation_node': PYTHONPATH=/home/unitree/106a_final/build/navigation_node/prefix_override:/home/unitree/106a_final/install/navigation_node/lib/python3.8/site-packages:${PYTHONPATH} /usr/bin/python3 setup.py egg_info --egg-base ../../build/navigation_node build --build-base /home/unitree/106a_final/build/navigation_node/build install --record /home/unitree/106a_final/build/navigation_node/install.log --install-scripts $base/lib/navigation_node --single-version-externally-managed
[14.419s] running egg_info
[14.433s] writing ../../build/navigation_node/navigation_node.egg-info/PKG-INFO
[14.434s] writing dependency_links to ../../build/navigation_node/navigation_node.egg-info/dependency_links.txt
[14.435s] writing entry points to ../../build/navigation_node/navigation_node.egg-info/entry_points.txt
[14.435s] writing requirements to ../../build/navigation_node/navigation_node.egg-info/requires.txt
[14.435s] writing top-level names to ../../build/navigation_node/navigation_node.egg-info/top_level.txt
[14.585s] reading manifest file '../../build/navigation_node/navigation_node.egg-info/SOURCES.txt'
[14.588s] writing manifest file '../../build/navigation_node/navigation_node.egg-info/SOURCES.txt'
[14.588s] running build
[14.589s] running build_py
[14.590s] running install
[14.592s] running install_lib
[14.608s] running install_data
[14.616s] running install_egg_info
[14.621s] removing '/home/unitree/106a_final/install/navigation_node/lib/python3.8/site-packages/navigation_node-0.0.0-py3.8.egg-info' (and everything under it)
[14.622s] Copying ../../build/navigation_node/navigation_node.egg-info to /home/unitree/106a_final/install/navigation_node/lib/python3.8/site-packages/navigation_node-0.0.0-py3.8.egg-info
[14.624s] running install_scripts
[14.671s] Installing nav_node_go script to /home/unitree/106a_final/install/navigation_node/lib/navigation_node
[14.676s] writing list of installed files to '/home/unitree/106a_final/build/navigation_node/install.log'
[16.085s] Invoked command in '/home/unitree/106a_final/src/navigation_node' returned '0': PYTHONPATH=/home/unitree/106a_final/build/navigation_node/prefix_override:/home/unitree/106a_final/install/navigation_node/lib/python3.8/site-packages:${PYTHONPATH} /usr/bin/python3 setup.py egg_info --egg-base ../../build/navigation_node build --build-base /home/unitree/106a_final/build/navigation_node/build install --record /home/unitree/106a_final/build/navigation_node/install.log --install-scripts $base/lib/navigation_node --single-version-externally-managed
