[6.215s] Invoking command in '/home/unitree/106a_final/src/arm_control': PYTHONPATH=/home/unitree/106a_final/build/arm_control/prefix_override:/home/unitree/106a_final/install/arm_control/lib/python3.8/site-packages:${PYTHONPATH} /usr/bin/python3 setup.py egg_info --egg-base ../../build/arm_control build --build-base /home/unitree/106a_final/build/arm_control/build install --record /home/unitree/106a_final/build/arm_control/install.log --install-scripts $base/lib/arm_control --single-version-externally-managed
[7.155s] running egg_info
[7.159s] writing ../../build/arm_control/arm_control.egg-info/PKG-INFO
[7.161s] writing dependency_links to ../../build/arm_control/arm_control.egg-info/dependency_links.txt
[7.161s] writing entry points to ../../build/arm_control/arm_control.egg-info/entry_points.txt
[7.162s] writing requirements to ../../build/arm_control/arm_control.egg-info/requires.txt
[7.162s] writing top-level names to ../../build/arm_control/arm_control.egg-info/top_level.txt
[7.224s] reading manifest file '../../build/arm_control/arm_control.egg-info/SOURCES.txt'
[7.226s] writing manifest file '../../build/arm_control/arm_control.egg-info/SOURCES.txt'
[7.226s] running build
[7.226s] running build_py
[7.227s] running install
[7.229s] running install_lib
[7.232s] running install_data
[7.233s] running install_egg_info
[7.237s] removing '/home/unitree/106a_final/install/arm_control/lib/python3.8/site-packages/arm_control-0.0.0-py3.8.egg-info' (and everything under it)
[7.237s] Copying ../../build/arm_control/arm_control.egg-info to /home/unitree/106a_final/install/arm_control/lib/python3.8/site-packages/arm_control-0.0.0-py3.8.egg-info
[7.239s] running install_scripts
[7.278s] Installing arm_node script to /home/unitree/106a_final/install/arm_control/lib/arm_control
[7.278s] Installing servo_driver script to /home/unitree/106a_final/install/arm_control/lib/arm_control
[7.279s] writing list of installed files to '/home/unitree/106a_final/build/arm_control/install.log'
[8.061s] Invoked command in '/home/unitree/106a_final/src/arm_control' returned '0': PYTHONPATH=/home/unitree/106a_final/build/arm_control/prefix_override:/home/unitree/106a_final/install/arm_control/lib/python3.8/site-packages:${PYTHONPATH} /usr/bin/python3 setup.py egg_info --egg-base ../../build/arm_control build --build-base /home/unitree/106a_final/build/arm_control/build install --record /home/unitree/106a_final/build/arm_control/install.log --install-scripts $base/lib/arm_control --single-version-externally-managed
