[8.035s] Invoking command in '/home/unitree/106a_final/src/arm_control': PYTHONPATH=/home/unitree/106a_final/build/arm_control/prefix_override:/home/unitree/106a_final/install/arm_control/lib/python3.8/site-packages:${PYTHONPATH} /usr/bin/python3 setup.py egg_info --egg-base ../../build/arm_control build --build-base /home/unitree/106a_final/build/arm_control/build install --record /home/unitree/106a_final/build/arm_control/install.log --install-scripts $base/lib/arm_control --single-version-externally-managed
[8.809s] running egg_info
[8.812s] writing ../../build/arm_control/arm_control.egg-info/PKG-INFO
[8.813s] writing dependency_links to ../../build/arm_control/arm_control.egg-info/dependency_links.txt
[8.816s] writing entry points to ../../build/arm_control/arm_control.egg-info/entry_points.txt
[8.818s] writing requirements to ../../build/arm_control/arm_control.egg-info/requires.txt
[8.819s] writing top-level names to ../../build/arm_control/arm_control.egg-info/top_level.txt
[8.891s] reading manifest file '../../build/arm_control/arm_control.egg-info/SOURCES.txt'
[8.895s] writing manifest file '../../build/arm_control/arm_control.egg-info/SOURCES.txt'
[8.896s] running build
[8.897s] running build_py
[8.898s] running install
[8.902s] running install_lib
[8.907s] running install_data
[8.910s] running install_egg_info
[8.917s] removing '/home/unitree/106a_final/install/arm_control/lib/python3.8/site-packages/arm_control-0.0.0-py3.8.egg-info' (and everything under it)
[8.924s] Copying ../../build/arm_control/arm_control.egg-info to /home/unitree/106a_final/install/arm_control/lib/python3.8/site-packages/arm_control-0.0.0-py3.8.egg-info
[8.935s] running install_scripts
[9.015s] Installing arm_node script to /home/unitree/106a_final/install/arm_control/lib/arm_control
[9.017s] Installing servo_driver script to /home/unitree/106a_final/install/arm_control/lib/arm_control
[9.017s] writing list of installed files to '/home/unitree/106a_final/build/arm_control/install.log'
[11.391s] Invoked command in '/home/unitree/106a_final/src/arm_control' returned '0': PYTHONPATH=/home/unitree/106a_final/build/arm_control/prefix_override:/home/unitree/106a_final/install/arm_control/lib/python3.8/site-packages:${PYTHONPATH} /usr/bin/python3 setup.py egg_info --egg-base ../../build/arm_control build --build-base /home/unitree/106a_final/build/arm_control/build install --record /home/unitree/106a_final/build/arm_control/install.log --install-scripts $base/lib/arm_control --single-version-externally-managed
