[2.179s] Invoking command in '/home/unitree/106a_final/src/vision_node': PYTHONPATH=/home/unitree/106a_final/build/vision_node/prefix_override:/home/unitree/106a_final/install/vision_node/lib/python3.8/site-packages:${PYTHONPATH} /usr/bin/python3 setup.py egg_info --egg-base ../../build/vision_node build --build-base /home/unitree/106a_final/build/vision_node/build install --record /home/unitree/106a_final/build/vision_node/install.log --install-scripts $base/lib/vision_node --single-version-externally-managed
[2.589s] running egg_info
[2.590s] writing ../../build/vision_node/vision_node.egg-info/PKG-INFO
[2.590s] writing dependency_links to ../../build/vision_node/vision_node.egg-info/dependency_links.txt
[2.591s] writing entry points to ../../build/vision_node/vision_node.egg-info/entry_points.txt
[2.591s] writing requirements to ../../build/vision_node/vision_node.egg-info/requires.txt
[2.591s] writing top-level names to ../../build/vision_node/vision_node.egg-info/top_level.txt
[2.650s] reading manifest file '../../build/vision_node/vision_node.egg-info/SOURCES.txt'
[2.651s] writing manifest file '../../build/vision_node/vision_node.egg-info/SOURCES.txt'
[2.651s] running build
[2.651s] running build_py
[2.652s] running install
[2.653s] running install_lib
[2.656s] running install_data
[2.657s] running install_egg_info
[2.660s] removing '/home/unitree/106a_final/install/vision_node/lib/python3.8/site-packages/vision_node-0.0.0-py3.8.egg-info' (and everything under it)
[2.660s] Copying ../../build/vision_node/vision_node.egg-info to /home/unitree/106a_final/install/vision_node/lib/python3.8/site-packages/vision_node-0.0.0-py3.8.egg-info
[2.662s] running install_scripts
[2.695s] Installing pingpong_node script to /home/unitree/106a_final/install/vision_node/lib/vision_node
[2.696s] writing list of installed files to '/home/unitree/106a_final/build/vision_node/install.log'
[2.749s] Invoked command in '/home/unitree/106a_final/src/vision_node' returned '0': PYTHONPATH=/home/unitree/106a_final/build/vision_node/prefix_override:/home/unitree/106a_final/install/vision_node/lib/python3.8/site-packages:${PYTHONPATH} /usr/bin/python3 setup.py egg_info --egg-base ../../build/vision_node build --build-base /home/unitree/106a_final/build/vision_node/build install --record /home/unitree/106a_final/build/vision_node/install.log --install-scripts $base/lib/vision_node --single-version-externally-managed
