[7.811s] Invoking command in '/home/unitree/106a_final/src/aruco_node': PYTHONPATH=/home/unitree/106a_final/build/aruco_node/prefix_override:/home/unitree/106a_final/install/aruco_node/lib/python3.8/site-packages:${PYTHONPATH} /usr/bin/python3 setup.py egg_info --egg-base ../../build/aruco_node build --build-base /home/unitree/106a_final/build/aruco_node/build install --record /home/unitree/106a_final/build/aruco_node/install.log --single-version-externally-managed
[8.601s] running egg_info
[8.603s] writing ../../build/aruco_node/aruco_node.egg-info/PKG-INFO
[8.604s] writing dependency_links to ../../build/aruco_node/aruco_node.egg-info/dependency_links.txt
[8.605s] writing entry points to ../../build/aruco_node/aruco_node.egg-info/entry_points.txt
[8.606s] writing requirements to ../../build/aruco_node/aruco_node.egg-info/requires.txt
[8.607s] writing top-level names to ../../build/aruco_node/aruco_node.egg-info/top_level.txt
[8.676s] reading manifest file '../../build/aruco_node/aruco_node.egg-info/SOURCES.txt'
[8.679s] writing manifest file '../../build/aruco_node/aruco_node.egg-info/SOURCES.txt'
[8.680s] running build
[8.680s] running build_py
[8.681s] running install
[8.693s] running install_lib
[8.724s] running install_data
[8.731s] running install_egg_info
[8.732s] removing '/home/unitree/106a_final/install/aruco_node/lib/python3.8/site-packages/aruco_node-0.0.0-py3.8.egg-info' (and everything under it)
[8.735s] Copying ../../build/aruco_node/aruco_node.egg-info to /home/unitree/106a_final/install/aruco_node/lib/python3.8/site-packages/aruco_node-0.0.0-py3.8.egg-info
[8.735s] running install_scripts
[8.898s] Installing aruco script to /home/unitree/106a_final/install/aruco_node/lib/aruco_node
[8.900s] writing list of installed files to '/home/unitree/106a_final/build/aruco_node/install.log'
[9.869s] Invoked command in '/home/unitree/106a_final/src/aruco_node' returned '0': PYTHONPATH=/home/unitree/106a_final/build/aruco_node/prefix_override:/home/unitree/106a_final/install/aruco_node/lib/python3.8/site-packages:${PYTHONPATH} /usr/bin/python3 setup.py egg_info --egg-base ../../build/aruco_node build --build-base /home/unitree/106a_final/build/aruco_node/build install --record /home/unitree/106a_final/build/aruco_node/install.log --single-version-externally-managed
