[2.785s] Invoking command in '/home/unitree/106a_final/src/arm_control': PYTHONPATH=/home/unitree/106a_final/build/arm_control/prefix_override:/home/unitree/106a_final/install/arm_control/lib/python3.8/site-packages:${PYTHONPATH} /usr/bin/python3 setup.py egg_info --egg-base ../../build/arm_control build --build-base /home/unitree/106a_final/build/arm_control/build install --record /home/unitree/106a_final/build/arm_control/install.log --install-scripts $base/lib/arm_control --single-version-externally-managed
[3.298s] running egg_info
[3.299s] writing ../../build/arm_control/arm_control.egg-info/PKG-INFO
[3.300s] writing dependency_links to ../../build/arm_control/arm_control.egg-info/dependency_links.txt
[3.300s] writing entry points to ../../build/arm_control/arm_control.egg-info/entry_points.txt
[3.301s] writing requirements to ../../build/arm_control/arm_control.egg-info/requires.txt
[3.301s] writing top-level names to ../../build/arm_control/arm_control.egg-info/top_level.txt
[3.369s] reading manifest file '../../build/arm_control/arm_control.egg-info/SOURCES.txt'
[3.372s] writing manifest file '../../build/arm_control/arm_control.egg-info/SOURCES.txt'
[3.373s] running build
[3.374s] running build_py
[3.375s] copying arm_control/ik_solver.py -> /home/unitree/106a_final/build/arm_control/build/lib/arm_control
[3.376s] running install
[3.379s] running install_lib
[3.381s] copying /home/unitree/106a_final/build/arm_control/build/lib/arm_control/ik_solver.py -> /home/unitree/106a_final/install/arm_control/lib/python3.8/site-packages/arm_control
[3.382s] byte-compiling /home/unitree/106a_final/install/arm_control/lib/python3.8/site-packages/arm_control/ik_solver.py to ik_solver.cpython-38.pyc
[3.386s] running install_data
[3.388s] running install_egg_info
[3.392s] removing '/home/unitree/106a_final/install/arm_control/lib/python3.8/site-packages/arm_control-0.0.0-py3.8.egg-info' (and everything under it)
[3.392s] Copying ../../build/arm_control/arm_control.egg-info to /home/unitree/106a_final/install/arm_control/lib/python3.8/site-packages/arm_control-0.0.0-py3.8.egg-info
[3.394s] running install_scripts
[3.441s] Installing arm_node script to /home/unitree/106a_final/install/arm_control/lib/arm_control
[3.441s] Installing servo_driver script to /home/unitree/106a_final/install/arm_control/lib/arm_control
[3.442s] writing list of installed files to '/home/unitree/106a_final/build/arm_control/install.log'
[3.531s] Invoked command in '/home/unitree/106a_final/src/arm_control' returned '0': PYTHONPATH=/home/unitree/106a_final/build/arm_control/prefix_override:/home/unitree/106a_final/install/arm_control/lib/python3.8/site-packages:${PYTHONPATH} /usr/bin/python3 setup.py egg_info --egg-base ../../build/arm_control build --build-base /home/unitree/106a_final/build/arm_control/build install --record /home/unitree/106a_final/build/arm_control/install.log --install-scripts $base/lib/arm_control --single-version-externally-managed
