[4.683s] Invoking command in '/home/unitree/106a_final/src/arm_control': PYTHONPATH=/home/unitree/106a_final/build/arm_control/prefix_override:/home/unitree/106a_final/install/arm_control/lib/python3.8/site-packages:${PYTHONPATH} /usr/bin/python3 setup.py egg_info --egg-base ../../build/arm_control build --build-base /home/unitree/106a_final/build/arm_control/build install --record /home/unitree/106a_final/build/arm_control/install.log --install-scripts $base/lib/arm_control --single-version-externally-managed
[5.214s] running egg_info
[5.216s] writing ../../build/arm_control/arm_control.egg-info/PKG-INFO
[5.217s] writing dependency_links to ../../build/arm_control/arm_control.egg-info/dependency_links.txt
[5.219s] writing entry points to ../../build/arm_control/arm_control.egg-info/entry_points.txt
[5.219s] writing requirements to ../../build/arm_control/arm_control.egg-info/requires.txt
[5.219s] writing top-level names to ../../build/arm_control/arm_control.egg-info/top_level.txt
[5.282s] reading manifest file '../../build/arm_control/arm_control.egg-info/SOURCES.txt'
[5.284s] writing manifest file '../../build/arm_control/arm_control.egg-info/SOURCES.txt'
[5.285s] running build
[5.285s] running build_py
[5.285s] copying arm_control/arm_node.py -> /home/unitree/106a_final/build/arm_control/build/lib/arm_control
[5.286s] copying arm_control/servo_driver.py -> /home/unitree/106a_final/build/arm_control/build/lib/arm_control
[5.286s] running install
[5.287s] running install_lib
[5.290s] copying /home/unitree/106a_final/build/arm_control/build/lib/arm_control/arm_node.py -> /home/unitree/106a_final/install/arm_control/lib/python3.8/site-packages/arm_control
[5.290s] copying /home/unitree/106a_final/build/arm_control/build/lib/arm_control/servo_driver.py -> /home/unitree/106a_final/install/arm_control/lib/python3.8/site-packages/arm_control
[5.291s] byte-compiling /home/unitree/106a_final/install/arm_control/lib/python3.8/site-packages/arm_control/arm_node.py to arm_node.cpython-38.pyc
[5.293s] byte-compiling /home/unitree/106a_final/install/arm_control/lib/python3.8/site-packages/arm_control/servo_driver.py to servo_driver.cpython-38.pyc
[5.293s] running install_data
[5.294s] running install_egg_info
[5.298s] removing '/home/unitree/106a_final/install/arm_control/lib/python3.8/site-packages/arm_control-0.0.0-py3.8.egg-info' (and everything under it)
[5.299s] Copying ../../build/arm_control/arm_control.egg-info to /home/unitree/106a_final/install/arm_control/lib/python3.8/site-packages/arm_control-0.0.0-py3.8.egg-info
[5.301s] running install_scripts
[5.341s] Installing arm_node script to /home/unitree/106a_final/install/arm_control/lib/arm_control
[5.342s] Installing servo_driver script to /home/unitree/106a_final/install/arm_control/lib/arm_control
[5.343s] writing list of installed files to '/home/unitree/106a_final/build/arm_control/install.log'
[6.018s] Invoked command in '/home/unitree/106a_final/src/arm_control' returned '0': PYTHONPATH=/home/unitree/106a_final/build/arm_control/prefix_override:/home/unitree/106a_final/install/arm_control/lib/python3.8/site-packages:${PYTHONPATH} /usr/bin/python3 setup.py egg_info --egg-base ../../build/arm_control build --build-base /home/unitree/106a_final/build/arm_control/build install --record /home/unitree/106a_final/build/arm_control/install.log --install-scripts $base/lib/arm_control --single-version-externally-managed
