[2.878s] Invoking command in '/home/unitree/106a_final/src/arm_control': PYTHONPATH=/home/unitree/106a_final/build/arm_control/prefix_override:/home/unitree/106a_final/install/arm_control/lib/python3.8/site-packages:${PYTHONPATH} /usr/bin/python3 setup.py egg_info --egg-base ../../build/arm_control build --build-base /home/unitree/106a_final/build/arm_control/build install --record /home/unitree/106a_final/build/arm_control/install.log --install-scripts $base/lib/arm_control --single-version-externally-managed
[3.424s] running egg_info
[3.425s] writing ../../build/arm_control/arm_control.egg-info/PKG-INFO
[3.425s] writing dependency_links to ../../build/arm_control/arm_control.egg-info/dependency_links.txt
[3.426s] writing entry points to ../../build/arm_control/arm_control.egg-info/entry_points.txt
[3.426s] writing requirements to ../../build/arm_control/arm_control.egg-info/requires.txt
[3.426s] writing top-level names to ../../build/arm_control/arm_control.egg-info/top_level.txt
[3.497s] reading manifest file '../../build/arm_control/arm_control.egg-info/SOURCES.txt'
[3.498s] writing manifest file '../../build/arm_control/arm_control.egg-info/SOURCES.txt'
[3.499s] running build
[3.499s] running build_py
[3.500s] copying arm_control/arm_node.py -> /home/unitree/106a_final/build/arm_control/build/lib/arm_control
[3.500s] running install
[3.502s] running install_lib
[3.505s] copying /home/unitree/106a_final/build/arm_control/build/lib/arm_control/arm_node.py -> /home/unitree/106a_final/install/arm_control/lib/python3.8/site-packages/arm_control
[3.506s] byte-compiling /home/unitree/106a_final/install/arm_control/lib/python3.8/site-packages/arm_control/arm_node.py to arm_node.cpython-38.pyc
[3.511s] running install_data
[3.513s] running install_egg_info
[3.519s] removing '/home/unitree/106a_final/install/arm_control/lib/python3.8/site-packages/arm_control-0.0.0-py3.8.egg-info' (and everything under it)
[3.520s] Copying ../../build/arm_control/arm_control.egg-info to /home/unitree/106a_final/install/arm_control/lib/python3.8/site-packages/arm_control-0.0.0-py3.8.egg-info
[3.520s] running install_scripts
[3.568s] Installing arm_node script to /home/unitree/106a_final/install/arm_control/lib/arm_control
[3.569s] Installing servo_driver script to /home/unitree/106a_final/install/arm_control/lib/arm_control
[3.570s] writing list of installed files to '/home/unitree/106a_final/build/arm_control/install.log'
[3.661s] Invoked command in '/home/unitree/106a_final/src/arm_control' returned '0': PYTHONPATH=/home/unitree/106a_final/build/arm_control/prefix_override:/home/unitree/106a_final/install/arm_control/lib/python3.8/site-packages:${PYTHONPATH} /usr/bin/python3 setup.py egg_info --egg-base ../../build/arm_control build --build-base /home/unitree/106a_final/build/arm_control/build install --record /home/unitree/106a_final/build/arm_control/install.log --install-scripts $base/lib/arm_control --single-version-externally-managed
