[3.631s] Invoking command in '/home/unitree/106a_final/src/navigation_node_two': PYTHONPATH=/home/unitree/106a_final/build/navigation_node_two/prefix_override:/home/unitree/106a_final/install/navigation_node_two/lib/python3.8/site-packages:${PYTHONPATH} /usr/bin/python3 setup.py egg_info --egg-base ../../build/navigation_node_two build --build-base /home/unitree/106a_final/build/navigation_node_two/build install --record /home/unitree/106a_final/build/navigation_node_two/install.log --install-scripts $base/lib/navigation_node_two --single-version-externally-managed
[4.060s] running egg_info
[4.061s] writing ../../build/navigation_node_two/navigation_node_two.egg-info/PKG-INFO
[4.062s] writing dependency_links to ../../build/navigation_node_two/navigation_node_two.egg-info/dependency_links.txt
[4.062s] writing entry points to ../../build/navigation_node_two/navigation_node_two.egg-info/entry_points.txt
[4.063s] writing requirements to ../../build/navigation_node_two/navigation_node_two.egg-info/requires.txt
[4.063s] writing top-level names to ../../build/navigation_node_two/navigation_node_two.egg-info/top_level.txt
[4.123s] reading manifest file '../../build/navigation_node_two/navigation_node_two.egg-info/SOURCES.txt'
[4.124s] writing manifest file '../../build/navigation_node_two/navigation_node_two.egg-info/SOURCES.txt'
[4.124s] running build
[4.124s] running build_py
[4.125s] running install
[4.127s] running install_lib
[4.130s] running install_data
[4.130s] running install_egg_info
[4.134s] removing '/home/unitree/106a_final/install/navigation_node_two/lib/python3.8/site-packages/navigation_node_two-0.0.0-py3.8.egg-info' (and everything under it)
[4.134s] Copying ../../build/navigation_node_two/navigation_node_two.egg-info to /home/unitree/106a_final/install/navigation_node_two/lib/python3.8/site-packages/navigation_node_two-0.0.0-py3.8.egg-info
[4.137s] running install_scripts
[4.171s] Installing nav_to_bottle script to /home/unitree/106a_final/install/navigation_node_two/lib/navigation_node_two
[4.172s] Installing pose_bridge_node script to /home/unitree/106a_final/install/navigation_node_two/lib/navigation_node_two
[4.172s] writing list of installed files to '/home/unitree/106a_final/build/navigation_node_two/install.log'
[4.232s] Invoked command in '/home/unitree/106a_final/src/navigation_node_two' returned '0': PYTHONPATH=/home/unitree/106a_final/build/navigation_node_two/prefix_override:/home/unitree/106a_final/install/navigation_node_two/lib/python3.8/site-packages:${PYTHONPATH} /usr/bin/python3 setup.py egg_info --egg-base ../../build/navigation_node_two build --build-base /home/unitree/106a_final/build/navigation_node_two/build install --record /home/unitree/106a_final/build/navigation_node_two/install.log --install-scripts $base/lib/navigation_node_two --single-version-externally-managed
