[13.700s] Invoking command in '/home/unitree/106a_final/src/arm_control': PYTHONPATH=/home/unitree/106a_final/build/arm_control/prefix_override:/home/unitree/106a_final/install/arm_control/lib/python3.8/site-packages:${PYTHONPATH} /usr/bin/python3 setup.py egg_info --egg-base ../../build/arm_control build --build-base /home/unitree/106a_final/build/arm_control/build install --record /home/unitree/106a_final/build/arm_control/install.log --install-scripts $base/lib/arm_control --single-version-externally-managed
[15.604s] running egg_info
[15.631s] writing ../../build/arm_control/arm_control.egg-info/PKG-INFO
[15.631s] writing dependency_links to ../../build/arm_control/arm_control.egg-info/dependency_links.txt
[15.641s] writing entry points to ../../build/arm_control/arm_control.egg-info/entry_points.txt
[15.642s] writing requirements to ../../build/arm_control/arm_control.egg-info/requires.txt
[15.642s] writing top-level names to ../../build/arm_control/arm_control.egg-info/top_level.txt
[15.806s] reading manifest file '../../build/arm_control/arm_control.egg-info/SOURCES.txt'
[15.806s] writing manifest file '../../build/arm_control/arm_control.egg-info/SOURCES.txt'
[15.807s] running build
[15.820s] running build_py
[15.820s] running install
[15.821s] running install_lib
[15.821s] running install_data
[15.829s] running install_egg_info
[15.846s] removing '/home/unitree/106a_final/install/arm_control/lib/python3.8/site-packages/arm_control-0.0.0-py3.8.egg-info' (and everything under it)
[15.851s] Copying ../../build/arm_control/arm_control.egg-info to /home/unitree/106a_final/install/arm_control/lib/python3.8/site-packages/arm_control-0.0.0-py3.8.egg-info
[15.855s] running install_scripts
[15.977s] Installing arm_node script to /home/unitree/106a_final/install/arm_control/lib/arm_control
[15.978s] Installing servo_driver script to /home/unitree/106a_final/install/arm_control/lib/arm_control
[15.978s] writing list of installed files to '/home/unitree/106a_final/build/arm_control/install.log'
[17.954s] Invoked command in '/home/unitree/106a_final/src/arm_control' returned '0': PYTHONPATH=/home/unitree/106a_final/build/arm_control/prefix_override:/home/unitree/106a_final/install/arm_control/lib/python3.8/site-packages:${PYTHONPATH} /usr/bin/python3 setup.py egg_info --egg-base ../../build/arm_control build --build-base /home/unitree/106a_final/build/arm_control/build install --record /home/unitree/106a_final/build/arm_control/install.log --install-scripts $base/lib/arm_control --single-version-externally-managed
