[6.778s] Invoking command in '/home/unitree/106a_final/src/navigation_node_three': PYTHONPATH=/home/unitree/106a_final/build/navigation_node_three/prefix_override:/home/unitree/106a_final/install/navigation_node_three/lib/python3.8/site-packages:${PYTHONPATH} /usr/bin/python3 setup.py egg_info --egg-base ../../build/navigation_node_three build --build-base /home/unitree/106a_final/build/navigation_node_three/build install --record /home/unitree/106a_final/build/navigation_node_three/install.log --install-scripts $base/lib/navigation_node_three --single-version-externally-managed
[7.597s] running egg_info
[7.624s] writing ../../build/navigation_node_three/navigation_node_three.egg-info/PKG-INFO
[7.631s] writing dependency_links to ../../build/navigation_node_three/navigation_node_three.egg-info/dependency_links.txt
[7.632s] writing entry points to ../../build/navigation_node_three/navigation_node_three.egg-info/entry_points.txt
[7.632s] writing requirements to ../../build/navigation_node_three/navigation_node_three.egg-info/requires.txt
[7.632s] writing top-level names to ../../build/navigation_node_three/navigation_node_three.egg-info/top_level.txt
[7.774s] reading manifest file '../../build/navigation_node_three/navigation_node_three.egg-info/SOURCES.txt'
[7.776s] writing manifest file '../../build/navigation_node_three/navigation_node_three.egg-info/SOURCES.txt'
[7.776s] running build
[7.776s] running build_py
[7.776s] running install
[7.791s] running install_lib
[7.794s] running install_data
[7.795s] running install_egg_info
[7.799s] removing '/home/unitree/106a_final/install/navigation_node_three/lib/python3.8/site-packages/navigation_node_three-0.0.0-py3.8.egg-info' (and everything under it)
[7.799s] Copying ../../build/navigation_node_three/navigation_node_three.egg-info to /home/unitree/106a_final/install/navigation_node_three/lib/python3.8/site-packages/navigation_node_three-0.0.0-py3.8.egg-info
[7.801s] running install_scripts
[7.883s] Installing navigator script to /home/unitree/106a_final/install/navigation_node_three/lib/navigation_node_three
[7.883s] writing list of installed files to '/home/unitree/106a_final/build/navigation_node_three/install.log'
[8.658s] Invoked command in '/home/unitree/106a_final/src/navigation_node_three' returned '0': PYTHONPATH=/home/unitree/106a_final/build/navigation_node_three/prefix_override:/home/unitree/106a_final/install/navigation_node_three/lib/python3.8/site-packages:${PYTHONPATH} /usr/bin/python3 setup.py egg_info --egg-base ../../build/navigation_node_three build --build-base /home/unitree/106a_final/build/navigation_node_three/build install --record /home/unitree/106a_final/build/navigation_node_three/install.log --install-scripts $base/lib/navigation_node_three --single-version-externally-managed
