[2.036s] Invoking command in '/home/unitree/106a_final/build/arm_driver': CMAKE_PREFIX_PATH=${CMAKE_PREFIX_PATH}:/opt/ros/foxy /usr/bin/cmake --build /home/unitree/106a_final/build/arm_driver -- -j4 -l4
[3.855s] make: Warning: File 'Makefile' has modification time 1764700645 s in the future
[3.855s] make[1]: Warning: File 'CMakeFiles/Makefile2' has modification time 1764700645 s in the future
[3.855s] make[2]: Warning: File 'CMakeFiles/d1_wrapper.dir/flags.make' has modification time 1764696896 s in the future
[3.856s] make[2]: warning:  Clock skew detected.  Your build may be incomplete.
[3.856s] make[2]: Warning: File 'CMakeFiles/d1_wrapper.dir/flags.make' has modification time 1764696896 s in the future
[3.856s] make[2]: warning:  Clock skew detected.  Your build may be incomplete.
[3.856s] make[2]: Warning: File 'CMakeFiles/servo_driver.dir/flags.make' has modification time 1764696896 s in the future
[3.856s] make[2]: warning:  Clock skew detected.  Your build may be incomplete.
[3.856s] make[2]: Warning: File 'CMakeFiles/servo_driver.dir/flags.make' has modification time 1764696896 s in the future
[3.856s] make[2]: warning:  Clock skew detected.  Your build may be incomplete.
[3.856s] make[1]: warning:  Clock skew detected.  Your build may be incomplete.
[3.857s] make: warning:  Clock skew detected.  Your build may be incomplete.
[3.857s] [ 60%] Built target d1_wrapper
[3.857s] [100%] Built target servo_driver
[3.952s] Invoked command in '/home/unitree/106a_final/build/arm_driver' returned '0': CMAKE_PREFIX_PATH=${CMAKE_PREFIX_PATH}:/opt/ros/foxy /usr/bin/cmake --build /home/unitree/106a_final/build/arm_driver -- -j4 -l4
[4.028s] Invoking command in '/home/unitree/106a_final/build/arm_driver': CMAKE_PREFIX_PATH=${CMAKE_PREFIX_PATH}:/opt/ros/foxy /usr/bin/cmake --install /home/unitree/106a_final/build/arm_driver
[4.086s] -- Install configuration: ""
[4.092s] -- Up-to-date: /home/unitree/106a_final/install/arm_driver/lib/arm_driver/servo_driver
[4.093s] -- Up-to-date: /home/unitree/106a_final/install/arm_driver/share/arm_driver/launch
[4.093s] -- Up-to-date: /home/unitree/106a_final/install/arm_driver/share/arm_driver/launch/arm_driver.launch.py
[4.096s] -- Up-to-date: /home/unitree/106a_final/install/arm_driver/share/ament_index/resource_index/package_run_dependencies/arm_driver
[4.098s] -- Up-to-date: /home/unitree/106a_final/install/arm_driver/share/ament_index/resource_index/parent_prefix_path/arm_driver
[4.099s] -- Up-to-date: /home/unitree/106a_final/install/arm_driver/share/arm_driver/environment/ament_prefix_path.sh
[4.099s] -- Up-to-date: /home/unitree/106a_final/install/arm_driver/share/arm_driver/environment/ament_prefix_path.dsv
[4.099s] -- Up-to-date: /home/unitree/106a_final/install/arm_driver/share/arm_driver/environment/path.sh
[4.099s] -- Up-to-date: /home/unitree/106a_final/install/arm_driver/share/arm_driver/environment/path.dsv
[4.099s] -- Up-to-date: /home/unitree/106a_final/install/arm_driver/share/arm_driver/local_setup.bash
[4.100s] -- Up-to-date: /home/unitree/106a_final/install/arm_driver/share/arm_driver/local_setup.sh
[4.100s] -- Up-to-date: /home/unitree/106a_final/install/arm_driver/share/arm_driver/local_setup.zsh
[4.100s] -- Up-to-date: /home/unitree/106a_final/install/arm_driver/share/arm_driver/local_setup.dsv
[4.100s] -- Installing: /home/unitree/106a_final/install/arm_driver/share/arm_driver/package.dsv
[4.119s] -- Up-to-date: /home/unitree/106a_final/install/arm_driver/share/ament_index/resource_index/packages/arm_driver
[4.120s] -- Up-to-date: /home/unitree/106a_final/install/arm_driver/share/arm_driver/cmake/arm_driverConfig.cmake
[4.121s] -- Up-to-date: /home/unitree/106a_final/install/arm_driver/share/arm_driver/cmake/arm_driverConfig-version.cmake
[4.121s] -- Up-to-date: /home/unitree/106a_final/install/arm_driver/share/arm_driver/package.xml
[4.125s] Invoked command in '/home/unitree/106a_final/build/arm_driver' returned '0': CMAKE_PREFIX_PATH=${CMAKE_PREFIX_PATH}:/opt/ros/foxy /usr/bin/cmake --install /home/unitree/106a_final/build/arm_driver
