[5.857s] Invoking command in '/home/unitree/106a_final/src/arm_control': PYTHONPATH=/home/unitree/106a_final/build/arm_control/prefix_override:/home/unitree/106a_final/install/arm_control/lib/python3.8/site-packages:${PYTHONPATH} /usr/bin/python3 setup.py egg_info --egg-base ../../build/arm_control build --build-base /home/unitree/106a_final/build/arm_control/build install --record /home/unitree/106a_final/build/arm_control/install.log --install-scripts $base/lib/arm_control --single-version-externally-managed
[6.526s] running egg_info
[6.529s] writing ../../build/arm_control/arm_control.egg-info/PKG-INFO
[6.530s] writing dependency_links to ../../build/arm_control/arm_control.egg-info/dependency_links.txt
[6.531s] writing entry points to ../../build/arm_control/arm_control.egg-info/entry_points.txt
[6.532s] writing requirements to ../../build/arm_control/arm_control.egg-info/requires.txt
[6.532s] writing top-level names to ../../build/arm_control/arm_control.egg-info/top_level.txt
[6.607s] reading manifest file '../../build/arm_control/arm_control.egg-info/SOURCES.txt'
[6.610s] writing manifest file '../../build/arm_control/arm_control.egg-info/SOURCES.txt'
[6.611s] running build
[6.611s] running build_py
[6.613s] running install
[6.616s] running install_lib
[6.621s] running install_data
[6.624s] running install_egg_info
[6.628s] removing '/home/unitree/106a_final/install/arm_control/lib/python3.8/site-packages/arm_control-0.0.0-py3.8.egg-info' (and everything under it)
[6.629s] Copying ../../build/arm_control/arm_control.egg-info to /home/unitree/106a_final/install/arm_control/lib/python3.8/site-packages/arm_control-0.0.0-py3.8.egg-info
[6.631s] running install_scripts
[6.674s] Installing arm_node script to /home/unitree/106a_final/install/arm_control/lib/arm_control
[6.675s] Installing servo_driver script to /home/unitree/106a_final/install/arm_control/lib/arm_control
[6.675s] writing list of installed files to '/home/unitree/106a_final/build/arm_control/install.log'
[7.569s] Invoked command in '/home/unitree/106a_final/src/arm_control' returned '0': PYTHONPATH=/home/unitree/106a_final/build/arm_control/prefix_override:/home/unitree/106a_final/install/arm_control/lib/python3.8/site-packages:${PYTHONPATH} /usr/bin/python3 setup.py egg_info --egg-base ../../build/arm_control build --build-base /home/unitree/106a_final/build/arm_control/build install --record /home/unitree/106a_final/build/arm_control/install.log --install-scripts $base/lib/arm_control --single-version-externally-managed
